****************************************************
****************************************************
 mstm calculation results
 date, time:
20250218 185651.670 
 input file:
mstm-v4.0-agg0-batch.inp
****************************************************
 input variables for run     1
 sphere data input file:
./aggregate_ptsa_files/agg_num=0_k=0.950_Df=2.35_meanRp=0.020um_rstdRp=0.10_Np=00020_Rve=0.052um_Rg=0.070um_epsagg=0.807.ptsa
 number spheres
   20
 length, ref index scale factors
  1.3221101E+01  1.1600000E+00  1.1900000E+00
 volume cluster radius, area mean sphere radius, circumscribing radius, cross section radius
  6.9323498E-01  2.5461766E-01  1.6718180E+00  6.9323498E-01
 incident plane wave
 incident alpha, beta(deg)
  0.0000E+00  0.0000E+00
 t matrix order:
     7
 layer 0 refractive index
  1.0000E+00  0.0000E+00
 number of plane boundaries 
  0
 max_iterations,solution_epsilon, mie_epsilon
     10000  1.0000E-06  1.0000E-06
 maximum Mie order, number of equations:
   3       600
 mean sphere Mie extinction, absorption efficiencies
  7.8449E-01  7.7510E-01
****************************************************
 calculation results for run 
           1
 number iterations, error, solution time 
     6  2.7375E-07  2.1561E-02
 total extinction, absorption, scattering efficiencies (unpol, par, perp incidence)
  2.0847E+00  1.8871E+00  1.9758E-01  2.0626E+00  1.8671E+00  1.9546E-01  2.1069E+00  1.9072E+00  1.9970E-01
 scattering matrix in incident plane: 0 deg= z axis
 forward scattering amplitude matrix (BH83,Eq3.12) 
(  0.2503E+00, -0.9545E-01) (  0.2448E+00, -0.9986E-01) (  0.4935E-02,  0.6791E-02) (  0.6341E-02,  0.8104E-02) 
 backward scattering amplitude matrix (BH83,Eq3.12) 
(  0.8085E-01, -0.1312E-01) ( -0.8520E-01,  0.1326E-01) (  0.9519E-03, -0.2788E-02) ( -0.9683E-03,  0.2774E-02) 

