****************************************************
****************************************************
 mstm calculation results
 date, time:
20250218 185708.131 
 input file:
mstm-v4.0-agg0-batch.inp
****************************************************
 input variables for run     1
 sphere data input file:
./aggregate_ptsa_files/agg_num=0_k=0.950_Df=2.35_meanRp=0.020um_rstdRp=0.10_Np=00020_Rve=0.052um_Rg=0.070um_epsagg=0.807.ptsa
 number spheres
   20
 length, ref index scale factors
  1.3221101E+01  1.3700000E+00  1.3300000E+00
 volume cluster radius, area mean sphere radius, circumscribing radius, cross section radius
  6.9323498E-01  2.5461766E-01  1.6718180E+00  6.9323498E-01
 incident plane wave
 incident alpha, beta(deg)
  0.0000E+00  0.0000E+00
 t matrix order:
     7
 layer 0 refractive index
  1.0000E+00  0.0000E+00
 number of plane boundaries 
  0
 max_iterations,solution_epsilon, mie_epsilon
     10000  1.0000E-06  1.0000E-06
 maximum Mie order, number of equations:
   3       600
 mean sphere Mie extinction, absorption efficiencies
  6.8028E-01  6.7043E-01
****************************************************
 calculation results for run 
           1
 number iterations, error, solution time 
     6  4.4143E-07  2.1177E-02
 total extinction, absorption, scattering efficiencies (unpol, par, perp incidence)
  2.0772E+00  1.8457E+00  2.3156E-01  2.0470E+00  1.8183E+00  2.2871E-01  2.1075E+00  1.8731E+00  2.3440E-01
 scattering matrix in incident plane: 0 deg= z axis
 forward scattering amplitude matrix (BH83,Eq3.12) 
(  0.2488E+00, -0.1481E+00) (  0.2414E+00, -0.1507E+00) (  0.7848E-02,  0.5982E-02) (  0.1037E-01,  0.6431E-02) 
 backward scattering amplitude matrix (BH83,Eq3.12) 
(  0.8740E-01, -0.2531E-01) ( -0.9150E-01,  0.2824E-01) (  0.1699E-03, -0.4524E-02) ( -0.1943E-03,  0.4546E-02) 

