****************************************************
****************************************************
 mstm calculation results
 date, time:
20250218 185721.361 
 input file:
mstm-v4.0-agg0-batch.inp
****************************************************
 input variables for run     1
 sphere data input file:
./aggregate_ptsa_files/agg_num=0_k=0.950_Df=2.35_meanRp=0.020um_rstdRp=0.10_Np=00020_Rve=0.052um_Rg=0.070um_epsagg=0.807.ptsa
 number spheres
   20
 length, ref index scale factors
  1.3221101E+01  1.5800000E+00  1.2600000E+00
 volume cluster radius, area mean sphere radius, circumscribing radius, cross section radius
  6.9323498E-01  2.5461766E-01  1.6718180E+00  6.9323498E-01
 incident plane wave
 incident alpha, beta(deg)
  0.0000E+00  0.0000E+00
 t matrix order:
     7
 layer 0 refractive index
  1.0000E+00  0.0000E+00
 number of plane boundaries 
  0
 max_iterations,solution_epsilon, mie_epsilon
     10000  1.0000E-06  1.0000E-06
 maximum Mie order, number of equations:
   3       600
 mean sphere Mie extinction, absorption efficiencies
  5.4641E-01  5.3829E-01
****************************************************
 calculation results for run 
           1
 number iterations, error, solution time 
     5  9.3000E-07  2.0557E-02
 total extinction, absorption, scattering efficiencies (unpol, par, perp incidence)
  1.8166E+00  1.6034E+00  2.1317E-01  1.7876E+00  1.5776E+00  2.1000E-01  1.8457E+00  1.6293E+00  2.1634E-01
 scattering matrix in incident plane: 0 deg= z axis
 forward scattering amplitude matrix (BH83,Eq3.12) 
(  0.2165E+00, -0.1718E+00) (  0.2095E+00, -0.1725E+00) (  0.8601E-02,  0.3672E-02) (  0.1073E-01,  0.2993E-02) 
 backward scattering amplitude matrix (BH83,Eq3.12) 
(  0.8297E-01, -0.3649E-01) ( -0.8504E-01,  0.3982E-01) ( -0.1635E-02, -0.4359E-02) (  0.1628E-02,  0.4334E-02) 

