****************************************************
****************************************************
 mstm calculation results
 date, time:
20250218 185802.745 
 input file:
mstm-v4.0-agg0-batch.inp
****************************************************
 input variables for run     1
 sphere data input file:
./aggregate_ptsa_files/agg_num=0_k=0.950_Df=2.35_meanRp=0.020um_rstdRp=0.10_Np=00020_Rve=0.052um_Rg=0.070um_epsagg=0.807.ptsa
 number spheres
   20
 length, ref index scale factors
  1.3221101E+01  2.2100000E+00  7.0000000E-02
 volume cluster radius, area mean sphere radius, circumscribing radius, cross section radius
  6.9323498E-01  2.5461766E-01  1.6718180E+00  6.9323498E-01
 incident plane wave
 incident alpha, beta(deg)
  0.0000E+00  0.0000E+00
 t matrix order:
     7
 layer 0 refractive index
  1.0000E+00  0.0000E+00
 number of plane boundaries 
  0
 max_iterations,solution_epsilon, mie_epsilon
     10000  1.0000E-06  1.0000E-06
 maximum Mie order, number of equations:
   3       600
 mean sphere Mie extinction, absorption efficiencies
  2.5930E-02  2.1932E-02
****************************************************
 calculation results for run 
           1
 number iterations, error, solution time 
     4  4.1000E-07  1.5310E-02
 total extinction, absorption, scattering efficiencies (unpol, par, perp incidence)
  2.2269E-01  7.9316E-02  1.4338E-01  2.1893E-01  7.7903E-02  1.4103E-01  2.2645E-01  8.0729E-02  1.4572E-01
 scattering matrix in incident plane: 0 deg= z axis
 forward scattering amplitude matrix (BH83,Eq3.12) 
(  0.2040E-01, -0.2208E+00) (  0.1963E-01, -0.2166E+00) (  0.2144E-02, -0.6446E-02) (  0.1245E-02, -0.6636E-02) 
 backward scattering amplitude matrix (BH83,Eq3.12) 
(  0.2381E-01, -0.7992E-01) ( -0.2313E-01,  0.7987E-01) ( -0.2492E-02,  0.2629E-02) (  0.2490E-02, -0.2611E-02) 

