****************************************************
****************************************************
 mstm calculation results
 date, time:
20250218 185727.211 
 input file:
mstm-v4.0-agg0-batch.inp
****************************************************
 input variables for run     1
 sphere data input file:
./aggregate_ptsa_files/agg_num=0_k=0.950_Df=2.35_meanRp=0.020um_rstdRp=0.10_Np=00020_Rve=0.052um_Rg=0.070um_epsagg=0.807.ptsa
 number spheres
   20
 length, ref index scale factors
  1.3221101E+01  1.6500000E+00  1.4000000E+00
 volume cluster radius, area mean sphere radius, circumscribing radius, cross section radius
  6.9323498E-01  2.5461766E-01  1.6718180E+00  6.9323498E-01
 incident plane wave
 incident alpha, beta(deg)
  0.0000E+00  0.0000E+00
 t matrix order:
     7
 layer 0 refractive index
  1.0000E+00  0.0000E+00
 number of plane boundaries 
  0
 max_iterations,solution_epsilon, mie_epsilon
     10000  1.0000E-06  1.0000E-06
 maximum Mie order, number of equations:
   3       600
 mean sphere Mie extinction, absorption efficiencies
  5.3922E-01  5.2995E-01
****************************************************
 calculation results for run 
           1
 number iterations, error, solution time 
     6  3.8876E-07  2.2068E-02
 total extinction, absorption, scattering efficiencies (unpol, par, perp incidence)
  1.9191E+00  1.6678E+00  2.5134E-01  1.8857E+00  1.6381E+00  2.4763E-01  1.9526E+00  1.6975E+00  2.5505E-01
 scattering matrix in incident plane: 0 deg= z axis
 forward scattering amplitude matrix (BH83,Eq3.12) 
(  0.2287E+00, -0.1947E+00) (  0.2207E+00, -0.1948E+00) (  0.1033E-01,  0.3835E-02) (  0.1302E-01,  0.2663E-02) 
 backward scattering amplitude matrix (BH83,Eq3.12) 
(  0.9027E-01, -0.4062E-01) ( -0.9212E-01,  0.4525E-01) ( -0.2220E-02, -0.5499E-02) (  0.2239E-02,  0.5531E-02) 

