****************************************************
****************************************************
 mstm calculation results
 date, time:
20250218 185734.572 
 input file:
mstm-v4.0-agg0-batch.inp
****************************************************
 input variables for run     1
 sphere data input file:
./aggregate_ptsa_files/agg_num=0_k=0.950_Df=2.35_meanRp=0.020um_rstdRp=0.10_Np=00020_Rve=0.052um_Rg=0.070um_epsagg=0.807.ptsa
 number spheres
   20
 length, ref index scale factors
  1.3221101E+01  1.7900000E+00  4.9000000E-01
 volume cluster radius, area mean sphere radius, circumscribing radius, cross section radius
  6.9323498E-01  2.5461766E-01  1.6718180E+00  6.9323498E-01
 incident plane wave
 incident alpha, beta(deg)
  0.0000E+00  0.0000E+00
 t matrix order:
     7
 layer 0 refractive index
  1.0000E+00  0.0000E+00
 number of plane boundaries 
  0
 max_iterations,solution_epsilon, mie_epsilon
     10000  1.0000E-06  1.0000E-06
 maximum Mie order, number of equations:
   3       600
 mean sphere Mie extinction, absorption efficiencies
  2.0958E-01  2.0650E-01
****************************************************
 calculation results for run 
           1
 number iterations, error, solution time 
     4  1.0016E-07  1.4851E-02
 total extinction, absorption, scattering efficiencies (unpol, par, perp incidence)
  7.3799E-01  6.4386E-01  9.4130E-02  7.2786E-01  6.3497E-01  9.2889E-02  7.4811E-01  6.5274E-01  9.5371E-02
 scattering matrix in incident plane: 0 deg= z axis
 forward scattering amplitude matrix (BH83,Eq3.12) 
(  0.8498E-01, -0.1600E+00) (  0.8261E-01, -0.1582E+00) (  0.3909E-02, -0.1978E-02) (  0.3871E-02, -0.2505E-02) 
 backward scattering amplitude matrix (BH83,Eq3.12) 
(  0.4041E-01, -0.5029E-01) ( -0.4028E-01,  0.5104E-01) ( -0.2114E-02, -0.4459E-04) (  0.2109E-02,  0.3989E-04) 

