****************************************************
****************************************************
 mstm calculation results
 date, time:
20250218 185648.505 
 input file:
mstm-v4.0-agg0-batch.inp
****************************************************
 input variables for run     1
 sphere data input file:
./aggregate_ptsa_files/agg_num=0_k=0.950_Df=2.35_meanRp=0.020um_rstdRp=0.10_Np=00020_Rve=0.052um_Rg=0.070um_epsagg=0.807.ptsa
 number spheres
   20
 length, ref index scale factors
  1.3221101E+01  1.1600000E+00  3.5000000E-01
 volume cluster radius, area mean sphere radius, circumscribing radius, cross section radius
  6.9323498E-01  2.5461766E-01  1.6718180E+00  6.9323498E-01
 incident plane wave
 incident alpha, beta(deg)
  0.0000E+00  0.0000E+00
 t matrix order:
     7
 layer 0 refractive index
  1.0000E+00  0.0000E+00
 number of plane boundaries 
  0
 max_iterations,solution_epsilon, mie_epsilon
     10000  1.0000E-06  1.0000E-06
 maximum Mie order, number of equations:
   3       600
 mean sphere Mie extinction, absorption efficiencies
  2.2941E-01  2.2865E-01
****************************************************
 calculation results for run 
           1
 number iterations, error, solution time 
     2  5.9323E-07  9.4430E-03
 total extinction, absorption, scattering efficiencies (unpol, par, perp incidence)
  6.2286E-01  6.0279E-01  2.0070E-02  6.2062E-01  6.0081E-01  1.9803E-02  6.2510E-01  6.0476E-01  2.0337E-02
 scattering matrix in incident plane: 0 deg= z axis
 forward scattering amplitude matrix (BH83,Eq3.12) 
(  0.7394E-01, -0.3885E-01) (  0.7339E-01, -0.3926E-01) (  0.7267E-03,  0.5846E-03) (  0.7738E-03,  0.5873E-03) 
 backward scattering amplitude matrix (BH83,Eq3.12) 
(  0.2703E-01, -0.1055E-01) ( -0.2722E-01,  0.1051E-01) ( -0.2022E-03, -0.3263E-03) (  0.2074E-03,  0.3245E-03) 

