****************************************************
****************************************************
 mstm calculation results
 date, time:
20250218 185646.459 
 input file:
mstm-v4.0-agg0-batch.inp
****************************************************
 input variables for run     1
 sphere data input file:
./aggregate_ptsa_files/agg_num=0_k=0.950_Df=2.35_meanRp=0.020um_rstdRp=0.10_Np=00020_Rve=0.052um_Rg=0.070um_epsagg=0.807.ptsa
 number spheres
   20
 length, ref index scale factors
  1.3221101E+01  1.0900000E+00  1.2600000E+00
 volume cluster radius, area mean sphere radius, circumscribing radius, cross section radius
  6.9323498E-01  2.5461766E-01  1.6718180E+00  6.9323498E-01
 incident plane wave
 incident alpha, beta(deg)
  0.0000E+00  0.0000E+00
 t matrix order:
     7
 layer 0 refractive index
  1.0000E+00  0.0000E+00
 number of plane boundaries 
  0
 max_iterations,solution_epsilon, mie_epsilon
     10000  1.0000E-06  1.0000E-06
 maximum Mie order, number of equations:
   3       600
 mean sphere Mie extinction, absorption efficiencies
  8.7730E-01  8.6585E-01
****************************************************
 calculation results for run 
           1
 number iterations, error, solution time 
     6  9.0674E-07  2.3133E-02
 total extinction, absorption, scattering efficiencies (unpol, par, perp incidence)
  2.2698E+00  2.0431E+00  2.2665E-01  2.2453E+00  2.0209E+00  2.2434E-01  2.2943E+00  2.0653E+00  2.2896E-01
 scattering matrix in incident plane: 0 deg= z axis
 forward scattering amplitude matrix (BH83,Eq3.12) 
(  0.2730E+00, -0.9146E-01) (  0.2669E+00, -0.9697E-01) (  0.4966E-02,  0.8068E-02) (  0.6477E-02,  0.9970E-02) 
 backward scattering amplitude matrix (BH83,Eq3.12) 
(  0.8520E-01, -0.9870E-02) ( -0.9074E-01,  0.9512E-02) (  0.1623E-02, -0.2722E-02) ( -0.1646E-02,  0.2690E-02) 

