****************************************************
****************************************************
 mstm calculation results
 date, time:
20250218 185648.758 
 input file:
mstm-v4.0-agg0-batch.inp
****************************************************
 input variables for run     1
 sphere data input file:
./aggregate_ptsa_files/agg_num=0_k=0.950_Df=2.35_meanRp=0.020um_rstdRp=0.10_Np=00020_Rve=0.052um_Rg=0.070um_epsagg=0.807.ptsa
 number spheres
   20
 length, ref index scale factors
  1.3221101E+01  1.1600000E+00  4.2000000E-01
 volume cluster radius, area mean sphere radius, circumscribing radius, cross section radius
  6.9323498E-01  2.5461766E-01  1.6718180E+00  6.9323498E-01
 incident plane wave
 incident alpha, beta(deg)
  0.0000E+00  0.0000E+00
 t matrix order:
     7
 layer 0 refractive index
  1.0000E+00  0.0000E+00
 number of plane boundaries 
  0
 max_iterations,solution_epsilon, mie_epsilon
     10000  1.0000E-06  1.0000E-06
 maximum Mie order, number of equations:
   3       600
 mean sphere Mie extinction, absorption efficiencies
  2.7676E-01  2.7570E-01
****************************************************
 calculation results for run 
           1
 number iterations, error, solution time 
     3  4.0411E-08  1.2677E-02
 total extinction, absorption, scattering efficiencies (unpol, par, perp incidence)
  7.4666E-01  7.1926E-01  2.7405E-02  7.4373E-01  7.1648E-01  2.7246E-02  7.4959E-01  7.2203E-01  2.7563E-02
 scattering matrix in incident plane: 0 deg= z axis
 forward scattering amplitude matrix (BH83,Eq3.12) 
(  0.8885E-01, -0.4052E-01) (  0.8813E-01, -0.4111E-01) (  0.8970E-03,  0.8872E-03) (  0.9636E-03,  0.9217E-03) 
 backward scattering amplitude matrix (BH83,Eq3.12) 
(  0.3198E-01, -0.1034E-01) ( -0.3225E-01,  0.1025E-01) ( -0.2110E-03, -0.4559E-03) (  0.2105E-03,  0.4562E-03) 

