****************************************************
****************************************************
 mstm calculation results
 date, time:
20250218 185650.884 
 input file:
mstm-v4.0-agg0-batch.inp
****************************************************
 input variables for run     1
 sphere data input file:
./aggregate_ptsa_files/agg_num=0_k=0.950_Df=2.35_meanRp=0.020um_rstdRp=0.10_Np=00020_Rve=0.052um_Rg=0.070um_epsagg=0.807.ptsa
 number spheres
   20
 length, ref index scale factors
  1.3221101E+01  1.1600000E+00  9.8000000E-01
 volume cluster radius, area mean sphere radius, circumscribing radius, cross section radius
  6.9323498E-01  2.5461766E-01  1.6718180E+00  6.9323498E-01
 incident plane wave
 incident alpha, beta(deg)
  0.0000E+00  0.0000E+00
 t matrix order:
     7
 layer 0 refractive index
  1.0000E+00  0.0000E+00
 number of plane boundaries 
  0
 max_iterations,solution_epsilon, mie_epsilon
     10000  1.0000E-06  1.0000E-06
 maximum Mie order, number of equations:
   3       600
 mean sphere Mie extinction, absorption efficiencies
  6.6473E-01  6.5860E-01
****************************************************
 calculation results for run 
           1
 number iterations, error, solution time 
     5  1.1058E-07  1.8492E-02
 total extinction, absorption, scattering efficiencies (unpol, par, perp incidence)
  1.7385E+00  1.6029E+00  1.3559E-01  1.7249E+00  1.5908E+00  1.3415E-01  1.7521E+00  1.6151E+00  1.3703E-01
 scattering matrix in incident plane: 0 deg= z axis
 forward scattering amplitude matrix (BH83,Eq3.12) 
(  0.2084E+00, -0.7245E-01) (  0.2050E+00, -0.7583E-01) (  0.3288E-02,  0.4903E-02) (  0.3971E-02,  0.5654E-02) 
 backward scattering amplitude matrix (BH83,Eq3.12) 
(  0.6872E-01, -0.1164E-01) ( -0.7117E-01,  0.1127E-01) (  0.2727E-03, -0.1968E-02) ( -0.2696E-03,  0.1964E-02) 

