****************************************************
****************************************************
 mstm calculation results
 date, time:
20250218 185759.297 
 input file:
mstm-v4.0-agg0-batch.inp
****************************************************
 input variables for run     1
 sphere data input file:
./aggregate_ptsa_files/agg_num=0_k=0.950_Df=2.35_meanRp=0.020um_rstdRp=0.10_Np=00020_Rve=0.052um_Rg=0.070um_epsagg=0.807.ptsa
 number spheres
   20
 length, ref index scale factors
  1.3221101E+01  2.1400000E+00  6.3000000E-01
 volume cluster radius, area mean sphere radius, circumscribing radius, cross section radius
  6.9323498E-01  2.5461766E-01  1.6718180E+00  6.9323498E-01
 incident plane wave
 incident alpha, beta(deg)
  0.0000E+00  0.0000E+00
 t matrix order:
     7
 layer 0 refractive index
  1.0000E+00  0.0000E+00
 number of plane boundaries 
  0
 max_iterations,solution_epsilon, mie_epsilon
     10000  1.0000E-06  1.0000E-06
 maximum Mie order, number of equations:
   3       600
 mean sphere Mie extinction, absorption efficiencies
  2.0344E-01  1.9866E-01
****************************************************
 calculation results for run 
           1
 number iterations, error, solution time 
     5  5.4884E-08  1.8324E-02
 total extinction, absorption, scattering efficiencies (unpol, par, perp incidence)
  8.4664E-01  6.8798E-01  1.5866E-01  8.3189E-01  6.7577E-01  1.5612E-01  8.6139E-01  7.0020E-01  1.6119E-01
 scattering matrix in incident plane: 0 deg= z axis
 forward scattering amplitude matrix (BH83,Eq3.12) 
(  0.9691E-01, -0.2147E+00) (  0.9347E-01, -0.2113E+00) (  0.6289E-02, -0.4000E-02) (  0.5937E-02, -0.5154E-02) 
 backward scattering amplitude matrix (BH83,Eq3.12) 
(  0.5132E-01, -0.6788E-01) ( -0.5037E-01,  0.6897E-01) ( -0.3919E-02,  0.1704E-03) (  0.3920E-02, -0.1733E-03) 

