****************************************************
****************************************************
 mstm calculation results
 date, time:
20250218 185725.159 
 input file:
mstm-v4.0-agg0-batch.inp
****************************************************
 input variables for run     1
 sphere data input file:
./aggregate_ptsa_files/agg_num=0_k=0.950_Df=2.35_meanRp=0.020um_rstdRp=0.10_Np=00020_Rve=0.052um_Rg=0.070um_epsagg=0.807.ptsa
 number spheres
   20
 length, ref index scale factors
  1.3221101E+01  1.6500000E+00  8.4000000E-01
 volume cluster radius, area mean sphere radius, circumscribing radius, cross section radius
  6.9323498E-01  2.5461766E-01  1.6718180E+00  6.9323498E-01
 incident plane wave
 incident alpha, beta(deg)
  0.0000E+00  0.0000E+00
 t matrix order:
     7
 layer 0 refractive index
  1.0000E+00  0.0000E+00
 number of plane boundaries 
  0
 max_iterations,solution_epsilon, mie_epsilon
     10000  1.0000E-06  1.0000E-06
 maximum Mie order, number of equations:
   3       600
 mean sphere Mie extinction, absorption efficiencies
  3.8273E-01  3.7822E-01
****************************************************
 calculation results for run 
           1
 number iterations, error, solution time 
     4  6.0809E-07  1.5569E-02
 total extinction, absorption, scattering efficiencies (unpol, par, perp incidence)
  1.2439E+00  1.1185E+00  1.2543E-01  1.2271E+00  1.1033E+00  1.2383E-01  1.2608E+00  1.1337E+00  1.2702E-01
 scattering matrix in incident plane: 0 deg= z axis
 forward scattering amplitude matrix (BH83,Eq3.12) 
(  0.1469E+00, -0.1513E+00) (  0.1428E+00, -0.1508E+00) (  0.5702E-02,  0.6066E-03) (  0.6378E-02, -0.4477E-05) 
 backward scattering amplitude matrix (BH83,Eq3.12) 
(  0.5970E-01, -0.4024E-01) ( -0.6035E-01,  0.4166E-01) ( -0.2020E-02, -0.1718E-02) (  0.2032E-02,  0.1706E-02) 

