****************************************************
****************************************************
 mstm calculation results
 date, time:
20250218 185711.263 
 input file:
mstm-v4.0-agg0-batch.inp
****************************************************
 input variables for run     1
 sphere data input file:
./aggregate_ptsa_files/agg_num=0_k=0.950_Df=2.35_meanRp=0.020um_rstdRp=0.10_Np=00020_Rve=0.052um_Rg=0.070um_epsagg=0.807.ptsa
 number spheres
   20
 length, ref index scale factors
  1.3221101E+01  1.4400000E+00  1.4000000E+00
 volume cluster radius, area mean sphere radius, circumscribing radius, cross section radius
  6.9323498E-01  2.5461766E-01  1.6718180E+00  6.9323498E-01
 incident plane wave
 incident alpha, beta(deg)
  0.0000E+00  0.0000E+00
 t matrix order:
     7
 layer 0 refractive index
  1.0000E+00  0.0000E+00
 number of plane boundaries 
  0
 max_iterations,solution_epsilon, mie_epsilon
     10000  1.0000E-06  1.0000E-06
 maximum Mie order, number of equations:
   3       600
 mean sphere Mie extinction, absorption efficiencies
  6.4992E-01  6.3965E-01
****************************************************
 calculation results for run 
           1
 number iterations, error, solution time 
     6  6.3379E-07  2.1767E-02
 total extinction, absorption, scattering efficiencies (unpol, par, perp incidence)
  2.0971E+00  1.8462E+00  2.5082E-01  2.0639E+00  1.8163E+00  2.4757E-01  2.1302E+00  1.8762E+00  2.5407E-01
 scattering matrix in incident plane: 0 deg= z axis
 forward scattering amplitude matrix (BH83,Eq3.12) 
(  0.2509E+00, -0.1665E+00) (  0.2429E+00, -0.1684E+00) (  0.8987E-02,  0.5816E-02) (  0.1194E-01,  0.5845E-02) 
 backward scattering amplitude matrix (BH83,Eq3.12) 
(  0.9094E-01, -0.2934E-01) ( -0.9477E-01,  0.3333E-01) ( -0.2536E-03, -0.5331E-02) (  0.2367E-03,  0.5370E-02) 

