****************************************************
****************************************************
 mstm calculation results
 date, time:
20250218 185718.080 
 input file:
mstm-v4.0-agg0-batch.inp
****************************************************
 input variables for run     1
 sphere data input file:
./aggregate_ptsa_files/agg_num=0_k=0.950_Df=2.35_meanRp=0.020um_rstdRp=0.10_Np=00020_Rve=0.052um_Rg=0.070um_epsagg=0.807.ptsa
 number spheres
   20
 length, ref index scale factors
  1.3221101E+01  1.5800000E+00  3.5000000E-01
 volume cluster radius, area mean sphere radius, circumscribing radius, cross section radius
  6.9323498E-01  2.5461766E-01  1.6718180E+00  6.9323498E-01
 incident plane wave
 incident alpha, beta(deg)
  0.0000E+00  0.0000E+00
 t matrix order:
     7
 layer 0 refractive index
  1.0000E+00  0.0000E+00
 number of plane boundaries 
  0
 max_iterations,solution_epsilon, mie_epsilon
     10000  1.0000E-06  1.0000E-06
 maximum Mie order, number of equations:
   3       600
 mean sphere Mie extinction, absorption efficiencies
  1.7637E-01  1.7451E-01
****************************************************
 calculation results for run 
           1
 number iterations, error, solution time 
     3  4.1137E-07  1.2562E-02
 total extinction, absorption, scattering efficiencies (unpol, par, perp incidence)
  5.7004E-01  5.1517E-01  5.4866E-02  5.6380E-01  5.0978E-01  5.4012E-02  5.7628E-01  5.2055E-01  5.5721E-02
 scattering matrix in incident plane: 0 deg= z axis
 forward scattering amplitude matrix (BH83,Eq3.12) 
(  0.6552E-01, -0.1213E+00) (  0.6405E-01, -0.1204E+00) (  0.2267E-02, -0.1164E-02) (  0.2257E-02, -0.1386E-02) 
 backward scattering amplitude matrix (BH83,Eq3.12) 
(  0.2990E-01, -0.3891E-01) ( -0.2994E-01,  0.3932E-01) ( -0.1177E-02,  0.4979E-04) (  0.1177E-02, -0.5133E-04) 

