****************************************************
****************************************************
 mstm calculation results
 date, time:
20250218 185728.982 
 input file:
mstm-v4.0-agg0-batch.inp
****************************************************
 input variables for run     1
 sphere data input file:
./aggregate_ptsa_files/agg_num=0_k=0.950_Df=2.35_meanRp=0.020um_rstdRp=0.10_Np=00020_Rve=0.052um_Rg=0.070um_epsagg=0.807.ptsa
 number spheres
   20
 length, ref index scale factors
  1.3221101E+01  1.7200000E+00  4.2000000E-01
 volume cluster radius, area mean sphere radius, circumscribing radius, cross section radius
  6.9323498E-01  2.5461766E-01  1.6718180E+00  6.9323498E-01
 incident plane wave
 incident alpha, beta(deg)
  0.0000E+00  0.0000E+00
 t matrix order:
     7
 layer 0 refractive index
  1.0000E+00  0.0000E+00
 number of plane boundaries 
  0
 max_iterations,solution_epsilon, mie_epsilon
     10000  1.0000E-06  1.0000E-06
 maximum Mie order, number of equations:
   3       600
 mean sphere Mie extinction, absorption efficiencies
  1.9046E-01  1.8787E-01
****************************************************
 calculation results for run 
           1
 number iterations, error, solution time 
     4  4.1372E-08  1.5677E-02
 total extinction, absorption, scattering efficiencies (unpol, par, perp incidence)
  6.5371E-01  5.7543E-01  7.8279E-02  6.4538E-01  5.6808E-01  7.7298E-02  6.6205E-01  5.8279E-01  7.9260E-02
 scattering matrix in incident plane: 0 deg= z axis
 forward scattering amplitude matrix (BH83,Eq3.12) 
(  0.7504E-01, -0.1470E+00) (  0.7308E-01, -0.1455E+00) (  0.3183E-02, -0.1773E-02) (  0.3140E-02, -0.2162E-02) 
 backward scattering amplitude matrix (BH83,Eq3.12) 
(  0.3561E-01, -0.4685E-01) ( -0.3554E-01,  0.4744E-01) ( -0.1734E-02,  0.7184E-04) (  0.1731E-02, -0.7443E-04) 

