****************************************************
****************************************************
 mstm calculation results
 date, time:
20250218 185725.913 
 input file:
mstm-v4.0-agg0-batch.inp
****************************************************
 input variables for run     1
 sphere data input file:
./aggregate_ptsa_files/agg_num=0_k=0.950_Df=2.35_meanRp=0.020um_rstdRp=0.10_Np=00020_Rve=0.052um_Rg=0.070um_epsagg=0.807.ptsa
 number spheres
   20
 length, ref index scale factors
  1.3221101E+01  1.6500000E+00  1.0500000E+00
 volume cluster radius, area mean sphere radius, circumscribing radius, cross section radius
  6.9323498E-01  2.5461766E-01  1.6718180E+00  6.9323498E-01
 incident plane wave
 incident alpha, beta(deg)
  0.0000E+00  0.0000E+00
 t matrix order:
     7
 layer 0 refractive index
  1.0000E+00  0.0000E+00
 number of plane boundaries 
  0
 max_iterations,solution_epsilon, mie_epsilon
     10000  1.0000E-06  1.0000E-06
 maximum Mie order, number of equations:
   3       600
 mean sphere Mie extinction, absorption efficiencies
  4.5756E-01  4.5145E-01
****************************************************
 calculation results for run 
           1
 number iterations, error, solution time 
     5  1.7473E-07  1.9673E-02
 total extinction, absorption, scattering efficiencies (unpol, par, perp incidence)
  1.5151E+00  1.3481E+00  1.6697E-01  1.4924E+00  1.3279E+00  1.6455E-01  1.5377E+00  1.3683E+00  1.6940E-01
 scattering matrix in incident plane: 0 deg= z axis
 forward scattering amplitude matrix (BH83,Eq3.12) 
(  0.1798E+00, -0.1647E+00) (  0.1743E+00, -0.1646E+00) (  0.7268E-02,  0.1790E-02) (  0.8505E-02,  0.1061E-02) 
 backward scattering amplitude matrix (BH83,Eq3.12) 
(  0.7143E-01, -0.4002E-01) ( -0.7252E-01,  0.4227E-01) ( -0.2113E-02, -0.2892E-02) (  0.2112E-02,  0.2898E-02) 

