****************************************************
****************************************************
 mstm calculation results
 date, time:
20250218 185758.301 
 input file:
mstm-v4.0-agg0-batch.inp
****************************************************
 input variables for run     1
 sphere data input file:
./aggregate_ptsa_files/agg_num=0_k=0.950_Df=2.35_meanRp=0.020um_rstdRp=0.10_Np=00020_Rve=0.052um_Rg=0.070um_epsagg=0.807.ptsa
 number spheres
   20
 length, ref index scale factors
  1.3221101E+01  2.1400000E+00  3.5000000E-01
 volume cluster radius, area mean sphere radius, circumscribing radius, cross section radius
  6.9323498E-01  2.5461766E-01  1.6718180E+00  6.9323498E-01
 incident plane wave
 incident alpha, beta(deg)
  0.0000E+00  0.0000E+00
 t matrix order:
     7
 layer 0 refractive index
  1.0000E+00  0.0000E+00
 number of plane boundaries 
  0
 max_iterations,solution_epsilon, mie_epsilon
     10000  1.0000E-06  1.0000E-06
 maximum Mie order, number of equations:
   3       600
 mean sphere Mie extinction, absorption efficiencies
  1.1802E-01  1.1399E-01
****************************************************
 calculation results for run 
           1
 number iterations, error, solution time 
     4  4.2463E-07  1.6051E-02
 total extinction, absorption, scattering efficiencies (unpol, par, perp incidence)
  5.3477E-01  3.9704E-01  1.3773E-01  5.2574E-01  3.9020E-01  1.3554E-01  5.4379E-01  4.0387E-01  1.3992E-01
 scattering matrix in incident plane: 0 deg= z axis
 forward scattering amplitude matrix (BH83,Eq3.12) 
(  0.5887E-01, -0.2102E+00) (  0.5682E-01, -0.2066E+00) (  0.4113E-02, -0.5019E-02) (  0.3459E-02, -0.5658E-02) 
 backward scattering amplitude matrix (BH83,Eq3.12) 
(  0.3700E-01, -0.7124E-01) ( -0.3620E-01,  0.7170E-01) ( -0.3101E-02,  0.1347E-02) (  0.3086E-02, -0.1339E-02) 

