****************************************************
****************************************************
 mstm calculation results
 date, time:
20250218 185742.505 
 input file:
mstm-v4.0-agg0-batch.inp
****************************************************
 input variables for run     1
 sphere data input file:
./aggregate_ptsa_files/agg_num=0_k=0.950_Df=2.35_meanRp=0.020um_rstdRp=0.10_Np=00020_Rve=0.052um_Rg=0.070um_epsagg=0.807.ptsa
 number spheres
   20
 length, ref index scale factors
  1.3221101E+01  1.9300000E+00  4.2000000E-01
 volume cluster radius, area mean sphere radius, circumscribing radius, cross section radius
  6.9323498E-01  2.5461766E-01  1.6718180E+00  6.9323498E-01
 incident plane wave
 incident alpha, beta(deg)
  0.0000E+00  0.0000E+00
 t matrix order:
     7
 layer 0 refractive index
  1.0000E+00  0.0000E+00
 number of plane boundaries 
  0
 max_iterations,solution_epsilon, mie_epsilon
     10000  1.0000E-06  1.0000E-06
 maximum Mie order, number of equations:
   3       600
 mean sphere Mie extinction, absorption efficiencies
  1.6320E-01  1.5981E-01
****************************************************
 calculation results for run 
           1
 number iterations, error, solution time 
     4  1.6597E-07  1.5392E-02
 total extinction, absorption, scattering efficiencies (unpol, par, perp incidence)
  6.3020E-01  5.2178E-01  1.0842E-01  6.2072E-01  5.1385E-01  1.0688E-01  6.3968E-01  5.2971E-01  1.0996E-01
 scattering matrix in incident plane: 0 deg= z axis
 forward scattering amplitude matrix (BH83,Eq3.12) 
(  0.7132E-01, -0.1805E+00) (  0.6912E-01, -0.1780E+00) (  0.3926E-02, -0.3216E-02) (  0.3650E-02, -0.3799E-02) 
 backward scattering amplitude matrix (BH83,Eq3.12) 
(  0.3794E-01, -0.5900E-01) ( -0.3752E-01,  0.5966E-01) ( -0.2484E-02,  0.5204E-03) (  0.2475E-02, -0.5218E-03) 

