****************************************************
****************************************************
 mstm calculation results
 date, time:
20250218 185802.255 
 input file:
mstm-v4.0-agg0-batch.inp
****************************************************
 input variables for run     1
 sphere data input file:
./aggregate_ptsa_files/agg_num=0_k=0.950_Df=2.35_meanRp=0.020um_rstdRp=0.10_Np=00020_Rve=0.052um_Rg=0.070um_epsagg=0.807.ptsa
 number spheres
   20
 length, ref index scale factors
  1.3221101E+01  2.1400000E+00  1.4000000E+00
 volume cluster radius, area mean sphere radius, circumscribing radius, cross section radius
  6.9323498E-01  2.5461766E-01  1.6718180E+00  6.9323498E-01
 incident plane wave
 incident alpha, beta(deg)
  0.0000E+00  0.0000E+00
 t matrix order:
     7
 layer 0 refractive index
  1.0000E+00  0.0000E+00
 number of plane boundaries 
  0
 max_iterations,solution_epsilon, mie_epsilon
     10000  1.0000E-06  1.0000E-06
 maximum Mie order, number of equations:
   3       600
 mean sphere Mie extinction, absorption efficiencies
  3.6679E-01  3.5826E-01
****************************************************
 calculation results for run 
           1
 number iterations, error, solution time 
     6  3.1163E-07  2.1423E-02
 total extinction, absorption, scattering efficiencies (unpol, par, perp incidence)
  1.6030E+00  1.3248E+00  2.7818E-01  1.5701E+00  1.2969E+00  2.7324E-01  1.6359E+00  1.3528E+00  2.8311E-01
 scattering matrix in incident plane: 0 deg= z axis
 forward scattering amplitude matrix (BH83,Eq3.12) 
(  0.1889E+00, -0.2509E+00) (  0.1811E+00, -0.2476E+00) (  0.1280E-01, -0.8337E-03) (  0.1404E-01, -0.3917E-02) 
 backward scattering amplitude matrix (BH83,Eq3.12) 
(  0.8886E-01, -0.6547E-01) ( -0.8715E-01,  0.6976E-01) ( -0.6241E-02, -0.4263E-02) (  0.6272E-02,  0.4238E-02) 

