****************************************************
****************************************************
 mstm calculation results
 date, time:
20250218 185706.561 
 input file:
mstm-v4.0-agg0-batch.inp
****************************************************
 input variables for run     1
 sphere data input file:
./aggregate_ptsa_files/agg_num=0_k=0.950_Df=2.35_meanRp=0.020um_rstdRp=0.10_Np=00020_Rve=0.052um_Rg=0.070um_epsagg=0.807.ptsa
 number spheres
   20
 length, ref index scale factors
  1.3221101E+01  1.3700000E+00  9.1000000E-01
 volume cluster radius, area mean sphere radius, circumscribing radius, cross section radius
  6.9323498E-01  2.5461766E-01  1.6718180E+00  6.9323498E-01
 incident plane wave
 incident alpha, beta(deg)
  0.0000E+00  0.0000E+00
 t matrix order:
     7
 layer 0 refractive index
  1.0000E+00  0.0000E+00
 number of plane boundaries 
  0
 max_iterations,solution_epsilon, mie_epsilon
     10000  1.0000E-06  1.0000E-06
 maximum Mie order, number of equations:
   3       600
 mean sphere Mie extinction, absorption efficiencies
  5.1781E-01  5.1295E-01
****************************************************
 calculation results for run 
           1
 number iterations, error, solution time 
     4  7.7034E-07  1.5008E-02
 total extinction, absorption, scattering efficiencies (unpol, par, perp incidence)
  1.4858E+00  1.3657E+00  1.2011E-01  1.4699E+00  1.3513E+00  1.1865E-01  1.5016E+00  1.3800E+00  1.2157E-01
 scattering matrix in incident plane: 0 deg= z axis
 forward scattering amplitude matrix (BH83,Eq3.12) 
(  0.1772E+00, -0.1076E+00) (  0.1733E+00, -0.1091E+00) (  0.4461E-02,  0.2993E-02) (  0.5325E-02,  0.3112E-02) 
 backward scattering amplitude matrix (BH83,Eq3.12) 
(  0.6369E-01, -0.2393E-01) ( -0.6535E-01,  0.2464E-01) ( -0.6951E-03, -0.2073E-02) (  0.7083E-03,  0.2084E-02) 

