****************************************************
****************************************************
 mstm calculation results
 date, time:
20250218 185724.905 
 input file:
mstm-v4.0-agg0-batch.inp
****************************************************
 input variables for run     1
 sphere data input file:
./aggregate_ptsa_files/agg_num=0_k=0.950_Df=2.35_meanRp=0.020um_rstdRp=0.10_Np=00020_Rve=0.052um_Rg=0.070um_epsagg=0.807.ptsa
 number spheres
   20
 length, ref index scale factors
  1.3221101E+01  1.6500000E+00  7.7000000E-01
 volume cluster radius, area mean sphere radius, circumscribing radius, cross section radius
  6.9323498E-01  2.5461766E-01  1.6718180E+00  6.9323498E-01
 incident plane wave
 incident alpha, beta(deg)
  0.0000E+00  0.0000E+00
 t matrix order:
     7
 layer 0 refractive index
  1.0000E+00  0.0000E+00
 number of plane boundaries 
  0
 max_iterations,solution_epsilon, mie_epsilon
     10000  1.0000E-06  1.0000E-06
 maximum Mie order, number of equations:
   3       600
 mean sphere Mie extinction, absorption efficiencies
  3.5471E-01  3.5067E-01
****************************************************
 calculation results for run 
           1
 number iterations, error, solution time 
     4  3.5845E-07  1.5543E-02
 total extinction, absorption, scattering efficiencies (unpol, par, perp incidence)
  1.1502E+00  1.0366E+00  1.1360E-01  1.1351E+00  1.0229E+00  1.1216E-01  1.1654E+00  1.0503E+00  1.1503E-01
 scattering matrix in incident plane: 0 deg= z axis
 forward scattering amplitude matrix (BH83,Eq3.12) 
(  0.1355E+00, -0.1476E+00) (  0.1319E+00, -0.1469E+00) (  0.5202E-02,  0.2361E-03) (  0.5723E-02, -0.3237E-03) 
 backward scattering amplitude matrix (BH83,Eq3.12) 
(  0.5570E-01, -0.4044E-01) ( -0.5621E-01,  0.4166E-01) ( -0.1955E-02, -0.1391E-02) (  0.1962E-02,  0.1381E-02) 

