****************************************************
****************************************************
 mstm calculation results
 date, time:
20250218 185722.138 
 input file:
mstm-v4.0-agg0-batch.inp
****************************************************
 input variables for run     1
 sphere data input file:
./aggregate_ptsa_files/agg_num=0_k=0.950_Df=2.35_meanRp=0.020um_rstdRp=0.10_Np=00020_Rve=0.052um_Rg=0.070um_epsagg=0.807.ptsa
 number spheres
   20
 length, ref index scale factors
  1.3221101E+01  1.6500000E+00  0.0000000E+00
 volume cluster radius, area mean sphere radius, circumscribing radius, cross section radius
  6.9323498E-01  2.5461766E-01  1.6718180E+00  6.9323498E-01
 incident plane wave
 incident alpha, beta(deg)
  0.0000E+00  0.0000E+00
 t matrix order:
     6
 layer 0 refractive index
  1.0000E+00  0.0000E+00
 number of plane boundaries 
  0
 max_iterations,solution_epsilon, mie_epsilon
     10000  1.0000E-06  1.0000E-06
 maximum Mie order, number of equations:
   2       320
 mean sphere Mie extinction, absorption efficiencies
  1.6288E-03 -9.8571E-20
****************************************************
 calculation results for run 
           1
 number iterations, error, solution time 
     3  1.6246E-07  4.0098E-03
 total extinction, absorption, scattering efficiencies (unpol, par, perp incidence)
  5.1166E-02 -4.5996E-16  5.1166E-02  5.0548E-02 -6.8297E-16  5.0548E-02  5.1784E-02 -2.3695E-16  5.1784E-02
 scattering matrix in incident plane: 0 deg= z axis
 forward scattering amplitude matrix (BH83,Eq3.12) 
(  0.2138E-02, -0.1324E+00) (  0.2038E-02, -0.1308E+00) (  0.3264E-03, -0.2309E-02) (  0.1465E-03, -0.2315E-02) 
 backward scattering amplitude matrix (BH83,Eq3.12) 
(  0.7951E-02, -0.4807E-01) ( -0.7882E-02,  0.4828E-01) ( -0.5479E-03,  0.9863E-03) (  0.5472E-03, -0.9828E-03) 

