****************************************************
****************************************************
 mstm calculation results
 date, time:
20250218 185736.843 
 input file:
mstm-v4.0-agg0-batch.inp
****************************************************
 input variables for run     1
 sphere data input file:
./aggregate_ptsa_files/agg_num=0_k=0.950_Df=2.35_meanRp=0.020um_rstdRp=0.10_Np=00020_Rve=0.052um_Rg=0.070um_epsagg=0.807.ptsa
 number spheres
   20
 length, ref index scale factors
  1.3221101E+01  1.7900000E+00  1.1200000E+00
 volume cluster radius, area mean sphere radius, circumscribing radius, cross section radius
  6.9323498E-01  2.5461766E-01  1.6718180E+00  6.9323498E-01
 incident plane wave
 incident alpha, beta(deg)
  0.0000E+00  0.0000E+00
 t matrix order:
     7
 layer 0 refractive index
  1.0000E+00  0.0000E+00
 number of plane boundaries 
  0
 max_iterations,solution_epsilon, mie_epsilon
     10000  1.0000E-06  1.0000E-06
 maximum Mie order, number of equations:
   3       600
 mean sphere Mie extinction, absorption efficiencies
  4.2567E-01  4.1898E-01
****************************************************
 calculation results for run 
           1
 number iterations, error, solution time 
     5  3.4296E-07  2.0099E-02
 total extinction, absorption, scattering efficiencies (unpol, par, perp incidence)
  1.5192E+00  1.3269E+00  1.9227E-01  1.4937E+00  1.3044E+00  1.8935E-01  1.5446E+00  1.3494E+00  1.9518E-01
 scattering matrix in incident plane: 0 deg= z axis
 forward scattering amplitude matrix (BH83,Eq3.12) 
(  0.1798E+00, -0.1899E+00) (  0.1737E+00, -0.1889E+00) (  0.8634E-02,  0.1027E-02) (  0.9910E-02, -0.2580E-03) 
 backward scattering amplitude matrix (BH83,Eq3.12) 
(  0.7519E-01, -0.4757E-01) ( -0.7568E-01,  0.5044E-01) ( -0.3074E-02, -0.3216E-02) (  0.3062E-02,  0.3209E-02) 

