****************************************************
****************************************************
 mstm calculation results
 date, time:
20250218 185652.691 
 input file:
mstm-v4.0-agg0-batch.inp
****************************************************
 input variables for run     1
 sphere data input file:
./aggregate_ptsa_files/agg_num=0_k=0.950_Df=2.35_meanRp=0.020um_rstdRp=0.10_Np=00020_Rve=0.052um_Rg=0.070um_epsagg=0.807.ptsa
 number spheres
   20
 length, ref index scale factors
  1.3221101E+01  1.2300000E+00  0.0000000E+00
 volume cluster radius, area mean sphere radius, circumscribing radius, cross section radius
  6.9323498E-01  2.5461766E-01  1.6718180E+00  6.9323498E-01
 incident plane wave
 incident alpha, beta(deg)
  0.0000E+00  0.0000E+00
 t matrix order:
     6
 layer 0 refractive index
  1.0000E+00  0.0000E+00
 number of plane boundaries 
  0
 max_iterations,solution_epsilon, mie_epsilon
     10000  1.0000E-06  1.0000E-06
 maximum Mie order, number of equations:
   2       320
 mean sphere Mie extinction, absorption efficiencies
  2.5473E-04  7.8128E-21
****************************************************
 calculation results for run 
           1
 number iterations, error, solution time 
     2  1.6215E-08  3.3123E-03
 total extinction, absorption, scattering efficiencies (unpol, par, perp incidence)
  7.3723E-03 -7.9956E-17  7.3723E-03  7.3350E-03  1.3899E-16  7.3350E-03  7.4096E-03 -2.9890E-16  7.4096E-03
 scattering matrix in incident plane: 0 deg= z axis
 forward scattering amplitude matrix (BH83,Eq3.12) 
( -0.6551E-03, -0.5009E-01) ( -0.6566E-03, -0.4985E-01) (  0.1732E-04, -0.3417E-03) (  0.8942E-05, -0.3416E-03) 
 backward scattering amplitude matrix (BH83,Eq3.12) 
(  0.1687E-02, -0.1811E-01) ( -0.1682E-02,  0.1816E-01) ( -0.4864E-04,  0.1479E-03) (  0.4873E-04, -0.1474E-03) 

