****************************************************
****************************************************
 mstm calculation results
 date, time:
20250218 185800.712 
 input file:
mstm-v4.0-agg0-batch.inp
****************************************************
 input variables for run     1
 sphere data input file:
./aggregate_ptsa_files/agg_num=0_k=0.950_Df=2.35_meanRp=0.020um_rstdRp=0.10_Np=00020_Rve=0.052um_Rg=0.070um_epsagg=0.807.ptsa
 number spheres
   20
 length, ref index scale factors
  1.3221101E+01  2.1400000E+00  9.8000000E-01
 volume cluster radius, area mean sphere radius, circumscribing radius, cross section radius
  6.9323498E-01  2.5461766E-01  1.6718180E+00  6.9323498E-01
 incident plane wave
 incident alpha, beta(deg)
  0.0000E+00  0.0000E+00
 t matrix order:
     7
 layer 0 refractive index
  1.0000E+00  0.0000E+00
 number of plane boundaries 
  0
 max_iterations,solution_epsilon, mie_epsilon
     10000  1.0000E-06  1.0000E-06
 maximum Mie order, number of equations:
   3       600
 mean sphere Mie extinction, absorption efficiencies
  2.9419E-01  2.8795E-01
****************************************************
 calculation results for run 
           1
 number iterations, error, solution time 
     5  2.8774E-07  2.0334E-02
 total extinction, absorption, scattering efficiencies (unpol, par, perp incidence)
  1.2135E+00  1.0105E+00  2.0307E-01  1.1910E+00  9.9120E-01  1.9977E-01  1.2361E+00  1.0297E+00  2.0636E-01
 scattering matrix in incident plane: 0 deg= z axis
 forward scattering amplitude matrix (BH83,Eq3.12) 
(  0.1416E+00, -0.2271E+00) (  0.1362E+00, -0.2238E+00) (  0.9107E-02, -0.2595E-02) (  0.9305E-02, -0.4462E-02) 
 backward scattering amplitude matrix (BH83,Eq3.12) 
(  0.6866E-01, -0.6566E-01) ( -0.6752E-01,  0.6789E-01) ( -0.4885E-02, -0.1585E-02) (  0.4875E-02,  0.1593E-02) 

