****************************************************
****************************************************
 mstm calculation results
 date, time:
20250218 185728.206 
 input file:
mstm-v4.0-agg0-batch.inp
****************************************************
 input variables for run     1
 sphere data input file:
./aggregate_ptsa_files/agg_num=0_k=0.950_Df=2.35_meanRp=0.020um_rstdRp=0.10_Np=00020_Rve=0.052um_Rg=0.070um_epsagg=0.807.ptsa
 number spheres
   20
 length, ref index scale factors
  1.3221101E+01  1.7200000E+00  2.1000000E-01
 volume cluster radius, area mean sphere radius, circumscribing radius, cross section radius
  6.9323498E-01  2.5461766E-01  1.6718180E+00  6.9323498E-01
 incident plane wave
 incident alpha, beta(deg)
  0.0000E+00  0.0000E+00
 t matrix order:
     7
 layer 0 refractive index
  1.0000E+00  0.0000E+00
 number of plane boundaries 
  0
 max_iterations,solution_epsilon, mie_epsilon
     10000  1.0000E-06  1.0000E-06
 maximum Mie order, number of equations:
   3       600
 mean sphere Mie extinction, absorption efficiencies
  9.7058E-02  9.4977E-02
****************************************************
 calculation results for run 
           1
 number iterations, error, solution time 
     3  6.4253E-07  1.4382E-02
 total extinction, absorption, scattering efficiencies (unpol, par, perp incidence)
  3.6092E-01  2.9573E-01  6.5188E-02  3.5623E-01  2.9200E-01  6.4221E-02  3.6561E-01  2.9945E-01  6.6156E-02
 scattering matrix in incident plane: 0 deg= z axis
 forward scattering amplitude matrix (BH83,Eq3.12) 
(  0.3949E-01, -0.1445E+00) (  0.3841E-01, -0.1427E+00) (  0.1834E-02, -0.2434E-02) (  0.1642E-02, -0.2637E-02) 
 backward scattering amplitude matrix (BH83,Eq3.12) 
(  0.2278E-01, -0.4945E-01) ( -0.2262E-01,  0.4976E-01) ( -0.1296E-02,  0.7196E-03) (  0.1294E-02, -0.7188E-03) 

