****************************************************
****************************************************
 mstm calculation results
 date, time:
20250218 185736.072 
 input file:
mstm-v4.0-agg0-batch.inp
****************************************************
 input variables for run     1
 sphere data input file:
./aggregate_ptsa_files/agg_num=0_k=0.950_Df=2.35_meanRp=0.020um_rstdRp=0.10_Np=00020_Rve=0.052um_Rg=0.070um_epsagg=0.807.ptsa
 number spheres
   20
 length, ref index scale factors
  1.3221101E+01  1.7900000E+00  9.1000000E-01
 volume cluster radius, area mean sphere radius, circumscribing radius, cross section radius
  6.9323498E-01  2.5461766E-01  1.6718180E+00  6.9323498E-01
 incident plane wave
 incident alpha, beta(deg)
  0.0000E+00  0.0000E+00
 t matrix order:
     7
 layer 0 refractive index
  1.0000E+00  0.0000E+00
 number of plane boundaries 
  0
 max_iterations,solution_epsilon, mie_epsilon
     10000  1.0000E-06  1.0000E-06
 maximum Mie order, number of equations:
   3       600
 mean sphere Mie extinction, absorption efficiencies
  3.6509E-01  3.5988E-01
****************************************************
 calculation results for run 
           1
 number iterations, error, solution time 
     5  7.4755E-08  2.0216E-02
 total extinction, absorption, scattering efficiencies (unpol, par, perp incidence)
  1.2728E+00  1.1211E+00  1.5178E-01  1.2532E+00  1.1036E+00  1.4954E-01  1.2925E+00  1.1385E+00  1.5401E-01
 scattering matrix in incident plane: 0 deg= z axis
 forward scattering amplitude matrix (BH83,Eq3.12) 
(  0.1499E+00, -0.1767E+00) (  0.1452E+00, -0.1755E+00) (  0.6930E-02, -0.7346E-04) (  0.7628E-02, -0.1045E-02) 
 backward scattering amplitude matrix (BH83,Eq3.12) 
(  0.6394E-01, -0.4783E-01) ( -0.6419E-01,  0.4973E-01) ( -0.2791E-02, -0.1955E-02) (  0.2794E-02,  0.1958E-02) 

