****************************************************
****************************************************
 mstm calculation results
 date, time:
20250218 185704.524 
 input file:
mstm-v4.0-agg0-batch.inp
****************************************************
 input variables for run     1
 sphere data input file:
./aggregate_ptsa_files/agg_num=0_k=0.950_Df=2.35_meanRp=0.020um_rstdRp=0.10_Np=00020_Rve=0.052um_Rg=0.070um_epsagg=0.807.ptsa
 number spheres
   20
 length, ref index scale factors
  1.3221101E+01  1.3700000E+00  3.5000000E-01
 volume cluster radius, area mean sphere radius, circumscribing radius, cross section radius
  6.9323498E-01  2.5461766E-01  1.6718180E+00  6.9323498E-01
 incident plane wave
 incident alpha, beta(deg)
  0.0000E+00  0.0000E+00
 t matrix order:
     7
 layer 0 refractive index
  1.0000E+00  0.0000E+00
 number of plane boundaries 
  0
 max_iterations,solution_epsilon, mie_epsilon
     10000  1.0000E-06  1.0000E-06
 maximum Mie order, number of equations:
   3       600
 mean sphere Mie extinction, absorption efficiencies
  2.0316E-01  2.0197E-01
****************************************************
 calculation results for run 
           1
 number iterations, error, solution time 
     3  6.6617E-08  1.3038E-02
 total extinction, absorption, scattering efficiencies (unpol, par, perp incidence)
  5.9473E-01  5.6149E-01  3.3242E-02  5.9028E-01  5.5738E-01  3.2898E-02  5.9919E-01  5.6561E-01  3.3586E-02
 scattering matrix in incident plane: 0 deg= z axis
 forward scattering amplitude matrix (BH83,Eq3.12) 
(  0.6950E-01, -0.8182E-01) (  0.6843E-01, -0.8164E-01) (  0.1533E-02, -0.1152E-03) (  0.1595E-02, -0.1966E-03) 
 backward scattering amplitude matrix (BH83,Eq3.12) 
(  0.2813E-01, -0.2513E-01) ( -0.2833E-01,  0.2532E-01) ( -0.6355E-03, -0.2101E-03) (  0.6361E-03,  0.2102E-03) 

