****************************************************
****************************************************
 mstm calculation results
 date, time:
20250218 185655.938 
 input file:
mstm-v4.0-agg0-batch.inp
****************************************************
 input variables for run     1
 sphere data input file:
./aggregate_ptsa_files/agg_num=0_k=0.950_Df=2.35_meanRp=0.020um_rstdRp=0.10_Np=00020_Rve=0.052um_Rg=0.070um_epsagg=0.807.ptsa
 number spheres
   20
 length, ref index scale factors
  1.3221101E+01  1.2300000E+00  9.1000000E-01
 volume cluster radius, area mean sphere radius, circumscribing radius, cross section radius
  6.9323498E-01  2.5461766E-01  1.6718180E+00  6.9323498E-01
 incident plane wave
 incident alpha, beta(deg)
  0.0000E+00  0.0000E+00
 t matrix order:
     7
 layer 0 refractive index
  1.0000E+00  0.0000E+00
 number of plane boundaries 
  0
 max_iterations,solution_epsilon, mie_epsilon
     10000  1.0000E-06  1.0000E-06
 maximum Mie order, number of equations:
   3       600
 mean sphere Mie extinction, absorption efficiencies
  5.8308E-01  5.7805E-01
****************************************************
 calculation results for run 
           1
 number iterations, error, solution time 
     4  8.4752E-07  1.6264E-02
 total extinction, absorption, scattering efficiencies (unpol, par, perp incidence)
  1.5719E+00  1.4551E+00  1.1679E-01  1.5585E+00  1.4432E+00  1.1538E-01  1.5853E+00  1.4671E+00  1.1820E-01
 scattering matrix in incident plane: 0 deg= z axis
 forward scattering amplitude matrix (BH83,Eq3.12) 
(  0.1881E+00, -0.8060E-01) (  0.1848E+00, -0.8312E-01) (  0.3404E-02,  0.3892E-02) (  0.4074E-02,  0.4370E-02) 
 backward scattering amplitude matrix (BH83,Eq3.12) 
(  0.6412E-01, -0.1550E-01) ( -0.6600E-01,  0.1551E-01) ( -0.1020E-03, -0.1902E-02) (  0.1031E-03,  0.1919E-02) 

