****************************************************
****************************************************
 mstm calculation results
 date, time:
20250218 185751.776 
 input file:
mstm-v4.0-agg0-batch.inp
****************************************************
 input variables for run     1
 sphere data input file:
./aggregate_ptsa_files/agg_num=0_k=0.950_Df=2.35_meanRp=0.020um_rstdRp=0.10_Np=00020_Rve=0.052um_Rg=0.070um_epsagg=0.807.ptsa
 number spheres
   20
 length, ref index scale factors
  1.3221101E+01  2.0700000E+00  0.0000000E+00
 volume cluster radius, area mean sphere radius, circumscribing radius, cross section radius
  6.9323498E-01  2.5461766E-01  1.6718180E+00  6.9323498E-01
 incident plane wave
 incident alpha, beta(deg)
  0.0000E+00  0.0000E+00
 t matrix order:
     6
 layer 0 refractive index
  1.0000E+00  0.0000E+00
 number of plane boundaries 
  0
 max_iterations,solution_epsilon, mie_epsilon
     10000  1.0000E-06  1.0000E-06
 maximum Mie order, number of equations:
   2       320
 mean sphere Mie extinction, absorption efficiencies
  3.4048E-03  2.2973E-19
****************************************************
 calculation results for run 
           1
 number iterations, error, solution time 
     4  6.5979E-08  4.9053E-03
 total extinction, absorption, scattering efficiencies (unpol, par, perp incidence)
  1.1661E-01  5.3976E-16  1.1661E-01  1.1504E-01  4.7394E-16  1.1504E-01  1.1818E-01  6.0558E-16  1.1818E-01
 scattering matrix in incident plane: 0 deg= z axis
 forward scattering amplitude matrix (BH83,Eq3.12) 
(  0.8037E-02, -0.1998E+00) (  0.7761E-02, -0.1966E+00) (  0.1108E-02, -0.5086E-02) (  0.4556E-03, -0.5144E-02) 
 backward scattering amplitude matrix (BH83,Eq3.12) 
(  0.1639E-01, -0.7270E-01) ( -0.1620E-01,  0.7299E-01) ( -0.1573E-02,  0.2126E-02) (  0.1573E-02, -0.2123E-02) 

