****************************************************
****************************************************
 mstm calculation results
 date, time:
20250218 185658.966 
 input file:
mstm-v4.0-agg0-batch.inp
****************************************************
 input variables for run     1
 sphere data input file:
./aggregate_ptsa_files/agg_num=0_k=0.950_Df=2.35_meanRp=0.020um_rstdRp=0.10_Np=00020_Rve=0.052um_Rg=0.070um_epsagg=0.807.ptsa
 number spheres
   20
 length, ref index scale factors
  1.3221101E+01  1.3000000E+00  2.8000000E-01
 volume cluster radius, area mean sphere radius, circumscribing radius, cross section radius
  6.9323498E-01  2.5461766E-01  1.6718180E+00  6.9323498E-01
 incident plane wave
 incident alpha, beta(deg)
  0.0000E+00  0.0000E+00
 t matrix order:
     7
 layer 0 refractive index
  1.0000E+00  0.0000E+00
 number of plane boundaries 
  0
 max_iterations,solution_epsilon, mie_epsilon
     10000  1.0000E-06  1.0000E-06
 maximum Mie order, number of equations:
   3       600
 mean sphere Mie extinction, absorption efficiencies
  1.6952E-01  1.6872E-01
****************************************************
 calculation results for run 
           1
 number iterations, error, solution time 
     2  6.9544E-07  9.6953E-03
 total extinction, absorption, scattering efficiencies (unpol, par, perp incidence)
  4.8648E-01  4.6429E-01  2.2189E-02  4.8330E-01  4.6139E-01  2.1913E-02  4.8965E-01  4.6719E-01  2.2465E-02
 scattering matrix in incident plane: 0 deg= z axis
 forward scattering amplitude matrix (BH83,Eq3.12) 
(  0.5680E-01, -0.6656E-01) (  0.5604E-01, -0.6646E-01) (  0.1033E-02, -0.7661E-04) (  0.1054E-02, -0.1223E-03) 
 backward scattering amplitude matrix (BH83,Eq3.12) 
(  0.2283E-01, -0.2080E-01) ( -0.2296E-01,  0.2090E-01) ( -0.4358E-03, -0.1248E-03) (  0.4339E-03,  0.1188E-03) 

