****************************************************
****************************************************
 mstm calculation results
 date, time:
20250218 185732.803 
 input file:
mstm-v4.0-agg0-batch.inp
****************************************************
 input variables for run     1
 sphere data input file:
./aggregate_ptsa_files/agg_num=0_k=0.950_Df=2.35_meanRp=0.020um_rstdRp=0.10_Np=00020_Rve=0.052um_Rg=0.070um_epsagg=0.807.ptsa
 number spheres
   20
 length, ref index scale factors
  1.3221101E+01  1.7900000E+00  0.0000000E+00
 volume cluster radius, area mean sphere radius, circumscribing radius, cross section radius
  6.9323498E-01  2.5461766E-01  1.6718180E+00  6.9323498E-01
 incident plane wave
 incident alpha, beta(deg)
  0.0000E+00  0.0000E+00
 t matrix order:
     6
 layer 0 refractive index
  1.0000E+00  0.0000E+00
 number of plane boundaries 
  0
 max_iterations,solution_epsilon, mie_epsilon
     10000  1.0000E-06  1.0000E-06
 maximum Mie order, number of equations:
   2       320
 mean sphere Mie extinction, absorption efficiencies
  2.2107E-03 -9.2130E-20
****************************************************
 calculation results for run 
           1
 number iterations, error, solution time 
     3  5.6307E-07  4.3782E-03
 total extinction, absorption, scattering efficiencies (unpol, par, perp incidence)
  7.1593E-02  5.0483E-17  7.1593E-02  7.0709E-02  4.4271E-16  7.0709E-02  7.2476E-02 -3.4174E-16  7.2476E-02
 scattering matrix in incident plane: 0 deg= z axis
 forward scattering amplitude matrix (BH83,Eq3.12) 
(  0.3880E-02, -0.1566E+00) (  0.3734E-02, -0.1544E+00) (  0.5389E-03, -0.3200E-02) (  0.2275E-03, -0.3207E-02) 
 backward scattering amplitude matrix (BH83,Eq3.12) 
(  0.1063E-01, -0.5690E-01) ( -0.1052E-01,  0.5715E-01) ( -0.8451E-03,  0.1361E-02) (  0.8356E-03, -0.1347E-02) 

