****************************************************
****************************************************
 mstm calculation results
 date, time:
20250218 185755.750 
 input file:
mstm-v4.0-agg0-batch.inp
****************************************************
 input variables for run     1
 sphere data input file:
./aggregate_ptsa_files/agg_num=0_k=0.950_Df=2.35_meanRp=0.020um_rstdRp=0.10_Np=00020_Rve=0.052um_Rg=0.070um_epsagg=0.807.ptsa
 number spheres
   20
 length, ref index scale factors
  1.3221101E+01  2.0700000E+00  1.1200000E+00
 volume cluster radius, area mean sphere radius, circumscribing radius, cross section radius
  6.9323498E-01  2.5461766E-01  1.6718180E+00  6.9323498E-01
 incident plane wave
 incident alpha, beta(deg)
  0.0000E+00  0.0000E+00
 t matrix order:
     7
 layer 0 refractive index
  1.0000E+00  0.0000E+00
 number of plane boundaries 
  0
 max_iterations,solution_epsilon, mie_epsilon
     10000  1.0000E-06  1.0000E-06
 maximum Mie order, number of equations:
   3       600
 mean sphere Mie extinction, absorption efficiencies
  3.4095E-01  3.3407E-01
****************************************************
 calculation results for run 
           1
 number iterations, error, solution time 
     5  5.0735E-07  2.0202E-02
 total extinction, absorption, scattering efficiencies (unpol, par, perp incidence)
  1.3804E+00  1.1622E+00  2.1820E-01  1.3545E+00  1.1398E+00  2.1469E-01  1.4063E+00  1.1846E+00  2.2172E-01
 scattering matrix in incident plane: 0 deg= z axis
 forward scattering amplitude matrix (BH83,Eq3.12) 
(  0.1621E+00, -0.2258E+00) (  0.1559E+00, -0.2229E+00) (  0.1001E-01, -0.1394E-02) (  0.1067E-01, -0.3453E-02) 
 backward scattering amplitude matrix (BH83,Eq3.12) 
(  0.7536E-01, -0.6190E-01) ( -0.7442E-01,  0.6479E-01) ( -0.4878E-02, -0.2605E-02) (  0.4862E-02,  0.2611E-02) 

