****************************************************
****************************************************
 mstm calculation results
 date, time:
20250218 185801.733 
 input file:
mstm-v4.0-agg0-batch.inp
****************************************************
 input variables for run     1
 sphere data input file:
./aggregate_ptsa_files/agg_num=0_k=0.950_Df=2.35_meanRp=0.020um_rstdRp=0.10_Np=00020_Rve=0.052um_Rg=0.070um_epsagg=0.807.ptsa
 number spheres
   20
 length, ref index scale factors
  1.3221101E+01  2.1400000E+00  1.2600000E+00
 volume cluster radius, area mean sphere radius, circumscribing radius, cross section radius
  6.9323498E-01  2.5461766E-01  1.6718180E+00  6.9323498E-01
 incident plane wave
 incident alpha, beta(deg)
  0.0000E+00  0.0000E+00
 t matrix order:
     7
 layer 0 refractive index
  1.0000E+00  0.0000E+00
 number of plane boundaries 
  0
 max_iterations,solution_epsilon, mie_epsilon
     10000  1.0000E-06  1.0000E-06
 maximum Mie order, number of equations:
   3       600
 mean sphere Mie extinction, absorption efficiencies
  3.4773E-01  3.4000E-01
****************************************************
 calculation results for run 
           1
 number iterations, error, solution time 
     6  1.5115E-07  2.1168E-02
 total extinction, absorption, scattering efficiencies (unpol, par, perp incidence)
  1.4805E+00  1.2296E+00  2.5094E-01  1.4511E+00  1.2046E+00  2.4656E-01  1.5099E+00  1.2545E+00  2.5533E-01
 scattering matrix in incident plane: 0 deg= z axis
 forward scattering amplitude matrix (BH83,Eq3.12) 
(  0.1740E+00, -0.2420E+00) (  0.1671E+00, -0.2387E+00) (  0.1151E-01, -0.1417E-02) (  0.1237E-01, -0.4036E-02) 
 backward scattering amplitude matrix (BH83,Eq3.12) 
(  0.8219E-01, -0.6524E-01) ( -0.8073E-01,  0.6877E-01) ( -0.5729E-02, -0.3303E-02) (  0.5748E-02,  0.3284E-02) 

