****************************************************
****************************************************
 mstm calculation results
 date, time:
20250218 185719.838 
 input file:
mstm-v4.0-agg0-batch.inp
****************************************************
 input variables for run     1
 sphere data input file:
./aggregate_ptsa_files/agg_num=0_k=0.950_Df=2.35_meanRp=0.020um_rstdRp=0.10_Np=00020_Rve=0.052um_Rg=0.070um_epsagg=0.807.ptsa
 number spheres
   20
 length, ref index scale factors
  1.3221101E+01  1.5800000E+00  8.4000000E-01
 volume cluster radius, area mean sphere radius, circumscribing radius, cross section radius
  6.9323498E-01  2.5461766E-01  1.6718180E+00  6.9323498E-01
 incident plane wave
 incident alpha, beta(deg)
  0.0000E+00  0.0000E+00
 t matrix order:
     7
 layer 0 refractive index
  1.0000E+00  0.0000E+00
 number of plane boundaries 
  0
 max_iterations,solution_epsilon, mie_epsilon
     10000  1.0000E-06  1.0000E-06
 maximum Mie order, number of equations:
   3       600
 mean sphere Mie extinction, absorption efficiencies
  4.0523E-01  4.0084E-01
****************************************************
 calculation results for run 
           1
 number iterations, error, solution time 
     4  5.2070E-07  1.6460E-02
 total extinction, absorption, scattering efficiencies (unpol, par, perp incidence)
  1.2750E+00  1.1558E+00  1.1921E-01  1.2587E+00  1.1410E+00  1.1773E-01  1.2913E+00  1.1706E+00  1.2069E-01
 scattering matrix in incident plane: 0 deg= z axis
 forward scattering amplitude matrix (BH83,Eq3.12) 
(  0.1509E+00, -0.1398E+00) (  0.1470E+00, -0.1397E+00) (  0.5313E-02,  0.1108E-02) (  0.6031E-02,  0.6657E-03) 
 backward scattering amplitude matrix (BH83,Eq3.12) 
(  0.5956E-01, -0.3623E-01) ( -0.6043E-01,  0.3749E-01) ( -0.1685E-02, -0.1769E-02) (  0.1699E-02,  0.1762E-02) 

