****************************************************
****************************************************
 mstm calculation results
 date, time:
20250218 185637.776 
 input file:
mstm-v4.0-agg0-batch.inp
****************************************************
 input variables for run     1
 sphere data input file:
./aggregate_ptsa_files/agg_num=0_k=0.950_Df=2.35_meanRp=0.020um_rstdRp=0.10_Np=00020_Rve=0.052um_Rg=0.070um_epsagg=0.807.ptsa
 number spheres
   20
 length, ref index scale factors
  1.3221101E+01  1.0200000E+00  3.5000000E-01
 volume cluster radius, area mean sphere radius, circumscribing radius, cross section radius
  6.9323498E-01  2.5461766E-01  1.6718180E+00  6.9323498E-01
 incident plane wave
 incident alpha, beta(deg)
  0.0000E+00  0.0000E+00
 t matrix order:
     7
 layer 0 refractive index
  1.0000E+00  0.0000E+00
 number of plane boundaries 
  0
 max_iterations,solution_epsilon, mie_epsilon
     10000  1.0000E-06  1.0000E-06
 maximum Mie order, number of equations:
   3       600
 mean sphere Mie extinction, absorption efficiencies
  2.4400E-01  2.4333E-01
****************************************************
 calculation results for run 
           1
 number iterations, error, solution time 
     2  4.0814E-07  1.0201E-02
 total extinction, absorption, scattering efficiencies (unpol, par, perp incidence)
  6.4064E-01  6.2350E-01  1.7147E-02  6.4025E-01  6.2327E-01  1.6974E-02  6.4104E-01  6.2372E-01  1.7319E-02
 scattering matrix in incident plane: 0 deg= z axis
 forward scattering amplitude matrix (BH83,Eq3.12) 
(  0.7679E-01, -0.8434E-02) (  0.7668E-01, -0.9007E-02) (  0.1288E-03,  0.7842E-03) (  0.1404E-03,  0.8213E-03) 
 backward scattering amplitude matrix (BH83,Eq3.12) 
(  0.2668E-01, -0.4500E-03) ( -0.2676E-01,  0.2818E-03) (  0.3889E-04, -0.3091E-03) ( -0.3744E-04,  0.3130E-03) 

