****************************************************
****************************************************
 mstm calculation results
 date, time:
20250218 185720.596 
 input file:
mstm-v4.0-agg0-batch.inp
****************************************************
 input variables for run     1
 sphere data input file:
./aggregate_ptsa_files/agg_num=0_k=0.950_Df=2.35_meanRp=0.020um_rstdRp=0.10_Np=00020_Rve=0.052um_Rg=0.070um_epsagg=0.807.ptsa
 number spheres
   20
 length, ref index scale factors
  1.3221101E+01  1.5800000E+00  1.0500000E+00
 volume cluster radius, area mean sphere radius, circumscribing radius, cross section radius
  6.9323498E-01  2.5461766E-01  1.6718180E+00  6.9323498E-01
 incident plane wave
 incident alpha, beta(deg)
  0.0000E+00  0.0000E+00
 t matrix order:
     7
 layer 0 refractive index
  1.0000E+00  0.0000E+00
 number of plane boundaries 
  0
 max_iterations,solution_epsilon, mie_epsilon
     10000  1.0000E-06  1.0000E-06
 maximum Mie order, number of equations:
   3       600
 mean sphere Mie extinction, absorption efficiencies
  4.8575E-01  4.7964E-01
****************************************************
 calculation results for run 
           1
 number iterations, error, solution time 
     5  1.6508E-07  1.8560E-02
 total extinction, absorption, scattering efficiencies (unpol, par, perp incidence)
  1.5563E+00  1.3939E+00  1.6247E-01  1.5342E+00  1.3740E+00  1.6017E-01  1.5785E+00  1.4137E+00  1.6477E-01
 scattering matrix in incident plane: 0 deg= z axis
 forward scattering amplitude matrix (BH83,Eq3.12) 
(  0.1850E+00, -0.1540E+00) (  0.1797E+00, -0.1543E+00) (  0.6848E-02,  0.2346E-02) (  0.8132E-02,  0.1846E-02) 
 backward scattering amplitude matrix (BH83,Eq3.12) 
(  0.7146E-01, -0.3615E-01) ( -0.7289E-01,  0.3821E-01) ( -0.1686E-02, -0.2903E-02) (  0.1682E-02,  0.2909E-02) 

