****************************************************
****************************************************
 mstm calculation results
 date, time:
20250218 185708.455 
 input file:
mstm-v4.0-agg0-batch.inp
****************************************************
 input variables for run     1
 sphere data input file:
./aggregate_ptsa_files/agg_num=0_k=0.950_Df=2.35_meanRp=0.020um_rstdRp=0.10_Np=00020_Rve=0.052um_Rg=0.070um_epsagg=0.807.ptsa
 number spheres
   20
 length, ref index scale factors
  1.3221101E+01  1.4400000E+00  6.3000000E-01
 volume cluster radius, area mean sphere radius, circumscribing radius, cross section radius
  6.9323498E-01  2.5461766E-01  1.6718180E+00  6.9323498E-01
 incident plane wave
 incident alpha, beta(deg)
  0.0000E+00  0.0000E+00
 t matrix order:
     7
 layer 0 refractive index
  1.0000E+00  0.0000E+00
 number of plane boundaries 
  0
 max_iterations,solution_epsilon, mie_epsilon
     10000  1.0000E-06  1.0000E-06
 maximum Mie order, number of equations:
   3       600
 mean sphere Mie extinction, absorption efficiencies
  3.4660E-01  3.4390E-01
****************************************************
 calculation results for run 
           1
 number iterations, error, solution time 
     4  4.6818E-08  1.5359E-02
 total extinction, absorption, scattering efficiencies (unpol, par, perp incidence)
  1.0232E+00  9.5081E-01  7.2429E-02  1.0133E+00  9.4162E-01  7.1634E-02  1.0332E+00  9.6000E-01  7.3224E-02
 scattering matrix in incident plane: 0 deg= z axis
 forward scattering amplitude matrix (BH83,Eq3.12) 
(  0.1210E+00, -0.1042E+00) (  0.1186E+00, -0.1044E+00) (  0.3208E-02,  0.8218E-03) (  0.3539E-02,  0.6746E-03) 
 backward scattering amplitude matrix (BH83,Eq3.12) 
(  0.4665E-01, -0.2831E-01) ( -0.4727E-01,  0.2880E-01) ( -0.1019E-02, -0.9718E-03) (  0.1022E-02,  0.9711E-03) 

