****************************************************
****************************************************
 mstm calculation results
 date, time:
20250218 185730.495 
 input file:
mstm-v4.0-agg0-batch.inp
****************************************************
 input variables for run     1
 sphere data input file:
./aggregate_ptsa_files/agg_num=0_k=0.950_Df=2.35_meanRp=0.020um_rstdRp=0.10_Np=00020_Rve=0.052um_Rg=0.070um_epsagg=0.807.ptsa
 number spheres
   20
 length, ref index scale factors
  1.3221101E+01  1.7200000E+00  8.4000000E-01
 volume cluster radius, area mean sphere radius, circumscribing radius, cross section radius
  6.9323498E-01  2.5461766E-01  1.6718180E+00  6.9323498E-01
 incident plane wave
 incident alpha, beta(deg)
  0.0000E+00  0.0000E+00
 t matrix order:
     7
 layer 0 refractive index
  1.0000E+00  0.0000E+00
 number of plane boundaries 
  0
 max_iterations,solution_epsilon, mie_epsilon
     10000  1.0000E-06  1.0000E-06
 maximum Mie order, number of equations:
   3       600
 mean sphere Mie extinction, absorption efficiencies
  3.6162E-01  3.5699E-01
****************************************************
 calculation results for run 
           1
 number iterations, error, solution time 
     4  7.2112E-07  1.5650E-02
 total extinction, absorption, scattering efficiencies (unpol, par, perp incidence)
  1.2145E+00  1.0822E+00  1.3228E-01  1.1972E+00  1.0666E+00  1.3055E-01  1.2318E+00  1.0978E+00  1.3401E-01
 scattering matrix in incident plane: 0 deg= z axis
 forward scattering amplitude matrix (BH83,Eq3.12) 
(  0.1430E+00, -0.1623E+00) (  0.1389E+00, -0.1614E+00) (  0.6071E-02,  0.8999E-04) (  0.6683E-02, -0.6849E-03) 
 backward scattering amplitude matrix (BH83,Eq3.12) 
(  0.5989E-01, -0.4418E-01) ( -0.6031E-01,  0.4574E-01) ( -0.2362E-02, -0.1644E-02) (  0.2371E-02,  0.1627E-02) 

