****************************************************
****************************************************
 mstm calculation results
 date, time:
20250218 185737.716 
 input file:
mstm-v4.0-agg0-batch.inp
****************************************************
 input variables for run     1
 sphere data input file:
./aggregate_ptsa_files/agg_num=0_k=0.950_Df=2.35_meanRp=0.020um_rstdRp=0.10_Np=00020_Rve=0.052um_Rg=0.070um_epsagg=0.807.ptsa
 number spheres
   20
 length, ref index scale factors
  1.3221101E+01  1.8600000E+00  5.6000000E-01
 volume cluster radius, area mean sphere radius, circumscribing radius, cross section radius
  6.9323498E-01  2.5461766E-01  1.6718180E+00  6.9323498E-01
 incident plane wave
 incident alpha, beta(deg)
  0.0000E+00  0.0000E+00
 t matrix order:
     7
 layer 0 refractive index
  1.0000E+00  0.0000E+00
 number of plane boundaries 
  0
 max_iterations,solution_epsilon, mie_epsilon
     10000  1.0000E-06  1.0000E-06
 maximum Mie order, number of equations:
   3       600
 mean sphere Mie extinction, absorption efficiencies
  2.2539E-01  2.2180E-01
****************************************************
 calculation results for run 
           1
 number iterations, error, solution time 
     4  2.1764E-07  1.5279E-02
 total extinction, absorption, scattering efficiencies (unpol, par, perp incidence)
  8.1597E-01  7.0512E-01  1.1085E-01  8.0403E-01  6.9471E-01  1.0933E-01  8.2791E-01  7.1553E-01  1.1238E-01
 scattering matrix in incident plane: 0 deg= z axis
 forward scattering amplitude matrix (BH83,Eq3.12) 
(  0.9418E-01, -0.1728E+00) (  0.9137E-01, -0.1708E+00) (  0.4671E-02, -0.2194E-02) (  0.4635E-02, -0.2885E-02) 
 backward scattering amplitude matrix (BH83,Eq3.12) 
(  0.4503E-01, -0.5363E-01) ( -0.4479E-01,  0.5457E-01) ( -0.2523E-02, -0.1773E-03) (  0.2516E-02,  0.1696E-03) 

