****************************************************
****************************************************
 mstm calculation results
 date, time:
20250218 185756.261 
 input file:
mstm-v4.0-agg0-batch.inp
****************************************************
 input variables for run     1
 sphere data input file:
./aggregate_ptsa_files/agg_num=0_k=0.950_Df=2.35_meanRp=0.020um_rstdRp=0.10_Np=00020_Rve=0.052um_Rg=0.070um_epsagg=0.807.ptsa
 number spheres
   20
 length, ref index scale factors
  1.3221101E+01  2.0700000E+00  1.2600000E+00
 volume cluster radius, area mean sphere radius, circumscribing radius, cross section radius
  6.9323498E-01  2.5461766E-01  1.6718180E+00  6.9323498E-01
 incident plane wave
 incident alpha, beta(deg)
  0.0000E+00  0.0000E+00
 t matrix order:
     7
 layer 0 refractive index
  1.0000E+00  0.0000E+00
 number of plane boundaries 
  0
 max_iterations,solution_epsilon, mie_epsilon
     10000  1.0000E-06  1.0000E-06
 maximum Mie order, number of equations:
   3       600
 mean sphere Mie extinction, absorption efficiencies
  3.6640E-01  3.5869E-01
****************************************************
 calculation results for run 
           1
 number iterations, error, solution time 
     6  1.4149E-07  2.1961E-02
 total extinction, absorption, scattering efficiencies (unpol, par, perp incidence)
  1.5147E+00  1.2702E+00  2.4447E-01  1.4853E+00  1.2450E+00  2.4029E-01  1.5441E+00  1.2954E+00  2.4865E-01
 scattering matrix in incident plane: 0 deg= z axis
 forward scattering amplitude matrix (BH83,Eq3.12) 
(  0.1784E+00, -0.2342E+00) (  0.1714E+00, -0.2314E+00) (  0.1121E-01, -0.7828E-03) (  0.1228E-01, -0.3216E-02) 
 backward scattering amplitude matrix (BH83,Eq3.12) 
(  0.8223E-01, -0.6186E-01) ( -0.8115E-01,  0.6548E-01) ( -0.5260E-02, -0.3531E-02) (  0.5281E-02,  0.3518E-02) 

