****************************************************
****************************************************
 mstm calculation results
 date, time:
20250218 185703.059 
 input file:
mstm-v4.0-agg0-batch.inp
****************************************************
 input variables for run     1
 sphere data input file:
./aggregate_ptsa_files/agg_num=0_k=0.950_Df=2.35_meanRp=0.020um_rstdRp=0.10_Np=00020_Rve=0.052um_Rg=0.070um_epsagg=0.807.ptsa
 number spheres
   20
 length, ref index scale factors
  1.3221101E+01  1.3000000E+00  1.4000000E+00
 volume cluster radius, area mean sphere radius, circumscribing radius, cross section radius
  6.9323498E-01  2.5461766E-01  1.6718180E+00  6.9323498E-01
 incident plane wave
 incident alpha, beta(deg)
  0.0000E+00  0.0000E+00
 t matrix order:
     7
 layer 0 refractive index
  1.0000E+00  0.0000E+00
 number of plane boundaries 
  0
 max_iterations,solution_epsilon, mie_epsilon
     10000  1.0000E-06  1.0000E-06
 maximum Mie order, number of equations:
   3       600
 mean sphere Mie extinction, absorption efficiencies
  7.4296E-01  7.3158E-01
****************************************************
 calculation results for run 
           1
 number iterations, error, solution time 
     7  7.3597E-08  2.2362E-02
 total extinction, absorption, scattering efficiencies (unpol, par, perp incidence)
  2.2348E+00  1.9785E+00  2.5634E-01  2.2014E+00  1.9482E+00  2.5319E-01  2.2683E+00  2.0088E+00  2.5949E-01
 scattering matrix in incident plane: 0 deg= z axis
 forward scattering amplitude matrix (BH83,Eq3.12) 
(  0.2681E+00, -0.1461E+00) (  0.2600E+00, -0.1494E+00) (  0.8007E-02,  0.7211E-02) (  0.1091E-01,  0.8093E-02) 
 backward scattering amplitude matrix (BH83,Eq3.12) 
(  0.9146E-01, -0.2184E-01) ( -0.9672E-01,  0.2492E-01) (  0.9825E-03, -0.4886E-02) ( -0.1084E-02,  0.4872E-02) 

