****************************************************
****************************************************
 mstm calculation results
 date, time:
20250218 185704.794 
 input file:
mstm-v4.0-agg0-batch.inp
****************************************************
 input variables for run     1
 sphere data input file:
./aggregate_ptsa_files/agg_num=0_k=0.950_Df=2.35_meanRp=0.020um_rstdRp=0.10_Np=00020_Rve=0.052um_Rg=0.070um_epsagg=0.807.ptsa
 number spheres
   20
 length, ref index scale factors
  1.3221101E+01  1.3700000E+00  4.2000000E-01
 volume cluster radius, area mean sphere radius, circumscribing radius, cross section radius
  6.9323498E-01  2.5461766E-01  1.6718180E+00  6.9323498E-01
 incident plane wave
 incident alpha, beta(deg)
  0.0000E+00  0.0000E+00
 t matrix order:
     7
 layer 0 refractive index
  1.0000E+00  0.0000E+00
 number of plane boundaries 
  0
 max_iterations,solution_epsilon, mie_epsilon
     10000  1.0000E-06  1.0000E-06
 maximum Mie order, number of equations:
   3       600
 mean sphere Mie extinction, absorption efficiencies
  2.4381E-01  2.4235E-01
****************************************************
 calculation results for run 
           1
 number iterations, error, solution time 
     3  1.4966E-07  1.2913E-02
 total extinction, absorption, scattering efficiencies (unpol, par, perp incidence)
  7.0841E-01  6.6846E-01  3.9951E-02  7.0302E-01  6.6349E-01  3.9536E-02  7.1379E-01  6.7343E-01  4.0366E-02
 scattering matrix in incident plane: 0 deg= z axis
 forward scattering amplitude matrix (BH83,Eq3.12) 
(  0.8322E-01, -0.8345E-01) (  0.8193E-01, -0.8343E-01) (  0.1833E-02,  0.1579E-03) (  0.1941E-02,  0.7186E-04) 
 backward scattering amplitude matrix (BH83,Eq3.12) 
(  0.3282E-01, -0.2469E-01) ( -0.3312E-01,  0.2491E-01) ( -0.6912E-03, -0.3799E-03) (  0.6922E-03,  0.3804E-03) 

