****************************************************
****************************************************
 mstm calculation results
 date, time:
20250218 185642.625 
 input file:
mstm-v4.0-agg0-batch.inp
****************************************************
 input variables for run     1
 sphere data input file:
./aggregate_ptsa_files/agg_num=0_k=0.950_Df=2.35_meanRp=0.020um_rstdRp=0.10_Np=00020_Rve=0.052um_Rg=0.070um_epsagg=0.807.ptsa
 number spheres
   20
 length, ref index scale factors
  1.3221101E+01  1.0900000E+00  2.1000000E-01
 volume cluster radius, area mean sphere radius, circumscribing radius, cross section radius
  6.9323498E-01  2.5461766E-01  1.6718180E+00  6.9323498E-01
 incident plane wave
 incident alpha, beta(deg)
  0.0000E+00  0.0000E+00
 t matrix order:
     7
 layer 0 refractive index
  1.0000E+00  0.0000E+00
 number of plane boundaries 
  0
 max_iterations,solution_epsilon, mie_epsilon
     10000  1.0000E-06  1.0000E-06
 maximum Mie order, number of equations:
   3       600
 mean sphere Mie extinction, absorption efficiencies
  1.4070E-01  1.4043E-01
****************************************************
 calculation results for run 
           1
 number iterations, error, solution time 
     2  2.6558E-08  9.3516E-03
 total extinction, absorption, scattering efficiencies (unpol, par, perp incidence)
  3.8000E-01  3.7275E-01  7.2533E-03  3.7924E-01  3.7204E-01  7.1985E-03  3.8076E-01  3.7345E-01  7.3081E-03
 scattering matrix in incident plane: 0 deg= z axis
 forward scattering amplitude matrix (BH83,Eq3.12) 
(  0.4510E-01, -0.2153E-01) (  0.4492E-01, -0.2169E-01) (  0.2491E-03,  0.2292E-03) (  0.2582E-03,  0.2316E-03) 
 backward scattering amplitude matrix (BH83,Eq3.12) 
(  0.1657E-01, -0.6020E-02) ( -0.1663E-01,  0.5990E-02) ( -0.7499E-04, -0.1217E-03) (  0.7567E-04,  0.1216E-03) 

