****************************************************
****************************************************
 mstm calculation results
 date, time:
20250218 185643.871 
 input file:
mstm-v4.0-agg0-batch.inp
****************************************************
 input variables for run     1
 sphere data input file:
./aggregate_ptsa_files/agg_num=0_k=0.950_Df=2.35_meanRp=0.020um_rstdRp=0.10_Np=00020_Rve=0.052um_Rg=0.070um_epsagg=0.807.ptsa
 number spheres
   20
 length, ref index scale factors
  1.3221101E+01  1.0900000E+00  5.6000000E-01
 volume cluster radius, area mean sphere radius, circumscribing radius, cross section radius
  6.9323498E-01  2.5461766E-01  1.6718180E+00  6.9323498E-01
 incident plane wave
 incident alpha, beta(deg)
  0.0000E+00  0.0000E+00
 t matrix order:
     7
 layer 0 refractive index
  1.0000E+00  0.0000E+00
 number of plane boundaries 
  0
 max_iterations,solution_epsilon, mie_epsilon
     10000  1.0000E-06  1.0000E-06
 maximum Mie order, number of equations:
   3       600
 mean sphere Mie extinction, absorption efficiencies
  3.8897E-01  3.8715E-01
****************************************************
 calculation results for run 
           1
 number iterations, error, solution time 
     3  3.6676E-07  1.2479E-02
 total extinction, absorption, scattering efficiencies (unpol, par, perp incidence)
  1.0155E+00  9.7093E-01  4.4591E-02  1.0122E+00  9.6779E-01  4.4450E-02  1.0188E+00  9.7406E-01  4.4732E-02
 scattering matrix in incident plane: 0 deg= z axis
 forward scattering amplitude matrix (BH83,Eq3.12) 
(  0.1215E+00, -0.2984E-01) (  0.1207E+00, -0.3116E-01) (  0.8436E-03,  0.1851E-02) (  0.9167E-03,  0.1997E-02) 
 backward scattering amplitude matrix (BH83,Eq3.12) 
(  0.4168E-01, -0.5360E-02) ( -0.4212E-01,  0.4996E-02) ( -0.2935E-04, -0.7447E-03) (  0.2662E-04,  0.7441E-03) 

