****************************************************
****************************************************
 mstm calculation results
 date, time:
20250218 185723.647 
 input file:
mstm-v4.0-agg0-batch.inp
****************************************************
 input variables for run     1
 sphere data input file:
./aggregate_ptsa_files/agg_num=0_k=0.950_Df=2.35_meanRp=0.020um_rstdRp=0.10_Np=00020_Rve=0.052um_Rg=0.070um_epsagg=0.807.ptsa
 number spheres
   20
 length, ref index scale factors
  1.3221101E+01  1.6500000E+00  4.2000000E-01
 volume cluster radius, area mean sphere radius, circumscribing radius, cross section radius
  6.9323498E-01  2.5461766E-01  1.6718180E+00  6.9323498E-01
 incident plane wave
 incident alpha, beta(deg)
  0.0000E+00  0.0000E+00
 t matrix order:
     7
 layer 0 refractive index
  1.0000E+00  0.0000E+00
 number of plane boundaries 
  0
 max_iterations,solution_epsilon, mie_epsilon
     10000  1.0000E-06  1.0000E-06
 maximum Mie order, number of equations:
   3       600
 mean sphere Mie extinction, absorption efficiencies
  2.0045E-01  1.9812E-01
****************************************************
 calculation results for run 
           1
 number iterations, error, solution time 
     4  2.4356E-08  1.9458E-02
 total extinction, absorption, scattering efficiencies (unpol, par, perp incidence)
  6.6319E-01  5.9397E-01  6.9223E-02  6.5530E-01  5.8691E-01  6.8396E-02  6.7107E-01  6.0102E-01  7.0050E-02
 scattering matrix in incident plane: 0 deg= z axis
 forward scattering amplitude matrix (BH83,Eq3.12) 
(  0.7649E-01, -0.1351E+00) (  0.7464E-01, -0.1339E+00) (  0.2927E-02, -0.1332E-02) (  0.2939E-02, -0.1655E-02) 
 backward scattering amplitude matrix (BH83,Eq3.12) 
(  0.3493E-01, -0.4261E-01) ( -0.3496E-01,  0.4314E-01) ( -0.1502E-02, -0.5021E-04) (  0.1501E-02,  0.4789E-04) 

