****************************************************
****************************************************
 mstm calculation results
 date, time:
20250218 185637.243 
 input file:
mstm-v4.0-agg0-batch.inp
****************************************************
 input variables for run     1
 sphere data input file:
./aggregate_ptsa_files/agg_num=0_k=0.950_Df=2.35_meanRp=0.020um_rstdRp=0.10_Np=00020_Rve=0.052um_Rg=0.070um_epsagg=0.807.ptsa
 number spheres
   20
 length, ref index scale factors
  1.3221101E+01  1.0200000E+00  2.1000000E-01
 volume cluster radius, area mean sphere radius, circumscribing radius, cross section radius
  6.9323498E-01  2.5461766E-01  1.6718180E+00  6.9323498E-01
 incident plane wave
 incident alpha, beta(deg)
  0.0000E+00  0.0000E+00
 t matrix order:
     7
 layer 0 refractive index
  1.0000E+00  0.0000E+00
 number of plane boundaries 
  0
 max_iterations,solution_epsilon, mie_epsilon
     10000  1.0000E-06  1.0000E-06
 maximum Mie order, number of equations:
   3       600
 mean sphere Mie extinction, absorption efficiencies
  1.4423E-01  1.4400E-01
****************************************************
 calculation results for run 
           1
 number iterations, error, solution time 
     2  1.7771E-08  9.5283E-03
 total extinction, absorption, scattering efficiencies (unpol, par, perp incidence)
  3.8384E-01  3.7758E-01  6.2529E-03  3.8365E-01  3.7743E-01  6.2156E-03  3.8403E-01  3.7774E-01  6.2901E-03
 scattering matrix in incident plane: 0 deg= z axis
 forward scattering amplitude matrix (BH83,Eq3.12) 
(  0.4597E-01, -0.6301E-02) (  0.4591E-01, -0.6509E-02) (  0.6255E-04,  0.2851E-03) (  0.6517E-04,  0.2923E-03) 
 backward scattering amplitude matrix (BH83,Eq3.12) 
(  0.1631E-01, -0.7871E-03) ( -0.1633E-01,  0.7331E-03) (  0.3934E-05, -0.1212E-03) ( -0.3719E-05,  0.1216E-03) 

