****************************************************
****************************************************
 mstm calculation results
 date, time:
20250218 185720.347 
 input file:
mstm-v4.0-agg0-batch.inp
****************************************************
 input variables for run     1
 sphere data input file:
./aggregate_ptsa_files/agg_num=0_k=0.950_Df=2.35_meanRp=0.020um_rstdRp=0.10_Np=00020_Rve=0.052um_Rg=0.070um_epsagg=0.807.ptsa
 number spheres
   20
 length, ref index scale factors
  1.3221101E+01  1.5800000E+00  9.8000000E-01
 volume cluster radius, area mean sphere radius, circumscribing radius, cross section radius
  6.9323498E-01  2.5461766E-01  1.6718180E+00  6.9323498E-01
 incident plane wave
 incident alpha, beta(deg)
  0.0000E+00  0.0000E+00
 t matrix order:
     7
 layer 0 refractive index
  1.0000E+00  0.0000E+00
 number of plane boundaries 
  0
 max_iterations,solution_epsilon, mie_epsilon
     10000  1.0000E-06  1.0000E-06
 maximum Mie order, number of equations:
   3       600
 mean sphere Mie extinction, absorption efficiencies
  4.6078E-01  4.5528E-01
****************************************************
 calculation results for run 
           1
 number iterations, error, solution time 
     5  8.7675E-08  1.8625E-02
 total extinction, absorption, scattering efficiencies (unpol, par, perp incidence)
  1.4646E+00  1.3174E+00  1.4724E-01  1.4445E+00  1.2993E+00  1.4520E-01  1.4847E+00  1.3354E+00  1.4927E-01
 scattering matrix in incident plane: 0 deg= z axis
 forward scattering amplitude matrix (BH83,Eq3.12) 
(  0.1739E+00, -0.1488E+00) (  0.1690E+00, -0.1491E+00) (  0.6308E-02,  0.1920E-02) (  0.7371E-02,  0.1451E-02) 
 backward scattering amplitude matrix (BH83,Eq3.12) 
(  0.6754E-01, -0.3612E-01) ( -0.6877E-01,  0.3788E-01) ( -0.1687E-02, -0.2498E-02) (  0.1685E-02,  0.2502E-02) 

