****************************************************
****************************************************
 mstm calculation results
 date, time:
20250218 185700.993 
 input file:
mstm-v4.0-agg0-batch.inp
****************************************************
 input variables for run     1
 sphere data input file:
./aggregate_ptsa_files/agg_num=0_k=0.950_Df=2.35_meanRp=0.020um_rstdRp=0.10_Np=00020_Rve=0.052um_Rg=0.070um_epsagg=0.807.ptsa
 number spheres
   20
 length, ref index scale factors
  1.3221101E+01  1.3000000E+00  8.4000000E-01
 volume cluster radius, area mean sphere radius, circumscribing radius, cross section radius
  6.9323498E-01  2.5461766E-01  1.6718180E+00  6.9323498E-01
 incident plane wave
 incident alpha, beta(deg)
  0.0000E+00  0.0000E+00
 t matrix order:
     7
 layer 0 refractive index
  1.0000E+00  0.0000E+00
 number of plane boundaries 
  0
 max_iterations,solution_epsilon, mie_epsilon
     10000  1.0000E-06  1.0000E-06
 maximum Mie order, number of equations:
   3       600
 mean sphere Mie extinction, absorption efficiencies
  5.0981E-01  5.0561E-01
****************************************************
 calculation results for run 
           1
 number iterations, error, solution time 
     4  3.7427E-07  1.5997E-02
 total extinction, absorption, scattering efficiencies (unpol, par, perp incidence)
  1.4155E+00  1.3131E+00  1.0236E-01  1.4027E+00  1.3015E+00  1.0118E-01  1.4282E+00  1.3247E+00  1.0354E-01
 scattering matrix in incident plane: 0 deg= z axis
 forward scattering amplitude matrix (BH83,Eq3.12) 
(  0.1689E+00, -0.8925E-01) (  0.1658E+00, -0.9096E-01) (  0.3518E-02,  0.2934E-02) (  0.4139E-02,  0.3151E-02) 
 backward scattering amplitude matrix (BH83,Eq3.12) 
(  0.5961E-01, -0.1956E-01) ( -0.6107E-01,  0.1984E-01) ( -0.4606E-03, -0.1717E-02) (  0.4659E-03,  0.1727E-02) 

