****************************************************
****************************************************
 mstm calculation results
 date, time:
20250218 185708.392 
 input file:
mstm-v4.0-agg0-batch.inp
****************************************************
 input variables for run     1
 sphere data input file:
./aggregate_ptsa_files/agg_num=0_k=0.950_Df=2.35_meanRp=0.020um_rstdRp=0.10_Np=00020_Rve=0.052um_Rg=0.070um_epsagg=0.807.ptsa
 number spheres
   20
 length, ref index scale factors
  1.3221101E+01  1.3700000E+00  1.4000000E+00
 volume cluster radius, area mean sphere radius, circumscribing radius, cross section radius
  6.9323498E-01  2.5461766E-01  1.6718180E+00  6.9323498E-01
 incident plane wave
 incident alpha, beta(deg)
  0.0000E+00  0.0000E+00
 t matrix order:
     7
 layer 0 refractive index
  1.0000E+00  0.0000E+00
 number of plane boundaries 
  0
 max_iterations,solution_epsilon, mie_epsilon
     10000  1.0000E-06  1.0000E-06
 maximum Mie order, number of equations:
   3       600
 mean sphere Mie extinction, absorption efficiencies
  6.9416E-01  6.8339E-01
****************************************************
 calculation results for run 
           1
 number iterations, error, solution time 
     6  8.0642E-07  2.2634E-02
 total extinction, absorption, scattering efficiencies (unpol, par, perp incidence)
  2.1636E+00  1.9108E+00  2.5282E-01  2.1305E+00  1.8808E+00  2.4972E-01  2.1966E+00  1.9407E+00  2.5593E-01
 scattering matrix in incident plane: 0 deg= z axis
 forward scattering amplitude matrix (BH83,Eq3.12) 
(  0.2592E+00, -0.1565E+00) (  0.2512E+00, -0.1590E+00) (  0.8503E-02,  0.6478E-02) (  0.1146E-01,  0.6956E-02) 
 backward scattering amplitude matrix (BH83,Eq3.12) 
(  0.9118E-01, -0.2556E-01) ( -0.9572E-01,  0.2917E-01) (  0.4007E-03, -0.5131E-02) ( -0.4322E-03,  0.5166E-02) 

