****************************************************
****************************************************
 mstm calculation results
 date, time:
20250218 185717.076 
 input file:
mstm-v4.0-agg0-batch.inp
****************************************************
 input variables for run     1
 sphere data input file:
./aggregate_ptsa_files/agg_num=0_k=0.950_Df=2.35_meanRp=0.020um_rstdRp=0.10_Np=00020_Rve=0.052um_Rg=0.070um_epsagg=0.807.ptsa
 number spheres
   20
 length, ref index scale factors
  1.3221101E+01  1.5800000E+00  7.0000000E-02
 volume cluster radius, area mean sphere radius, circumscribing radius, cross section radius
  6.9323498E-01  2.5461766E-01  1.6718180E+00  6.9323498E-01
 incident plane wave
 incident alpha, beta(deg)
  0.0000E+00  0.0000E+00
 t matrix order:
     7
 layer 0 refractive index
  1.0000E+00  0.0000E+00
 number of plane boundaries 
  0
 max_iterations,solution_epsilon, mie_epsilon
     10000  1.0000E-06  1.0000E-06
 maximum Mie order, number of equations:
   3       600
 mean sphere Mie extinction, absorption efficiencies
  3.6531E-02  3.5160E-02
****************************************************
 calculation results for run 
           1
 number iterations, error, solution time 
     3  1.1214E-07  1.4090E-02
 total extinction, absorption, scattering efficiencies (unpol, par, perp incidence)
  1.4909E-01  1.0681E-01  4.2277E-02  1.4740E-01  1.0567E-01  4.1732E-02  1.5078E-01  1.0795E-01  4.2823E-02
 scattering matrix in incident plane: 0 deg= z axis
 forward scattering amplitude matrix (BH83,Eq3.12) 
(  0.1443E-01, -0.1196E+00) (  0.1407E-01, -0.1183E+00) (  0.6637E-03, -0.1870E-02) (  0.5354E-03, -0.1920E-02) 
 backward scattering amplitude matrix (BH83,Eq3.12) 
(  0.1155E-01, -0.4251E-01) ( -0.1146E-01,  0.4269E-01) ( -0.6263E-03,  0.7267E-03) (  0.6259E-03, -0.7269E-03) 

