****************************************************
****************************************************
 mstm calculation results
 date, time:
20250218 185800.082 
 input file:
mstm-v4.0-agg0-batch.inp
****************************************************
 input variables for run     1
 sphere data input file:
./aggregate_ptsa_files/agg_num=0_k=0.950_Df=2.35_meanRp=0.020um_rstdRp=0.10_Np=00020_Rve=0.052um_Rg=0.070um_epsagg=0.807.ptsa
 number spheres
   20
 length, ref index scale factors
  1.3221101E+01  2.1400000E+00  8.4000000E-01
 volume cluster radius, area mean sphere radius, circumscribing radius, cross section radius
  6.9323498E-01  2.5461766E-01  1.6718180E+00  6.9323498E-01
 incident plane wave
 incident alpha, beta(deg)
  0.0000E+00  0.0000E+00
 t matrix order:
     7
 layer 0 refractive index
  1.0000E+00  0.0000E+00
 number of plane boundaries 
  0
 max_iterations,solution_epsilon, mie_epsilon
     10000  1.0000E-06  1.0000E-06
 maximum Mie order, number of equations:
   3       600
 mean sphere Mie extinction, absorption efficiencies
  2.6061E-01  2.5502E-01
****************************************************
 calculation results for run 
           1
 number iterations, error, solution time 
     5  1.4523E-07  2.0698E-02
 total extinction, absorption, scattering efficiencies (unpol, par, perp incidence)
  1.0705E+00  8.8747E-01  1.8308E-01  1.0512E+00  8.7110E-01  1.8010E-01  1.0899E+00  9.0383E-01  1.8606E-01
 scattering matrix in incident plane: 0 deg= z axis
 forward scattering amplitude matrix (BH83,Eq3.12) 
(  0.1242E+00, -0.2212E+00) (  0.1196E+00, -0.2179E+00) (  0.7953E-02, -0.3171E-02) (  0.7910E-02, -0.4735E-02) 
 backward scattering amplitude matrix (BH83,Eq3.12) 
(  0.6179E-01, -0.6630E-01) ( -0.6074E-01,  0.6803E-01) ( -0.4492E-02, -0.8402E-03) (  0.4496E-02,  0.8364E-03) 

