****************************************************
****************************************************
 mstm calculation results
 date, time:
20250218 185656.444 
 input file:
mstm-v4.0-agg0-batch.inp
****************************************************
 input variables for run     1
 sphere data input file:
./aggregate_ptsa_files/agg_num=0_k=0.950_Df=2.35_meanRp=0.020um_rstdRp=0.10_Np=00020_Rve=0.052um_Rg=0.070um_epsagg=0.807.ptsa
 number spheres
   20
 length, ref index scale factors
  1.3221101E+01  1.2300000E+00  1.0500000E+00
 volume cluster radius, area mean sphere radius, circumscribing radius, cross section radius
  6.9323498E-01  2.5461766E-01  1.6718180E+00  6.9323498E-01
 incident plane wave
 incident alpha, beta(deg)
  0.0000E+00  0.0000E+00
 t matrix order:
     7
 layer 0 refractive index
  1.0000E+00  0.0000E+00
 number of plane boundaries 
  0
 max_iterations,solution_epsilon, mie_epsilon
     10000  1.0000E-06  1.0000E-06
 maximum Mie order, number of equations:
   3       600
 mean sphere Mie extinction, absorption efficiencies
  6.6390E-01  6.5709E-01
****************************************************
 calculation results for run 
           1
 number iterations, error, solution time 
     5  2.1587E-07  1.8936E-02
 total extinction, absorption, scattering efficiencies (unpol, par, perp incidence)
  1.7999E+00  1.6465E+00  1.5348E-01  1.7824E+00  1.6307E+00  1.5168E-01  1.8175E+00  1.6622E+00  1.5528E-01
 scattering matrix in incident plane: 0 deg= z axis
 forward scattering amplitude matrix (BH83,Eq3.12) 
(  0.2156E+00, -0.9323E-01) (  0.2113E+00, -0.9637E-01) (  0.4373E-02,  0.5001E-02) (  0.5419E-02,  0.5705E-02) 
 backward scattering amplitude matrix (BH83,Eq3.12) 
(  0.7244E-01, -0.1620E-01) ( -0.7528E-01,  0.1648E-01) (  0.1863E-03, -0.2409E-02) ( -0.1873E-03,  0.2400E-02) 

