****************************************************
****************************************************
 mstm calculation results
 date, time:
20250218 185759.556 
 input file:
mstm-v4.0-agg0-batch.inp
****************************************************
 input variables for run     1
 sphere data input file:
./aggregate_ptsa_files/agg_num=0_k=0.950_Df=2.35_meanRp=0.020um_rstdRp=0.10_Np=00020_Rve=0.052um_Rg=0.070um_epsagg=0.807.ptsa
 number spheres
   20
 length, ref index scale factors
  1.3221101E+01  2.1400000E+00  7.0000000E-01
 volume cluster radius, area mean sphere radius, circumscribing radius, cross section radius
  6.9323498E-01  2.5461766E-01  1.6718180E+00  6.9323498E-01
 incident plane wave
 incident alpha, beta(deg)
  0.0000E+00  0.0000E+00
 t matrix order:
     7
 layer 0 refractive index
  1.0000E+00  0.0000E+00
 number of plane boundaries 
  0
 max_iterations,solution_epsilon, mie_epsilon
     10000  1.0000E-06  1.0000E-06
 maximum Mie order, number of equations:
   3       600
 mean sphere Mie extinction, absorption efficiencies
  2.2329E-01  2.1826E-01
****************************************************
 calculation results for run 
           1
 number iterations, error, solution time 
     5  7.5048E-08  1.9282E-02
 total extinction, absorption, scattering efficiencies (unpol, par, perp incidence)
  9.2241E-01  7.5637E-01  1.6603E-01  9.0615E-01  7.4279E-01  1.6336E-01  9.3866E-01  7.6996E-01  1.6870E-01
 scattering matrix in incident plane: 0 deg= z axis
 forward scattering amplitude matrix (BH83,Eq3.12) 
(  0.1061E+00, -0.2165E+00) (  0.1023E+00, -0.2132E+00) (  0.6836E-02, -0.3729E-02) (  0.6578E-02, -0.5015E-02) 
 backward scattering amplitude matrix (BH83,Eq3.12) 
(  0.5483E-01, -0.6727E-01) ( -0.5386E-01,  0.6855E-01) ( -0.4109E-02, -0.1535E-03) (  0.4111E-02,  0.1502E-03) 

