****************************************************
****************************************************
 mstm calculation results
 date, time:
20250218 185650.626 
 input file:
mstm-v4.0-agg0-batch.inp
****************************************************
 input variables for run     1
 sphere data input file:
./aggregate_ptsa_files/agg_num=0_k=0.950_Df=2.35_meanRp=0.020um_rstdRp=0.10_Np=00020_Rve=0.052um_Rg=0.070um_epsagg=0.807.ptsa
 number spheres
   20
 length, ref index scale factors
  1.3221101E+01  1.1600000E+00  9.1000000E-01
 volume cluster radius, area mean sphere radius, circumscribing radius, cross section radius
  6.9323498E-01  2.5461766E-01  1.6718180E+00  6.9323498E-01
 incident plane wave
 incident alpha, beta(deg)
  0.0000E+00  0.0000E+00
 t matrix order:
     7
 layer 0 refractive index
  1.0000E+00  0.0000E+00
 number of plane boundaries 
  0
 max_iterations,solution_epsilon, mie_epsilon
     10000  1.0000E-06  1.0000E-06
 maximum Mie order, number of equations:
   3       600
 mean sphere Mie extinction, absorption efficiencies
  6.1849E-01  6.1330E-01
****************************************************
 calculation results for run 
           1
 number iterations, error, solution time 
     4  9.6686E-07  1.8070E-02
 total extinction, absorption, scattering efficiencies (unpol, par, perp incidence)
  1.6177E+00  1.5005E+00  1.1719E-01  1.6059E+00  1.4899E+00  1.1603E-01  1.6295E+00  1.5111E+00  1.1836E-01
 scattering matrix in incident plane: 0 deg= z axis
 forward scattering amplitude matrix (BH83,Eq3.12) 
(  0.1938E+00, -0.6615E-01) (  0.1909E+00, -0.6920E-01) (  0.2818E-02,  0.4311E-02) (  0.3370E-02,  0.4888E-02) 
 backward scattering amplitude matrix (BH83,Eq3.12) 
(  0.6446E-01, -0.1120E-01) ( -0.6641E-01,  0.1081E-01) (  0.1527E-03, -0.1778E-02) ( -0.1258E-03,  0.1741E-02) 

