****************************************************
****************************************************
 mstm calculation results
 date, time:
20250218 185653.435 
 input file:
mstm-v4.0-agg0-batch.inp
****************************************************
 input variables for run     1
 sphere data input file:
./aggregate_ptsa_files/agg_num=0_k=0.950_Df=2.35_meanRp=0.020um_rstdRp=0.10_Np=00020_Rve=0.052um_Rg=0.070um_epsagg=0.807.ptsa
 number spheres
   20
 length, ref index scale factors
  1.3221101E+01  1.2300000E+00  2.1000000E-01
 volume cluster radius, area mean sphere radius, circumscribing radius, cross section radius
  6.9323498E-01  2.5461766E-01  1.6718180E+00  6.9323498E-01
 incident plane wave
 incident alpha, beta(deg)
  0.0000E+00  0.0000E+00
 t matrix order:
     7
 layer 0 refractive index
  1.0000E+00  0.0000E+00
 number of plane boundaries 
  0
 max_iterations,solution_epsilon, mie_epsilon
     10000  1.0000E-06  1.0000E-06
 maximum Mie order, number of equations:
   3       600
 mean sphere Mie extinction, absorption efficiencies
  1.3195E-01  1.3147E-01
****************************************************
 calculation results for run 
           1
 number iterations, error, solution time 
     2  1.4322E-07  9.6356E-03
 total extinction, absorption, scattering efficiencies (unpol, par, perp incidence)
  3.7231E-01  3.5921E-01  1.3101E-02  3.7045E-01  3.5748E-01  1.2975E-02  3.7416E-01  3.6093E-01  1.3227E-02
 scattering matrix in incident plane: 0 deg= z axis
 forward scattering amplitude matrix (BH83,Eq3.12) 
(  0.4339E-01, -0.5123E-01) (  0.4295E-01, -0.5117E-01) (  0.6094E-03, -0.5430E-04) (  0.6195E-03, -0.7408E-04) 
 backward scattering amplitude matrix (BH83,Eq3.12) 
(  0.1736E-01, -0.1630E-01) ( -0.1744E-01,  0.1635E-01) ( -0.2604E-03, -0.6064E-04) (  0.2598E-03,  0.5856E-04) 

