****************************************************
****************************************************
 mstm calculation results
 date, time:
20250218 185736.431 
 input file:
mstm-v4.0-agg0-batch.inp
****************************************************
 input variables for run     1
 sphere data input file:
./aggregate_ptsa_files/agg_num=0_k=0.950_Df=2.35_meanRp=0.020um_rstdRp=0.10_Np=00020_Rve=0.052um_Rg=0.070um_epsagg=0.807.ptsa
 number spheres
   20
 length, ref index scale factors
  1.3221101E+01  1.8600000E+00  2.1000000E-01
 volume cluster radius, area mean sphere radius, circumscribing radius, cross section radius
  6.9323498E-01  2.5461766E-01  1.6718180E+00  6.9323498E-01
 incident plane wave
 incident alpha, beta(deg)
  0.0000E+00  0.0000E+00
 t matrix order:
     7
 layer 0 refractive index
  1.0000E+00  0.0000E+00
 number of plane boundaries 
  0
 max_iterations,solution_epsilon, mie_epsilon
     10000  1.0000E-06  1.0000E-06
 maximum Mie order, number of equations:
   3       600
 mean sphere Mie extinction, absorption efficiencies
  8.8138E-02  8.5480E-02
****************************************************
 calculation results for run 
           1
 number iterations, error, solution time 
     4  4.8865E-08  1.5524E-02
 total extinction, absorption, scattering efficiencies (unpol, par, perp incidence)
  3.6312E-01  2.7711E-01  8.6016E-02  3.5803E-01  2.7317E-01  8.4857E-02  3.6821E-01  2.8104E-01  8.7175E-02
 scattering matrix in incident plane: 0 deg= z axis
 forward scattering amplitude matrix (BH83,Eq3.12) 
(  0.3908E-01, -0.1677E+00) (  0.3793E-01, -0.1654E+00) (  0.2212E-02, -0.3381E-02) (  0.1878E-02, -0.3653E-02) 
 backward scattering amplitude matrix (BH83,Eq3.12) 
(  0.2492E-01, -0.5792E-01) ( -0.2461E-01,  0.5826E-01) ( -0.1714E-02,  0.1070E-02) (  0.1711E-02, -0.1068E-02) 

