****************************************************
****************************************************
 mstm calculation results
 date, time:
20250218 185719.085 
 input file:
mstm-v4.0-agg0-batch.inp
****************************************************
 input variables for run     1
 sphere data input file:
./aggregate_ptsa_files/agg_num=0_k=0.950_Df=2.35_meanRp=0.020um_rstdRp=0.10_Np=00020_Rve=0.052um_Rg=0.070um_epsagg=0.807.ptsa
 number spheres
   20
 length, ref index scale factors
  1.3221101E+01  1.5800000E+00  6.3000000E-01
 volume cluster radius, area mean sphere radius, circumscribing radius, cross section radius
  6.9323498E-01  2.5461766E-01  1.6718180E+00  6.9323498E-01
 incident plane wave
 incident alpha, beta(deg)
  0.0000E+00  0.0000E+00
 t matrix order:
     7
 layer 0 refractive index
  1.0000E+00  0.0000E+00
 number of plane boundaries 
  0
 max_iterations,solution_epsilon, mie_epsilon
     10000  1.0000E-06  1.0000E-06
 maximum Mie order, number of equations:
   3       600
 mean sphere Mie extinction, absorption efficiencies
  3.1165E-01  3.0861E-01
****************************************************
 calculation results for run 
           1
 number iterations, error, solution time 
     4  8.7138E-08  1.5446E-02
 total extinction, absorption, scattering efficiencies (unpol, par, perp incidence)
  9.7913E-01  8.9382E-01  8.5307E-02  9.6769E-01  8.8340E-01  8.4291E-02  9.9057E-01  9.0425E-01  8.6322E-02
 scattering matrix in incident plane: 0 deg= z axis
 forward scattering amplitude matrix (BH83,Eq3.12) 
(  0.1151E+00, -0.1294E+00) (  0.1123E+00, -0.1289E+00) (  0.3921E-02, -0.4639E-05) (  0.4228E-02, -0.3609E-03) 
 backward scattering amplitude matrix (BH83,Eq3.12) 
(  0.4719E-01, -0.3689E-01) ( -0.4760E-01,  0.3766E-01) ( -0.1529E-02, -0.8766E-03) (  0.1532E-02,  0.8721E-03) 

