****************************************************
****************************************************
 mstm calculation results
 date, time:
20250218 185731.765 
 input file:
mstm-v4.0-agg0-batch.inp
****************************************************
 input variables for run     1
 sphere data input file:
./aggregate_ptsa_files/agg_num=0_k=0.950_Df=2.35_meanRp=0.020um_rstdRp=0.10_Np=00020_Rve=0.052um_Rg=0.070um_epsagg=0.807.ptsa
 number spheres
   20
 length, ref index scale factors
  1.3221101E+01  1.7200000E+00  1.1900000E+00
 volume cluster radius, area mean sphere radius, circumscribing radius, cross section radius
  6.9323498E-01  2.5461766E-01  1.6718180E+00  6.9323498E-01
 incident plane wave
 incident alpha, beta(deg)
  0.0000E+00  0.0000E+00
 t matrix order:
     7
 layer 0 refractive index
  1.0000E+00  0.0000E+00
 number of plane boundaries 
  0
 max_iterations,solution_epsilon, mie_epsilon
     10000  1.0000E-06  1.0000E-06
 maximum Mie order, number of equations:
   3       600
 mean sphere Mie extinction, absorption efficiencies
  4.6885E-01  4.6160E-01
****************************************************
 calculation results for run 
           1
 number iterations, error, solution time 
     5  5.3572E-07  2.0274E-02
 total extinction, absorption, scattering efficiencies (unpol, par, perp incidence)
  1.6398E+00  1.4371E+00  2.0264E-01  1.6125E+00  1.4129E+00  1.9958E-01  1.6671E+00  1.4614E+00  2.0570E-01
 scattering matrix in incident plane: 0 deg= z axis
 forward scattering amplitude matrix (BH83,Eq3.12) 
(  0.1947E+00, -0.1855E+00) (  0.1881E+00, -0.1850E+00) (  0.8844E-02,  0.2020E-02) (  0.1048E-01,  0.8569E-03) 
 backward scattering amplitude matrix (BH83,Eq3.12) 
(  0.7895E-01, -0.4389E-01) ( -0.7993E-01,  0.4707E-01) ( -0.2671E-02, -0.3782E-02) (  0.2658E-02,  0.3768E-02) 

