****************************************************
****************************************************
 mstm calculation results
 date, time:
20250218 185734.045 
 input file:
mstm-v4.0-agg0-batch.inp
****************************************************
 input variables for run     1
 sphere data input file:
./aggregate_ptsa_files/agg_num=0_k=0.950_Df=2.35_meanRp=0.020um_rstdRp=0.10_Np=00020_Rve=0.052um_Rg=0.070um_epsagg=0.807.ptsa
 number spheres
   20
 length, ref index scale factors
  1.3221101E+01  1.7900000E+00  3.5000000E-01
 volume cluster radius, area mean sphere radius, circumscribing radius, cross section radius
  6.9323498E-01  2.5461766E-01  1.6718180E+00  6.9323498E-01
 incident plane wave
 incident alpha, beta(deg)
  0.0000E+00  0.0000E+00
 t matrix order:
     7
 layer 0 refractive index
  1.0000E+00  0.0000E+00
 number of plane boundaries 
  0
 max_iterations,solution_epsilon, mie_epsilon
     10000  1.0000E-06  1.0000E-06
 maximum Mie order, number of equations:
   3       600
 mean sphere Mie extinction, absorption efficiencies
  1.5178E-01  1.4912E-01
****************************************************
 calculation results for run 
           1
 number iterations, error, solution time 
     4  4.7645E-08  1.7333E-02
 total extinction, absorption, scattering efficiencies (unpol, par, perp incidence)
  5.5130E-01  4.6867E-01  8.2630E-02  5.4389E-01  4.6234E-01  8.1555E-02  5.5870E-01  4.7500E-01  8.3706E-02
 scattering matrix in incident plane: 0 deg= z axis
 forward scattering amplitude matrix (BH83,Eq3.12) 
(  0.6230E-01, -0.1574E+00) (  0.6058E-01, -0.1555E+00) (  0.2963E-02, -0.2476E-02) (  0.2793E-02, -0.2858E-02) 
 backward scattering amplitude matrix (BH83,Eq3.12) 
(  0.3222E-01, -0.5180E-01) ( -0.3202E-01,  0.5232E-01) ( -0.1827E-02,  0.4477E-03) (  0.1823E-02, -0.4485E-03) 

