****************************************************
****************************************************
 mstm calculation results
 date, time:
20250218 185654.179 
 input file:
mstm-v4.0-agg0-batch.inp
****************************************************
 input variables for run     1
 sphere data input file:
./aggregate_ptsa_files/agg_num=0_k=0.950_Df=2.35_meanRp=0.020um_rstdRp=0.10_Np=00020_Rve=0.052um_Rg=0.070um_epsagg=0.807.ptsa
 number spheres
   20
 length, ref index scale factors
  1.3221101E+01  1.2300000E+00  4.2000000E-01
 volume cluster radius, area mean sphere radius, circumscribing radius, cross section radius
  6.9323498E-01  2.5461766E-01  1.6718180E+00  6.9323498E-01
 incident plane wave
 incident alpha, beta(deg)
  0.0000E+00  0.0000E+00
 t matrix order:
     7
 layer 0 refractive index
  1.0000E+00  0.0000E+00
 number of plane boundaries 
  0
 max_iterations,solution_epsilon, mie_epsilon
     10000  1.0000E-06  1.0000E-06
 maximum Mie order, number of equations:
   3       600
 mean sphere Mie extinction, absorption efficiencies
  2.6608E-01  2.6493E-01
****************************************************
 calculation results for run 
           1
 number iterations, error, solution time 
     3  5.8133E-08  1.2525E-02
 total extinction, absorption, scattering efficiencies (unpol, par, perp incidence)
  7.3388E-01  7.0337E-01  3.0510E-02  7.3005E-01  6.9975E-01  3.0292E-02  7.3772E-01  7.0699E-01  3.0728E-02
 scattering matrix in incident plane: 0 deg= z axis
 forward scattering amplitude matrix (BH83,Eq3.12) 
(  0.8697E-01, -0.5524E-01) (  0.8603E-01, -0.5564E-01) (  0.1224E-02,  0.6882E-03) (  0.1313E-02,  0.6917E-03) 
 backward scattering amplitude matrix (BH83,Eq3.12) 
(  0.3218E-01, -0.1521E-01) ( -0.3249E-01,  0.1522E-01) ( -0.3596E-03, -0.4463E-03) (  0.3594E-03,  0.4470E-03) 

