****************************************************
****************************************************
 mstm calculation results
 date, time:
20250218 185743.531 
 input file:
mstm-v4.0-agg0-batch.inp
****************************************************
 input variables for run     1
 sphere data input file:
./aggregate_ptsa_files/agg_num=0_k=0.950_Df=2.35_meanRp=0.020um_rstdRp=0.10_Np=00020_Rve=0.052um_Rg=0.070um_epsagg=0.807.ptsa
 number spheres
   20
 length, ref index scale factors
  1.3221101E+01  1.9300000E+00  7.0000000E-01
 volume cluster radius, area mean sphere radius, circumscribing radius, cross section radius
  6.9323498E-01  2.5461766E-01  1.6718180E+00  6.9323498E-01
 incident plane wave
 incident alpha, beta(deg)
  0.0000E+00  0.0000E+00
 t matrix order:
     7
 layer 0 refractive index
  1.0000E+00  0.0000E+00
 number of plane boundaries 
  0
 max_iterations,solution_epsilon, mie_epsilon
     10000  1.0000E-06  1.0000E-06
 maximum Mie order, number of equations:
   3       600
 mean sphere Mie extinction, absorption efficiencies
  2.6169E-01  2.5729E-01
****************************************************
 calculation results for run 
           1
 number iterations, error, solution time 
     4  6.1317E-07  1.5526E-02
 total extinction, absorption, scattering efficiencies (unpol, par, perp incidence)
  9.7171E-01  8.3502E-01  1.3669E-01  9.5646E-01  8.2173E-01  1.3473E-01  9.8695E-01  8.4831E-01  1.3864E-01
 scattering matrix in incident plane: 0 deg= z axis
 forward scattering amplitude matrix (BH83,Eq3.12) 
(  0.1128E+00, -0.1876E+00) (  0.1092E+00, -0.1854E+00) (  0.5989E-02, -0.2138E-02) (  0.6051E-02, -0.3125E-02) 
 backward scattering amplitude matrix (BH83,Eq3.12) 
(  0.5325E-01, -0.5638E-01) ( -0.5289E-01,  0.5770E-01) ( -0.3110E-02, -0.6302E-03) (  0.3100E-02,  0.6135E-03) 

