****************************************************
****************************************************
 mstm calculation results
 date, time:
20250218 185715.272 
 input file:
mstm-v4.0-agg0-batch.inp
****************************************************
 input variables for run     1
 sphere data input file:
./aggregate_ptsa_files/agg_num=0_k=0.950_Df=2.35_meanRp=0.020um_rstdRp=0.10_Np=00020_Rve=0.052um_Rg=0.070um_epsagg=0.807.ptsa
 number spheres
   20
 length, ref index scale factors
  1.3221101E+01  1.5100000E+00  1.0500000E+00
 volume cluster radius, area mean sphere radius, circumscribing radius, cross section radius
  6.9323498E-01  2.5461766E-01  1.6718180E+00  6.9323498E-01
 incident plane wave
 incident alpha, beta(deg)
  0.0000E+00  0.0000E+00
 t matrix order:
     7
 layer 0 refractive index
  1.0000E+00  0.0000E+00
 number of plane boundaries 
  0
 max_iterations,solution_epsilon, mie_epsilon
     10000  1.0000E-06  1.0000E-06
 maximum Mie order, number of equations:
   3       600
 mean sphere Mie extinction, absorption efficiencies
  5.1616E-01  5.1000E-01
****************************************************
 calculation results for run 
           1
 number iterations, error, solution time 
     5  1.6056E-07  1.8358E-02
 total extinction, absorption, scattering efficiencies (unpol, par, perp incidence)
  1.5999E+00  1.4412E+00  1.5873E-01  1.5784E+00  1.4219E+00  1.5655E-01  1.6214E+00  1.4605E+00  1.6092E-01
 scattering matrix in incident plane: 0 deg= z axis
 forward scattering amplitude matrix (BH83,Eq3.12) 
(  0.1905E+00, -0.1428E+00) (  0.1853E+00, -0.1437E+00) (  0.6406E-02,  0.2892E-02) (  0.7709E-02,  0.2630E-02) 
 backward scattering amplitude matrix (BH83,Eq3.12) 
(  0.7153E-01, -0.3223E-01) ( -0.7329E-01,  0.3406E-01) ( -0.1269E-02, -0.2879E-02) (  0.1263E-02,  0.2882E-02) 

