****************************************************
****************************************************
 mstm calculation results
 date, time:
20250218 185721.879 
 input file:
mstm-v4.0-agg0-batch.inp
****************************************************
 input variables for run     1
 sphere data input file:
./aggregate_ptsa_files/agg_num=0_k=0.950_Df=2.35_meanRp=0.020um_rstdRp=0.10_Np=00020_Rve=0.052um_Rg=0.070um_epsagg=0.807.ptsa
 number spheres
   20
 length, ref index scale factors
  1.3221101E+01  1.5800000E+00  1.4000000E+00
 volume cluster radius, area mean sphere radius, circumscribing radius, cross section radius
  6.9323498E-01  2.5461766E-01  1.6718180E+00  6.9323498E-01
 incident plane wave
 incident alpha, beta(deg)
  0.0000E+00  0.0000E+00
 t matrix order:
     7
 layer 0 refractive index
  1.0000E+00  0.0000E+00
 number of plane boundaries 
  0
 max_iterations,solution_epsilon, mie_epsilon
     10000  1.0000E-06  1.0000E-06
 maximum Mie order, number of equations:
   3       600
 mean sphere Mie extinction, absorption efficiencies
  5.7289E-01  5.6336E-01
****************************************************
 calculation results for run 
           1
 number iterations, error, solution time 
     6  4.4173E-07  2.3571E-02
 total extinction, absorption, scattering efficiencies (unpol, par, perp incidence)
  1.9751E+00  1.7249E+00  2.5020E-01  1.9417E+00  1.6951E+00  2.4665E-01  2.0085E+00  1.7547E+00  2.5375E-01
 scattering matrix in incident plane: 0 deg= z axis
 forward scattering amplitude matrix (BH83,Eq3.12) 
(  0.2357E+00, -0.1856E+00) (  0.2277E+00, -0.1863E+00) (  0.9903E-02,  0.4496E-02) (  0.1272E-01,  0.3700E-02) 
 backward scattering amplitude matrix (BH83,Eq3.12) 
(  0.9049E-01, -0.3688E-01) ( -0.9296E-01,  0.4137E-01) ( -0.1572E-02, -0.5507E-02) (  0.1580E-02,  0.5544E-02) 

