****************************************************
****************************************************
 mstm calculation results
 date, time:
20250218 185729.231 
 input file:
mstm-v4.0-agg0-batch.inp
****************************************************
 input variables for run     1
 sphere data input file:
./aggregate_ptsa_files/agg_num=0_k=0.950_Df=2.35_meanRp=0.020um_rstdRp=0.10_Np=00020_Rve=0.052um_Rg=0.070um_epsagg=0.807.ptsa
 number spheres
   20
 length, ref index scale factors
  1.3221101E+01  1.7200000E+00  4.9000000E-01
 volume cluster radius, area mean sphere radius, circumscribing radius, cross section radius
  6.9323498E-01  2.5461766E-01  1.6718180E+00  6.9323498E-01
 incident plane wave
 incident alpha, beta(deg)
  0.0000E+00  0.0000E+00
 t matrix order:
     7
 layer 0 refractive index
  1.0000E+00  0.0000E+00
 number of plane boundaries 
  0
 max_iterations,solution_epsilon, mie_epsilon
     10000  1.0000E-06  1.0000E-06
 maximum Mie order, number of equations:
   3       600
 mean sphere Mie extinction, absorption efficiencies
  2.2083E-01  2.1800E-01
****************************************************
 calculation results for run 
           1
 number iterations, error, solution time 
     4  6.4714E-08  1.5525E-02
 total extinction, absorption, scattering efficiencies (unpol, par, perp incidence)
  7.4983E-01  6.6502E-01  8.4816E-02  7.4015E-01  6.5640E-01  8.3744E-02  7.5952E-01  6.7363E-01  8.5887E-02
 scattering matrix in incident plane: 0 deg= z axis
 forward scattering amplitude matrix (BH83,Eq3.12) 
(  0.8671E-01, -0.1486E+00) (  0.8442E-01, -0.1472E+00) (  0.3638E-02, -0.1510E-02) (  0.3667E-02, -0.1958E-02) 
 backward scattering amplitude matrix (BH83,Eq3.12) 
(  0.3978E-01, -0.4619E-01) ( -0.3977E-01,  0.4689E-01) ( -0.1858E-02, -0.1719E-03) (  0.1856E-02,  0.1676E-03) 

