****************************************************
****************************************************
 mstm calculation results
 date, time:
20250218 185802.509 
 input file:
mstm-v4.0-agg0-batch.inp
****************************************************
 input variables for run     1
 sphere data input file:
./aggregate_ptsa_files/agg_num=0_k=0.950_Df=2.35_meanRp=0.020um_rstdRp=0.10_Np=00020_Rve=0.052um_Rg=0.070um_epsagg=0.807.ptsa
 number spheres
   20
 length, ref index scale factors
  1.3221101E+01  2.2100000E+00  0.0000000E+00
 volume cluster radius, area mean sphere radius, circumscribing radius, cross section radius
  6.9323498E-01  2.5461766E-01  1.6718180E+00  6.9323498E-01
 incident plane wave
 incident alpha, beta(deg)
  0.0000E+00  0.0000E+00
 t matrix order:
     6
 layer 0 refractive index
  1.0000E+00  0.0000E+00
 number of plane boundaries 
  0
 max_iterations,solution_epsilon, mie_epsilon
     10000  1.0000E-06  1.0000E-06
 maximum Mie order, number of equations:
   2       320
 mean sphere Mie extinction, absorption efficiencies
  3.9866E-03  1.1030E-19
****************************************************
 calculation results for run 
           1
 number iterations, error, solution time 
     4  1.4988E-07  4.8232E-03
 total extinction, absorption, scattering efficiencies (unpol, par, perp incidence)
  1.4028E-01 -6.0640E-16  1.4028E-01  1.3830E-01 -4.2522E-16  1.3830E-01  1.4226E-01 -7.8759E-16  1.4226E-01
 scattering matrix in incident plane: 0 deg= z axis
 forward scattering amplitude matrix (BH83,Eq3.12) 
(  0.1034E-01, -0.2192E+00) (  0.9978E-02, -0.2153E+00) (  0.1460E-02, -0.6058E-02) (  0.5913E-03, -0.6141E-02) 
 backward scattering amplitude matrix (BH83,Eq3.12) 
(  0.1937E-01, -0.7973E-01) ( -0.1912E-01,  0.8000E-01) ( -0.1999E-02,  0.2515E-02) (  0.2000E-02, -0.2511E-02) 

