****************************************************
****************************************************
 mstm calculation results
 date, time:
20250218 185648.259 
 input file:
mstm-v4.0-agg0-batch.inp
****************************************************
 input variables for run     1
 sphere data input file:
./aggregate_ptsa_files/agg_num=0_k=0.950_Df=2.35_meanRp=0.020um_rstdRp=0.10_Np=00020_Rve=0.052um_Rg=0.070um_epsagg=0.807.ptsa
 number spheres
   20
 length, ref index scale factors
  1.3221101E+01  1.1600000E+00  2.8000000E-01
 volume cluster radius, area mean sphere radius, circumscribing radius, cross section radius
  6.9323498E-01  2.5461766E-01  1.6718180E+00  6.9323498E-01
 incident plane wave
 incident alpha, beta(deg)
  0.0000E+00  0.0000E+00
 t matrix order:
     7
 layer 0 refractive index
  1.0000E+00  0.0000E+00
 number of plane boundaries 
  0
 max_iterations,solution_epsilon, mie_epsilon
     10000  1.0000E-06  1.0000E-06
 maximum Mie order, number of equations:
   3       600
 mean sphere Mie extinction, absorption efficiencies
  1.8270E-01  1.8217E-01
****************************************************
 calculation results for run 
           1
 number iterations, error, solution time 
     2  1.9865E-07  9.4974E-03
 total extinction, absorption, scattering efficiencies (unpol, par, perp incidence)
  4.9941E-01  4.8525E-01  1.4164E-02  4.9764E-01  4.8363E-01  1.4010E-02  5.0118E-01  4.8686E-01  1.4318E-02
 scattering matrix in incident plane: 0 deg= z axis
 forward scattering amplitude matrix (BH83,Eq3.12) 
(  0.5908E-01, -0.3753E-01) (  0.5865E-01, -0.3775E-01) (  0.5756E-03,  0.3226E-03) (  0.6018E-03,  0.3181E-03) 
 backward scattering amplitude matrix (BH83,Eq3.12) 
(  0.2202E-01, -0.1084E-01) ( -0.2214E-01,  0.1082E-01) ( -0.1878E-03, -0.2042E-03) (  0.1899E-03,  0.2026E-03) 

