****************************************************
****************************************************
 mstm calculation results
 date, time:
20250218 185733.539 
 input file:
mstm-v4.0-agg0-batch.inp
****************************************************
 input variables for run     1
 sphere data input file:
./aggregate_ptsa_files/agg_num=0_k=0.950_Df=2.35_meanRp=0.020um_rstdRp=0.10_Np=00020_Rve=0.052um_Rg=0.070um_epsagg=0.807.ptsa
 number spheres
   20
 length, ref index scale factors
  1.3221101E+01  1.7900000E+00  2.1000000E-01
 volume cluster radius, area mean sphere radius, circumscribing radius, cross section radius
  6.9323498E-01  2.5461766E-01  1.6718180E+00  6.9323498E-01
 incident plane wave
 incident alpha, beta(deg)
  0.0000E+00  0.0000E+00
 t matrix order:
     7
 layer 0 refractive index
  1.0000E+00  0.0000E+00
 number of plane boundaries 
  0
 max_iterations,solution_epsilon, mie_epsilon
     10000  1.0000E-06  1.0000E-06
 maximum Mie order, number of equations:
   3       600
 mean sphere Mie extinction, absorption efficiencies
  9.2497E-02  9.0129E-02
****************************************************
 calculation results for run 
           1
 number iterations, error, solution time 
     4  2.7015E-08  1.5895E-02
 total extinction, absorption, scattering efficiencies (unpol, par, perp incidence)
  3.6160E-01  2.8633E-01  7.5278E-02  3.5681E-01  2.8250E-01  7.4311E-02  3.6640E-01  2.9015E-01  7.6245E-02
 scattering matrix in incident plane: 0 deg= z axis
 forward scattering amplitude matrix (BH83,Eq3.12) 
(  0.3922E-01, -0.1563E+00) (  0.3813E-01, -0.1542E+00) (  0.2019E-02, -0.2896E-02) (  0.1762E-02, -0.3134E-02) 
 backward scattering amplitude matrix (BH83,Eq3.12) 
(  0.2383E-01, -0.5373E-01) ( -0.2360E-01,  0.5407E-01) ( -0.1499E-02,  0.8895E-03) (  0.1496E-02, -0.8879E-03) 

