****************************************************
****************************************************
 mstm calculation results
 date, time:
20250218 185742.009 
 input file:
mstm-v4.0-agg0-batch.inp
****************************************************
 input variables for run     1
 sphere data input file:
./aggregate_ptsa_files/agg_num=0_k=0.950_Df=2.35_meanRp=0.020um_rstdRp=0.10_Np=00020_Rve=0.052um_Rg=0.070um_epsagg=0.807.ptsa
 number spheres
   20
 length, ref index scale factors
  1.3221101E+01  1.9300000E+00  2.8000000E-01
 volume cluster radius, area mean sphere radius, circumscribing radius, cross section radius
  6.9323498E-01  2.5461766E-01  1.6718180E+00  6.9323498E-01
 incident plane wave
 incident alpha, beta(deg)
  0.0000E+00  0.0000E+00
 t matrix order:
     7
 layer 0 refractive index
  1.0000E+00  0.0000E+00
 number of plane boundaries 
  0
 max_iterations,solution_epsilon, mie_epsilon
     10000  1.0000E-06  1.0000E-06
 maximum Mie order, number of equations:
   3       600
 mean sphere Mie extinction, absorption efficiencies
  1.1072E-01  1.0766E-01
****************************************************
 calculation results for run 
           1
 number iterations, error, solution time 
     4  1.0090E-07  1.5714E-02
 total extinction, absorption, scattering efficiencies (unpol, par, perp incidence)
  4.5422E-01  3.5430E-01  9.9914E-02  4.4748E-01  3.4898E-01  9.8501E-02  4.6096E-01  3.5963E-01  1.0133E-01
 scattering matrix in incident plane: 0 deg= z axis
 forward scattering amplitude matrix (BH83,Eq3.12) 
(  0.4988E-01, -0.1790E+00) (  0.4834E-01, -0.1764E+00) (  0.2917E-02, -0.3675E-02) (  0.2535E-02, -0.4072E-02) 
 backward scattering amplitude matrix (BH83,Eq3.12) 
(  0.3006E-01, -0.6089E-01) ( -0.2965E-01,  0.6131E-01) ( -0.2132E-02,  0.1024E-02) (  0.2125E-02, -0.1021E-02) 

