****************************************************
****************************************************
 mstm calculation results
 date, time:
20250218 185647.258 
 input file:
mstm-v4.0-agg0-batch.inp
****************************************************
 input variables for run     1
 sphere data input file:
./aggregate_ptsa_files/agg_num=0_k=0.950_Df=2.35_meanRp=0.020um_rstdRp=0.10_Np=00020_Rve=0.052um_Rg=0.070um_epsagg=0.807.ptsa
 number spheres
   20
 length, ref index scale factors
  1.3221101E+01  1.1600000E+00  0.0000000E+00
 volume cluster radius, area mean sphere radius, circumscribing radius, cross section radius
  6.9323498E-01  2.5461766E-01  1.6718180E+00  6.9323498E-01
 incident plane wave
 incident alpha, beta(deg)
  0.0000E+00  0.0000E+00
 t matrix order:
     6
 layer 0 refractive index
  1.0000E+00  0.0000E+00
 number of plane boundaries 
  0
 max_iterations,solution_epsilon, mie_epsilon
     10000  1.0000E-06  1.0000E-06
 maximum Mie order, number of equations:
   2       320
 mean sphere Mie extinction, absorption efficiencies
  1.2691E-04 -1.0061E-20
****************************************************
 calculation results for run 
           1
 number iterations, error, solution time 
     2  2.0041E-09  3.6002E-03
 total extinction, absorption, scattering efficiencies (unpol, par, perp incidence)
  3.6233E-03 -1.2356E-17  3.6233E-03  3.6066E-03  3.2571E-18  3.6066E-03  3.6400E-03 -2.7970E-17  3.6400E-03
 scattering matrix in incident plane: 0 deg= z axis
 forward scattering amplitude matrix (BH83,Eq3.12) 
( -0.6459E-03, -0.3511E-01) ( -0.6463E-03, -0.3499E-01) (  0.6200E-05, -0.1686E-03) (  0.3249E-05, -0.1686E-03) 
 backward scattering amplitude matrix (BH83,Eq3.12) 
(  0.1015E-02, -0.1268E-01) ( -0.1014E-02,  0.1271E-01) ( -0.2125E-04,  0.7298E-04) (  0.2128E-04, -0.7285E-04) 

