****************************************************
****************************************************
 mstm calculation results
 date, time:
20250218 185647.520 
 input file:
mstm-v4.0-agg0-batch.inp
****************************************************
 input variables for run     1
 sphere data input file:
./aggregate_ptsa_files/agg_num=0_k=0.950_Df=2.35_meanRp=0.020um_rstdRp=0.10_Np=00020_Rve=0.052um_Rg=0.070um_epsagg=0.807.ptsa
 number spheres
   20
 length, ref index scale factors
  1.3221101E+01  1.1600000E+00  7.0000000E-02
 volume cluster radius, area mean sphere radius, circumscribing radius, cross section radius
  6.9323498E-01  2.5461766E-01  1.6718180E+00  6.9323498E-01
 incident plane wave
 incident alpha, beta(deg)
  0.0000E+00  0.0000E+00
 t matrix order:
     7
 layer 0 refractive index
  1.0000E+00  0.0000E+00
 number of plane boundaries 
  0
 max_iterations,solution_epsilon, mie_epsilon
     10000  1.0000E-06  1.0000E-06
 maximum Mie order, number of equations:
   3       600
 mean sphere Mie extinction, absorption efficiencies
  4.5415E-02  4.5264E-02
****************************************************
 calculation results for run 
           1
 number iterations, error, solution time 
     2  4.6894E-09  1.0691E-02
 total extinction, absorption, scattering efficiencies (unpol, par, perp incidence)
  1.2854E-01  1.2427E-01  4.2647E-03  1.2809E-01  1.2385E-01  4.2409E-03  1.2898E-01  1.2469E-01  4.2886E-03
 scattering matrix in incident plane: 0 deg= z axis
 forward scattering amplitude matrix (BH83,Eq3.12) 
(  0.1441E-01, -0.3534E-01) (  0.1431E-01, -0.3524E-01) (  0.1493E-03, -0.1325E-03) (  0.1478E-03, -0.1361E-03) 
 backward scattering amplitude matrix (BH83,Eq3.12) 
(  0.6432E-02, -0.1212E-01) ( -0.6450E-02,  0.1214E-01) ( -0.8027E-04,  0.3953E-04) (  0.8005E-04, -0.3955E-04) 

