****************************************************
****************************************************
 mstm calculation results
 date, time:
20250218 185643.115 
 input file:
mstm-v4.0-agg0-batch.inp
****************************************************
 input variables for run     1
 sphere data input file:
./aggregate_ptsa_files/agg_num=0_k=0.950_Df=2.35_meanRp=0.020um_rstdRp=0.10_Np=00020_Rve=0.052um_Rg=0.070um_epsagg=0.807.ptsa
 number spheres
   20
 length, ref index scale factors
  1.3221101E+01  1.0900000E+00  3.5000000E-01
 volume cluster radius, area mean sphere radius, circumscribing radius, cross section radius
  6.9323498E-01  2.5461766E-01  1.6718180E+00  6.9323498E-01
 incident plane wave
 incident alpha, beta(deg)
  0.0000E+00  0.0000E+00
 t matrix order:
     7
 layer 0 refractive index
  1.0000E+00  0.0000E+00
 number of plane boundaries 
  0
 max_iterations,solution_epsilon, mie_epsilon
     10000  1.0000E-06  1.0000E-06
 maximum Mie order, number of equations:
   3       600
 mean sphere Mie extinction, absorption efficiencies
  2.3718E-01  2.3648E-01
****************************************************
 calculation results for run 
           1
 number iterations, error, solution time 
     2  4.4751E-07  8.9869E-03
 total extinction, absorption, scattering efficiencies (unpol, par, perp incidence)
  6.3212E-01  6.1415E-01  1.7972E-02  6.3079E-01  6.1303E-01  1.7758E-02  6.3345E-01  6.1527E-01  1.8186E-02
 scattering matrix in incident plane: 0 deg= z axis
 forward scattering amplitude matrix (BH83,Eq3.12) 
(  0.7541E-01, -0.2381E-01) (  0.7507E-01, -0.2432E-01) (  0.4329E-03,  0.7127E-03) (  0.4658E-03,  0.7369E-03) 
 backward scattering amplitude matrix (BH83,Eq3.12) 
(  0.2682E-01, -0.5537E-02) ( -0.2697E-01,  0.5425E-02) ( -0.7646E-04, -0.3261E-03) (  0.8059E-04,  0.3279E-03) 

