****************************************************
****************************************************
 mstm calculation results
 date, time:
20250218 185701.490 
 input file:
mstm-v4.0-agg0-batch.inp
****************************************************
 input variables for run     1
 sphere data input file:
./aggregate_ptsa_files/agg_num=0_k=0.950_Df=2.35_meanRp=0.020um_rstdRp=0.10_Np=00020_Rve=0.052um_Rg=0.070um_epsagg=0.807.ptsa
 number spheres
   20
 length, ref index scale factors
  1.3221101E+01  1.3000000E+00  9.8000000E-01
 volume cluster radius, area mean sphere radius, circumscribing radius, cross section radius
  6.9323498E-01  2.5461766E-01  1.6718180E+00  6.9323498E-01
 incident plane wave
 incident alpha, beta(deg)
  0.0000E+00  0.0000E+00
 t matrix order:
     7
 layer 0 refractive index
  1.0000E+00  0.0000E+00
 number of plane boundaries 
  0
 max_iterations,solution_epsilon, mie_epsilon
     10000  1.0000E-06  1.0000E-06
 maximum Mie order, number of equations:
   3       600
 mean sphere Mie extinction, absorption efficiencies
  5.8729E-01  5.8158E-01
****************************************************
 calculation results for run 
           1
 number iterations, error, solution time 
     5  8.3399E-08  1.8754E-02
 total extinction, absorption, scattering efficiencies (unpol, par, perp incidence)
  1.6378E+00  1.5027E+00  1.3515E-01  1.6213E+00  1.4878E+00  1.3354E-01  1.6543E+00  1.5176E+00  1.3676E-01
 scattering matrix in incident plane: 0 deg= z axis
 forward scattering amplitude matrix (BH83,Eq3.12) 
(  0.1958E+00, -0.1001E+00) (  0.1917E+00, -0.1024E+00) (  0.4424E-02,  0.3949E-02) (  0.5369E-02,  0.4318E-02) 
 backward scattering amplitude matrix (BH83,Eq3.12) 
(  0.6802E-01, -0.1998E-01) ( -0.7021E-01,  0.2053E-01) ( -0.2692E-03, -0.2259E-02) (  0.2668E-03,  0.2255E-02) 

