****************************************************
****************************************************
 mstm calculation results
 date, time:
20250218 185700.213 
 input file:
mstm-v4.0-agg0-batch.inp
****************************************************
 input variables for run     1
 sphere data input file:
./aggregate_ptsa_files/agg_num=0_k=0.950_Df=2.35_meanRp=0.020um_rstdRp=0.10_Np=00020_Rve=0.052um_Rg=0.070um_epsagg=0.807.ptsa
 number spheres
   20
 length, ref index scale factors
  1.3221101E+01  1.3000000E+00  6.3000000E-01
 volume cluster radius, area mean sphere radius, circumscribing radius, cross section radius
  6.9323498E-01  2.5461766E-01  1.6718180E+00  6.9323498E-01
 incident plane wave
 incident alpha, beta(deg)
  0.0000E+00  0.0000E+00
 t matrix order:
     7
 layer 0 refractive index
  1.0000E+00  0.0000E+00
 number of plane boundaries 
  0
 max_iterations,solution_epsilon, mie_epsilon
     10000  1.0000E-06  1.0000E-06
 maximum Mie order, number of equations:
   3       600
 mean sphere Mie extinction, absorption efficiencies
  3.8403E-01  3.8158E-01
****************************************************
 calculation results for run 
           1
 number iterations, error, solution time 
     4  2.8590E-08  1.5438E-02
 total extinction, absorption, scattering efficiencies (unpol, par, perp incidence)
  1.0708E+00  1.0079E+00  6.2912E-02  1.0628E+00  1.0005E+00  6.2282E-02  1.0789E+00  1.0153E+00  6.3541E-02
 scattering matrix in incident plane: 0 deg= z axis
 forward scattering amplitude matrix (BH83,Eq3.12) 
(  0.1273E+00, -0.7715E-01) (  0.1253E+00, -0.7803E-01) (  0.2415E-02,  0.1536E-02) (  0.2700E-02,  0.1572E-02) 
 backward scattering amplitude matrix (BH83,Eq3.12) 
(  0.4637E-01, -0.1942E-01) ( -0.4710E-01,  0.1956E-01) ( -0.5606E-03, -0.9924E-03) (  0.5623E-03,  0.9942E-03) 

