****************************************************
****************************************************
 mstm calculation results
 date, time:
20250218 185700.745 
 input file:
mstm-v4.0-agg0-batch.inp
****************************************************
 input variables for run     1
 sphere data input file:
./aggregate_ptsa_files/agg_num=0_k=0.950_Df=2.35_meanRp=0.020um_rstdRp=0.10_Np=00020_Rve=0.052um_Rg=0.070um_epsagg=0.807.ptsa
 number spheres
   20
 length, ref index scale factors
  1.3221101E+01  1.3000000E+00  7.7000000E-01
 volume cluster radius, area mean sphere radius, circumscribing radius, cross section radius
  6.9323498E-01  2.5461766E-01  1.6718180E+00  6.9323498E-01
 incident plane wave
 incident alpha, beta(deg)
  0.0000E+00  0.0000E+00
 t matrix order:
     7
 layer 0 refractive index
  1.0000E+00  0.0000E+00
 number of plane boundaries 
  0
 max_iterations,solution_epsilon, mie_epsilon
     10000  1.0000E-06  1.0000E-06
 maximum Mie order, number of equations:
   3       600
 mean sphere Mie extinction, absorption efficiencies
  4.6873E-01  4.6517E-01
****************************************************
 calculation results for run 
           1
 number iterations, error, solution time 
     4  1.6849E-07  1.5429E-02
 total extinction, absorption, scattering efficiencies (unpol, par, perp incidence)
  1.3016E+00  1.2136E+00  8.7995E-02  1.2906E+00  1.2036E+00  8.7028E-02  1.3125E+00  1.2236E+00  8.8961E-02
 scattering matrix in incident plane: 0 deg= z axis
 forward scattering amplitude matrix (BH83,Eq3.12) 
(  0.1552E+00, -0.8467E-01) (  0.1525E+00, -0.8609E-01) (  0.3120E-02,  0.2440E-02) (  0.3606E-02,  0.2582E-02) 
 backward scattering amplitude matrix (BH83,Eq3.12) 
(  0.5527E-01, -0.1944E-01) ( -0.5645E-01,  0.1965E-01) ( -0.5127E-03, -0.1456E-02) (  0.5164E-03,  0.1462E-02) 

