****************************************************
****************************************************
 mstm calculation results
 date, time:
20250218 185759.804 
 input file:
mstm-v4.0-agg0-batch.inp
****************************************************
 input variables for run     1
 sphere data input file:
./aggregate_ptsa_files/agg_num=0_k=0.950_Df=2.35_meanRp=0.020um_rstdRp=0.10_Np=00020_Rve=0.052um_Rg=0.070um_epsagg=0.807.ptsa
 number spheres
   20
 length, ref index scale factors
  1.3221101E+01  2.1400000E+00  7.7000000E-01
 volume cluster radius, area mean sphere radius, circumscribing radius, cross section radius
  6.9323498E-01  2.5461766E-01  1.6718180E+00  6.9323498E-01
 incident plane wave
 incident alpha, beta(deg)
  0.0000E+00  0.0000E+00
 t matrix order:
     7
 layer 0 refractive index
  1.0000E+00  0.0000E+00
 number of plane boundaries 
  0
 max_iterations,solution_epsilon, mie_epsilon
     10000  1.0000E-06  1.0000E-06
 maximum Mie order, number of equations:
   3       600
 mean sphere Mie extinction, absorption efficiencies
  2.4238E-01  2.3708E-01
****************************************************
 calculation results for run 
           1
 number iterations, error, solution time 
     5  1.0393E-07  1.7657E-02
 total extinction, absorption, scattering efficiencies (unpol, par, perp incidence)
  9.9708E-01  8.2289E-01  1.7418E-01  9.7929E-01  8.0793E-01  1.7136E-01  1.0149E+00  8.3786E-01  1.7700E-01
 scattering matrix in incident plane: 0 deg= z axis
 forward scattering amplitude matrix (BH83,Eq3.12) 
(  0.1152E+00, -0.2187E+00) (  0.1111E+00, -0.2154E+00) (  0.7391E-02, -0.3453E-02) (  0.7235E-02, -0.4875E-02) 
 backward scattering amplitude matrix (BH83,Eq3.12) 
(  0.5832E-01, -0.6675E-01) ( -0.5731E-01,  0.6824E-01) ( -0.4300E-02, -0.4900E-03) (  0.4303E-02,  0.4865E-03) 

