****************************************************
****************************************************
 mstm calculation results
 date, time:
20250218 185747.829 
 input file:
mstm-v4.0-agg0-batch.inp
****************************************************
 input variables for run     1
 sphere data input file:
./aggregate_ptsa_files/agg_num=0_k=0.950_Df=2.35_meanRp=0.020um_rstdRp=0.10_Np=00020_Rve=0.052um_Rg=0.070um_epsagg=0.807.ptsa
 number spheres
   20
 length, ref index scale factors
  1.3221101E+01  2.0000000E+00  4.2000000E-01
 volume cluster radius, area mean sphere radius, circumscribing radius, cross section radius
  6.9323498E-01  2.5461766E-01  1.6718180E+00  6.9323498E-01
 incident plane wave
 incident alpha, beta(deg)
  0.0000E+00  0.0000E+00
 t matrix order:
     7
 layer 0 refractive index
  1.0000E+00  0.0000E+00
 number of plane boundaries 
  0
 max_iterations,solution_epsilon, mie_epsilon
     10000  1.0000E-06  1.0000E-06
 maximum Mie order, number of equations:
   3       600
 mean sphere Mie extinction, absorption efficiencies
  1.5504E-01  1.5139E-01
****************************************************
 calculation results for run 
           1
 number iterations, error, solution time 
     4  2.4783E-07  1.7220E-02
 total extinction, absorption, scattering efficiencies (unpol, par, perp incidence)
  6.2398E-01  5.0474E-01  1.1925E-01  6.1418E-01  4.9669E-01  1.1748E-01  6.3379E-01  5.1278E-01  1.2101E-01
 scattering matrix in incident plane: 0 deg= z axis
 forward scattering amplitude matrix (BH83,Eq3.12) 
(  0.7029E-01, -0.1909E+00) (  0.6802E-01, -0.1881E+00) (  0.4169E-02, -0.3728E-02) (  0.3793E-02, -0.4372E-02) 
 backward scattering amplitude matrix (BH83,Eq3.12) 
(  0.3880E-01, -0.6285E-01) ( -0.3824E-01,  0.6350E-01) ( -0.2750E-02,  0.6940E-03) (  0.2738E-02, -0.6940E-03) 

