****************************************************
****************************************************
 mstm calculation results
 date, time:
20250218 185733.047 
 input file:
mstm-v4.0-agg0-batch.inp
****************************************************
 input variables for run     1
 sphere data input file:
./aggregate_ptsa_files/agg_num=0_k=0.950_Df=2.35_meanRp=0.020um_rstdRp=0.10_Np=00020_Rve=0.052um_Rg=0.070um_epsagg=0.807.ptsa
 number spheres
   20
 length, ref index scale factors
  1.3221101E+01  1.7900000E+00  7.0000000E-02
 volume cluster radius, area mean sphere radius, circumscribing radius, cross section radius
  6.9323498E-01  2.5461766E-01  1.6718180E+00  6.9323498E-01
 incident plane wave
 incident alpha, beta(deg)
  0.0000E+00  0.0000E+00
 t matrix order:
     7
 layer 0 refractive index
  1.0000E+00  0.0000E+00
 number of plane boundaries 
  0
 max_iterations,solution_epsilon, mie_epsilon
     10000  1.0000E-06  1.0000E-06
 maximum Mie order, number of equations:
   3       600
 mean sphere Mie extinction, absorption efficiencies
  3.2396E-02  3.0169E-02
****************************************************
 calculation results for run 
           1
 number iterations, error, solution time 
     3  8.2879E-07  1.4652E-02
 total extinction, absorption, scattering efficiencies (unpol, par, perp incidence)
  1.6956E-01  9.7154E-02  7.2408E-02  1.6720E-01  9.5827E-02  7.1374E-02  1.7192E-01  9.8481E-02  7.3441E-02
 scattering matrix in incident plane: 0 deg= z axis
 forward scattering amplitude matrix (BH83,Eq3.12) 
(  0.1583E-01, -0.1568E+00) (  0.1533E-01, -0.1545E+00) (  0.1054E-02, -0.3237E-02) (  0.7498E-03, -0.3327E-02) 
 backward scattering amplitude matrix (BH83,Eq3.12) 
(  0.1522E-01, -0.5614E-01) ( -0.1501E-01,  0.5632E-01) ( -0.1120E-02,  0.1286E-02) (  0.1120E-02, -0.1284E-02) 

