****************************************************
****************************************************
 mstm calculation results
 date, time:
20250218 185713.024 
 input file:
mstm-v4.0-agg0-batch.inp
****************************************************
 input variables for run     1
 sphere data input file:
./aggregate_ptsa_files/agg_num=0_k=0.950_Df=2.35_meanRp=0.020um_rstdRp=0.10_Np=00020_Rve=0.052um_Rg=0.070um_epsagg=0.807.ptsa
 number spheres
   20
 length, ref index scale factors
  1.3221101E+01  1.5100000E+00  4.2000000E-01
 volume cluster radius, area mean sphere radius, circumscribing radius, cross section radius
  6.9323498E-01  2.5461766E-01  1.6718180E+00  6.9323498E-01
 incident plane wave
 incident alpha, beta(deg)
  0.0000E+00  0.0000E+00
 t matrix order:
     7
 layer 0 refractive index
  1.0000E+00  0.0000E+00
 number of plane boundaries 
  0
 max_iterations,solution_epsilon, mie_epsilon
     10000  1.0000E-06  1.0000E-06
 maximum Mie order, number of equations:
   3       600
 mean sphere Mie extinction, absorption efficiencies
  2.2160E-01  2.1974E-01
****************************************************
 calculation results for run 
           1
 number iterations, error, solution time 
     3  4.1047E-07  1.2365E-02
 total extinction, absorption, scattering efficiencies (unpol, par, perp incidence)
  6.8454E-01  6.3141E-01  5.3131E-02  6.7782E-01  6.2544E-01  5.2382E-02  6.9127E-01  6.3739E-01  5.3880E-02
 scattering matrix in incident plane: 0 deg= z axis
 forward scattering amplitude matrix (BH83,Eq3.12) 
(  0.7969E-01, -0.1100E+00) (  0.7809E-01, -0.1095E+00) (  0.2398E-02, -0.5233E-03) (  0.2478E-02, -0.7238E-03) 
 backward scattering amplitude matrix (BH83,Eq3.12) 
(  0.3375E-01, -0.3383E-01) ( -0.3394E-01,  0.3424E-01) ( -0.1072E-02, -0.2479E-03) (  0.1074E-02,  0.2470E-03) 

