****************************************************
****************************************************
 mstm calculation results
 date, time:
20250218 185641.112 
 input file:
mstm-v4.0-agg0-batch.inp
****************************************************
 input variables for run     1
 sphere data input file:
./aggregate_ptsa_files/agg_num=0_k=0.950_Df=2.35_meanRp=0.020um_rstdRp=0.10_Np=00020_Rve=0.052um_Rg=0.070um_epsagg=0.807.ptsa
 number spheres
   20
 length, ref index scale factors
  1.3221101E+01  1.0200000E+00  1.2600000E+00
 volume cluster radius, area mean sphere radius, circumscribing radius, cross section radius
  6.9323498E-01  2.5461766E-01  1.6718180E+00  6.9323498E-01
 incident plane wave
 incident alpha, beta(deg)
  0.0000E+00  0.0000E+00
 t matrix order:
     7
 layer 0 refractive index
  1.0000E+00  0.0000E+00
 number of plane boundaries 
  0
 max_iterations,solution_epsilon, mie_epsilon
     10000  1.0000E-06  1.0000E-06
 maximum Mie order, number of equations:
   3       600
 mean sphere Mie extinction, absorption efficiencies
  9.4665E-01  9.3414E-01
****************************************************
 calculation results for run 
           1
 number iterations, error, solution time 
     7  7.5644E-08  2.4565E-02
 total extinction, absorption, scattering efficiencies (unpol, par, perp incidence)
  2.3532E+00  2.1177E+00  2.3547E-01  2.3308E+00  2.0979E+00  2.3287E-01  2.3756E+00  2.1375E+00  2.3807E-01
 scattering matrix in incident plane: 0 deg= z axis
 forward scattering amplitude matrix (BH83,Eq3.12) 
(  0.2832E+00, -0.7769E-01) (  0.2776E+00, -0.8423E-01) (  0.4244E-02,  0.8749E-02) (  0.5476E-02,  0.1110E-01) 
 backward scattering amplitude matrix (BH83,Eq3.12) 
(  0.8586E-01, -0.6148E-02) ( -0.9180E-01,  0.4807E-02) (  0.1927E-02, -0.2300E-02) ( -0.1910E-02,  0.2301E-02) 

