****************************************************
****************************************************
 mstm calculation results
 date, time:
20250218 185644.372 
 input file:
mstm-v4.0-agg0-batch.inp
****************************************************
 input variables for run     1
 sphere data input file:
./aggregate_ptsa_files/agg_num=0_k=0.950_Df=2.35_meanRp=0.020um_rstdRp=0.10_Np=00020_Rve=0.052um_Rg=0.070um_epsagg=0.807.ptsa
 number spheres
   20
 length, ref index scale factors
  1.3221101E+01  1.0900000E+00  7.0000000E-01
 volume cluster radius, area mean sphere radius, circumscribing radius, cross section radius
  6.9323498E-01  2.5461766E-01  1.6718180E+00  6.9323498E-01
 incident plane wave
 incident alpha, beta(deg)
  0.0000E+00  0.0000E+00
 t matrix order:
     7
 layer 0 refractive index
  1.0000E+00  0.0000E+00
 number of plane boundaries 
  0
 max_iterations,solution_epsilon, mie_epsilon
     10000  1.0000E-06  1.0000E-06
 maximum Mie order, number of equations:
   3       600
 mean sphere Mie extinction, absorption efficiencies
  4.9492E-01  4.9195E-01
****************************************************
 calculation results for run 
           1
 number iterations, error, solution time 
     4  7.1865E-08  1.5647E-02
 total extinction, absorption, scattering efficiencies (unpol, par, perp incidence)
  1.2753E+00  1.2056E+00  6.9735E-02  1.2704E+00  1.2012E+00  6.9111E-02  1.2802E+00  1.2099E+00  7.0359E-02
 scattering matrix in incident plane: 0 deg= z axis
 forward scattering amplitude matrix (BH83,Eq3.12) 
(  0.1528E+00, -0.3630E-01) (  0.1515E+00, -0.3843E-01) (  0.1249E-02,  0.2873E-02) (  0.1384E-02,  0.3175E-02) 
 backward scattering amplitude matrix (BH83,Eq3.12) 
(  0.5125E-01, -0.5674E-02) ( -0.5209E-01,  0.5121E-02) (  0.6578E-04, -0.1077E-02) ( -0.6903E-04,  0.1079E-02) 

