****************************************************
****************************************************
 mstm calculation results
 date, time:
20250218 185748.330 
 input file:
mstm-v4.0-agg0-batch.inp
****************************************************
 input variables for run     1
 sphere data input file:
./aggregate_ptsa_files/agg_num=0_k=0.950_Df=2.35_meanRp=0.020um_rstdRp=0.10_Np=00020_Rve=0.052um_Rg=0.070um_epsagg=0.807.ptsa
 number spheres
   20
 length, ref index scale factors
  1.3221101E+01  2.0000000E+00  5.6000000E-01
 volume cluster radius, area mean sphere radius, circumscribing radius, cross section radius
  6.9323498E-01  2.5461766E-01  1.6718180E+00  6.9323498E-01
 incident plane wave
 incident alpha, beta(deg)
  0.0000E+00  0.0000E+00
 t matrix order:
     7
 layer 0 refractive index
  1.0000E+00  0.0000E+00
 number of plane boundaries 
  0
 max_iterations,solution_epsilon, mie_epsilon
     10000  1.0000E-06  1.0000E-06
 maximum Mie order, number of equations:
   3       600
 mean sphere Mie extinction, absorption efficiencies
  2.0285E-01  1.9878E-01
****************************************************
 calculation results for run 
           1
 number iterations, error, solution time 
     4  4.2792E-07  1.5506E-02
 total extinction, absorption, scattering efficiencies (unpol, par, perp incidence)
  7.9094E-01  6.5994E-01  1.3100E-01  7.7831E-01  6.4925E-01  1.2906E-01  8.0358E-01  6.7064E-01  1.3294E-01
 scattering matrix in incident plane: 0 deg= z axis
 forward scattering amplitude matrix (BH83,Eq3.12) 
(  0.9062E-01, -0.1936E+00) (  0.8766E-01, -0.1908E+00) (  0.5211E-02, -0.3222E-02) (  0.4975E-02, -0.4081E-02) 
 backward scattering amplitude matrix (BH83,Eq3.12) 
(  0.4634E-01, -0.6129E-01) ( -0.4577E-01,  0.6225E-01) ( -0.3097E-02,  0.1336E-03) (  0.3082E-02, -0.1408E-03) 

