****************************************************
****************************************************
 mstm calculation results
 date, time:
20250218 185722.375 
 input file:
mstm-v4.0-agg0-batch.inp
****************************************************
 input variables for run     1
 sphere data input file:
./aggregate_ptsa_files/agg_num=0_k=0.950_Df=2.35_meanRp=0.020um_rstdRp=0.10_Np=00020_Rve=0.052um_Rg=0.070um_epsagg=0.807.ptsa
 number spheres
   20
 length, ref index scale factors
  1.3221101E+01  1.6500000E+00  7.0000000E-02
 volume cluster radius, area mean sphere radius, circumscribing radius, cross section radius
  6.9323498E-01  2.5461766E-01  1.6718180E+00  6.9323498E-01
 incident plane wave
 incident alpha, beta(deg)
  0.0000E+00  0.0000E+00
 t matrix order:
     7
 layer 0 refractive index
  1.0000E+00  0.0000E+00
 number of plane boundaries 
  0
 max_iterations,solution_epsilon, mie_epsilon
     10000  1.0000E-06  1.0000E-06
 maximum Mie order, number of equations:
   3       600
 mean sphere Mie extinction, absorption efficiencies
  3.5094E-02  3.3447E-02
****************************************************
 calculation results for run 
           1
 number iterations, error, solution time 
     3  2.3833E-07  1.4191E-02
 total extinction, absorption, scattering efficiencies (unpol, par, perp incidence)
  1.5522E-01  1.0357E-01  5.1656E-02  1.5327E-01  1.0235E-01  5.0918E-02  1.5718E-01  1.0479E-01  5.2394E-02
 scattering matrix in incident plane: 0 deg= z axis
 forward scattering amplitude matrix (BH83,Eq3.12) 
(  0.1481E-01, -0.1324E+00) (  0.1439E-01, -0.1308E+00) (  0.7825E-03, -0.2299E-02) (  0.6053E-03, -0.2359E-02) 
 backward scattering amplitude matrix (BH83,Eq3.12) 
(  0.1271E-01, -0.4718E-01) ( -0.1258E-01,  0.4736E-01) ( -0.7747E-03,  0.9011E-03) (  0.7739E-03, -0.9013E-03) 

