****************************************************
****************************************************
 mstm calculation results
 date, time:
20250218 185732.543 
 input file:
mstm-v4.0-agg0-batch.inp
****************************************************
 input variables for run     1
 sphere data input file:
./aggregate_ptsa_files/agg_num=0_k=0.950_Df=2.35_meanRp=0.020um_rstdRp=0.10_Np=00020_Rve=0.052um_Rg=0.070um_epsagg=0.807.ptsa
 number spheres
   20
 length, ref index scale factors
  1.3221101E+01  1.7200000E+00  1.4000000E+00
 volume cluster radius, area mean sphere radius, circumscribing radius, cross section radius
  6.9323498E-01  2.5461766E-01  1.6718180E+00  6.9323498E-01
 incident plane wave
 incident alpha, beta(deg)
  0.0000E+00  0.0000E+00
 t matrix order:
     7
 layer 0 refractive index
  1.0000E+00  0.0000E+00
 number of plane boundaries 
  0
 max_iterations,solution_epsilon, mie_epsilon
     10000  1.0000E-06  1.0000E-06
 maximum Mie order, number of equations:
   3       600
 mean sphere Mie extinction, absorption efficiencies
  5.0831E-01  4.9924E-01
****************************************************
 calculation results for run 
           1
 number iterations, error, solution time 
     6  3.5268E-07  2.2559E-02
 total extinction, absorption, scattering efficiencies (unpol, par, perp incidence)
  1.8662E+00  1.6129E+00  2.5331E-01  1.8328E+00  1.5833E+00  2.4944E-01  1.8996E+00  1.6425E+00  2.5718E-01
 scattering matrix in incident plane: 0 deg= z axis
 forward scattering amplitude matrix (BH83,Eq3.12) 
(  0.2221E+00, -0.2035E+00) (  0.2140E+00, -0.2031E+00) (  0.1074E-01,  0.3171E-02) (  0.1328E-01,  0.1651E-02) 
 backward scattering amplitude matrix (BH83,Eq3.12) 
(  0.9006E-01, -0.4433E-01) ( -0.9130E-01,  0.4903E-01) ( -0.2855E-02, -0.5437E-02) (  0.2881E-02,  0.5462E-02) 

