****************************************************
****************************************************
 mstm calculation results
 date, time:
20250218 185708.200 
 input file:
mstm-v4.0-agg0-batch.inp
****************************************************
 input variables for run     1
 sphere data input file:
./aggregate_ptsa_files/agg_num=0_k=0.950_Df=2.35_meanRp=0.020um_rstdRp=0.10_Np=00020_Rve=0.052um_Rg=0.070um_epsagg=0.807.ptsa
 number spheres
   20
 length, ref index scale factors
  1.3221101E+01  1.4400000E+00  5.6000000E-01
 volume cluster radius, area mean sphere radius, circumscribing radius, cross section radius
  6.9323498E-01  2.5461766E-01  1.6718180E+00  6.9323498E-01
 incident plane wave
 incident alpha, beta(deg)
  0.0000E+00  0.0000E+00
 t matrix order:
     7
 layer 0 refractive index
  1.0000E+00  0.0000E+00
 number of plane boundaries 
  0
 max_iterations,solution_epsilon, mie_epsilon
     10000  1.0000E-06  1.0000E-06
 maximum Mie order, number of equations:
   3       600
 mean sphere Mie extinction, absorption efficiencies
  3.0900E-01  3.0670E-01
****************************************************
 calculation results for run 
           1
 number iterations, error, solution time 
     3  9.7369E-07  1.3861E-02
 total extinction, absorption, scattering efficiencies (unpol, par, perp incidence)
  9.1470E-01  8.5207E-01  6.2626E-02  9.0628E-01  8.4448E-01  6.1806E-02  9.2311E-01  8.5967E-01  6.3446E-02
 scattering matrix in incident plane: 0 deg= z axis
 forward scattering amplitude matrix (BH83,Eq3.12) 
(  0.1078E+00, -0.1013E+00) (  0.1058E+00, -0.1014E+00) (  0.2826E-02,  0.4646E-03) (  0.3070E-02,  0.3116E-03) 
 backward scattering amplitude matrix (BH83,Eq3.12) 
(  0.4225E-01, -0.2854E-01) ( -0.4273E-01,  0.2898E-01) ( -0.9823E-03, -0.7369E-03) (  0.9860E-03,  0.7369E-03) 

