****************************************************
****************************************************
 mstm calculation results
 date, time:
20250218 185754.179 
 input file:
mstm-v4.0-agg0-batch.inp
****************************************************
 input variables for run     1
 sphere data input file:
./aggregate_ptsa_files/agg_num=0_k=0.950_Df=2.35_meanRp=0.020um_rstdRp=0.10_Np=00020_Rve=0.052um_Rg=0.070um_epsagg=0.807.ptsa
 number spheres
   20
 length, ref index scale factors
  1.3221101E+01  2.0700000E+00  7.0000000E-01
 volume cluster radius, area mean sphere radius, circumscribing radius, cross section radius
  6.9323498E-01  2.5461766E-01  1.6718180E+00  6.9323498E-01
 incident plane wave
 incident alpha, beta(deg)
  0.0000E+00  0.0000E+00
 t matrix order:
     7
 layer 0 refractive index
  1.0000E+00  0.0000E+00
 number of plane boundaries 
  0
 max_iterations,solution_epsilon, mie_epsilon
     10000  1.0000E-06  1.0000E-06
 maximum Mie order, number of equations:
   3       600
 mean sphere Mie extinction, absorption efficiencies
  2.3527E-01  2.3045E-01
****************************************************
 calculation results for run 
           1
 number iterations, error, solution time 
     5  5.5580E-08  1.8640E-02
 total extinction, absorption, scattering efficiencies (unpol, par, perp incidence)
  9.3781E-01  7.8185E-01  1.5596E-01  9.2180E-01  7.6829E-01  1.5351E-01  9.5383E-01  7.9542E-01  1.5841E-01
 scattering matrix in incident plane: 0 deg= z axis
 forward scattering amplitude matrix (BH83,Eq3.12) 
(  0.1083E+00, -0.2072E+00) (  0.1045E+00, -0.2042E+00) (  0.6559E-02, -0.3182E-02) (  0.6429E-02, -0.4367E-02) 
 backward scattering amplitude matrix (BH83,Eq3.12) 
(  0.5428E-01, -0.6372E-01) ( -0.5350E-01,  0.6503E-01) ( -0.3780E-02, -0.3373E-03) (  0.3782E-02,  0.3350E-03) 

