****************************************************
****************************************************
 mstm calculation results
 date, time:
20250218 185748.075 
 input file:
mstm-v4.0-agg0-batch.inp
****************************************************
 input variables for run     1
 sphere data input file:
./aggregate_ptsa_files/agg_num=0_k=0.950_Df=2.35_meanRp=0.020um_rstdRp=0.10_Np=00020_Rve=0.052um_Rg=0.070um_epsagg=0.807.ptsa
 number spheres
   20
 length, ref index scale factors
  1.3221101E+01  2.0000000E+00  4.9000000E-01
 volume cluster radius, area mean sphere radius, circumscribing radius, cross section radius
  6.9323498E-01  2.5461766E-01  1.6718180E+00  6.9323498E-01
 incident plane wave
 incident alpha, beta(deg)
  0.0000E+00  0.0000E+00
 t matrix order:
     7
 layer 0 refractive index
  1.0000E+00  0.0000E+00
 number of plane boundaries 
  0
 max_iterations,solution_epsilon, mie_epsilon
     10000  1.0000E-06  1.0000E-06
 maximum Mie order, number of equations:
   3       600
 mean sphere Mie extinction, absorption efficiencies
  1.7922E-01  1.7538E-01
****************************************************
 calculation results for run 
           1
 number iterations, error, solution time 
     4  3.2199E-07  1.5587E-02
 total extinction, absorption, scattering efficiencies (unpol, par, perp incidence)
  7.0790E-01  5.8323E-01  1.2467E-01  6.9669E-01  5.7386E-01  1.2283E-01  7.1911E-01  5.9259E-01  1.2652E-01
 scattering matrix in incident plane: 0 deg= z axis
 forward scattering amplitude matrix (BH83,Eq3.12) 
(  0.8051E-01, -0.1921E+00) (  0.7790E-01, -0.1893E+00) (  0.4688E-02, -0.3480E-02) (  0.4377E-02, -0.4230E-02) 
 backward scattering amplitude matrix (BH83,Eq3.12) 
(  0.4259E-01, -0.6202E-01) ( -0.4202E-01,  0.6282E-01) ( -0.2926E-02,  0.4193E-03) (  0.2913E-02, -0.4226E-03) 

