****************************************************
****************************************************
 mstm calculation results
 date, time:
20250218 185642.124 
 input file:
mstm-v4.0-agg0-batch.inp
****************************************************
 input variables for run     1
 sphere data input file:
./aggregate_ptsa_files/agg_num=0_k=0.950_Df=2.35_meanRp=0.020um_rstdRp=0.10_Np=00020_Rve=0.052um_Rg=0.070um_epsagg=0.807.ptsa
 number spheres
   20
 length, ref index scale factors
  1.3221101E+01  1.0900000E+00  7.0000000E-02
 volume cluster radius, area mean sphere radius, circumscribing radius, cross section radius
  6.9323498E-01  2.5461766E-01  1.6718180E+00  6.9323498E-01
 incident plane wave
 incident alpha, beta(deg)
  0.0000E+00  0.0000E+00
 t matrix order:
     7
 layer 0 refractive index
  1.0000E+00  0.0000E+00
 number of plane boundaries 
  0
 max_iterations,solution_epsilon, mie_epsilon
     10000  1.0000E-06  1.0000E-06
 maximum Mie order, number of equations:
   3       600
 mean sphere Mie extinction, absorption efficiencies
  4.6667E-02  4.6600E-02
****************************************************
 calculation results for run 
           1
 number iterations, error, solution time 
     2  3.9232E-10  9.1155E-03
 total extinction, absorption, scattering efficiencies (unpol, par, perp incidence)
  1.2812E-01  1.2628E-01  1.8404E-03  1.2787E-01  1.2604E-01  1.8316E-03  1.2837E-01  1.2652E-01  1.8492E-03
 scattering matrix in incident plane: 0 deg= z axis
 forward scattering amplitude matrix (BH83,Eq3.12) 
(  0.1481E-01, -0.2023E-01) (  0.1475E-01, -0.2021E-01) (  0.8370E-04, -0.2063E-04) (  0.8408E-04, -0.2166E-04) 
 backward scattering amplitude matrix (BH83,Eq3.12) 
(  0.5959E-02, -0.6735E-02) ( -0.5973E-02,  0.6740E-02) ( -0.3817E-04, -0.1832E-06) (  0.3815E-04,  0.1454E-06) 

