****************************************************
****************************************************
 mstm calculation results
 date, time:
20250218 185724.402 
 input file:
mstm-v4.0-agg0-batch.inp
****************************************************
 input variables for run     1
 sphere data input file:
./aggregate_ptsa_files/agg_num=0_k=0.950_Df=2.35_meanRp=0.020um_rstdRp=0.10_Np=00020_Rve=0.052um_Rg=0.070um_epsagg=0.807.ptsa
 number spheres
   20
 length, ref index scale factors
  1.3221101E+01  1.6500000E+00  6.3000000E-01
 volume cluster radius, area mean sphere radius, circumscribing radius, cross section radius
  6.9323498E-01  2.5461766E-01  1.6718180E+00  6.9323498E-01
 incident plane wave
 incident alpha, beta(deg)
  0.0000E+00  0.0000E+00
 t matrix order:
     7
 layer 0 refractive index
  1.0000E+00  0.0000E+00
 number of plane boundaries 
  0
 max_iterations,solution_epsilon, mie_epsilon
     10000  1.0000E-06  1.0000E-06
 maximum Mie order, number of equations:
   3       600
 mean sphere Mie extinction, absorption efficiencies
  2.9532E-01  2.9208E-01
****************************************************
 calculation results for run 
           1
 number iterations, error, solution time 
     4  1.2094E-07  1.5961E-02
 total extinction, absorption, scattering efficiencies (unpol, par, perp incidence)
  9.5864E-01  8.6583E-01  9.2809E-02  9.4661E-01  8.5495E-01  9.1661E-02  9.7066E-01  8.7671E-01  9.3956E-02
 scattering matrix in incident plane: 0 deg= z axis
 forward scattering amplitude matrix (BH83,Eq3.12) 
(  0.1123E+00, -0.1414E+00) (  0.1094E+00, -0.1405E+00) (  0.4254E-02, -0.4531E-03) (  0.4523E-02, -0.9174E-03) 
 backward scattering amplitude matrix (BH83,Eq3.12) 
(  0.4755E-01, -0.4106E-01) ( -0.4783E-01,  0.4194E-01) ( -0.1801E-02, -0.8007E-03) (  0.1802E-02,  0.7941E-03) 

