****************************************************
****************************************************
 mstm calculation results
 date, time:
20250218 185750.493 
 input file:
mstm-v4.0-agg0-batch.inp
****************************************************
 input variables for run     1
 sphere data input file:
./aggregate_ptsa_files/agg_num=0_k=0.950_Df=2.35_meanRp=0.020um_rstdRp=0.10_Np=00020_Rve=0.052um_Rg=0.070um_epsagg=0.807.ptsa
 number spheres
   20
 length, ref index scale factors
  1.3221101E+01  2.0000000E+00  1.1200000E+00
 volume cluster radius, area mean sphere radius, circumscribing radius, cross section radius
  6.9323498E-01  2.5461766E-01  1.6718180E+00  6.9323498E-01
 incident plane wave
 incident alpha, beta(deg)
  0.0000E+00  0.0000E+00
 t matrix order:
     7
 layer 0 refractive index
  1.0000E+00  0.0000E+00
 number of plane boundaries 
  0
 max_iterations,solution_epsilon, mie_epsilon
     10000  1.0000E-06  1.0000E-06
 maximum Mie order, number of equations:
   3       600
 mean sphere Mie extinction, absorption efficiencies
  3.5983E-01  3.5301E-01
****************************************************
 calculation results for run 
           1
 number iterations, error, solution time 
     5  4.5341E-07  1.9794E-02
 total extinction, absorption, scattering efficiencies (unpol, par, perp incidence)
  1.4122E+00  1.2011E+00  2.1108E-01  1.3863E+00  1.1786E+00  2.0773E-01  1.4381E+00  1.2236E+00  2.1443E-01
 scattering matrix in incident plane: 0 deg= z axis
 forward scattering amplitude matrix (BH83,Eq3.12) 
(  0.1662E+00, -0.2173E+00) (  0.1600E+00, -0.2149E+00) (  0.9688E-02, -0.7823E-03) (  0.1053E-01, -0.2670E-02) 
 backward scattering amplitude matrix (BH83,Eq3.12) 
(  0.7529E-01, -0.5841E-01) ( -0.7469E-01,  0.6134E-01) ( -0.4440E-02, -0.2795E-02) (  0.4424E-02,  0.2798E-02) 

