****************************************************
****************************************************
 mstm calculation results
 date, time:
20250218 185757.520 
 input file:
mstm-v4.0-agg0-batch.inp
****************************************************
 input variables for run     1
 sphere data input file:
./aggregate_ptsa_files/agg_num=0_k=0.950_Df=2.35_meanRp=0.020um_rstdRp=0.10_Np=00020_Rve=0.052um_Rg=0.070um_epsagg=0.807.ptsa
 number spheres
   20
 length, ref index scale factors
  1.3221101E+01  2.1400000E+00  1.4000000E-01
 volume cluster radius, area mean sphere radius, circumscribing radius, cross section radius
  6.9323498E-01  2.5461766E-01  1.6718180E+00  6.9323498E-01
 incident plane wave
 incident alpha, beta(deg)
  0.0000E+00  0.0000E+00
 t matrix order:
     7
 layer 0 refractive index
  1.0000E+00  0.0000E+00
 number of plane boundaries 
  0
 max_iterations,solution_epsilon, mie_epsilon
     10000  1.0000E-06  1.0000E-06
 maximum Mie order, number of equations:
   3       600
 mean sphere Mie extinction, absorption efficiencies
  4.9912E-02  4.6163E-02
****************************************************
 calculation results for run 
           1
 number iterations, error, solution time 
     4  2.9268E-07  1.6709E-02
 total extinction, absorption, scattering efficiencies (unpol, par, perp incidence)
  2.9406E-01  1.6288E-01  1.3118E-01  2.8919E-01  1.6009E-01  1.2910E-01  2.9893E-01  1.6567E-01  1.3326E-01
 scattering matrix in incident plane: 0 deg= z axis
 forward scattering amplitude matrix (BH83,Eq3.12) 
(  0.2944E-01, -0.2103E+00) (  0.2839E-01, -0.2065E+00) (  0.2489E-02, -0.5680E-02) (  0.1730E-02, -0.5968E-02) 
 backward scattering amplitude matrix (BH83,Eq3.12) 
(  0.2602E-01, -0.7483E-01) ( -0.2537E-01,  0.7495E-01) ( -0.2464E-02,  0.2139E-02) (  0.2459E-02, -0.2126E-02) 

