****************************************************
****************************************************
 mstm calculation results
 date, time:
20250218 185718.579 
 input file:
mstm-v4.0-agg0-batch.inp
****************************************************
 input variables for run     1
 sphere data input file:
./aggregate_ptsa_files/agg_num=0_k=0.950_Df=2.35_meanRp=0.020um_rstdRp=0.10_Np=00020_Rve=0.052um_Rg=0.070um_epsagg=0.807.ptsa
 number spheres
   20
 length, ref index scale factors
  1.3221101E+01  1.5800000E+00  4.9000000E-01
 volume cluster radius, area mean sphere radius, circumscribing radius, cross section radius
  6.9323498E-01  2.5461766E-01  1.6718180E+00  6.9323498E-01
 incident plane wave
 incident alpha, beta(deg)
  0.0000E+00  0.0000E+00
 t matrix order:
     7
 layer 0 refractive index
  1.0000E+00  0.0000E+00
 number of plane boundaries 
  0
 max_iterations,solution_epsilon, mie_epsilon
     10000  1.0000E-06  1.0000E-06
 maximum Mie order, number of equations:
   3       600
 mean sphere Mie extinction, absorption efficiencies
  2.4497E-01  2.4261E-01
****************************************************
 calculation results for run 
           1
 number iterations, error, solution time 
     4  2.5342E-08  1.6095E-02
 total extinction, absorption, scattering efficiencies (unpol, par, perp incidence)
  7.7621E-01  7.0833E-01  6.7875E-02  7.6754E-01  7.0045E-01  6.7092E-02  7.8488E-01  7.1622E-01  6.8658E-02
 scattering matrix in incident plane: 0 deg= z axis
 forward scattering amplitude matrix (BH83,Eq3.12) 
(  0.9050E-01, -0.1246E+00) (  0.8844E-01, -0.1238E+00) (  0.3073E-02, -0.6371E-03) (  0.3197E-02, -0.9300E-03) 
 backward scattering amplitude matrix (BH83,Eq3.12) 
(  0.3866E-01, -0.3772E-01) ( -0.3886E-01,  0.3828E-01) ( -0.1375E-02, -0.3799E-03) (  0.1376E-02,  0.3772E-03) 

