****************************************************
****************************************************
 mstm calculation results
 date, time:
20250218 185737.093 
 input file:
mstm-v4.0-agg0-batch.inp
****************************************************
 input variables for run     1
 sphere data input file:
./aggregate_ptsa_files/agg_num=0_k=0.950_Df=2.35_meanRp=0.020um_rstdRp=0.10_Np=00020_Rve=0.052um_Rg=0.070um_epsagg=0.807.ptsa
 number spheres
   20
 length, ref index scale factors
  1.3221101E+01  1.7900000E+00  1.1900000E+00
 volume cluster radius, area mean sphere radius, circumscribing radius, cross section radius
  6.9323498E-01  2.5461766E-01  1.6718180E+00  6.9323498E-01
 incident plane wave
 incident alpha, beta(deg)
  0.0000E+00  0.0000E+00
 t matrix order:
     7
 layer 0 refractive index
  1.0000E+00  0.0000E+00
 number of plane boundaries 
  0
 max_iterations,solution_epsilon, mie_epsilon
     10000  1.0000E-06  1.0000E-06
 maximum Mie order, number of equations:
   3       600
 mean sphere Mie extinction, absorption efficiencies
  4.4230E-01  4.3508E-01
****************************************************
 calculation results for run 
           1
 number iterations, error, solution time 
     5  5.5311E-07  1.9623E-02
 total extinction, absorption, scattering efficiencies (unpol, par, perp incidence)
  1.5972E+00  1.3899E+00  2.0724E-01  1.5697E+00  1.3656E+00  2.0407E-01  1.6246E+00  1.4142E+00  2.1042E-01
 scattering matrix in incident plane: 0 deg= z axis
 forward scattering amplitude matrix (BH83,Eq3.12) 
(  0.1893E+00, -0.1950E+00) (  0.1827E+00, -0.1940E+00) (  0.9238E-02,  0.1408E-02) (  0.1075E-01, -0.5535E-05) 
 backward scattering amplitude matrix (BH83,Eq3.12) 
(  0.7888E-01, -0.4760E-01) ( -0.7944E-01,  0.5086E-01) ( -0.3173E-02, -0.3697E-02) (  0.3157E-02,  0.3688E-02) 

