****************************************************
****************************************************
 mstm calculation results
 date, time:
20250218 185654.424 
 input file:
mstm-v4.0-agg0-batch.inp
****************************************************
 input variables for run     1
 sphere data input file:
./aggregate_ptsa_files/agg_num=0_k=0.950_Df=2.35_meanRp=0.020um_rstdRp=0.10_Np=00020_Rve=0.052um_Rg=0.070um_epsagg=0.807.ptsa
 number spheres
   20
 length, ref index scale factors
  1.3221101E+01  1.2300000E+00  4.9000000E-01
 volume cluster radius, area mean sphere radius, circumscribing radius, cross section radius
  6.9323498E-01  2.5461766E-01  1.6718180E+00  6.9323498E-01
 incident plane wave
 incident alpha, beta(deg)
  0.0000E+00  0.0000E+00
 t matrix order:
     7
 layer 0 refractive index
  1.0000E+00  0.0000E+00
 number of plane boundaries 
  0
 max_iterations,solution_epsilon, mie_epsilon
     10000  1.0000E-06  1.0000E-06
 maximum Mie order, number of equations:
   3       600
 mean sphere Mie extinction, absorption efficiencies
  3.1156E-01  3.1006E-01
****************************************************
 calculation results for run 
           1
 number iterations, error, solution time 
     3  1.6734E-07  1.3268E-02
 total extinction, absorption, scattering efficiencies (unpol, par, perp incidence)
  8.5438E-01  8.1546E-01  3.8913E-02  8.4971E-01  8.1105E-01  3.8651E-02  8.5905E-01  8.1987E-01  3.9175E-02
 scattering matrix in incident plane: 0 deg= z axis
 forward scattering amplitude matrix (BH83,Eq3.12) 
(  0.1015E+00, -0.5734E-01) (  0.1003E+00, -0.5796E-01) (  0.1455E-02,  0.1029E-02) (  0.1585E-02,  0.1057E-02) 
 backward scattering amplitude matrix (BH83,Eq3.12) 
(  0.3697E-01, -0.1500E-01) ( -0.3740E-01,  0.1499E-01) ( -0.3711E-03, -0.6080E-03) (  0.3706E-03,  0.6093E-03) 

