****************************************************
****************************************************
 mstm calculation results
 date, time:
20250218 185706.452 
 input file:
mstm-v4.0-agg0-batch.inp
****************************************************
 input variables for run     1
 sphere data input file:
./aggregate_ptsa_files/agg_num=0_k=0.950_Df=2.35_meanRp=0.020um_rstdRp=0.10_Np=00020_Rve=0.052um_Rg=0.070um_epsagg=0.807.ptsa
 number spheres
   20
 length, ref index scale factors
  1.3221101E+01  1.4400000E+00  7.0000000E-02
 volume cluster radius, area mean sphere radius, circumscribing radius, cross section radius
  6.9323498E-01  2.5461766E-01  1.6718180E+00  6.9323498E-01
 incident plane wave
 incident alpha, beta(deg)
  0.0000E+00  0.0000E+00
 t matrix order:
     7
 layer 0 refractive index
  1.0000E+00  0.0000E+00
 number of plane boundaries 
  0
 max_iterations,solution_epsilon, mie_epsilon
     10000  1.0000E-06  1.0000E-06
 maximum Mie order, number of equations:
   3       600
 mean sphere Mie extinction, absorption efficiencies
  3.9527E-02  3.8665E-02
****************************************************
 calculation results for run 
           1
 number iterations, error, solution time 
     2  8.9593E-07  9.8341E-03
 total extinction, absorption, scattering efficiencies (unpol, par, perp incidence)
  1.3912E-01  1.1318E-01  2.5940E-02  1.3794E-01  1.1216E-01  2.5783E-02  1.4030E-01  1.1420E-01  2.6098E-02
 scattering matrix in incident plane: 0 deg= z axis
 forward scattering amplitude matrix (BH83,Eq3.12) 
(  0.1400E-01, -0.9292E-01) (  0.1374E-01, -0.9209E-01) (  0.4553E-03, -0.1125E-02) (  0.4043E-03, -0.1141E-02) 
 backward scattering amplitude matrix (BH83,Eq3.12) 
(  0.9454E-02, -0.3281E-01) ( -0.9438E-02,  0.3294E-01) ( -0.3770E-03,  0.4294E-03) (  0.3726E-03, -0.4232E-03) 

