****************************************************
****************************************************
 mstm calculation results
 date, time:
20250218 185745.051 
 input file:
mstm-v4.0-agg0-batch.inp
****************************************************
 input variables for run     1
 sphere data input file:
./aggregate_ptsa_files/agg_num=0_k=0.950_Df=2.35_meanRp=0.020um_rstdRp=0.10_Np=00020_Rve=0.052um_Rg=0.070um_epsagg=0.807.ptsa
 number spheres
   20
 length, ref index scale factors
  1.3221101E+01  1.9300000E+00  1.1200000E+00
 volume cluster radius, area mean sphere radius, circumscribing radius, cross section radius
  6.9323498E-01  2.5461766E-01  1.6718180E+00  6.9323498E-01
 incident plane wave
 incident alpha, beta(deg)
  0.0000E+00  0.0000E+00
 t matrix order:
     7
 layer 0 refractive index
  1.0000E+00  0.0000E+00
 number of plane boundaries 
  0
 max_iterations,solution_epsilon, mie_epsilon
     10000  1.0000E-06  1.0000E-06
 maximum Mie order, number of equations:
   3       600
 mean sphere Mie extinction, absorption efficiencies
  3.8015E-01  3.7339E-01
****************************************************
 calculation results for run 
           1
 number iterations, error, solution time 
     5  4.0843E-07  2.0453E-02
 total extinction, absorption, scattering efficiencies (unpol, par, perp incidence)
  1.4459E+00  1.2415E+00  2.0434E-01  1.4201E+00  1.2189E+00  2.0115E-01  1.4716E+00  1.2641E+00  2.0754E-01
 scattering matrix in incident plane: 0 deg= z axis
 forward scattering amplitude matrix (BH83,Eq3.12) 
(  0.1705E+00, -0.2085E+00) (  0.1643E+00, -0.2065E+00) (  0.9354E-02, -0.1743E-03) (  0.1035E-01, -0.1876E-02) 
 backward scattering amplitude matrix (BH83,Eq3.12) 
(  0.7523E-01, -0.5486E-01) ( -0.7498E-01,  0.5780E-01) ( -0.3993E-02, -0.2963E-02) (  0.3977E-02,  0.2962E-02) 

