****************************************************
****************************************************
 mstm calculation results
 date, time:
20250218 185713.274 
 input file:
mstm-v4.0-agg0-batch.inp
****************************************************
 input variables for run     1
 sphere data input file:
./aggregate_ptsa_files/agg_num=0_k=0.950_Df=2.35_meanRp=0.020um_rstdRp=0.10_Np=00020_Rve=0.052um_Rg=0.070um_epsagg=0.807.ptsa
 number spheres
   20
 length, ref index scale factors
  1.3221101E+01  1.5100000E+00  4.9000000E-01
 volume cluster radius, area mean sphere radius, circumscribing radius, cross section radius
  6.9323498E-01  2.5461766E-01  1.6718180E+00  6.9323498E-01
 incident plane wave
 incident alpha, beta(deg)
  0.0000E+00  0.0000E+00
 t matrix order:
     7
 layer 0 refractive index
  1.0000E+00  0.0000E+00
 number of plane boundaries 
  0
 max_iterations,solution_epsilon, mie_epsilon
     10000  1.0000E-06  1.0000E-06
 maximum Mie order, number of equations:
   3       600
 mean sphere Mie extinction, absorption efficiencies
  2.5777E-01  2.5562E-01
****************************************************
 calculation results for run 
           1
 number iterations, error, solution time 
     3  7.3932E-07  1.4218E-02
 total extinction, absorption, scattering efficiencies (unpol, par, perp incidence)
  7.9057E-01  7.2999E-01  6.0581E-02  7.8260E-01  7.2287E-01  5.9729E-02  7.9855E-01  7.3712E-01  6.1432E-02
 scattering matrix in incident plane: 0 deg= z axis
 forward scattering amplitude matrix (BH83,Eq3.12) 
(  0.9253E-01, -0.1119E+00) (  0.9063E-01, -0.1115E+00) (  0.2776E-02, -0.2346E-03) (  0.2928E-02, -0.4561E-03) 
 backward scattering amplitude matrix (BH83,Eq3.12) 
(  0.3820E-01, -0.3334E-01) ( -0.3848E-01,  0.3381E-01) ( -0.1149E-02, -0.4592E-03) (  0.1151E-02,  0.4575E-03) 

