****************************************************
****************************************************
 mstm calculation results
 date, time:
20250218 185650.268 
 input file:
mstm-v4.0-agg0-batch.inp
****************************************************
 input variables for run     1
 sphere data input file:
./aggregate_ptsa_files/agg_num=0_k=0.950_Df=2.35_meanRp=0.020um_rstdRp=0.10_Np=00020_Rve=0.052um_Rg=0.070um_epsagg=0.807.ptsa
 number spheres
   20
 length, ref index scale factors
  1.3221101E+01  1.1600000E+00  8.4000000E-01
 volume cluster radius, area mean sphere radius, circumscribing radius, cross section radius
  6.9323498E-01  2.5461766E-01  1.6718180E+00  6.9323498E-01
 incident plane wave
 incident alpha, beta(deg)
  0.0000E+00  0.0000E+00
 t matrix order:
     7
 layer 0 refractive index
  1.0000E+00  0.0000E+00
 number of plane boundaries 
  0
 max_iterations,solution_epsilon, mie_epsilon
     10000  1.0000E-06  1.0000E-06
 maximum Mie order, number of equations:
   3       600
 mean sphere Mie extinction, absorption efficiencies
  5.7053E-01  5.6618E-01
****************************************************
 calculation results for run 
           1
 number iterations, error, solution time 
     4  4.2506E-07  1.5880E-02
 total extinction, absorption, scattering efficiencies (unpol, par, perp incidence)
  1.4946E+00  1.3946E+00  1.0005E-01  1.4849E+00  1.3859E+00  9.8937E-02  1.5043E+00  1.4032E+00  1.0116E-01
 scattering matrix in incident plane: 0 deg= z axis
 forward scattering amplitude matrix (BH83,Eq3.12) 
(  0.1790E+00, -0.6066E-01) (  0.1765E+00, -0.6328E-01) (  0.2431E-02,  0.3715E-02) (  0.2830E-02,  0.4191E-02) 
 backward scattering amplitude matrix (BH83,Eq3.12) 
(  0.6008E-01, -0.1084E-01) ( -0.6161E-01,  0.1044E-01) (  0.3431E-04, -0.1549E-02) ( -0.3864E-04,  0.1559E-02) 

