****************************************************
****************************************************
 mstm calculation results
 date, time:
20250218 185722.625 
 input file:
mstm-v4.0-agg0-batch.inp
****************************************************
 input variables for run     1
 sphere data input file:
./aggregate_ptsa_files/agg_num=0_k=0.950_Df=2.35_meanRp=0.020um_rstdRp=0.10_Np=00020_Rve=0.052um_Rg=0.070um_epsagg=0.807.ptsa
 number spheres
   20
 length, ref index scale factors
  1.3221101E+01  1.6500000E+00  1.4000000E-01
 volume cluster radius, area mean sphere radius, circumscribing radius, cross section radius
  6.9323498E-01  2.5461766E-01  1.6718180E+00  6.9323498E-01
 incident plane wave
 incident alpha, beta(deg)
  0.0000E+00  0.0000E+00
 t matrix order:
     7
 layer 0 refractive index
  1.0000E+00  0.0000E+00
 number of plane boundaries 
  0
 max_iterations,solution_epsilon, mie_epsilon
     10000  1.0000E-06  1.0000E-06
 maximum Mie order, number of equations:
   3       600
 mean sphere Mie extinction, absorption efficiencies
  6.8503E-02  6.6798E-02
****************************************************
 calculation results for run 
           1
 number iterations, error, solution time 
     3  2.7886E-07  1.2306E-02
 total extinction, absorption, scattering efficiencies (unpol, par, perp incidence)
  2.5818E-01  2.0529E-01  5.2889E-02  2.5498E-01  2.0289E-01  5.2086E-02  2.6138E-01  2.0769E-01  5.3691E-02
 scattering matrix in incident plane: 0 deg= z axis
 forward scattering amplitude matrix (BH83,Eq3.12) 
(  0.2734E-01, -0.1321E+00) (  0.2662E-01, -0.1306E+00) (  0.1221E-02, -0.2160E-02) (  0.1059E-02, -0.2274E-02) 
 backward scattering amplitude matrix (BH83,Eq3.12) 
(  0.1728E-01, -0.4604E-01) ( -0.1716E-01,  0.4628E-01) ( -0.9478E-03,  0.7381E-03) (  0.9470E-03, -0.7387E-03) 

