****************************************************
****************************************************
 mstm calculation results
 date, time:
20250218 185728.734 
 input file:
mstm-v4.0-agg0-batch.inp
****************************************************
 input variables for run     1
 sphere data input file:
./aggregate_ptsa_files/agg_num=0_k=0.950_Df=2.35_meanRp=0.020um_rstdRp=0.10_Np=00020_Rve=0.052um_Rg=0.070um_epsagg=0.807.ptsa
 number spheres
   20
 length, ref index scale factors
  1.3221101E+01  1.7200000E+00  3.5000000E-01
 volume cluster radius, area mean sphere radius, circumscribing radius, cross section radius
  6.9323498E-01  2.5461766E-01  1.6718180E+00  6.9323498E-01
 incident plane wave
 incident alpha, beta(deg)
  0.0000E+00  0.0000E+00
 t matrix order:
     7
 layer 0 refractive index
  1.0000E+00  0.0000E+00
 number of plane boundaries 
  0
 max_iterations,solution_epsilon, mie_epsilon
     10000  1.0000E-06  1.0000E-06
 maximum Mie order, number of equations:
   3       600
 mean sphere Mie extinction, absorption efficiencies
  1.5964E-01  1.5726E-01
****************************************************
 calculation results for run 
           1
 number iterations, error, solution time 
     4  2.7377E-08  1.5508E-02
 total extinction, absorption, scattering efficiencies (unpol, par, perp incidence)
  5.5677E-01  4.8399E-01  7.2784E-02  5.4975E-01  4.7787E-01  7.1880E-02  5.6380E-01  4.9011E-01  7.3687E-02
 scattering matrix in incident plane: 0 deg= z axis
 forward scattering amplitude matrix (BH83,Eq3.12) 
(  0.6327E-01, -0.1458E+00) (  0.6163E-01, -0.1442E+00) (  0.2732E-02, -0.2016E-02) (  0.2629E-02, -0.2343E-02) 
 backward scattering amplitude matrix (BH83,Eq3.12) 
(  0.3138E-01, -0.4761E-01) ( -0.3128E-01,  0.4810E-01) ( -0.1599E-02,  0.3012E-03) (  0.1596E-02, -0.3024E-03) 

