****************************************************
****************************************************
 mstm calculation results
 date, time:
20250218 185714.024 
 input file:
mstm-v4.0-agg0-batch.inp
****************************************************
 input variables for run     1
 sphere data input file:
./aggregate_ptsa_files/agg_num=0_k=0.950_Df=2.35_meanRp=0.020um_rstdRp=0.10_Np=00020_Rve=0.052um_Rg=0.070um_epsagg=0.807.ptsa
 number spheres
   20
 length, ref index scale factors
  1.3221101E+01  1.5100000E+00  7.0000000E-01
 volume cluster radius, area mean sphere radius, circumscribing radius, cross section radius
  6.9323498E-01  2.5461766E-01  1.6718180E+00  6.9323498E-01
 incident plane wave
 incident alpha, beta(deg)
  0.0000E+00  0.0000E+00
 t matrix order:
     7
 layer 0 refractive index
  1.0000E+00  0.0000E+00
 number of plane boundaries 
  0
 max_iterations,solution_epsilon, mie_epsilon
     10000  1.0000E-06  1.0000E-06
 maximum Mie order, number of equations:
   3       600
 mean sphere Mie extinction, absorption efficiencies
  3.6326E-01  3.5997E-01
****************************************************
 calculation results for run 
           1
 number iterations, error, solution time 
     4  1.2516E-07  1.4886E-02
 total extinction, absorption, scattering efficiencies (unpol, par, perp incidence)
  1.1043E+00  1.0151E+00  8.9178E-02  1.0920E+00  1.0039E+00  8.8137E-02  1.1165E+00  1.0263E+00  9.0220E-02
 scattering matrix in incident plane: 0 deg= z axis
 forward scattering amplitude matrix (BH83,Eq3.12) 
(  0.1305E+00, -0.1202E+00) (  0.1276E+00, -0.1202E+00) (  0.3996E-02,  0.7898E-03) (  0.4438E-02,  0.5296E-03) 
 backward scattering amplitude matrix (BH83,Eq3.12) 
(  0.5115E-01, -0.3241E-01) ( -0.5183E-01,  0.3317E-01) ( -0.1310E-02, -0.1199E-02) (  0.1316E-02,  0.1196E-02) 

