****************************************************
****************************************************
 mstm calculation results
 date, time:
20250218 185724.152 
 input file:
mstm-v4.0-agg0-batch.inp
****************************************************
 input variables for run     1
 sphere data input file:
./aggregate_ptsa_files/agg_num=0_k=0.950_Df=2.35_meanRp=0.020um_rstdRp=0.10_Np=00020_Rve=0.052um_Rg=0.070um_epsagg=0.807.ptsa
 number spheres
   20
 length, ref index scale factors
  1.3221101E+01  1.6500000E+00  5.6000000E-01
 volume cluster radius, area mean sphere radius, circumscribing radius, cross section radius
  6.9323498E-01  2.5461766E-01  1.6718180E+00  6.9323498E-01
 incident plane wave
 incident alpha, beta(deg)
  0.0000E+00  0.0000E+00
 t matrix order:
     7
 layer 0 refractive index
  1.0000E+00  0.0000E+00
 number of plane boundaries 
  0
 max_iterations,solution_epsilon, mie_epsilon
     10000  1.0000E-06  1.0000E-06
 maximum Mie order, number of equations:
   3       600
 mean sphere Mie extinction, absorption efficiencies
  2.6431E-01  2.6142E-01
****************************************************
 calculation results for run 
           1
 number iterations, error, solution time 
     4  7.0014E-08  1.5922E-02
 total extinction, absorption, scattering efficiencies (unpol, par, perp incidence)
  8.6110E-01  7.7719E-01  8.3910E-02  8.5052E-01  7.6763E-01  8.2884E-02  8.7169E-01  7.8675E-01  8.4936E-02
 scattering matrix in incident plane: 0 deg= z axis
 forward scattering amplitude matrix (BH83,Eq3.12) 
(  0.1005E+00, -0.1389E+00) (  0.9798E-01, -0.1379E+00) (  0.3801E-02, -0.7683E-03) (  0.3970E-02, -0.1186E-02) 
 backward scattering amplitude matrix (BH83,Eq3.12) 
(  0.4340E-01, -0.4149E-01) ( -0.4358E-01,  0.4224E-01) ( -0.1711E-02, -0.5338E-03) (  0.1711E-02,  0.5287E-03) 

