****************************************************
****************************************************
 mstm calculation results
 date, time:
20250218 185717.573 
 input file:
mstm-v4.0-agg0-batch.inp
****************************************************
 input variables for run     1
 sphere data input file:
./aggregate_ptsa_files/agg_num=0_k=0.950_Df=2.35_meanRp=0.020um_rstdRp=0.10_Np=00020_Rve=0.052um_Rg=0.070um_epsagg=0.807.ptsa
 number spheres
   20
 length, ref index scale factors
  1.3221101E+01  1.5800000E+00  2.1000000E-01
 volume cluster radius, area mean sphere radius, circumscribing radius, cross section radius
  6.9323498E-01  2.5461766E-01  1.6718180E+00  6.9323498E-01
 incident plane wave
 incident alpha, beta(deg)
  0.0000E+00  0.0000E+00
 t matrix order:
     7
 layer 0 refractive index
  1.0000E+00  0.0000E+00
 number of plane boundaries 
  0
 max_iterations,solution_epsilon, mie_epsilon
     10000  1.0000E-06  1.0000E-06
 maximum Mie order, number of equations:
   3       600
 mean sphere Mie extinction, absorption efficiencies
  1.0671E-01  1.0518E-01
****************************************************
 calculation results for run 
           1
 number iterations, error, solution time 
     3  1.8237E-07  1.2450E-02
 total extinction, absorption, scattering efficiencies (unpol, par, perp incidence)
  3.6090E-01  3.1469E-01  4.6213E-02  3.5691E-01  3.1137E-01  4.5548E-02  3.6489E-01  3.1801E-01  4.6878E-02
 scattering matrix in incident plane: 0 deg= z axis
 forward scattering amplitude matrix (BH83,Eq3.12) 
(  0.4016E-01, -0.1197E+00) (  0.3924E-01, -0.1185E+00) (  0.1472E-02, -0.1580E-02) (  0.1383E-02, -0.1717E-02) 
 backward scattering amplitude matrix (BH83,Eq3.12) 
(  0.2086E-01, -0.4049E-01) ( -0.2081E-01,  0.4077E-01) ( -0.9298E-03,  0.4178E-03) (  0.9296E-03, -0.4187E-03) 

