****************************************************
****************************************************
 mstm calculation results
 date, time:
20250218 185644.875 
 input file:
mstm-v4.0-agg0-batch.inp
****************************************************
 input variables for run     1
 sphere data input file:
./aggregate_ptsa_files/agg_num=0_k=0.950_Df=2.35_meanRp=0.020um_rstdRp=0.10_Np=00020_Rve=0.052um_Rg=0.070um_epsagg=0.807.ptsa
 number spheres
   20
 length, ref index scale factors
  1.3221101E+01  1.0900000E+00  8.4000000E-01
 volume cluster radius, area mean sphere radius, circumscribing radius, cross section radius
  6.9323498E-01  2.5461766E-01  1.6718180E+00  6.9323498E-01
 incident plane wave
 incident alpha, beta(deg)
  0.0000E+00  0.0000E+00
 t matrix order:
     7
 layer 0 refractive index
  1.0000E+00  0.0000E+00
 number of plane boundaries 
  0
 max_iterations,solution_epsilon, mie_epsilon
     10000  1.0000E-06  1.0000E-06
 maximum Mie order, number of equations:
   3       600
 mean sphere Mie extinction, absorption efficiencies
  6.0252E-01  5.9801E-01
****************************************************
 calculation results for run 
           1
 number iterations, error, solution time 
     4  5.0232E-07  1.5680E-02
 total extinction, absorption, scattering efficiencies (unpol, par, perp incidence)
  1.5359E+00  1.4351E+00  1.0081E-01  1.5282E+00  1.4284E+00  9.9727E-02  1.5437E+00  1.4418E+00  1.0190E-01
 scattering matrix in incident plane: 0 deg= z axis
 forward scattering amplitude matrix (BH83,Eq3.12) 
(  0.1842E+00, -0.4536E-01) (  0.1822E+00, -0.4843E-01) (  0.1824E-02,  0.4065E-02) (  0.2071E-02,  0.4632E-02) 
 backward scattering amplitude matrix (BH83,Eq3.12) 
(  0.6046E-01, -0.6369E-02) ( -0.6193E-01,  0.5603E-02) (  0.2391E-03, -0.1440E-02) ( -0.2481E-03,  0.1447E-02) 

