****************************************************
****************************************************
 mstm calculation results
 date, time:
20250218 185756.514 
 input file:
mstm-v4.0-agg0-batch.inp
****************************************************
 input variables for run     1
 sphere data input file:
./aggregate_ptsa_files/agg_num=0_k=0.950_Df=2.35_meanRp=0.020um_rstdRp=0.10_Np=00020_Rve=0.052um_Rg=0.070um_epsagg=0.807.ptsa
 number spheres
   20
 length, ref index scale factors
  1.3221101E+01  2.0700000E+00  1.3300000E+00
 volume cluster radius, area mean sphere radius, circumscribing radius, cross section radius
  6.9323498E-01  2.5461766E-01  1.6718180E+00  6.9323498E-01
 incident plane wave
 incident alpha, beta(deg)
  0.0000E+00  0.0000E+00
 t matrix order:
     7
 layer 0 refractive index
  1.0000E+00  0.0000E+00
 number of plane boundaries 
  0
 max_iterations,solution_epsilon, mie_epsilon
     10000  1.0000E-06  1.0000E-06
 maximum Mie order, number of equations:
   3       600
 mean sphere Mie extinction, absorption efficiencies
  3.7699E-01  3.6886E-01
****************************************************
 calculation results for run 
           1
 number iterations, error, solution time 
     6  2.0910E-07  2.1731E-02
 total extinction, absorption, scattering efficiencies (unpol, par, perp incidence)
  1.5789E+00  1.3205E+00  2.5838E-01  1.5477E+00  1.2938E+00  2.5392E-01  1.6101E+00  1.3473E+00  2.6283E-01
 scattering matrix in incident plane: 0 deg= z axis
 forward scattering amplitude matrix (BH83,Eq3.12) 
(  0.1862E+00, -0.2388E+00) (  0.1788E+00, -0.2359E+00) (  0.1185E-01, -0.4747E-03) (  0.1312E-01, -0.3122E-02) 
 backward scattering amplitude matrix (BH83,Eq3.12) 
(  0.8565E-01, -0.6195E-01) ( -0.8447E-01,  0.6596E-01) ( -0.5487E-02, -0.4019E-02) (  0.5513E-02,  0.4004E-02) 

