****************************************************
****************************************************
 mstm calculation results
 date, time:
20250218 185656.692 
 input file:
mstm-v4.0-agg0-batch.inp
****************************************************
 input variables for run     1
 sphere data input file:
./aggregate_ptsa_files/agg_num=0_k=0.950_Df=2.35_meanRp=0.020um_rstdRp=0.10_Np=00020_Rve=0.052um_Rg=0.070um_epsagg=0.807.ptsa
 number spheres
   20
 length, ref index scale factors
  1.3221101E+01  1.2300000E+00  1.1200000E+00
 volume cluster radius, area mean sphere radius, circumscribing radius, cross section radius
  6.9323498E-01  2.5461766E-01  1.6718180E+00  6.9323498E-01
 incident plane wave
 incident alpha, beta(deg)
  0.0000E+00  0.0000E+00
 t matrix order:
     7
 layer 0 refractive index
  1.0000E+00  0.0000E+00
 number of plane boundaries 
  0
 max_iterations,solution_epsilon, mie_epsilon
     10000  1.0000E-06  1.0000E-06
 maximum Mie order, number of equations:
   3       600
 mean sphere Mie extinction, absorption efficiencies
  6.9980E-01  6.9200E-01
****************************************************
 calculation results for run 
           1
 number iterations, error, solution time 
     5  4.7305E-07  2.0280E-02
 total extinction, absorption, scattering efficiencies (unpol, par, perp incidence)
  1.9100E+00  1.7366E+00  1.7334E-01  1.8899E+00  1.7187E+00  1.7124E-01  1.9300E+00  1.7545E+00  1.7545E-01
 scattering matrix in incident plane: 0 deg= z axis
 forward scattering amplitude matrix (BH83,Eq3.12) 
(  0.2289E+00, -0.1005E+00) (  0.2240E+00, -0.1039E+00) (  0.4908E-02,  0.5574E-02) (  0.6226E-02,  0.6441E-02) 
 backward scattering amplitude matrix (BH83,Eq3.12) 
(  0.7647E-01, -0.1659E-01) ( -0.7987E-01,  0.1710E-01) (  0.3959E-03, -0.2722E-02) ( -0.3755E-03,  0.2723E-02) 

