****************************************************
****************************************************
 mstm calculation results
 date, time:
20250218 185740.504 
 input file:
mstm-v4.0-agg0-batch.inp
****************************************************
 input variables for run     1
 sphere data input file:
./aggregate_ptsa_files/agg_num=0_k=0.950_Df=2.35_meanRp=0.020um_rstdRp=0.10_Np=00020_Rve=0.052um_Rg=0.070um_epsagg=0.807.ptsa
 number spheres
   20
 length, ref index scale factors
  1.3221101E+01  1.8600000E+00  1.3300000E+00
 volume cluster radius, area mean sphere radius, circumscribing radius, cross section radius
  6.9323498E-01  2.5461766E-01  1.6718180E+00  6.9323498E-01
 incident plane wave
 incident alpha, beta(deg)
  0.0000E+00  0.0000E+00
 t matrix order:
     7
 layer 0 refractive index
  1.0000E+00  0.0000E+00
 number of plane boundaries 
  0
 max_iterations,solution_epsilon, mie_epsilon
     10000  1.0000E-06  1.0000E-06
 maximum Mie order, number of equations:
   3       600
 mean sphere Mie extinction, absorption efficiencies
  4.4359E-01  4.3534E-01
****************************************************
 calculation results for run 
           1
 number iterations, error, solution time 
     6  2.0040E-07  2.1584E-02
 total extinction, absorption, scattering efficiencies (unpol, par, perp incidence)
  1.7004E+00  1.4572E+00  2.4317E-01  1.6691E+00  1.4298E+00  2.3927E-01  1.7317E+00  1.4846E+00  2.4708E-01
 scattering matrix in incident plane: 0 deg= z axis
 forward scattering amplitude matrix (BH83,Eq3.12) 
(  0.2015E+00, -0.2146E+00) (  0.1940E+00, -0.2132E+00) (  0.1085E-01,  0.1476E-02) (  0.1273E-01, -0.4667E-03) 
 backward scattering amplitude matrix (BH83,Eq3.12) 
(  0.8605E-01, -0.5143E-01) ( -0.8621E-01,  0.5564E-01) ( -0.3909E-02, -0.4608E-02) (  0.3936E-02,  0.4613E-02) 

