****************************************************
****************************************************
 mstm calculation results
 date, time:
20250218 185709.200 
 input file:
mstm-v4.0-agg0-batch.inp
****************************************************
 input variables for run     1
 sphere data input file:
./aggregate_ptsa_files/agg_num=0_k=0.950_Df=2.35_meanRp=0.020um_rstdRp=0.10_Np=00020_Rve=0.052um_Rg=0.070um_epsagg=0.807.ptsa
 number spheres
   20
 length, ref index scale factors
  1.3221101E+01  1.4400000E+00  8.4000000E-01
 volume cluster radius, area mean sphere radius, circumscribing radius, cross section radius
  6.9323498E-01  2.5461766E-01  1.6718180E+00  6.9323498E-01
 incident plane wave
 incident alpha, beta(deg)
  0.0000E+00  0.0000E+00
 t matrix order:
     7
 layer 0 refractive index
  1.0000E+00  0.0000E+00
 number of plane boundaries 
  0
 max_iterations,solution_epsilon, mie_epsilon
     10000  1.0000E-06  1.0000E-06
 maximum Mie order, number of equations:
   3       600
 mean sphere Mie extinction, absorption efficiencies
  4.5457E-01  4.5034E-01
****************************************************
 calculation results for run 
           1
 number iterations, error, solution time 
     4  4.1006E-07  1.5559E-02
 total extinction, absorption, scattering efficiencies (unpol, par, perp incidence)
  1.3421E+00  1.2331E+00  1.0902E-01  1.3272E+00  1.2195E+00  1.0772E-01  1.3569E+00  1.2466E+00  1.1032E-01
 scattering matrix in incident plane: 0 deg= z axis
 forward scattering amplitude matrix (BH83,Eq3.12) 
(  0.1595E+00, -0.1155E+00) (  0.1559E+00, -0.1163E+00) (  0.4469E-02,  0.2061E-02) (  0.5195E-02,  0.1958E-02) 
 backward scattering amplitude matrix (BH83,Eq3.12) 
(  0.5945E-01, -0.2802E-01) ( -0.6068E-01,  0.2886E-01) ( -0.1043E-02, -0.1794E-02) (  0.1055E-02,  0.1797E-02) 

