****************************************************
****************************************************
 mstm calculation results
 date, time:
20250218 185648.009 
 input file:
mstm-v4.0-agg0-batch.inp
****************************************************
 input variables for run     1
 sphere data input file:
./aggregate_ptsa_files/agg_num=0_k=0.950_Df=2.35_meanRp=0.020um_rstdRp=0.10_Np=00020_Rve=0.052um_Rg=0.070um_epsagg=0.807.ptsa
 number spheres
   20
 length, ref index scale factors
  1.3221101E+01  1.1600000E+00  2.1000000E-01
 volume cluster radius, area mean sphere radius, circumscribing radius, cross section radius
  6.9323498E-01  2.5461766E-01  1.6718180E+00  6.9323498E-01
 incident plane wave
 incident alpha, beta(deg)
  0.0000E+00  0.0000E+00
 t matrix order:
     7
 layer 0 refractive index
  1.0000E+00  0.0000E+00
 number of plane boundaries 
  0
 max_iterations,solution_epsilon, mie_epsilon
     10000  1.0000E-06  1.0000E-06
 maximum Mie order, number of equations:
   3       600
 mean sphere Mie extinction, absorption efficiencies
  1.3655E-01  1.3620E-01
****************************************************
 calculation results for run 
           1
 number iterations, error, solution time 
     2  5.8131E-08  9.5855E-03
 total extinction, absorption, scattering efficiencies (unpol, par, perp incidence)
  3.7607E-01  3.6651E-01  9.5571E-03  3.7476E-01  3.6529E-01  9.4732E-03  3.7739E-01  3.6774E-01  9.6410E-03
 scattering matrix in incident plane: 0 deg= z axis
 forward scattering amplitude matrix (BH83,Eq3.12) 
(  0.4423E-01, -0.3652E-01) (  0.4392E-01, -0.3659E-01) (  0.4310E-03,  0.1151E-03) (  0.4432E-03,  0.1081E-03) 
 backward scattering amplitude matrix (BH83,Eq3.12) 
(  0.1692E-01, -0.1120E-01) ( -0.1700E-01,  0.1120E-01) ( -0.1625E-03, -0.1016E-03) (  0.1630E-03,  0.1005E-03) 

