****************************************************
****************************************************
 mstm calculation results
 date, time:
20250218 185718.328 
 input file:
mstm-v4.0-agg0-batch.inp
****************************************************
 input variables for run     1
 sphere data input file:
./aggregate_ptsa_files/agg_num=0_k=0.950_Df=2.35_meanRp=0.020um_rstdRp=0.10_Np=00020_Rve=0.052um_Rg=0.070um_epsagg=0.807.ptsa
 number spheres
   20
 length, ref index scale factors
  1.3221101E+01  1.5800000E+00  4.2000000E-01
 volume cluster radius, area mean sphere radius, circumscribing radius, cross section radius
  6.9323498E-01  2.5461766E-01  1.6718180E+00  6.9323498E-01
 incident plane wave
 incident alpha, beta(deg)
  0.0000E+00  0.0000E+00
 t matrix order:
     7
 layer 0 refractive index
  1.0000E+00  0.0000E+00
 number of plane boundaries 
  0
 max_iterations,solution_epsilon, mie_epsilon
     10000  1.0000E-06  1.0000E-06
 maximum Mie order, number of equations:
   3       600
 mean sphere Mie extinction, absorption efficiencies
  2.1085E-01  2.0876E-01
****************************************************
 calculation results for run 
           1
 number iterations, error, solution time 
     3  6.6477E-07  1.4740E-02
 total extinction, absorption, scattering efficiencies (unpol, par, perp incidence)
  6.7350E-01  6.1251E-01  6.0989E-02  6.6607E-01  6.0598E-01  6.0089E-02  6.8093E-01  6.1905E-01  6.1888E-02
 scattering matrix in incident plane: 0 deg= z axis
 forward scattering amplitude matrix (BH83,Eq3.12) 
(  0.7806E-01, -0.1227E+00) (  0.7630E-01, -0.1219E+00) (  0.2668E-02, -0.9123E-03) (  0.2720E-02, -0.1173E-02) 
 backward scattering amplitude matrix (BH83,Eq3.12) 
(  0.3432E-01, -0.3826E-01) ( -0.3443E-01,  0.3874E-01) ( -0.1281E-02, -0.1573E-03) (  0.1282E-02,  0.1552E-03) 

