****************************************************
****************************************************
 mstm calculation results
 date, time:
20250218 185640.590 
 input file:
mstm-v4.0-agg0-batch.inp
****************************************************
 input variables for run     1
 sphere data input file:
./aggregate_ptsa_files/agg_num=0_k=0.950_Df=2.35_meanRp=0.020um_rstdRp=0.10_Np=00020_Rve=0.052um_Rg=0.070um_epsagg=0.807.ptsa
 number spheres
   20
 length, ref index scale factors
  1.3221101E+01  1.0200000E+00  1.1200000E+00
 volume cluster radius, area mean sphere radius, circumscribing radius, cross section radius
  6.9323498E-01  2.5461766E-01  1.6718180E+00  6.9323498E-01
 incident plane wave
 incident alpha, beta(deg)
  0.0000E+00  0.0000E+00
 t matrix order:
     7
 layer 0 refractive index
  1.0000E+00  0.0000E+00
 number of plane boundaries 
  0
 max_iterations,solution_epsilon, mie_epsilon
     10000  1.0000E-06  1.0000E-06
 maximum Mie order, number of equations:
   3       600
 mean sphere Mie extinction, absorption efficiencies
  8.5990E-01  8.5038E-01
****************************************************
 calculation results for run 
           1
 number iterations, error, solution time 
     6  2.9713E-07  2.1597E-02
 total extinction, absorption, scattering efficiencies (unpol, par, perp incidence)
  2.1107E+00  1.9243E+00  1.8637E-01  2.0952E+00  1.9108E+00  1.8444E-01  2.1262E+00  1.9379E+00  1.8830E-01
 scattering matrix in incident plane: 0 deg= z axis
 forward scattering amplitude matrix (BH83,Eq3.12) 
(  0.2538E+00, -0.5799E-01) (  0.2499E+00, -0.6367E-01) (  0.2977E-02,  0.7340E-02) (  0.3584E-02,  0.8947E-02) 
 backward scattering amplitude matrix (BH83,Eq3.12) 
(  0.7820E-01, -0.4641E-02) ( -0.8209E-01,  0.2964E-02) (  0.1108E-02, -0.1939E-02) ( -0.1103E-02,  0.1920E-02) 

