****************************************************
****************************************************
 mstm calculation results
 date, time:
20250218 185750.999 
 input file:
mstm-v4.0-agg0-batch.inp
****************************************************
 input variables for run     1
 sphere data input file:
./aggregate_ptsa_files/agg_num=0_k=0.950_Df=2.35_meanRp=0.020um_rstdRp=0.10_Np=00020_Rve=0.052um_Rg=0.070um_epsagg=0.807.ptsa
 number spheres
   20
 length, ref index scale factors
  1.3221101E+01  2.0000000E+00  1.2600000E+00
 volume cluster radius, area mean sphere radius, circumscribing radius, cross section radius
  6.9323498E-01  2.5461766E-01  1.6718180E+00  6.9323498E-01
 incident plane wave
 incident alpha, beta(deg)
  0.0000E+00  0.0000E+00
 t matrix order:
     7
 layer 0 refractive index
  1.0000E+00  0.0000E+00
 number of plane boundaries 
  0
 max_iterations,solution_epsilon, mie_epsilon
     10000  1.0000E-06  1.0000E-06
 maximum Mie order, number of equations:
   3       600
 mean sphere Mie extinction, absorption efficiencies
  3.8651E-01  3.7882E-01
****************************************************
 calculation results for run 
           1
 number iterations, error, solution time 
     5  9.7883E-07  2.0193E-02
 total extinction, absorption, scattering efficiencies (unpol, par, perp incidence)
  1.5511E+00  1.3129E+00  2.3821E-01  1.5215E+00  1.2871E+00  2.3439E-01  1.5807E+00  1.3386E+00  2.4203E-01
 scattering matrix in incident plane: 0 deg= z axis
 forward scattering amplitude matrix (BH83,Eq3.12) 
(  0.1830E+00, -0.2262E+00) (  0.1760E+00, -0.2238E+00) (  0.1094E-01, -0.1249E-03) (  0.1216E-01, -0.2379E-02) 
 backward scattering amplitude matrix (BH83,Eq3.12) 
(  0.8229E-01, -0.5842E-01) ( -0.8161E-01,  0.6210E-01) ( -0.4822E-02, -0.3729E-02) (  0.4798E-02,  0.3731E-02) 

