****************************************************
****************************************************
 mstm calculation results
 date, time:
20250218 185730.745 
 input file:
mstm-v4.0-agg0-batch.inp
****************************************************
 input variables for run     1
 sphere data input file:
./aggregate_ptsa_files/agg_num=0_k=0.950_Df=2.35_meanRp=0.020um_rstdRp=0.10_Np=00020_Rve=0.052um_Rg=0.070um_epsagg=0.807.ptsa
 number spheres
   20
 length, ref index scale factors
  1.3221101E+01  1.7200000E+00  9.1000000E-01
 volume cluster radius, area mean sphere radius, circumscribing radius, cross section radius
  6.9323498E-01  2.5461766E-01  1.6718180E+00  6.9323498E-01
 incident plane wave
 incident alpha, beta(deg)
  0.0000E+00  0.0000E+00
 t matrix order:
     7
 layer 0 refractive index
  1.0000E+00  0.0000E+00
 number of plane boundaries 
  0
 max_iterations,solution_epsilon, mie_epsilon
     10000  1.0000E-06  1.0000E-06
 maximum Mie order, number of equations:
   3       600
 mean sphere Mie extinction, absorption efficiencies
  3.8646E-01  3.8137E-01
****************************************************
 calculation results for run 
           1
 number iterations, error, solution time 
     5  6.2219E-08  1.9060E-02
 total extinction, absorption, scattering efficiencies (unpol, par, perp incidence)
  1.3037E+00  1.1588E+00  1.4489E-01  1.2845E+00  1.1417E+00  1.4281E-01  1.3230E+00  1.1760E+00  1.4696E-01
 scattering matrix in incident plane: 0 deg= z axis
 forward scattering amplitude matrix (BH83,Eq3.12) 
(  0.1539E+00, -0.1662E+00) (  0.1493E+00, -0.1654E+00) (  0.6568E-02,  0.4640E-03) (  0.7343E-02, -0.3361E-03) 
 backward scattering amplitude matrix (BH83,Eq3.12) 
(  0.6378E-01, -0.4400E-01) ( -0.6430E-01,  0.4580E-01) ( -0.2414E-02, -0.2038E-02) (  0.2415E-02,  0.2041E-02) 

