****************************************************
****************************************************
 mstm calculation results
 date, time:
20250218 185720.855 
 input file:
mstm-v4.0-agg0-batch.inp
****************************************************
 input variables for run     1
 sphere data input file:
./aggregate_ptsa_files/agg_num=0_k=0.950_Df=2.35_meanRp=0.020um_rstdRp=0.10_Np=00020_Rve=0.052um_Rg=0.070um_epsagg=0.807.ptsa
 number spheres
   20
 length, ref index scale factors
  1.3221101E+01  1.5800000E+00  1.1200000E+00
 volume cluster radius, area mean sphere radius, circumscribing radius, cross section radius
  6.9323498E-01  2.5461766E-01  1.6718180E+00  6.9323498E-01
 incident plane wave
 incident alpha, beta(deg)
  0.0000E+00  0.0000E+00
 t matrix order:
     7
 layer 0 refractive index
  1.0000E+00  0.0000E+00
 number of plane boundaries 
  0
 max_iterations,solution_epsilon, mie_epsilon
     10000  1.0000E-06  1.0000E-06
 maximum Mie order, number of equations:
   3       600
 mean sphere Mie extinction, absorption efficiencies
  5.0851E-01  5.0175E-01
****************************************************
 calculation results for run 
           1
 number iterations, error, solution time 
     5  3.0221E-07  2.0594E-02
 total extinction, absorption, scattering efficiencies (unpol, par, perp incidence)
  1.6457E+00  1.4671E+00  1.7859E-01  1.6213E+00  1.4453E+00  1.7604E-01  1.6700E+00  1.4889E+00  1.8115E-01
 scattering matrix in incident plane: 0 deg= z axis
 forward scattering amplitude matrix (BH83,Eq3.12) 
(  0.1958E+00, -0.1595E+00) (  0.1899E+00, -0.1600E+00) (  0.7411E-02,  0.2780E-02) (  0.8948E-02,  0.2227E-02) 
 backward scattering amplitude matrix (BH83,Eq3.12) 
(  0.7533E-01, -0.3622E-01) ( -0.7697E-01,  0.3866E-01) ( -0.1676E-02, -0.3345E-02) (  0.1673E-02,  0.3331E-02) 

