****************************************************
****************************************************
 mstm calculation results
 date, time:
20250218 185708.646 
 input file:
mstm-v4.0-agg0-batch.inp
****************************************************
 input variables for run     1
 sphere data input file:
./aggregate_ptsa_files/agg_num=0_k=0.950_Df=2.35_meanRp=0.020um_rstdRp=0.10_Np=00020_Rve=0.052um_Rg=0.070um_epsagg=0.807.ptsa
 number spheres
   20
 length, ref index scale factors
  1.3221101E+01  1.4400000E+00  0.0000000E+00
 volume cluster radius, area mean sphere radius, circumscribing radius, cross section radius
  6.9323498E-01  2.5461766E-01  1.6718180E+00  6.9323498E-01
 incident plane wave
 incident alpha, beta(deg)
  0.0000E+00  0.0000E+00
 t matrix order:
     6
 layer 0 refractive index
  1.0000E+00  0.0000E+00
 number of plane boundaries 
  0
 max_iterations,solution_epsilon, mie_epsilon
     10000  1.0000E-06  1.0000E-06
 maximum Mie order, number of equations:
   2       320
 mean sphere Mie extinction, absorption efficiencies
  8.4085E-04  1.2211E-19
****************************************************
 calculation results for run 
           1
 number iterations, error, solution time 
     2  5.9261E-07  3.3834E-03
 total extinction, absorption, scattering efficiencies (unpol, par, perp incidence)
  2.5458E-02  1.2050E-17  2.5458E-02  2.5322E-02  2.8273E-16  2.5322E-02  2.5594E-02 -2.5863E-16  2.5594E-02
 scattering matrix in incident plane: 0 deg= z axis
 forward scattering amplitude matrix (BH83,Eq3.12) 
(  0.2055E-03, -0.9303E-01) (  0.1982E-03, -0.9221E-01) (  0.1056E-03, -0.1166E-02) (  0.5536E-04, -0.1164E-02) 
 backward scattering amplitude matrix (BH83,Eq3.12) 
(  0.4409E-02, -0.3371E-01) ( -0.4386E-02,  0.3384E-01) ( -0.2172E-03,  0.5042E-03) (  0.2180E-03, -0.4996E-03) 

