****************************************************
****************************************************
 mstm calculation results
 date, time:
20250218 185748.985 
 input file:
mstm-v4.0-agg0-batch.inp
****************************************************
 input variables for run     1
 sphere data input file:
./aggregate_ptsa_files/agg_num=0_k=0.950_Df=2.35_meanRp=0.020um_rstdRp=0.10_Np=00020_Rve=0.052um_Rg=0.070um_epsagg=0.807.ptsa
 number spheres
   20
 length, ref index scale factors
  1.3221101E+01  2.0000000E+00  7.0000000E-01
 volume cluster radius, area mean sphere radius, circumscribing radius, cross section radius
  6.9323498E-01  2.5461766E-01  1.6718180E+00  6.9323498E-01
 incident plane wave
 incident alpha, beta(deg)
  0.0000E+00  0.0000E+00
 t matrix order:
     7
 layer 0 refractive index
  1.0000E+00  0.0000E+00
 number of plane boundaries 
  0
 max_iterations,solution_epsilon, mie_epsilon
     10000  1.0000E-06  1.0000E-06
 maximum Mie order, number of equations:
   3       600
 mean sphere Mie extinction, absorption efficiencies
  2.4805E-01  2.4344E-01
****************************************************
 calculation results for run 
           1
 number iterations, error, solution time 
     4  7.9312E-07  1.5289E-02
 total extinction, absorption, scattering efficiencies (unpol, par, perp incidence)
  9.5399E-01  8.0773E-01  1.4626E-01  9.3842E-01  7.9433E-01  1.4410E-01  9.6955E-01  8.2113E-01  1.4842E-01
 scattering matrix in incident plane: 0 deg= z axis
 forward scattering amplitude matrix (BH83,Eq3.12) 
(  0.1104E+00, -0.1975E+00) (  0.1068E+00, -0.1950E+00) (  0.6276E-02, -0.2675E-02) (  0.6222E-02, -0.3767E-02) 
 backward scattering amplitude matrix (BH83,Eq3.12) 
(  0.5375E-01, -0.6009E-01) ( -0.5318E-01,  0.6143E-01) ( -0.3426E-02, -0.4748E-03) (  0.3411E-02,  0.4575E-03) 

