****************************************************
****************************************************
 mstm calculation results
 date, time:
20250218 185753.427 
 input file:
mstm-v4.0-agg0-batch.inp
****************************************************
 input variables for run     1
 sphere data input file:
./aggregate_ptsa_files/agg_num=0_k=0.950_Df=2.35_meanRp=0.020um_rstdRp=0.10_Np=00020_Rve=0.052um_Rg=0.070um_epsagg=0.807.ptsa
 number spheres
   20
 length, ref index scale factors
  1.3221101E+01  2.0700000E+00  4.9000000E-01
 volume cluster radius, area mean sphere radius, circumscribing radius, cross section radius
  6.9323498E-01  2.5461766E-01  1.6718180E+00  6.9323498E-01
 incident plane wave
 incident alpha, beta(deg)
  0.0000E+00  0.0000E+00
 t matrix order:
     7
 layer 0 refractive index
  1.0000E+00  0.0000E+00
 number of plane boundaries 
  0
 max_iterations,solution_epsilon, mie_epsilon
     10000  1.0000E-06  1.0000E-06
 maximum Mie order, number of equations:
   3       600
 mean sphere Mie extinction, absorption efficiencies
  1.7023E-01  1.6612E-01
****************************************************
 calculation results for run 
           1
 number iterations, error, solution time 
     4  4.5382E-07  1.5668E-02
 total extinction, absorption, scattering efficiencies (unpol, par, perp incidence)
  6.9965E-01  5.6412E-01  1.3553E-01  6.8813E-01  5.5468E-01  1.3345E-01  7.1117E-01  5.7356E-01  1.3761E-01
 scattering matrix in incident plane: 0 deg= z axis
 forward scattering amplitude matrix (BH83,Eq3.12) 
(  0.7924E-01, -0.2021E+00) (  0.7657E-01, -0.1989E+00) (  0.4939E-02, -0.4006E-02) (  0.4516E-02, -0.4825E-02) 
 backward scattering amplitude matrix (BH83,Eq3.12) 
(  0.4338E-01, -0.6574E-01) ( -0.4266E-01,  0.6653E-01) ( -0.3209E-02,  0.5976E-03) (  0.3191E-02, -0.5992E-03) 

