****************************************************
****************************************************
 mstm calculation results
 date, time:
20250218 185723.372 
 input file:
mstm-v4.0-agg0-batch.inp
****************************************************
 input variables for run     1
 sphere data input file:
./aggregate_ptsa_files/agg_num=0_k=0.950_Df=2.35_meanRp=0.020um_rstdRp=0.10_Np=00020_Rve=0.052um_Rg=0.070um_epsagg=0.807.ptsa
 number spheres
   20
 length, ref index scale factors
  1.3221101E+01  1.6500000E+00  3.5000000E-01
 volume cluster radius, area mean sphere radius, circumscribing radius, cross section radius
  6.9323498E-01  2.5461766E-01  1.6718180E+00  6.9323498E-01
 incident plane wave
 incident alpha, beta(deg)
  0.0000E+00  0.0000E+00
 t matrix order:
     7
 layer 0 refractive index
  1.0000E+00  0.0000E+00
 number of plane boundaries 
  0
 max_iterations,solution_epsilon, mie_epsilon
     10000  1.0000E-06  1.0000E-06
 maximum Mie order, number of equations:
   3       600
 mean sphere Mie extinction, absorption efficiencies
  1.6785E-01  1.6574E-01
****************************************************
 calculation results for run 
           1
 number iterations, error, solution time 
     3  6.9817E-07  1.4213E-02
 total extinction, absorption, scattering efficiencies (unpol, par, perp incidence)
  5.6315E-01  4.9945E-01  6.3701E-02  5.5639E-01  4.9366E-01  6.2729E-02  5.6992E-01  5.0525E-01  6.4673E-02
 scattering matrix in incident plane: 0 deg= z axis
 forward scattering amplitude matrix (BH83,Eq3.12) 
(  0.6438E-01, -0.1337E+00) (  0.6279E-01, -0.1325E+00) (  0.2503E-02, -0.1577E-02) (  0.2452E-02, -0.1851E-02) 
 backward scattering amplitude matrix (BH83,Eq3.12) 
(  0.3062E-01, -0.4331E-01) ( -0.3059E-01,  0.4375E-01) ( -0.1382E-02,  0.1681E-03) (  0.1381E-02, -0.1695E-03) 

