****************************************************
****************************************************
 mstm calculation results
 date, time:
20250218 185725.656 
 input file:
mstm-v4.0-agg0-batch.inp
****************************************************
 input variables for run     1
 sphere data input file:
./aggregate_ptsa_files/agg_num=0_k=0.950_Df=2.35_meanRp=0.020um_rstdRp=0.10_Np=00020_Rve=0.052um_Rg=0.070um_epsagg=0.807.ptsa
 number spheres
   20
 length, ref index scale factors
  1.3221101E+01  1.6500000E+00  9.8000000E-01
 volume cluster radius, area mean sphere radius, circumscribing radius, cross section radius
  6.9323498E-01  2.5461766E-01  1.6718180E+00  6.9323498E-01
 incident plane wave
 incident alpha, beta(deg)
  0.0000E+00  0.0000E+00
 t matrix order:
     7
 layer 0 refractive index
  1.0000E+00  0.0000E+00
 number of plane boundaries 
  0
 max_iterations,solution_epsilon, mie_epsilon
     10000  1.0000E-06  1.0000E-06
 maximum Mie order, number of equations:
   3       600
 mean sphere Mie extinction, absorption efficiencies
  4.3437E-01  4.2883E-01
****************************************************
 calculation results for run 
           1
 number iterations, error, solution time 
     5  9.6871E-08  1.9308E-02
 total extinction, absorption, scattering efficiencies (unpol, par, perp incidence)
  1.4267E+00  1.2744E+00  1.5234E-01  1.4061E+00  1.2559E+00  1.5018E-01  1.4474E+00  1.2929E+00  1.5451E-01
 scattering matrix in incident plane: 0 deg= z axis
 forward scattering amplitude matrix (BH83,Eq3.12) 
(  0.1690E+00, -0.1598E+00) (  0.1641E+00, -0.1596E+00) (  0.6718E-02,  0.1385E-02) (  0.7741E-02,  0.7121E-03) 
 backward scattering amplitude matrix (BH83,Eq3.12) 
(  0.6756E-01, -0.4003E-01) ( -0.6850E-01,  0.4197E-01) ( -0.2081E-02, -0.2478E-02) (  0.2080E-02,  0.2483E-02) 

