****************************************************
****************************************************
 mstm calculation results
 date, time:
20250218 185651.418 
 input file:
mstm-v4.0-agg0-batch.inp
****************************************************
 input variables for run     1
 sphere data input file:
./aggregate_ptsa_files/agg_num=0_k=0.950_Df=2.35_meanRp=0.020um_rstdRp=0.10_Np=00020_Rve=0.052um_Rg=0.070um_epsagg=0.807.ptsa
 number spheres
   20
 length, ref index scale factors
  1.3221101E+01  1.1600000E+00  1.1200000E+00
 volume cluster radius, area mean sphere radius, circumscribing radius, cross section radius
  6.9323498E-01  2.5461766E-01  1.6718180E+00  6.9323498E-01
 incident plane wave
 incident alpha, beta(deg)
  0.0000E+00  0.0000E+00
 t matrix order:
     7
 layer 0 refractive index
  1.0000E+00  0.0000E+00
 number of plane boundaries 
  0
 max_iterations,solution_epsilon, mie_epsilon
     10000  1.0000E-06  1.0000E-06
 maximum Mie order, number of equations:
   3       600
 mean sphere Mie extinction, absorption efficiencies
  7.4864E-01  7.4040E-01
****************************************************
 calculation results for run 
           1
 number iterations, error, solution time 
     5  5.9837E-07  2.0498E-02
 total extinction, absorption, scattering efficiencies (unpol, par, perp incidence)
  1.9726E+00  1.7967E+00  1.7598E-01  1.9540E+00  1.7801E+00  1.7396E-01  1.9913E+00  1.8133E+00  1.7800E-01
 scattering matrix in incident plane: 0 deg= z axis
 forward scattering amplitude matrix (BH83,Eq3.12) 
(  0.2367E+00, -0.8707E-01) (  0.2321E+00, -0.9119E-01) (  0.4319E-02,  0.6130E-02) (  0.5452E-02,  0.7282E-02) 
 backward scattering amplitude matrix (BH83,Eq3.12) 
(  0.7692E-01, -0.1262E-01) ( -0.8057E-01,  0.1249E-01) (  0.7004E-03, -0.2470E-02) ( -0.6793E-03,  0.2481E-02) 

