****************************************************
****************************************************
 mstm calculation results
 date, time:
20250218 185707.456 
 input file:
mstm-v4.0-agg0-batch.inp
****************************************************
 input variables for run     1
 sphere data input file:
./aggregate_ptsa_files/agg_num=0_k=0.950_Df=2.35_meanRp=0.020um_rstdRp=0.10_Np=00020_Rve=0.052um_Rg=0.070um_epsagg=0.807.ptsa
 number spheres
   20
 length, ref index scale factors
  1.3221101E+01  1.4400000E+00  3.5000000E-01
 volume cluster radius, area mean sphere radius, circumscribing radius, cross section radius
  6.9323498E-01  2.5461766E-01  1.6718180E+00  6.9323498E-01
 incident plane wave
 incident alpha, beta(deg)
  0.0000E+00  0.0000E+00
 t matrix order:
     7
 layer 0 refractive index
  1.0000E+00  0.0000E+00
 number of plane boundaries 
  0
 max_iterations,solution_epsilon, mie_epsilon
     10000  1.0000E-06  1.0000E-06
 maximum Mie order, number of equations:
   3       600
 mean sphere Mie extinction, absorption efficiencies
  1.9411E-01  1.9272E-01
****************************************************
 calculation results for run 
           1
 number iterations, error, solution time 
     3  1.2637E-07  1.1832E-02
 total extinction, absorption, scattering efficiencies (unpol, par, perp incidence)
  5.8592E-01  5.4630E-01  3.9620E-02  5.8085E-01  5.4171E-01  3.9144E-02  5.9099E-01  5.5090E-01  4.0096E-02
 scattering matrix in incident plane: 0 deg= z axis
 forward scattering amplitude matrix (BH83,Eq3.12) 
(  0.6809E-01, -0.9538E-01) (  0.6689E-01, -0.9496E-01) (  0.1783E-02, -0.4301E-03) (  0.1832E-02, -0.5550E-03) 
 backward scattering amplitude matrix (BH83,Eq3.12) 
(  0.2865E-01, -0.2981E-01) ( -0.2881E-01,  0.3009E-01) ( -0.8033E-03, -0.1398E-03) (  0.8041E-03,  0.1395E-03) 

