****************************************************
****************************************************
 mstm calculation results
 date, time:
20250218 185637.521 
 input file:
mstm-v4.0-agg0-batch.inp
****************************************************
 input variables for run     1
 sphere data input file:
./aggregate_ptsa_files/agg_num=0_k=0.950_Df=2.35_meanRp=0.020um_rstdRp=0.10_Np=00020_Rve=0.052um_Rg=0.070um_epsagg=0.807.ptsa
 number spheres
   20
 length, ref index scale factors
  1.3221101E+01  1.0200000E+00  2.8000000E-01
 volume cluster radius, area mean sphere radius, circumscribing radius, cross section radius
  6.9323498E-01  2.5461766E-01  1.6718180E+00  6.9323498E-01
 incident plane wave
 incident alpha, beta(deg)
  0.0000E+00  0.0000E+00
 t matrix order:
     7
 layer 0 refractive index
  1.0000E+00  0.0000E+00
 number of plane boundaries 
  0
 max_iterations,solution_epsilon, mie_epsilon
     10000  1.0000E-06  1.0000E-06
 maximum Mie order, number of equations:
   3       600
 mean sphere Mie extinction, absorption efficiencies
  1.9358E-01  1.9316E-01
****************************************************
 calculation results for run 
           1
 number iterations, error, solution time 
     2  1.0264E-07  9.9276E-03
 total extinction, absorption, scattering efficiencies (unpol, par, perp incidence)
  5.1180E-01  5.0078E-01  1.1020E-02  5.1152E-01  5.0059E-01  1.0935E-02  5.1209E-01  5.0098E-01  1.1106E-02
 scattering matrix in incident plane: 0 deg= z axis
 forward scattering amplitude matrix (BH83,Eq3.12) 
(  0.6133E-01, -0.7249E-02) (  0.6125E-01, -0.7617E-02) (  0.9156E-04,  0.5046E-03) (  0.9733E-04,  0.5226E-03) 
 backward scattering amplitude matrix (BH83,Eq3.12) 
(  0.2153E-01, -0.5924E-03) ( -0.2157E-01,  0.4907E-03) (  0.1791E-04, -0.2063E-03) ( -0.1731E-04,  0.2078E-03) 

