****************************************************
****************************************************
 mstm calculation results
 date, time:
20250218 185657.720 
 input file:
mstm-v4.0-agg0-batch.inp
****************************************************
 input variables for run     1
 sphere data input file:
./aggregate_ptsa_files/agg_num=0_k=0.950_Df=2.35_meanRp=0.020um_rstdRp=0.10_Np=00020_Rve=0.052um_Rg=0.070um_epsagg=0.807.ptsa
 number spheres
   20
 length, ref index scale factors
  1.3221101E+01  1.2300000E+00  1.4000000E+00
 volume cluster radius, area mean sphere radius, circumscribing radius, cross section radius
  6.9323498E-01  2.5461766E-01  1.6718180E+00  6.9323498E-01
 incident plane wave
 incident alpha, beta(deg)
  0.0000E+00  0.0000E+00
 t matrix order:
     7
 layer 0 refractive index
  1.0000E+00  0.0000E+00
 number of plane boundaries 
  0
 max_iterations,solution_epsilon, mie_epsilon
     10000  1.0000E-06  1.0000E-06
 maximum Mie order, number of equations:
   3       600
 mean sphere Mie extinction, absorption efficiencies
  7.9703E-01  7.8490E-01
****************************************************
 calculation results for run 
           1
 number iterations, error, solution time 
     7  1.0346E-07  2.4712E-02
 total extinction, absorption, scattering efficiencies (unpol, par, perp incidence)
  2.3103E+00  2.0491E+00  2.6121E-01  2.2773E+00  2.0193E+00  2.5802E-01  2.3434E+00  2.0790E+00  2.6440E-01
 scattering matrix in incident plane: 0 deg= z axis
 forward scattering amplitude matrix (BH83,Eq3.12) 
(  0.2775E+00, -0.1352E+00) (  0.2694E+00, -0.1394E+00) (  0.7464E-02,  0.7900E-02) (  0.1036E-01,  0.9291E-02) 
 backward scattering amplitude matrix (BH83,Eq3.12) 
(  0.9176E-01, -0.1812E-01) ( -0.9774E-01,  0.2066E-01) (  0.1597E-02, -0.4539E-02) ( -0.1605E-02,  0.4514E-02) 

