****************************************************
****************************************************
 mstm calculation results
 date, time:
20250218 185738.475 
 input file:
mstm-v4.0-agg0-batch.inp
****************************************************
 input variables for run     1
 sphere data input file:
./aggregate_ptsa_files/agg_num=0_k=0.950_Df=2.35_meanRp=0.020um_rstdRp=0.10_Np=00020_Rve=0.052um_Rg=0.070um_epsagg=0.807.ptsa
 number spheres
   20
 length, ref index scale factors
  1.3221101E+01  1.8600000E+00  7.7000000E-01
 volume cluster radius, area mean sphere radius, circumscribing radius, cross section radius
  6.9323498E-01  2.5461766E-01  1.6718180E+00  6.9323498E-01
 incident plane wave
 incident alpha, beta(deg)
  0.0000E+00  0.0000E+00
 t matrix order:
     7
 layer 0 refractive index
  1.0000E+00  0.0000E+00
 number of plane boundaries 
  0
 max_iterations,solution_epsilon, mie_epsilon
     10000  1.0000E-06  1.0000E-06
 maximum Mie order, number of equations:
   3       600
 mean sphere Mie extinction, absorption efficiencies
  3.0031E-01  2.9576E-01
****************************************************
 calculation results for run 
           1
 number iterations, error, solution time 
     4  6.9977E-07  1.5746E-02
 total extinction, absorption, scattering efficiencies (unpol, par, perp incidence)
  1.0762E+00  9.3903E-01  1.3714E-01  1.0597E+00  9.2449E-01  1.3525E-01  1.0926E+00  9.5358E-01  1.3904E-01
 scattering matrix in incident plane: 0 deg= z axis
 forward scattering amplitude matrix (BH83,Eq3.12) 
(  0.1258E+00, -0.1801E+00) (  0.1219E+00, -0.1783E+00) (  0.6216E-02, -0.1303E-02) (  0.6504E-02, -0.2277E-02) 
 backward scattering amplitude matrix (BH83,Eq3.12) 
(  0.5661E-01, -0.5218E-01) ( -0.5649E-01,  0.5367E-01) ( -0.2926E-02, -0.1091E-02) (  0.2923E-02,  0.1071E-02) 

