****************************************************
****************************************************
 mstm calculation results
 date, time:
20250218 185735.076 
 input file:
mstm-v4.0-agg0-batch.inp
****************************************************
 input variables for run     1
 sphere data input file:
./aggregate_ptsa_files/agg_num=0_k=0.950_Df=2.35_meanRp=0.020um_rstdRp=0.10_Np=00020_Rve=0.052um_Rg=0.070um_epsagg=0.807.ptsa
 number spheres
   20
 length, ref index scale factors
  1.3221101E+01  1.7900000E+00  6.3000000E-01
 volume cluster radius, area mean sphere radius, circumscribing radius, cross section radius
  6.9323498E-01  2.5461766E-01  1.6718180E+00  6.9323498E-01
 incident plane wave
 incident alpha, beta(deg)
  0.0000E+00  0.0000E+00
 t matrix order:
     7
 layer 0 refractive index
  1.0000E+00  0.0000E+00
 number of plane boundaries 
  0
 max_iterations,solution_epsilon, mie_epsilon
     10000  1.0000E-06  1.0000E-06
 maximum Mie order, number of equations:
   3       600
 mean sphere Mie extinction, absorption efficiencies
  2.6509E-01  2.6144E-01
****************************************************
 calculation results for run 
           1
 number iterations, error, solution time 
     4  2.3217E-07  1.5484E-02
 total extinction, absorption, scattering efficiencies (unpol, par, perp incidence)
  9.2100E-01  8.1142E-01  1.0958E-01  9.0800E-01  7.9988E-01  1.0812E-01  9.3399E-01  8.2295E-01  1.1104E-01
 scattering matrix in incident plane: 0 deg= z axis
 forward scattering amplitude matrix (BH83,Eq3.12) 
(  0.1072E+00, -0.1641E+00) (  0.1041E+00, -0.1625E+00) (  0.4880E-02, -0.1408E-02) (  0.5023E-02, -0.2086E-02) 
 backward scattering amplitude matrix (BH83,Eq3.12) 
(  0.4843E-01, -0.4915E-01) ( -0.4839E-01,  0.5019E-01) ( -0.2368E-02, -0.5945E-03) (  0.2365E-02,  0.5844E-03) 

