****************************************************
****************************************************
 mstm calculation results
 date, time:
20250218 185719.333 
 input file:
mstm-v4.0-agg0-batch.inp
****************************************************
 input variables for run     1
 sphere data input file:
./aggregate_ptsa_files/agg_num=0_k=0.950_Df=2.35_meanRp=0.020um_rstdRp=0.10_Np=00020_Rve=0.052um_Rg=0.070um_epsagg=0.807.ptsa
 number spheres
   20
 length, ref index scale factors
  1.3221101E+01  1.5800000E+00  7.0000000E-01
 volume cluster radius, area mean sphere radius, circumscribing radius, cross section radius
  6.9323498E-01  2.5461766E-01  1.6718180E+00  6.9323498E-01
 incident plane wave
 incident alpha, beta(deg)
  0.0000E+00  0.0000E+00
 t matrix order:
     7
 layer 0 refractive index
  1.0000E+00  0.0000E+00
 number of plane boundaries 
  0
 max_iterations,solution_epsilon, mie_epsilon
     10000  1.0000E-06  1.0000E-06
 maximum Mie order, number of equations:
   3       600
 mean sphere Mie extinction, absorption efficiencies
  3.4390E-01  3.4045E-01
****************************************************
 calculation results for run 
           1
 number iterations, error, solution time 
     4  1.6054E-07  1.5730E-02
 total extinction, absorption, scattering efficiencies (unpol, par, perp incidence)
  1.0791E+00  9.8346E-01  9.5601E-02  1.0661E+00  9.7166E-01  9.4446E-02  1.0920E+00  9.9525E-01  9.6756E-02
 scattering matrix in incident plane: 0 deg= z axis
 forward scattering amplitude matrix (BH83,Eq3.12) 
(  0.1272E+00, -0.1324E+00) (  0.1241E+00, -0.1321E+00) (  0.4367E-02,  0.3464E-03) (  0.4791E-02, -0.3900E-04) 
 backward scattering amplitude matrix (BH83,Eq3.12) 
(  0.5137E-01, -0.3660E-01) ( -0.5192E-01,  0.3751E-01) ( -0.1591E-02, -0.1153E-02) (  0.1596E-02,  0.1147E-02) 

