****************************************************
****************************************************
 mstm calculation results
 date, time:
20250218 185743.781 
 input file:
mstm-v4.0-agg0-batch.inp
****************************************************
 input variables for run     1
 sphere data input file:
./aggregate_ptsa_files/agg_num=0_k=0.950_Df=2.35_meanRp=0.020um_rstdRp=0.10_Np=00020_Rve=0.052um_Rg=0.070um_epsagg=0.807.ptsa
 number spheres
   20
 length, ref index scale factors
  1.3221101E+01  1.9300000E+00  7.7000000E-01
 volume cluster radius, area mean sphere radius, circumscribing radius, cross section radius
  6.9323498E-01  2.5461766E-01  1.6718180E+00  6.9323498E-01
 incident plane wave
 incident alpha, beta(deg)
  0.0000E+00  0.0000E+00
 t matrix order:
     7
 layer 0 refractive index
  1.0000E+00  0.0000E+00
 number of plane boundaries 
  0
 max_iterations,solution_epsilon, mie_epsilon
     10000  1.0000E-06  1.0000E-06
 maximum Mie order, number of equations:
   3       600
 mean sphere Mie extinction, absorption efficiencies
  2.8436E-01  2.7963E-01
****************************************************
 calculation results for run 
           1
 number iterations, error, solution time 
     4  8.7724E-07  1.7694E-02
 total extinction, absorption, scattering efficiencies (unpol, par, perp incidence)
  1.0543E+00  9.0835E-01  1.4595E-01  1.0375E+00  8.9366E-01  1.4386E-01  1.0711E+00  9.2304E-01  1.4803E-01
 scattering matrix in incident plane: 0 deg= z axis
 forward scattering amplitude matrix (BH83,Eq3.12) 
(  0.1229E+00, -0.1902E+00) (  0.1189E+00, -0.1881E+00) (  0.6525E-02, -0.1840E-02) (  0.6703E-02, -0.2941E-02) 
 backward scattering amplitude matrix (BH83,Eq3.12) 
(  0.5699E-01, -0.5594E-01) ( -0.5665E-01,  0.5748E-01) ( -0.3257E-02, -0.9535E-03) (  0.3248E-02,  0.9312E-03) 

