****************************************************
****************************************************
 mstm calculation results
 date, time:
20250218 185747.074 
 input file:
mstm-v4.0-agg0-batch.inp
****************************************************
 input variables for run     1
 sphere data input file:
./aggregate_ptsa_files/agg_num=0_k=0.950_Df=2.35_meanRp=0.020um_rstdRp=0.10_Np=00020_Rve=0.052um_Rg=0.070um_epsagg=0.807.ptsa
 number spheres
   20
 length, ref index scale factors
  1.3221101E+01  2.0000000E+00  2.1000000E-01
 volume cluster radius, area mean sphere radius, circumscribing radius, cross section radius
  6.9323498E-01  2.5461766E-01  1.6718180E+00  6.9323498E-01
 incident plane wave
 incident alpha, beta(deg)
  0.0000E+00  0.0000E+00
 t matrix order:
     7
 layer 0 refractive index
  1.0000E+00  0.0000E+00
 number of plane boundaries 
  0
 max_iterations,solution_epsilon, mie_epsilon
     10000  1.0000E-06  1.0000E-06
 maximum Mie order, number of equations:
   3       600
 mean sphere Mie extinction, absorption efficiencies
  8.0062E-02  7.6821E-02
****************************************************
 calculation results for run 
           1
 number iterations, error, solution time 
     4  1.3634E-07  1.5346E-02
 total extinction, absorption, scattering efficiencies (unpol, par, perp incidence)
  3.6790E-01  2.5926E-01  1.0865E-01  3.6223E-01  2.5518E-01  1.0705E-01  3.7358E-01  2.6334E-01  1.1024E-01
 scattering matrix in incident plane: 0 deg= z axis
 forward scattering amplitude matrix (BH83,Eq3.12) 
(  0.3905E-01, -0.1895E+00) (  0.3778E-01, -0.1865E+00) (  0.2613E-02, -0.4400E-02) (  0.2097E-02, -0.4739E-02) 
 backward scattering amplitude matrix (BH83,Eq3.12) 
(  0.2725E-01, -0.6595E-01) ( -0.2675E-01,  0.6625E-01) ( -0.2180E-02,  0.1461E-02) (  0.2174E-02, -0.1454E-02) 

