****************************************************
****************************************************
 mstm calculation results
 date, time:
20250218 185720.095 
 input file:
mstm-v4.0-agg0-batch.inp
****************************************************
 input variables for run     1
 sphere data input file:
./aggregate_ptsa_files/agg_num=0_k=0.950_Df=2.35_meanRp=0.020um_rstdRp=0.10_Np=00020_Rve=0.052um_Rg=0.070um_epsagg=0.807.ptsa
 number spheres
   20
 length, ref index scale factors
  1.3221101E+01  1.5800000E+00  9.1000000E-01
 volume cluster radius, area mean sphere radius, circumscribing radius, cross section radius
  6.9323498E-01  2.5461766E-01  1.6718180E+00  6.9323498E-01
 incident plane wave
 incident alpha, beta(deg)
  0.0000E+00  0.0000E+00
 t matrix order:
     7
 layer 0 refractive index
  1.0000E+00  0.0000E+00
 number of plane boundaries 
  0
 max_iterations,solution_epsilon, mie_epsilon
     10000  1.0000E-06  1.0000E-06
 maximum Mie order, number of equations:
   3       600
 mean sphere Mie extinction, absorption efficiencies
  4.3385E-01  4.2892E-01
****************************************************
 calculation results for run 
           1
 number iterations, error, solution time 
     4  9.1007E-07  1.5425E-02
 total extinction, absorption, scattering efficiencies (unpol, par, perp incidence)
  1.3707E+00  1.2382E+00  1.3246E-01  1.3526E+00  1.2218E+00  1.3080E-01  1.3888E+00  1.2546E+00  1.3413E-01
 scattering matrix in incident plane: 0 deg= z axis
 forward scattering amplitude matrix (BH83,Eq3.12) 
(  0.1625E+00, -0.1441E+00) (  0.1581E+00, -0.1442E+00) (  0.5818E-02,  0.1515E-02) (  0.6719E-02,  0.1041E-02) 
 backward scattering amplitude matrix (BH83,Eq3.12) 
(  0.6358E-01, -0.3615E-01) ( -0.6463E-01,  0.3763E-01) ( -0.1719E-02, -0.2113E-02) (  0.1738E-02,  0.2105E-02) 

