****************************************************
****************************************************
 mstm calculation results
 date, time:
20250218 185746.822 
 input file:
mstm-v4.0-agg0-batch.inp
****************************************************
 input variables for run     1
 sphere data input file:
./aggregate_ptsa_files/agg_num=0_k=0.950_Df=2.35_meanRp=0.020um_rstdRp=0.10_Np=00020_Rve=0.052um_Rg=0.070um_epsagg=0.807.ptsa
 number spheres
   20
 length, ref index scale factors
  1.3221101E+01  2.0000000E+00  1.4000000E-01
 volume cluster radius, area mean sphere radius, circumscribing radius, cross section radius
  6.9323498E-01  2.5461766E-01  1.6718180E+00  6.9323498E-01
 incident plane wave
 incident alpha, beta(deg)
  0.0000E+00  0.0000E+00
 t matrix order:
     7
 layer 0 refractive index
  1.0000E+00  0.0000E+00
 number of plane boundaries 
  0
 max_iterations,solution_epsilon, mie_epsilon
     10000  1.0000E-06  1.0000E-06
 maximum Mie order, number of equations:
   3       600
 mean sphere Mie extinction, absorption efficiencies
  5.4529E-02  5.1363E-02
****************************************************
 calculation results for run 
           1
 number iterations, error, solution time 
     4  1.2086E-07  1.5782E-02
 total extinction, absorption, scattering efficiencies (unpol, par, perp incidence)
  2.8139E-01  1.7430E-01  1.0709E-01  2.7708E-01  1.7156E-01  1.0552E-01  2.8570E-01  1.7704E-01  1.0866E-01
 scattering matrix in incident plane: 0 deg= z axis
 forward scattering amplitude matrix (BH83,Eq3.12) 
(  0.2848E-01, -0.1898E+00) (  0.2754E-01, -0.1867E+00) (  0.2086E-02, -0.4600E-02) (  0.1541E-02, -0.4839E-02) 
 backward scattering amplitude matrix (BH83,Eq3.12) 
(  0.2333E-01, -0.6721E-01) ( -0.2287E-01,  0.6742E-01) ( -0.1971E-02,  0.1700E-02) (  0.1968E-02, -0.1693E-02) 

