****************************************************
****************************************************
 mstm calculation results
 date, time:
20250218 185729.478 
 input file:
mstm-v4.0-agg0-batch.inp
****************************************************
 input variables for run     1
 sphere data input file:
./aggregate_ptsa_files/agg_num=0_k=0.950_Df=2.35_meanRp=0.020um_rstdRp=0.10_Np=00020_Rve=0.052um_Rg=0.070um_epsagg=0.807.ptsa
 number spheres
   20
 length, ref index scale factors
  1.3221101E+01  1.7200000E+00  5.6000000E-01
 volume cluster radius, area mean sphere radius, circumscribing radius, cross section radius
  6.9323498E-01  2.5461766E-01  1.6718180E+00  6.9323498E-01
 incident plane wave
 incident alpha, beta(deg)
  0.0000E+00  0.0000E+00
 t matrix order:
     7
 layer 0 refractive index
  1.0000E+00  0.0000E+00
 number of plane boundaries 
  0
 max_iterations,solution_epsilon, mie_epsilon
     10000  1.0000E-06  1.0000E-06
 maximum Mie order, number of equations:
   3       600
 mean sphere Mie extinction, absorption efficiencies
  2.5065E-01  2.4754E-01
****************************************************
 calculation results for run 
           1
 number iterations, error, solution time 
     4  1.0357E-07  1.5913E-02
 total extinction, absorption, scattering efficiencies (unpol, par, perp incidence)
  8.4505E-01  7.5268E-01  9.2371E-02  8.3396E-01  7.4276E-01  9.1194E-02  8.5613E-01  7.6259E-01  9.3548E-02
 scattering matrix in incident plane: 0 deg= z axis
 forward scattering amplitude matrix (BH83,Eq3.12) 
(  0.9826E-01, -0.1505E+00) (  0.9564E-01, -0.1492E+00) (  0.4101E-02, -0.1225E-02) (  0.4215E-02, -0.1735E-02) 
 backward scattering amplitude matrix (BH83,Eq3.12) 
(  0.4390E-01, -0.4562E-01) ( -0.4395E-01,  0.4645E-01) ( -0.1974E-02, -0.4310E-03) (  0.1972E-02,  0.4247E-03) 

