****************************************************
****************************************************
 mstm calculation results
 date, time:
20250218 185748.731 
 input file:
mstm-v4.0-agg0-batch.inp
****************************************************
 input variables for run     1
 sphere data input file:
./aggregate_ptsa_files/agg_num=0_k=0.950_Df=2.35_meanRp=0.020um_rstdRp=0.10_Np=00020_Rve=0.052um_Rg=0.070um_epsagg=0.807.ptsa
 number spheres
   20
 length, ref index scale factors
  1.3221101E+01  2.0000000E+00  6.3000000E-01
 volume cluster radius, area mean sphere radius, circumscribing radius, cross section radius
  6.9323498E-01  2.5461766E-01  1.6718180E+00  6.9323498E-01
 incident plane wave
 incident alpha, beta(deg)
  0.0000E+00  0.0000E+00
 t matrix order:
     7
 layer 0 refractive index
  1.0000E+00  0.0000E+00
 number of plane boundaries 
  0
 max_iterations,solution_epsilon, mie_epsilon
     10000  1.0000E-06  1.0000E-06
 maximum Mie order, number of equations:
   3       600
 mean sphere Mie extinction, absorption efficiencies
  2.2583E-01  2.2150E-01
****************************************************
 calculation results for run 
           1
 number iterations, error, solution time 
     4  5.7881E-07  1.5686E-02
 total extinction, absorption, scattering efficiencies (unpol, par, perp incidence)
  8.7300E-01  7.3480E-01  1.3820E-01  8.5892E-01  7.2276E-01  1.3616E-01  8.8709E-01  7.4684E-01  1.4025E-01
 scattering matrix in incident plane: 0 deg= z axis
 forward scattering amplitude matrix (BH83,Eq3.12) 
(  0.1006E+00, -0.1954E+00) (  0.9729E-01, -0.1927E+00) (  0.5740E-02, -0.2953E-02) (  0.5589E-02, -0.3926E-02) 
 backward scattering amplitude matrix (BH83,Eq3.12) 
(  0.5006E-01, -0.6064E-01) ( -0.4949E-01,  0.6179E-01) ( -0.3263E-02, -0.1641E-03) (  0.3248E-02,  0.1523E-03) 

