****************************************************
****************************************************
 mstm calculation results
 date, time:
20250218 185716.283 
 input file:
mstm-v4.0-agg0-batch.inp
****************************************************
 input variables for run     1
 sphere data input file:
./aggregate_ptsa_files/agg_num=0_k=0.950_Df=2.35_meanRp=0.020um_rstdRp=0.10_Np=00020_Rve=0.052um_Rg=0.070um_epsagg=0.807.ptsa
 number spheres
   20
 length, ref index scale factors
  1.3221101E+01  1.5100000E+00  1.3300000E+00
 volume cluster radius, area mean sphere radius, circumscribing radius, cross section radius
  6.9323498E-01  2.5461766E-01  1.6718180E+00  6.9323498E-01
 incident plane wave
 incident alpha, beta(deg)
  0.0000E+00  0.0000E+00
 t matrix order:
     7
 layer 0 refractive index
  1.0000E+00  0.0000E+00
 number of plane boundaries 
  0
 max_iterations,solution_epsilon, mie_epsilon
     10000  1.0000E-06  1.0000E-06
 maximum Mie order, number of equations:
   3       600
 mean sphere Mie extinction, absorption efficiencies
  5.9732E-01  5.8823E-01
****************************************************
 calculation results for run 
           1
 number iterations, error, solution time 
     6  2.9522E-07  2.1140E-02
 total extinction, absorption, scattering efficiencies (unpol, par, perp incidence)
  1.9538E+00  1.7234E+00  2.3031E-01  1.9230E+00  1.6958E+00  2.2720E-01  1.9845E+00  1.7511E+00  2.3342E-01
 scattering matrix in incident plane: 0 deg= z axis
 forward scattering amplitude matrix (BH83,Eq3.12) 
(  0.2333E+00, -0.1688E+00) (  0.2259E+00, -0.1700E+00) (  0.8804E-02,  0.4698E-02) (  0.1131E-01,  0.4361E-02) 
 backward scattering amplitude matrix (BH83,Eq3.12) 
(  0.8693E-01, -0.3289E-01) ( -0.8981E-01,  0.3654E-01) ( -0.1001E-02, -0.4826E-02) (  0.9972E-03,  0.4855E-02) 

