****************************************************
****************************************************
 mstm calculation results
 date, time:
20250218 185747.574 
 input file:
mstm-v4.0-agg0-batch.inp
****************************************************
 input variables for run     1
 sphere data input file:
./aggregate_ptsa_files/agg_num=0_k=0.950_Df=2.35_meanRp=0.020um_rstdRp=0.10_Np=00020_Rve=0.052um_Rg=0.070um_epsagg=0.807.ptsa
 number spheres
   20
 length, ref index scale factors
  1.3221101E+01  2.0000000E+00  3.5000000E-01
 volume cluster radius, area mean sphere radius, circumscribing radius, cross section radius
  6.9323498E-01  2.5461766E-01  1.6718180E+00  6.9323498E-01
 incident plane wave
 incident alpha, beta(deg)
  0.0000E+00  0.0000E+00
 t matrix order:
     7
 layer 0 refractive index
  1.0000E+00  0.0000E+00
 number of plane boundaries 
  0
 max_iterations,solution_epsilon, mie_epsilon
     10000  1.0000E-06  1.0000E-06
 maximum Mie order, number of equations:
   3       600
 mean sphere Mie extinction, absorption efficiencies
  1.3040E-01  1.2692E-01
****************************************************
 calculation results for run 
           1
 number iterations, error, solution time 
     4  1.9614E-07  1.5261E-02
 total extinction, absorption, scattering efficiencies (unpol, par, perp incidence)
  5.3929E-01  4.2454E-01  1.1475E-01  5.3087E-01  4.1781E-01  1.1306E-01  5.4770E-01  4.3126E-01  1.1645E-01
 scattering matrix in incident plane: 0 deg= z axis
 forward scattering amplitude matrix (BH83,Eq3.12) 
(  0.5997E-01, -0.1901E+00) (  0.5803E-01, -0.1872E+00) (  0.3652E-02, -0.3964E-02) (  0.3220E-02, -0.4505E-02) 
 backward scattering amplitude matrix (BH83,Eq3.12) 
(  0.3498E-01, -0.6378E-01) ( -0.3444E-01,  0.6430E-01) ( -0.2568E-02,  0.9585E-03) (  0.2558E-02, -0.9558E-03) 

