****************************************************
****************************************************
 mstm calculation results
 date, time:
20250218 185647.766 
 input file:
mstm-v4.0-agg0-batch.inp
****************************************************
 input variables for run     1
 sphere data input file:
./aggregate_ptsa_files/agg_num=0_k=0.950_Df=2.35_meanRp=0.020um_rstdRp=0.10_Np=00020_Rve=0.052um_Rg=0.070um_epsagg=0.807.ptsa
 number spheres
   20
 length, ref index scale factors
  1.3221101E+01  1.1600000E+00  1.4000000E-01
 volume cluster radius, area mean sphere radius, circumscribing radius, cross section radius
  6.9323498E-01  2.5461766E-01  1.6718180E+00  6.9323498E-01
 incident plane wave
 incident alpha, beta(deg)
  0.0000E+00  0.0000E+00
 t matrix order:
     7
 layer 0 refractive index
  1.0000E+00  0.0000E+00
 number of plane boundaries 
  0
 max_iterations,solution_epsilon, mie_epsilon
     10000  1.0000E-06  1.0000E-06
 maximum Mie order, number of equations:
   3       600
 mean sphere Mie extinction, absorption efficiencies
  9.0833E-02  9.0608E-02
****************************************************
 calculation results for run 
           1
 number iterations, error, solution time 
     2  1.5504E-08  9.7177E-03
 total extinction, absorption, scattering efficiencies (unpol, par, perp incidence)
  2.5256E-01  2.4631E-01  6.2521E-03  2.5168E-01  2.4548E-01  6.2081E-03  2.5343E-01  2.4714E-01  6.2961E-03
 scattering matrix in incident plane: 0 deg= z axis
 forward scattering amplitude matrix (BH83,Eq3.12) 
(  0.2936E-01, -0.3580E-01) (  0.2915E-01, -0.3576E-01) (  0.2900E-03, -0.3700E-04) (  0.2932E-03, -0.4332E-04) 
 backward scattering amplitude matrix (BH83,Eq3.12) 
(  0.1173E-01, -0.1162E-01) ( -0.1177E-01,  0.1164E-01) ( -0.1267E-03, -0.1978E-04) (  0.1266E-03,  0.1931E-04) 

