****************************************************
****************************************************
 mstm calculation results
 date, time:
20250218 185732.021 
 input file:
mstm-v4.0-agg0-batch.inp
****************************************************
 input variables for run     1
 sphere data input file:
./aggregate_ptsa_files/agg_num=0_k=0.950_Df=2.35_meanRp=0.020um_rstdRp=0.10_Np=00020_Rve=0.052um_Rg=0.070um_epsagg=0.807.ptsa
 number spheres
   20
 length, ref index scale factors
  1.3221101E+01  1.7200000E+00  1.2600000E+00
 volume cluster radius, area mean sphere radius, circumscribing radius, cross section radius
  6.9323498E-01  2.5461766E-01  1.6718180E+00  6.9323498E-01
 incident plane wave
 incident alpha, beta(deg)
  0.0000E+00  0.0000E+00
 t matrix order:
     7
 layer 0 refractive index
  1.0000E+00  0.0000E+00
 number of plane boundaries 
  0
 max_iterations,solution_epsilon, mie_epsilon
     10000  1.0000E-06  1.0000E-06
 maximum Mie order, number of equations:
   3       600
 mean sphere Mie extinction, absorption efficiencies
  4.8435E-01  4.7650E-01
****************************************************
 calculation results for run 
           1
 number iterations, error, solution time 
     5  8.7387E-07  2.0987E-02
 total extinction, absorption, scattering efficiencies (unpol, par, perp incidence)
  1.7181E+00  1.4992E+00  2.1893E-01  1.6886E+00  1.4730E+00  2.1559E-01  1.7476E+00  1.5254E+00  2.2228E-01
 scattering matrix in incident plane: 0 deg= z axis
 forward scattering amplitude matrix (BH83,Eq3.12) 
(  0.2042E+00, -0.1912E+00) (  0.1971E+00, -0.1907E+00) (  0.9463E-02,  0.2427E-02) (  0.1137E-01,  0.1139E-02) 
 backward scattering amplitude matrix (BH83,Eq3.12) 
(  0.8267E-01, -0.4400E-01) ( -0.8376E-01,  0.4763E-01) ( -0.2740E-02, -0.4307E-02) (  0.2723E-02,  0.4290E-02) 

