****************************************************
****************************************************
 mstm calculation results
 date, time:
20250218 185723.128 
 input file:
mstm-v4.0-agg0-batch.inp
****************************************************
 input variables for run     1
 sphere data input file:
./aggregate_ptsa_files/agg_num=0_k=0.950_Df=2.35_meanRp=0.020um_rstdRp=0.10_Np=00020_Rve=0.052um_Rg=0.070um_epsagg=0.807.ptsa
 number spheres
   20
 length, ref index scale factors
  1.3221101E+01  1.6500000E+00  2.8000000E-01
 volume cluster radius, area mean sphere radius, circumscribing radius, cross section radius
  6.9323498E-01  2.5461766E-01  1.6718180E+00  6.9323498E-01
 incident plane wave
 incident alpha, beta(deg)
  0.0000E+00  0.0000E+00
 t matrix order:
     7
 layer 0 refractive index
  1.0000E+00  0.0000E+00
 number of plane boundaries 
  0
 max_iterations,solution_epsilon, mie_epsilon
     10000  1.0000E-06  1.0000E-06
 maximum Mie order, number of equations:
   3       600
 mean sphere Mie extinction, absorption efficiencies
  1.3495E-01  1.3301E-01
****************************************************
 calculation results for run 
           1
 number iterations, error, solution time 
     3  4.8385E-07  1.4626E-02
 total extinction, absorption, scattering efficiencies (unpol, par, perp incidence)
  4.6223E-01  4.0323E-01  5.8998E-02  4.5670E-01  3.9856E-01  5.8142E-02  4.6777E-01  4.0791E-01  5.9854E-02
 scattering matrix in incident plane: 0 deg= z axis
 forward scattering amplitude matrix (BH83,Eq3.12) 
(  0.5213E-01, -0.1328E+00) (  0.5084E-01, -0.1314E+00) (  0.2077E-02, -0.1799E-02) (  0.1979E-02, -0.2022E-02) 
 backward scattering amplitude matrix (BH83,Eq3.12) 
(  0.2623E-01, -0.4412E-01) ( -0.2617E-01,  0.4448E-01) ( -0.1250E-02,  0.3721E-03) (  0.1249E-02, -0.3725E-03) 

