****************************************************
****************************************************
 mstm calculation results
 date, time:
20250218 185640.054 
 input file:
mstm-v4.0-agg0-batch.inp
****************************************************
 input variables for run     1
 sphere data input file:
./aggregate_ptsa_files/agg_num=0_k=0.950_Df=2.35_meanRp=0.020um_rstdRp=0.10_Np=00020_Rve=0.052um_Rg=0.070um_epsagg=0.807.ptsa
 number spheres
   20
 length, ref index scale factors
  1.3221101E+01  1.0200000E+00  9.8000000E-01
 volume cluster radius, area mean sphere radius, circumscribing radius, cross section radius
  6.9323498E-01  2.5461766E-01  1.6718180E+00  6.9323498E-01
 incident plane wave
 incident alpha, beta(deg)
  0.0000E+00  0.0000E+00
 t matrix order:
     7
 layer 0 refractive index
  1.0000E+00  0.0000E+00
 number of plane boundaries 
  0
 max_iterations,solution_epsilon, mie_epsilon
     10000  1.0000E-06  1.0000E-06
 maximum Mie order, number of equations:
   3       600
 mean sphere Mie extinction, absorption efficiencies
  7.5221E-01  7.4532E-01
****************************************************
 calculation results for run 
           1
 number iterations, error, solution time 
     5  1.9305E-07  1.9055E-02
 total extinction, absorption, scattering efficiencies (unpol, par, perp incidence)
  1.8492E+00  1.7074E+00  1.4182E-01  1.8396E+00  1.6991E+00  1.4054E-01  1.8588E+00  1.7157E+00  1.4310E-01
 scattering matrix in incident plane: 0 deg= z axis
 forward scattering amplitude matrix (BH83,Eq3.12) 
(  0.2221E+00, -0.4189E-01) (  0.2197E+00, -0.4641E-01) (  0.1953E-02,  0.5827E-02) (  0.2212E-02,  0.6876E-02) 
 backward scattering amplitude matrix (BH83,Eq3.12) 
(  0.6989E-01, -0.3114E-02) ( -0.7227E-01,  0.1593E-02) (  0.6450E-03, -0.1623E-02) ( -0.6372E-03,  0.1625E-02) 

