****************************************************
****************************************************
 mstm calculation results
 date, time:
20250218 185729.988 
 input file:
mstm-v4.0-agg0-batch.inp
****************************************************
 input variables for run     1
 sphere data input file:
./aggregate_ptsa_files/agg_num=0_k=0.950_Df=2.35_meanRp=0.020um_rstdRp=0.10_Np=00020_Rve=0.052um_Rg=0.070um_epsagg=0.807.ptsa
 number spheres
   20
 length, ref index scale factors
  1.3221101E+01  1.7200000E+00  7.0000000E-01
 volume cluster radius, area mean sphere radius, circumscribing radius, cross section radius
  6.9323498E-01  2.5461766E-01  1.6718180E+00  6.9323498E-01
 incident plane wave
 incident alpha, beta(deg)
  0.0000E+00  0.0000E+00
 t matrix order:
     7
 layer 0 refractive index
  1.0000E+00  0.0000E+00
 number of plane boundaries 
  0
 max_iterations,solution_epsilon, mie_epsilon
     10000  1.0000E-06  1.0000E-06
 maximum Mie order, number of equations:
   3       600
 mean sphere Mie extinction, absorption efficiencies
  3.0811E-01  3.0431E-01
****************************************************
 calculation results for run 
           1
 number iterations, error, solution time 
     4  2.7376E-07  1.6353E-02
 total extinction, absorption, scattering efficiencies (unpol, par, perp incidence)
  1.0323E+00  9.2188E-01  1.1044E-01  1.0183E+00  9.0924E-01  1.0902E-01  1.0464E+00  9.3451E-01  1.1187E-01
 scattering matrix in incident plane: 0 deg= z axis
 forward scattering amplitude matrix (BH83,Eq3.12) 
(  0.1210E+00, -0.1557E+00) (  0.1176E+00, -0.1545E+00) (  0.5057E-02, -0.6003E-03) (  0.5386E-02, -0.1236E-02) 
 backward scattering amplitude matrix (BH83,Eq3.12) 
(  0.5199E-01, -0.4475E-01) ( -0.5220E-01,  0.4589E-01) ( -0.2180E-02, -0.9994E-03) (  0.2182E-02,  0.9884E-03) 

