****************************************************
****************************************************
 mstm calculation results
 date, time:
20250218 185659.208 
 input file:
mstm-v4.0-agg0-batch.inp
****************************************************
 input variables for run     1
 sphere data input file:
./aggregate_ptsa_files/agg_num=0_k=0.950_Df=2.35_meanRp=0.020um_rstdRp=0.10_Np=00020_Rve=0.052um_Rg=0.070um_epsagg=0.807.ptsa
 number spheres
   20
 length, ref index scale factors
  1.3221101E+01  1.3000000E+00  3.5000000E-01
 volume cluster radius, area mean sphere radius, circumscribing radius, cross section radius
  6.9323498E-01  2.5461766E-01  1.6718180E+00  6.9323498E-01
 incident plane wave
 incident alpha, beta(deg)
  0.0000E+00  0.0000E+00
 t matrix order:
     7
 layer 0 refractive index
  1.0000E+00  0.0000E+00
 number of plane boundaries 
  0
 max_iterations,solution_epsilon, mie_epsilon
     10000  1.0000E-06  1.0000E-06
 maximum Mie order, number of equations:
   3       600
 mean sphere Mie extinction, absorption efficiencies
  2.1218E-01  2.1116E-01
****************************************************
 calculation results for run 
           1
 number iterations, error, solution time 
     3  3.4719E-08  1.2808E-02
 total extinction, absorption, scattering efficiencies (unpol, par, perp incidence)
  6.0397E-01  5.7616E-01  2.7810E-02  6.0016E-01  5.7260E-01  2.7566E-02  6.0777E-01  5.7971E-01  2.8054E-02
 scattering matrix in incident plane: 0 deg= z axis
 forward scattering amplitude matrix (BH83,Eq3.12) 
(  0.7096E-01, -0.6787E-01) (  0.7004E-01, -0.6790E-01) (  0.1275E-02,  0.1603E-03) (  0.1339E-02,  0.1173E-03) 
 backward scattering amplitude matrix (BH83,Eq3.12) 
(  0.2769E-01, -0.2035E-01) ( -0.2791E-01,  0.2046E-01) ( -0.4802E-03, -0.2636E-03) (  0.4805E-03,  0.2639E-03) 

