****************************************************
****************************************************
 mstm calculation results
 date, time:
20250218 185659.962 
 input file:
mstm-v4.0-agg0-batch.inp
****************************************************
 input variables for run     1
 sphere data input file:
./aggregate_ptsa_files/agg_num=0_k=0.950_Df=2.35_meanRp=0.020um_rstdRp=0.10_Np=00020_Rve=0.052um_Rg=0.070um_epsagg=0.807.ptsa
 number spheres
   20
 length, ref index scale factors
  1.3221101E+01  1.3000000E+00  5.6000000E-01
 volume cluster radius, area mean sphere radius, circumscribing radius, cross section radius
  6.9323498E-01  2.5461766E-01  1.6718180E+00  6.9323498E-01
 incident plane wave
 incident alpha, beta(deg)
  0.0000E+00  0.0000E+00
 t matrix order:
     7
 layer 0 refractive index
  1.0000E+00  0.0000E+00
 number of plane boundaries 
  0
 max_iterations,solution_epsilon, mie_epsilon
     10000  1.0000E-06  1.0000E-06
 maximum Mie order, number of equations:
   3       600
 mean sphere Mie extinction, absorption efficiencies
  3.4108E-01  3.3907E-01
****************************************************
 calculation results for run 
           1
 number iterations, error, solution time 
     3  5.5170E-07  1.4816E-02
 total extinction, absorption, scattering efficiencies (unpol, par, perp incidence)
  9.5439E-01  9.0214E-01  5.2248E-02  9.4772E-01  8.9598E-01  5.1742E-02  9.6105E-01  9.0829E-01  5.2755E-02
 scattering matrix in incident plane: 0 deg= z axis
 forward scattering amplitude matrix (BH83,Eq3.12) 
(  0.1132E+00, -0.7417E-01) (  0.1116E+00, -0.7479E-01) (  0.2098E-02,  0.1132E-02) (  0.2313E-02,  0.1136E-02) 
 backward scattering amplitude matrix (BH83,Eq3.12) 
(  0.4180E-01, -0.1952E-01) ( -0.4237E-01,  0.1966E-01) ( -0.5606E-03, -0.7842E-03) (  0.5615E-03,  0.7869E-03) 

