****************************************************
****************************************************
 mstm calculation results
 date, time:
20250218 185741.760 
 input file:
mstm-v4.0-agg0-batch.inp
****************************************************
 input variables for run     1
 sphere data input file:
./aggregate_ptsa_files/agg_num=0_k=0.950_Df=2.35_meanRp=0.020um_rstdRp=0.10_Np=00020_Rve=0.052um_Rg=0.070um_epsagg=0.807.ptsa
 number spheres
   20
 length, ref index scale factors
  1.3221101E+01  1.9300000E+00  2.1000000E-01
 volume cluster radius, area mean sphere radius, circumscribing radius, cross section radius
  6.9323498E-01  2.5461766E-01  1.6718180E+00  6.9323498E-01
 incident plane wave
 incident alpha, beta(deg)
  0.0000E+00  0.0000E+00
 t matrix order:
     7
 layer 0 refractive index
  1.0000E+00  0.0000E+00
 number of plane boundaries 
  0
 max_iterations,solution_epsilon, mie_epsilon
     10000  1.0000E-06  1.0000E-06
 maximum Mie order, number of equations:
   3       600
 mean sphere Mie extinction, absorption efficiencies
  8.3992E-02  8.1042E-02
****************************************************
 calculation results for run 
           1
 number iterations, error, solution time 
     4  8.3619E-08  1.5689E-02
 total extinction, absorption, scattering efficiencies (unpol, par, perp incidence)
  3.6523E-01  2.6807E-01  9.7159E-02  3.5985E-01  2.6406E-01  9.5790E-02  3.7062E-01  2.7209E-01  9.8528E-02
 scattering matrix in incident plane: 0 deg= z axis
 forward scattering amplitude matrix (BH83,Eq3.12) 
(  0.3903E-01, -0.1788E+00) (  0.3782E-01, -0.1761E+00) (  0.2409E-02, -0.3883E-02) (  0.1989E-02, -0.4189E-02) 
 backward scattering amplitude matrix (BH83,Eq3.12) 
(  0.2607E-01, -0.6199E-01) ( -0.2567E-01,  0.6232E-01) ( -0.1942E-02,  0.1261E-02) (  0.1937E-02, -0.1257E-02) 

