****************************************************
****************************************************
 mstm calculation results
 date, time:
20250218 185752.155 
 input file:
mstm-v4.0-agg0-batch.inp
****************************************************
 input variables for run     1
 sphere data input file:
./aggregate_ptsa_files/agg_num=0_k=0.950_Df=2.35_meanRp=0.020um_rstdRp=0.10_Np=00020_Rve=0.052um_Rg=0.070um_epsagg=0.807.ptsa
 number spheres
   20
 length, ref index scale factors
  1.3221101E+01  2.0700000E+00  1.4000000E-01
 volume cluster radius, area mean sphere radius, circumscribing radius, cross section radius
  6.9323498E-01  2.5461766E-01  1.6718180E+00  6.9323498E-01
 incident plane wave
 incident alpha, beta(deg)
  0.0000E+00  0.0000E+00
 t matrix order:
     7
 layer 0 refractive index
  1.0000E+00  0.0000E+00
 number of plane boundaries 
  0
 max_iterations,solution_epsilon, mie_epsilon
     10000  1.0000E-06  1.0000E-06
 maximum Mie order, number of equations:
   3       600
 mean sphere Mie extinction, absorption efficiencies
  5.2150E-02  4.8691E-02
****************************************************
 calculation results for run 
           1
 number iterations, error, solution time 
     4  1.9187E-07  1.5717E-02
 total extinction, absorption, scattering efficiencies (unpol, par, perp incidence)
  2.8752E-01  1.6850E-01  1.1902E-01  2.8294E-01  1.6573E-01  1.1720E-01  2.9211E-01  1.7128E-01  1.2084E-01
 scattering matrix in incident plane: 0 deg= z axis
 forward scattering amplitude matrix (BH83,Eq3.12) 
(  0.2893E-01, -0.2002E+00) (  0.2793E-01, -0.1968E+00) (  0.2284E-02, -0.5135E-02) (  0.1636E-02, -0.5399E-02) 
 backward scattering amplitude matrix (BH83,Eq3.12) 
(  0.2466E-01, -0.7108E-01) ( -0.2411E-01,  0.7125E-01) ( -0.2213E-02,  0.1917E-02) (  0.2208E-02, -0.1907E-02) 

