****************************************************
****************************************************
 mstm calculation results
 date, time:
20250218 185651.148 
 input file:
mstm-v4.0-agg0-batch.inp
****************************************************
 input variables for run     1
 sphere data input file:
./aggregate_ptsa_files/agg_num=0_k=0.950_Df=2.35_meanRp=0.020um_rstdRp=0.10_Np=00020_Rve=0.052um_Rg=0.070um_epsagg=0.807.ptsa
 number spheres
   20
 length, ref index scale factors
  1.3221101E+01  1.1600000E+00  1.0500000E+00
 volume cluster radius, area mean sphere radius, circumscribing radius, cross section radius
  6.9323498E-01  2.5461766E-01  1.6718180E+00  6.9323498E-01
 incident plane wave
 incident alpha, beta(deg)
  0.0000E+00  0.0000E+00
 t matrix order:
     7
 layer 0 refractive index
  1.0000E+00  0.0000E+00
 number of plane boundaries 
  0
 max_iterations,solution_epsilon, mie_epsilon
     10000  1.0000E-06  1.0000E-06
 maximum Mie order, number of equations:
   3       600
 mean sphere Mie extinction, absorption efficiencies
  7.0841E-01  7.0126E-01
****************************************************
 calculation results for run 
           1
 number iterations, error, solution time 
     5  2.6532E-07  1.9882E-02
 total extinction, absorption, scattering efficiencies (unpol, par, perp incidence)
  1.8572E+00  1.7020E+00  1.5520E-01  1.8411E+00  1.6876E+00  1.5349E-01  1.8732E+00  1.7163E+00  1.5691E-01
 scattering matrix in incident plane: 0 deg= z axis
 forward scattering amplitude matrix (BH83,Eq3.12) 
(  0.2227E+00, -0.7941E-01) (  0.2187E+00, -0.8317E-01) (  0.3780E-02,  0.5517E-02) (  0.4660E-02,  0.6448E-02) 
 backward scattering amplitude matrix (BH83,Eq3.12) 
(  0.7288E-01, -0.1211E-01) ( -0.7588E-01,  0.1184E-01) (  0.4604E-03, -0.2208E-02) ( -0.4563E-03,  0.2199E-02) 

