****************************************************
****************************************************
 mstm calculation results
 date, time:
20250218 185752.921 
 input file:
mstm-v4.0-agg0-batch.inp
****************************************************
 input variables for run     1
 sphere data input file:
./aggregate_ptsa_files/agg_num=0_k=0.950_Df=2.35_meanRp=0.020um_rstdRp=0.10_Np=00020_Rve=0.052um_Rg=0.070um_epsagg=0.807.ptsa
 number spheres
   20
 length, ref index scale factors
  1.3221101E+01  2.0700000E+00  3.5000000E-01
 volume cluster radius, area mean sphere radius, circumscribing radius, cross section radius
  6.9323498E-01  2.5461766E-01  1.6718180E+00  6.9323498E-01
 incident plane wave
 incident alpha, beta(deg)
  0.0000E+00  0.0000E+00
 t matrix order:
     7
 layer 0 refractive index
  1.0000E+00  0.0000E+00
 number of plane boundaries 
  0
 max_iterations,solution_epsilon, mie_epsilon
     10000  1.0000E-06  1.0000E-06
 maximum Mie order, number of equations:
   3       600
 mean sphere Mie extinction, absorption efficiencies
  1.2403E-01  1.2027E-01
****************************************************
 calculation results for run 
           1
 number iterations, error, solution time 
     4  2.9294E-07  1.5957E-02
 total extinction, absorption, scattering efficiencies (unpol, par, perp incidence)
  5.3670E-01  4.1058E-01  1.2612E-01  5.2797E-01  4.0379E-01  1.2419E-01  5.4542E-01  4.1737E-01  1.2805E-01
 scattering matrix in incident plane: 0 deg= z axis
 forward scattering amplitude matrix (BH83,Eq3.12) 
(  0.5938E-01, -0.2003E+00) (  0.5738E-01, -0.1971E+00) (  0.3882E-02, -0.4487E-02) (  0.3343E-02, -0.5077E-02) 
 backward scattering amplitude matrix (BH83,Eq3.12) 
(  0.3598E-01, -0.6756E-01) ( -0.3531E-01,  0.6806E-01) ( -0.2831E-02,  0.1149E-02) (  0.2819E-02, -0.1144E-02) 

