****************************************************
****************************************************
 mstm calculation results
 date, time:
20250218 185746.568 
 input file:
mstm-v4.0-agg0-batch.inp
****************************************************
 input variables for run     1
 sphere data input file:
./aggregate_ptsa_files/agg_num=0_k=0.950_Df=2.35_meanRp=0.020um_rstdRp=0.10_Np=00020_Rve=0.052um_Rg=0.070um_epsagg=0.807.ptsa
 number spheres
   20
 length, ref index scale factors
  1.3221101E+01  2.0000000E+00  7.0000000E-02
 volume cluster radius, area mean sphere radius, circumscribing radius, cross section radius
  6.9323498E-01  2.5461766E-01  1.6718180E+00  6.9323498E-01
 incident plane wave
 incident alpha, beta(deg)
  0.0000E+00  0.0000E+00
 t matrix order:
     7
 layer 0 refractive index
  1.0000E+00  0.0000E+00
 number of plane boundaries 
  0
 max_iterations,solution_epsilon, mie_epsilon
     10000  1.0000E-06  1.0000E-06
 maximum Mie order, number of equations:
   3       600
 mean sphere Mie extinction, absorption efficiencies
  2.8853E-02  2.5732E-02
****************************************************
 calculation results for run 
           1
 number iterations, error, solution time 
     4  1.1214E-07  1.6320E-02
 total extinction, absorption, scattering efficiencies (unpol, par, perp incidence)
  1.9443E-01  8.7861E-02  1.0657E-01  1.9149E-01  8.6477E-02  1.0501E-01  1.9737E-01  8.9244E-02  1.0812E-01
 scattering matrix in incident plane: 0 deg= z axis
 forward scattering amplitude matrix (BH83,Eq3.12) 
(  0.1785E-01, -0.1904E+00) (  0.1724E-01, -0.1872E+00) (  0.1551E-02, -0.4788E-02) (  0.9865E-03, -0.4928E-02) 
 backward scattering amplitude matrix (BH83,Eq3.12) 
(  0.1938E-01, -0.6858E-01) ( -0.1896E-01,  0.6871E-01) ( -0.1752E-02,  0.1933E-02) (  0.1751E-02, -0.1925E-02) 

