****************************************************
****************************************************
 mstm calculation results
 date, time:
20250218 185646.993 
 input file:
mstm-v4.0-agg0-batch.inp
****************************************************
 input variables for run     1
 sphere data input file:
./aggregate_ptsa_files/agg_num=0_k=0.950_Df=2.35_meanRp=0.020um_rstdRp=0.10_Np=00020_Rve=0.052um_Rg=0.070um_epsagg=0.807.ptsa
 number spheres
   20
 length, ref index scale factors
  1.3221101E+01  1.0900000E+00  1.4000000E+00
 volume cluster radius, area mean sphere radius, circumscribing radius, cross section radius
  6.9323498E-01  2.5461766E-01  1.6718180E+00  6.9323498E-01
 incident plane wave
 incident alpha, beta(deg)
  0.0000E+00  0.0000E+00
 t matrix order:
     7
 layer 0 refractive index
  1.0000E+00  0.0000E+00
 number of plane boundaries 
  0
 max_iterations,solution_epsilon, mie_epsilon
     10000  1.0000E-06  1.0000E-06
 maximum Mie order, number of equations:
   3       600
 mean sphere Mie extinction, absorption efficiencies
  9.2464E-01  9.1044E-01
****************************************************
 calculation results for run 
           1
 number iterations, error, solution time 
     7  2.4346E-07  2.4348E-02
 total extinction, absorption, scattering efficiencies (unpol, par, perp incidence)
  2.4771E+00  2.2006E+00  2.7653E-01  2.4453E+00  2.1720E+00  2.7334E-01  2.5090E+00  2.2293E+00  2.7973E-01
 scattering matrix in incident plane: 0 deg= z axis
 forward scattering amplitude matrix (BH83,Eq3.12) 
(  0.2981E+00, -0.1124E+00) (  0.2903E+00, -0.1184E+00) (  0.6311E-02,  0.9316E-02) (  0.8861E-02,  0.1181E-01) 
 backward scattering amplitude matrix (BH83,Eq3.12) 
(  0.9247E-01, -0.1086E-01) ( -0.1000E+00,  0.1174E-01) (  0.2696E-02, -0.3548E-02) ( -0.2674E-02,  0.3517E-02) 

