****************************************************
****************************************************
 mstm calculation results
 date, time:
20250218 185738.724 
 input file:
mstm-v4.0-agg0-batch.inp
****************************************************
 input variables for run     1
 sphere data input file:
./aggregate_ptsa_files/agg_num=0_k=0.950_Df=2.35_meanRp=0.020um_rstdRp=0.10_Np=00020_Rve=0.052um_Rg=0.070um_epsagg=0.807.ptsa
 number spheres
   20
 length, ref index scale factors
  1.3221101E+01  1.8600000E+00  8.4000000E-01
 volume cluster radius, area mean sphere radius, circumscribing radius, cross section radius
  6.9323498E-01  2.5461766E-01  1.6718180E+00  6.9323498E-01
 incident plane wave
 incident alpha, beta(deg)
  0.0000E+00  0.0000E+00
 t matrix order:
     7
 layer 0 refractive index
  1.0000E+00  0.0000E+00
 number of plane boundaries 
  0
 max_iterations,solution_epsilon, mie_epsilon
     10000  1.0000E-06  1.0000E-06
 maximum Mie order, number of equations:
   3       600
 mean sphere Mie extinction, absorption efficiencies
  3.2333E-01  3.1840E-01
****************************************************
 calculation results for run 
           1
 number iterations, error, solution time 
     5  5.5844E-08  1.8107E-02
 total extinction, absorption, scattering efficiencies (unpol, par, perp incidence)
  1.1609E+00  1.0131E+00  1.4778E-01  1.1426E+00  9.9699E-01  1.4558E-01  1.1792E+00  1.0292E+00  1.4998E-01
 scattering matrix in incident plane: 0 deg= z axis
 forward scattering amplitude matrix (BH83,Eq3.12) 
(  0.1361E+00, -0.1833E+00) (  0.1317E+00, -0.1816E+00) (  0.6731E-02, -0.9548E-03) (  0.7181E-02, -0.1991E-02) 
 backward scattering amplitude matrix (BH83,Eq3.12) 
(  0.6040E-01, -0.5185E-01) ( -0.6032E-01,  0.5356E-01) ( -0.3052E-02, -0.1477E-02) (  0.3055E-02,  0.1479E-02) 

