****************************************************
****************************************************
 mstm calculation results
 date, time:
20250218 185653.932 
 input file:
mstm-v4.0-agg0-batch.inp
****************************************************
 input variables for run     1
 sphere data input file:
./aggregate_ptsa_files/agg_num=0_k=0.950_Df=2.35_meanRp=0.020um_rstdRp=0.10_Np=00020_Rve=0.052um_Rg=0.070um_epsagg=0.807.ptsa
 number spheres
   20
 length, ref index scale factors
  1.3221101E+01  1.2300000E+00  3.5000000E-01
 volume cluster radius, area mean sphere radius, circumscribing radius, cross section radius
  6.9323498E-01  2.5461766E-01  1.6718180E+00  6.9323498E-01
 incident plane wave
 incident alpha, beta(deg)
  0.0000E+00  0.0000E+00
 t matrix order:
     7
 layer 0 refractive index
  1.0000E+00  0.0000E+00
 number of plane boundaries 
  0
 max_iterations,solution_epsilon, mie_epsilon
     10000  1.0000E-06  1.0000E-06
 maximum Mie order, number of equations:
   3       600
 mean sphere Mie extinction, absorption efficiencies
  2.2099E-01  2.2012E-01
****************************************************
 calculation results for run 
           1
 number iterations, error, solution time 
     2  8.9203E-07  9.7520E-03
 total extinction, absorption, scattering efficiencies (unpol, par, perp incidence)
  6.1327E-01  5.8989E-01  2.3375E-02  6.1014E-01  5.8710E-01  2.3040E-02  6.1639E-01  5.9269E-01  2.3709E-02
 scattering matrix in incident plane: 0 deg= z axis
 forward scattering amplitude matrix (BH83,Eq3.12) 
(  0.7244E-01, -0.5353E-01) (  0.7168E-01, -0.5380E-01) (  0.1011E-02,  0.4029E-03) (  0.1063E-02,  0.3780E-03) 
 backward scattering amplitude matrix (BH83,Eq3.12) 
(  0.2732E-01, -0.1549E-01) ( -0.2753E-01,  0.1553E-01) ( -0.3396E-03, -0.3082E-03) (  0.3438E-03,  0.3022E-03) 

