****************************************************
****************************************************
 mstm calculation results
 date, time:
20250218 185707.948 
 input file:
mstm-v4.0-agg0-batch.inp
****************************************************
 input variables for run     1
 sphere data input file:
./aggregate_ptsa_files/agg_num=0_k=0.950_Df=2.35_meanRp=0.020um_rstdRp=0.10_Np=00020_Rve=0.052um_Rg=0.070um_epsagg=0.807.ptsa
 number spheres
   20
 length, ref index scale factors
  1.3221101E+01  1.4400000E+00  4.9000000E-01
 volume cluster radius, area mean sphere radius, circumscribing radius, cross section radius
  6.9323498E-01  2.5461766E-01  1.6718180E+00  6.9323498E-01
 incident plane wave
 incident alpha, beta(deg)
  0.0000E+00  0.0000E+00
 t matrix order:
     7
 layer 0 refractive index
  1.0000E+00  0.0000E+00
 number of plane boundaries 
  0
 max_iterations,solution_epsilon, mie_epsilon
     10000  1.0000E-06  1.0000E-06
 maximum Mie order, number of equations:
   3       600
 mean sphere Mie extinction, absorption efficiencies
  2.7095E-01  2.6901E-01
****************************************************
 calculation results for run 
           1
 number iterations, error, solution time 
     3  4.9383E-07  1.2560E-02
 total extinction, absorption, scattering efficiencies (unpol, par, perp incidence)
  8.0589E-01  7.5208E-01  5.3804E-02  7.9878E-01  7.4564E-01  5.3143E-02  8.1299E-01  7.5852E-01  5.4465E-02
 scattering matrix in incident plane: 0 deg= z axis
 forward scattering amplitude matrix (BH83,Eq3.12) 
(  0.9467E-01, -0.9892E-01) (  0.9296E-01, -0.9881E-01) (  0.2467E-02,  0.1333E-03) (  0.2631E-02, -0.1962E-04) 
 backward scattering amplitude matrix (BH83,Eq3.12) 
(  0.3779E-01, -0.2888E-01) ( -0.3815E-01,  0.2926E-01) ( -0.9353E-03, -0.5211E-03) (  0.9376E-03,  0.5215E-03) 

