****************************************************
****************************************************
 mstm calculation results
 date, time:
20250218 185729.735 
 input file:
mstm-v4.0-agg0-batch.inp
****************************************************
 input variables for run     1
 sphere data input file:
./aggregate_ptsa_files/agg_num=0_k=0.950_Df=2.35_meanRp=0.020um_rstdRp=0.10_Np=00020_Rve=0.052um_Rg=0.070um_epsagg=0.807.ptsa
 number spheres
   20
 length, ref index scale factors
  1.3221101E+01  1.7200000E+00  6.3000000E-01
 volume cluster radius, area mean sphere radius, circumscribing radius, cross section radius
  6.9323498E-01  2.5461766E-01  1.6718180E+00  6.9323498E-01
 incident plane wave
 incident alpha, beta(deg)
  0.0000E+00  0.0000E+00
 t matrix order:
     7
 layer 0 refractive index
  1.0000E+00  0.0000E+00
 number of plane boundaries 
  0
 max_iterations,solution_epsilon, mie_epsilon
     10000  1.0000E-06  1.0000E-06
 maximum Mie order, number of equations:
   3       600
 mean sphere Mie extinction, absorption efficiencies
  2.7979E-01  2.7635E-01
****************************************************
 calculation results for run 
           1
 number iterations, error, solution time 
     4  1.6795E-07  1.6751E-02
 total extinction, absorption, scattering efficiencies (unpol, par, perp incidence)
  9.3925E-01  8.3833E-01  1.0092E-01  9.2671E-01  8.2708E-01  9.9627E-02  9.5179E-01  8.4958E-01  1.0222E-01
 scattering matrix in incident plane: 0 deg= z axis
 forward scattering amplitude matrix (BH83,Eq3.12) 
(  0.1097E+00, -0.1529E+00) (  0.1067E+00, -0.1517E+00) (  0.4573E-02, -0.9217E-03) (  0.4787E-02, -0.1494E-02) 
 backward scattering amplitude matrix (BH83,Eq3.12) 
(  0.4796E-01, -0.4514E-01) ( -0.4809E-01,  0.4612E-01) ( -0.2081E-02, -0.7064E-03) (  0.2081E-02,  0.6979E-03) 

