****************************************************
****************************************************
 mstm calculation results
 date, time:
20250218 185651.922 
 input file:
mstm-v4.0-agg0-batch.inp
****************************************************
 input variables for run     1
 sphere data input file:
./aggregate_ptsa_files/agg_num=0_k=0.950_Df=2.35_meanRp=0.020um_rstdRp=0.10_Np=00020_Rve=0.052um_Rg=0.070um_epsagg=0.807.ptsa
 number spheres
   20
 length, ref index scale factors
  1.3221101E+01  1.1600000E+00  1.2600000E+00
 volume cluster radius, area mean sphere radius, circumscribing radius, cross section radius
  6.9323498E-01  2.5461766E-01  1.6718180E+00  6.9323498E-01
 incident plane wave
 incident alpha, beta(deg)
  0.0000E+00  0.0000E+00
 t matrix order:
     7
 layer 0 refractive index
  1.0000E+00  0.0000E+00
 number of plane boundaries 
  0
 max_iterations,solution_epsilon, mie_epsilon
     10000  1.0000E-06  1.0000E-06
 maximum Mie order, number of equations:
   3       600
 mean sphere Mie extinction, absorption efficiencies
  8.1506E-01  8.0446E-01
****************************************************
 calculation results for run 
           1
 number iterations, error, solution time 
     6  5.8529E-07  2.1714E-02
 total extinction, absorption, scattering efficiencies (unpol, par, perp incidence)
  2.1918E+00  1.9716E+00  2.2020E-01  2.1664E+00  1.9485E+00  2.1786E-01  2.2173E+00  1.9948E+00  2.2253E-01
 scattering matrix in incident plane: 0 deg= z axis
 forward scattering amplitude matrix (BH83,Eq3.12) 
(  0.2633E+00, -0.1045E+00) (  0.2570E+00, -0.1091E+00) (  0.5577E-02,  0.7393E-02) (  0.7332E-02,  0.8917E-02) 
 backward scattering amplitude matrix (BH83,Eq3.12) 
(  0.8467E-01, -0.1362E-01) ( -0.8980E-01,  0.1413E-01) (  0.1296E-02, -0.3127E-02) ( -0.1324E-02,  0.3110E-02) 

