****************************************************
****************************************************
 mstm calculation results
 date, time:
20250218 185703.792 
 input file:
mstm-v4.0-agg0-batch.inp
****************************************************
 input variables for run     1
 sphere data input file:
./aggregate_ptsa_files/agg_num=0_k=0.950_Df=2.35_meanRp=0.020um_rstdRp=0.10_Np=00020_Rve=0.052um_Rg=0.070um_epsagg=0.807.ptsa
 number spheres
   20
 length, ref index scale factors
  1.3221101E+01  1.3700000E+00  1.4000000E-01
 volume cluster radius, area mean sphere radius, circumscribing radius, cross section radius
  6.9323498E-01  2.5461766E-01  1.6718180E+00  6.9323498E-01
 incident plane wave
 incident alpha, beta(deg)
  0.0000E+00  0.0000E+00
 t matrix order:
     7
 layer 0 refractive index
  1.0000E+00  0.0000E+00
 number of plane boundaries 
  0
 max_iterations,solution_epsilon, mie_epsilon
     10000  1.0000E-06  1.0000E-06
 maximum Mie order, number of equations:
   3       600
 mean sphere Mie extinction, absorption efficiencies
  8.1499E-02  8.0793E-02
****************************************************
 calculation results for run 
           1
 number iterations, error, solution time 
     2  4.8910E-07  9.5204E-03
 total extinction, absorption, scattering efficiencies (unpol, par, perp incidence)
  2.5093E-01  2.3032E-01  2.0616E-02  2.4900E-01  2.2855E-01  2.0445E-02  2.5287E-01  2.3208E-01  2.0787E-02
 scattering matrix in incident plane: 0 deg= z axis
 forward scattering amplitude matrix (BH83,Eq3.12) 
(  0.2795E-01, -0.7918E-01) (  0.2750E-01, -0.7864E-01) (  0.6661E-03, -0.6973E-03) (  0.6409E-03, -0.7288E-03) 
 backward scattering amplitude matrix (BH83,Eq3.12) 
(  0.1357E-01, -0.2698E-01) ( -0.1360E-01,  0.2710E-01) ( -0.3935E-03,  0.2015E-03) (  0.3885E-03, -0.2006E-03) 

