****************************************************
****************************************************
 mstm calculation results
 date, time:
20250218 185757.031 
 input file:
mstm-v4.0-agg0-batch.inp
****************************************************
 input variables for run     1
 sphere data input file:
./aggregate_ptsa_files/agg_num=0_k=0.950_Df=2.35_meanRp=0.020um_rstdRp=0.10_Np=00020_Rve=0.052um_Rg=0.070um_epsagg=0.807.ptsa
 number spheres
   20
 length, ref index scale factors
  1.3221101E+01  2.1400000E+00  0.0000000E+00
 volume cluster radius, area mean sphere radius, circumscribing radius, cross section radius
  6.9323498E-01  2.5461766E-01  1.6718180E+00  6.9323498E-01
 incident plane wave
 incident alpha, beta(deg)
  0.0000E+00  0.0000E+00
 t matrix order:
     6
 layer 0 refractive index
  1.0000E+00  0.0000E+00
 number of plane boundaries 
  0
 max_iterations,solution_epsilon, mie_epsilon
     10000  1.0000E-06  1.0000E-06
 maximum Mie order, number of equations:
   2       320
 mean sphere Mie extinction, absorption efficiencies
  3.6981E-03 -2.8512E-19
****************************************************
 calculation results for run 
           1
 number iterations, error, solution time 
     4  1.0130E-07  4.8744E-03
 total extinction, absorption, scattering efficiencies (unpol, par, perp incidence)
  1.2840E-01 -2.3692E-16  1.2840E-01  1.2663E-01 -2.7752E-16  1.2663E-01  1.3017E-01 -1.9633E-16  1.3017E-01
 scattering matrix in incident plane: 0 deg= z axis
 forward scattering amplitude matrix (BH83,Eq3.12) 
(  0.9175E-02, -0.2097E+00) (  0.8858E-02, -0.2061E+00) (  0.1279E-02, -0.5572E-02) (  0.5220E-03, -0.5642E-02) 
 backward scattering amplitude matrix (BH83,Eq3.12) 
(  0.1788E-01, -0.7629E-01) ( -0.1765E-01,  0.7656E-01) ( -0.1782E-02,  0.2321E-02) (  0.1783E-02, -0.2318E-02) 

