****************************************************
****************************************************
 mstm calculation results
 date, time:
20250218 185702.804 
 input file:
mstm-v4.0-agg0-batch.inp
****************************************************
 input variables for run     1
 sphere data input file:
./aggregate_ptsa_files/agg_num=0_k=0.950_Df=2.35_meanRp=0.020um_rstdRp=0.10_Np=00020_Rve=0.052um_Rg=0.070um_epsagg=0.807.ptsa
 number spheres
   20
 length, ref index scale factors
  1.3221101E+01  1.3000000E+00  1.3300000E+00
 volume cluster radius, area mean sphere radius, circumscribing radius, cross section radius
  6.9323498E-01  2.5461766E-01  1.6718180E+00  6.9323498E-01
 incident plane wave
 incident alpha, beta(deg)
  0.0000E+00  0.0000E+00
 t matrix order:
     7
 layer 0 refractive index
  1.0000E+00  0.0000E+00
 number of plane boundaries 
  0
 max_iterations,solution_epsilon, mie_epsilon
     10000  1.0000E-06  1.0000E-06
 maximum Mie order, number of equations:
   3       600
 mean sphere Mie extinction, absorption efficiencies
  7.2807E-01  7.1769E-01
****************************************************
 calculation results for run 
           1
 number iterations, error, solution time 
     6  5.7908E-07  2.1457E-02
 total extinction, absorption, scattering efficiencies (unpol, par, perp incidence)
  2.1448E+00  1.9108E+00  2.3403E-01  2.1149E+00  1.8836E+00  2.3131E-01  2.1747E+00  1.9380E+00  2.3675E-01
 scattering matrix in incident plane: 0 deg= z axis
 forward scattering amplitude matrix (BH83,Eq3.12) 
(  0.2572E+00, -0.1372E+00) (  0.2499E+00, -0.1404E+00) (  0.7339E-02,  0.6632E-02) (  0.9798E-02,  0.7497E-02) 
 backward scattering amplitude matrix (BH83,Eq3.12) 
(  0.8768E-01, -0.2153E-01) ( -0.9241E-01,  0.2395E-01) (  0.7256E-03, -0.4267E-02) ( -0.7596E-03,  0.4280E-02) 

