****************************************************
****************************************************
 mstm calculation results
 date, time:
20250218 185639.024 
 input file:
mstm-v4.0-agg0-batch.inp
****************************************************
 input variables for run     1
 sphere data input file:
./aggregate_ptsa_files/agg_num=0_k=0.950_Df=2.35_meanRp=0.020um_rstdRp=0.10_Np=00020_Rve=0.052um_Rg=0.070um_epsagg=0.807.ptsa
 number spheres
   20
 length, ref index scale factors
  1.3221101E+01  1.0200000E+00  7.0000000E-01
 volume cluster radius, area mean sphere radius, circumscribing radius, cross section radius
  6.9323498E-01  2.5461766E-01  1.6718180E+00  6.9323498E-01
 incident plane wave
 incident alpha, beta(deg)
  0.0000E+00  0.0000E+00
 t matrix order:
     7
 layer 0 refractive index
  1.0000E+00  0.0000E+00
 number of plane boundaries 
  0
 max_iterations,solution_epsilon, mie_epsilon
     10000  1.0000E-06  1.0000E-06
 maximum Mie order, number of equations:
   3       600
 mean sphere Mie extinction, absorption efficiencies
  5.1731E-01  5.1423E-01
****************************************************
 calculation results for run 
           1
 number iterations, error, solution time 
     4  8.6724E-08  1.5036E-02
 total extinction, absorption, scattering efficiencies (unpol, par, perp incidence)
  1.3049E+00  1.2343E+00  7.0547E-02  1.3019E+00  1.2319E+00  6.9967E-02  1.3079E+00  1.2367E+00  7.1127E-02
 scattering matrix in incident plane: 0 deg= z axis
 forward scattering amplitude matrix (BH83,Eq3.12) 
(  0.1566E+00, -0.2027E-01) (  0.1558E+00, -0.2268E-01) (  0.6711E-03,  0.3093E-02) (  0.6975E-03,  0.3422E-02) 
 backward scattering amplitude matrix (BH83,Eq3.12) 
(  0.5155E-01, -0.9229E-03) ( -0.5224E-01,  0.1213E-03) (  0.2308E-03, -0.1012E-02) ( -0.2349E-03,  0.1011E-02) 

