****************************************************
****************************************************
 mstm calculation results
 date, time:
20250218 185801.476 
 input file:
mstm-v4.0-agg0-batch.inp
****************************************************
 input variables for run     1
 sphere data input file:
./aggregate_ptsa_files/agg_num=0_k=0.950_Df=2.35_meanRp=0.020um_rstdRp=0.10_Np=00020_Rve=0.052um_Rg=0.070um_epsagg=0.807.ptsa
 number spheres
   20
 length, ref index scale factors
  1.3221101E+01  2.1400000E+00  1.1900000E+00
 volume cluster radius, area mean sphere radius, circumscribing radius, cross section radius
  6.9323498E-01  2.5461766E-01  1.6718180E+00  6.9323498E-01
 incident plane wave
 incident alpha, beta(deg)
  0.0000E+00  0.0000E+00
 t matrix order:
     7
 layer 0 refractive index
  1.0000E+00  0.0000E+00
 number of plane boundaries 
  0
 max_iterations,solution_epsilon, mie_epsilon
     10000  1.0000E-06  1.0000E-06
 maximum Mie order, number of equations:
   3       600
 mean sphere Mie extinction, absorption efficiencies
  3.3621E-01  3.2886E-01
****************************************************
 calculation results for run 
           1
 number iterations, error, solution time 
     5  8.0067E-07  2.0334E-02
 total extinction, absorption, scattering efficiencies (unpol, par, perp incidence)
  1.4164E+00  1.1785E+00  2.3789E-01  1.3887E+00  1.1548E+00  2.3399E-01  1.4440E+00  1.2022E+00  2.4179E-01
 scattering matrix in incident plane: 0 deg= z axis
 forward scattering amplitude matrix (BH83,Eq3.12) 
(  0.1662E+00, -0.2379E+00) (  0.1597E+00, -0.2346E+00) (  0.1093E-01, -0.1711E-02) (  0.1157E-01, -0.4122E-02) 
 backward scattering amplitude matrix (BH83,Eq3.12) 
(  0.7882E-01, -0.6525E-01) ( -0.7747E-01,  0.6841E-01) ( -0.5531E-02, -0.2825E-02) (  0.5512E-02,  0.2835E-02) 

