****************************************************
****************************************************
 mstm calculation results
 date, time:
20250218 185738.372 
 input file:
mstm-v4.0-agg0-batch.inp
****************************************************
 input variables for run     1
 sphere data input file:
./aggregate_ptsa_files/agg_num=0_k=0.950_Df=2.35_meanRp=0.020um_rstdRp=0.10_Np=00020_Rve=0.052um_Rg=0.070um_epsagg=0.807.ptsa
 number spheres
   20
 length, ref index scale factors
  1.3221101E+01  1.8600000E+00  7.0000000E-02
 volume cluster radius, area mean sphere radius, circumscribing radius, cross section radius
  6.9323498E-01  2.5461766E-01  1.6718180E+00  6.9323498E-01
 incident plane wave
 incident alpha, beta(deg)
  0.0000E+00  0.0000E+00
 t matrix order:
     7
 layer 0 refractive index
  1.0000E+00  0.0000E+00
 number of plane boundaries 
  0
 max_iterations,solution_epsilon, mie_epsilon
     10000  1.0000E-06  1.0000E-06
 maximum Mie order, number of equations:
   3       600
 mean sphere Mie extinction, absorption efficiencies
  3.1145E-02  2.8621E-02
****************************************************
 calculation results for run 
           1
 number iterations, error, solution time 
     4  3.7492E-08  1.5449E-02
 total extinction, absorption, scattering efficiencies (unpol, par, perp incidence)
  1.7730E-01  9.3969E-02  8.3335E-02  1.7486E-01  9.2636E-02  8.2224E-02  1.7975E-01  9.5302E-02  8.4445E-02
 scattering matrix in incident plane: 0 deg= z axis
 forward scattering amplitude matrix (BH83,Eq3.12) 
(  0.1641E-01, -0.1683E+00) (  0.1590E-01, -0.1658E+00) (  0.1209E-02, -0.3735E-02) (  0.8262E-03, -0.3844E-02) 
 backward scattering amplitude matrix (BH83,Eq3.12) 
(  0.1658E-01, -0.6040E-01) ( -0.1629E-01,  0.6059E-01) ( -0.1317E-02,  0.1495E-02) (  0.1317E-02, -0.1491E-02) 

