****************************************************
****************************************************
 mstm calculation results
 date, time:
20250218 185704.033 
 input file:
mstm-v4.0-agg0-batch.inp
****************************************************
 input variables for run     1
 sphere data input file:
./aggregate_ptsa_files/agg_num=0_k=0.950_Df=2.35_meanRp=0.020um_rstdRp=0.10_Np=00020_Rve=0.052um_Rg=0.070um_epsagg=0.807.ptsa
 number spheres
   20
 length, ref index scale factors
  1.3221101E+01  1.3700000E+00  2.1000000E-01
 volume cluster radius, area mean sphere radius, circumscribing radius, cross section radius
  6.9323498E-01  2.5461766E-01  1.6718180E+00  6.9323498E-01
 incident plane wave
 incident alpha, beta(deg)
  0.0000E+00  0.0000E+00
 t matrix order:
     7
 layer 0 refractive index
  1.0000E+00  0.0000E+00
 number of plane boundaries 
  0
 max_iterations,solution_epsilon, mie_epsilon
     10000  1.0000E-06  1.0000E-06
 maximum Mie order, number of equations:
   3       600
 mean sphere Mie extinction, absorption efficiencies
  1.2199E-01  1.2117E-01
****************************************************
 calculation results for run 
           1
 number iterations, error, solution time 
     2  7.6680E-07  9.0666E-03
 total extinction, absorption, scattering efficiencies (unpol, par, perp incidence)
  3.6599E-01  3.4238E-01  2.3612E-02  3.6311E-01  3.3975E-01  2.3365E-02  3.6888E-01  3.4502E-01  2.3859E-02
 scattering matrix in incident plane: 0 deg= z axis
 forward scattering amplitude matrix (BH83,Eq3.12) 
(  0.4188E-01, -0.7969E-01) (  0.4120E-01, -0.7924E-01) (  0.9598E-03, -0.5461E-03) (  0.9465E-03, -0.5960E-03) 
 backward scattering amplitude matrix (BH83,Eq3.12) 
(  0.1851E-01, -0.2627E-01) ( -0.1857E-01,  0.2641E-01) ( -0.4921E-03,  0.8307E-04) (  0.4857E-03, -0.8554E-04) 

