****************************************************
****************************************************
 mstm calculation results
 date, time:
20250218 185707.584 
 input file:
mstm-v4.0-agg0-batch.inp
****************************************************
 input variables for run     1
 sphere data input file:
./aggregate_ptsa_files/agg_num=0_k=0.950_Df=2.35_meanRp=0.020um_rstdRp=0.10_Np=00020_Rve=0.052um_Rg=0.070um_epsagg=0.807.ptsa
 number spheres
   20
 length, ref index scale factors
  1.3221101E+01  1.3700000E+00  1.1900000E+00
 volume cluster radius, area mean sphere radius, circumscribing radius, cross section radius
  6.9323498E-01  2.5461766E-01  1.6718180E+00  6.9323498E-01
 incident plane wave
 incident alpha, beta(deg)
  0.0000E+00  0.0000E+00
 t matrix order:
     7
 layer 0 refractive index
  1.0000E+00  0.0000E+00
 number of plane boundaries 
  0
 max_iterations,solution_epsilon, mie_epsilon
     10000  1.0000E-06  1.0000E-06
 maximum Mie order, number of equations:
   3       600
 mean sphere Mie extinction, absorption efficiencies
  6.3973E-01  6.3168E-01
****************************************************
 calculation results for run 
           1
 number iterations, error, solution time 
     5  6.8161E-07  2.0203E-02
 total extinction, absorption, scattering efficiencies (unpol, par, perp incidence)
  1.8927E+00  1.7014E+00  1.9132E-01  1.8679E+00  1.6792E+00  1.8873E-01  1.9175E+00  1.7236E+00  1.9392E-01
 scattering matrix in incident plane: 0 deg= z axis
 forward scattering amplitude matrix (BH83,Eq3.12) 
(  0.2264E+00, -0.1326E+00) (  0.2204E+00, -0.1350E+00) (  0.6556E-02,  0.4982E-02) (  0.8399E-02,  0.5323E-02) 
 backward scattering amplitude matrix (BH83,Eq3.12) 
(  0.7974E-01, -0.2477E-01) ( -0.8294E-01,  0.2666E-01) ( -0.1904E-03, -0.3539E-02) (  0.2067E-03,  0.3522E-02) 

