****************************************************
****************************************************
 mstm calculation results
 date, time:
20250218 185801.218 
 input file:
mstm-v4.0-agg0-batch.inp
****************************************************
 input variables for run     1
 sphere data input file:
./aggregate_ptsa_files/agg_num=0_k=0.950_Df=2.35_meanRp=0.020um_rstdRp=0.10_Np=00020_Rve=0.052um_Rg=0.070um_epsagg=0.807.ptsa
 number spheres
   20
 length, ref index scale factors
  1.3221101E+01  2.1400000E+00  1.1200000E+00
 volume cluster radius, area mean sphere radius, circumscribing radius, cross section radius
  6.9323498E-01  2.5461766E-01  1.6718180E+00  6.9323498E-01
 incident plane wave
 incident alpha, beta(deg)
  0.0000E+00  0.0000E+00
 t matrix order:
     7
 layer 0 refractive index
  1.0000E+00  0.0000E+00
 number of plane boundaries 
  0
 max_iterations,solution_epsilon, mie_epsilon
     10000  1.0000E-06  1.0000E-06
 maximum Mie order, number of equations:
   3       600
 mean sphere Mie extinction, absorption efficiencies
  3.2341E-01  3.1644E-01
****************************************************
 calculation results for run 
           1
 number iterations, error, solution time 
     5  5.7104E-07  1.9938E-02
 total extinction, absorption, scattering efficiencies (unpol, par, perp incidence)
  1.3504E+00  1.1248E+00  2.2567E-01  1.3245E+00  1.1025E+00  2.2198E-01  1.3763E+00  1.1470E+00  2.2936E-01
 scattering matrix in incident plane: 0 deg= z axis
 forward scattering amplitude matrix (BH83,Eq3.12) 
(  0.1582E+00, -0.2341E+00) (  0.1521E+00, -0.2308E+00) (  0.1031E-01, -0.2007E-02) (  0.1079E-01, -0.4224E-02) 
 backward scattering amplitude matrix (BH83,Eq3.12) 
(  0.7545E-01, -0.6531E-01) ( -0.7418E-01,  0.6814E-01) ( -0.5305E-02, -0.2395E-02) (  0.5290E-02,  0.2403E-02) 

