****************************************************
****************************************************
 mstm calculation results
 date, time:
20250218 185737.349 
 input file:
mstm-v4.0-agg0-batch.inp
****************************************************
 input variables for run     1
 sphere data input file:
./aggregate_ptsa_files/agg_num=0_k=0.950_Df=2.35_meanRp=0.020um_rstdRp=0.10_Np=00020_Rve=0.052um_Rg=0.070um_epsagg=0.807.ptsa
 number spheres
   20
 length, ref index scale factors
  1.3221101E+01  1.7900000E+00  1.2600000E+00
 volume cluster radius, area mean sphere radius, circumscribing radius, cross section radius
  6.9323498E-01  2.5461766E-01  1.6718180E+00  6.9323498E-01
 incident plane wave
 incident alpha, beta(deg)
  0.0000E+00  0.0000E+00
 t matrix order:
     7
 layer 0 refractive index
  1.0000E+00  0.0000E+00
 number of plane boundaries 
  0
 max_iterations,solution_epsilon, mie_epsilon
     10000  1.0000E-06  1.0000E-06
 maximum Mie order, number of equations:
   3       600
 mean sphere Mie extinction, absorption efficiencies
  4.5693E-01  4.4916E-01
****************************************************
 calculation results for run 
           1
 number iterations, error, solution time 
     5  8.7676E-07  1.9780E-02
 total extinction, absorption, scattering efficiencies (unpol, par, perp incidence)
  1.6728E+00  1.4499E+00  2.2289E-01  1.6432E+00  1.4238E+00  2.1944E-01  1.7025E+00  1.4761E+00  2.2635E-01
 scattering matrix in incident plane: 0 deg= z axis
 forward scattering amplitude matrix (BH83,Eq3.12) 
(  0.1985E+00, -0.2004E+00) (  0.1914E+00, -0.1994E+00) (  0.9862E-02,  0.1795E-02) (  0.1162E-01,  0.2348E-03) 
 backward scattering amplitude matrix (BH83,Eq3.12) 
(  0.8256E-01, -0.4769E-01) ( -0.8317E-01,  0.5139E-01) ( -0.3280E-02, -0.4214E-02) (  0.3260E-02,  0.4202E-02) 

