****************************************************
****************************************************
 mstm calculation results
 date, time:
20250218 185800.964 
 input file:
mstm-v4.0-agg0-batch.inp
****************************************************
 input variables for run     1
 sphere data input file:
./aggregate_ptsa_files/agg_num=0_k=0.950_Df=2.35_meanRp=0.020um_rstdRp=0.10_Np=00020_Rve=0.052um_Rg=0.070um_epsagg=0.807.ptsa
 number spheres
   20
 length, ref index scale factors
  1.3221101E+01  2.1400000E+00  1.0500000E+00
 volume cluster radius, area mean sphere radius, circumscribing radius, cross section radius
  6.9323498E-01  2.5461766E-01  1.6718180E+00  6.9323498E-01
 incident plane wave
 incident alpha, beta(deg)
  0.0000E+00  0.0000E+00
 t matrix order:
     7
 layer 0 refractive index
  1.0000E+00  0.0000E+00
 number of plane boundaries 
  0
 max_iterations,solution_epsilon, mie_epsilon
     10000  1.0000E-06  1.0000E-06
 maximum Mie order, number of equations:
   3       600
 mean sphere Mie extinction, absorption efficiencies
  3.0938E-01  3.0278E-01
****************************************************
 calculation results for run 
           1
 number iterations, error, solution time 
     5  4.0573E-07  2.0861E-02
 total extinction, absorption, scattering efficiencies (unpol, par, perp incidence)
  1.2828E+00  1.0687E+00  2.1405E-01  1.2586E+00  1.0480E+00  2.1057E-01  1.3070E+00  1.0894E+00  2.1754E-01
 scattering matrix in incident plane: 0 deg= z axis
 forward scattering amplitude matrix (BH83,Eq3.12) 
(  0.1500E+00, -0.2304E+00) (  0.1443E+00, -0.2272E+00) (  0.9701E-02, -0.2302E-02) (  0.1004E-01, -0.4338E-02) 
 backward scattering amplitude matrix (BH83,Eq3.12) 
(  0.7207E-01, -0.6545E-01) ( -0.7087E-01,  0.6797E-01) ( -0.5091E-02, -0.1981E-02) (  0.5078E-02,  0.1990E-02) 

