****************************************************
****************************************************
 mstm calculation results
 date, time:
20250218 185754.955 
 input file:
mstm-v4.0-agg0-batch.inp
****************************************************
 input variables for run     1
 sphere data input file:
./aggregate_ptsa_files/agg_num=0_k=0.950_Df=2.35_meanRp=0.020um_rstdRp=0.10_Np=00020_Rve=0.052um_Rg=0.070um_epsagg=0.807.ptsa
 number spheres
   20
 length, ref index scale factors
  1.3221101E+01  2.0700000E+00  9.1000000E-01
 volume cluster radius, area mean sphere radius, circumscribing radius, cross section radius
  6.9323498E-01  2.5461766E-01  1.6718180E+00  6.9323498E-01
 incident plane wave
 incident alpha, beta(deg)
  0.0000E+00  0.0000E+00
 t matrix order:
     7
 layer 0 refractive index
  1.0000E+00  0.0000E+00
 number of plane boundaries 
  0
 max_iterations,solution_epsilon, mie_epsilon
     10000  1.0000E-06  1.0000E-06
 maximum Mie order, number of equations:
   3       600
 mean sphere Mie extinction, absorption efficiencies
  2.9300E-01  2.8724E-01
****************************************************
 calculation results for run 
           1
 number iterations, error, solution time 
     5  1.6661E-07  1.8925E-02
 total extinction, absorption, scattering efficiencies (unpol, par, perp incidence)
  1.1657E+00  9.8187E-01  1.8383E-01  1.1449E+00  9.6404E-01  1.8087E-01  1.1865E+00  9.9970E-01  1.8678E-01
 scattering matrix in incident plane: 0 deg= z axis
 forward scattering amplitude matrix (BH83,Eq3.12) 
(  0.1360E+00, -0.2152E+00) (  0.1311E+00, -0.2123E+00) (  0.8231E-02, -0.2310E-02) (  0.8460E-02, -0.3892E-02) 
 backward scattering amplitude matrix (BH83,Eq3.12) 
(  0.6493E-01, -0.6247E-01) ( -0.6410E-01,  0.6448E-01) ( -0.4312E-02, -0.1393E-02) (  0.4318E-02,  0.1391E-02) 

