****************************************************
****************************************************
 mstm calculation results
 date, time:
20250218 185640.852 
 input file:
mstm-v4.0-agg0-batch.inp
****************************************************
 input variables for run     1
 sphere data input file:
./aggregate_ptsa_files/agg_num=0_k=0.950_Df=2.35_meanRp=0.020um_rstdRp=0.10_Np=00020_Rve=0.052um_Rg=0.070um_epsagg=0.807.ptsa
 number spheres
   20
 length, ref index scale factors
  1.3221101E+01  1.0200000E+00  1.1900000E+00
 volume cluster radius, area mean sphere radius, circumscribing radius, cross section radius
  6.9323498E-01  2.5461766E-01  1.6718180E+00  6.9323498E-01
 incident plane wave
 incident alpha, beta(deg)
  0.0000E+00  0.0000E+00
 t matrix order:
     7
 layer 0 refractive index
  1.0000E+00  0.0000E+00
 number of plane boundaries 
  0
 max_iterations,solution_epsilon, mie_epsilon
     10000  1.0000E-06  1.0000E-06
 maximum Mie order, number of equations:
   3       600
 mean sphere Mie extinction, absorption efficiencies
  9.0667E-01  8.9569E-01
****************************************************
 calculation results for run 
           1
 number iterations, error, solution time 
     6  6.9748E-07  2.1120E-02
 total extinction, absorption, scattering efficiencies (unpol, par, perp incidence)
  2.2350E+00  2.0246E+00  2.1036E-01  2.2158E+00  2.0076E+00  2.0819E-01  2.2541E+00  2.0416E+00  2.1252E-01
 scattering matrix in incident plane: 0 deg= z axis
 forward scattering amplitude matrix (BH83,Eq3.12) 
(  0.2689E+00, -0.6745E-01) (  0.2641E+00, -0.7359E-01) (  0.3609E-02,  0.8075E-02) (  0.4477E-02,  0.1001E-01) 
 backward scattering amplitude matrix (BH83,Eq3.12) 
(  0.8211E-01, -0.5426E-02) ( -0.8694E-01,  0.3822E-02) (  0.1439E-02, -0.2095E-02) ( -0.1439E-02,  0.2064E-02) 

