****************************************************
****************************************************
 mstm calculation results
 date, time:
20250218 185721.619 
 input file:
mstm-v4.0-agg0-batch.inp
****************************************************
 input variables for run     1
 sphere data input file:
./aggregate_ptsa_files/agg_num=0_k=0.950_Df=2.35_meanRp=0.020um_rstdRp=0.10_Np=00020_Rve=0.052um_Rg=0.070um_epsagg=0.807.ptsa
 number spheres
   20
 length, ref index scale factors
  1.3221101E+01  1.5800000E+00  1.3300000E+00
 volume cluster radius, area mean sphere radius, circumscribing radius, cross section radius
  6.9323498E-01  2.5461766E-01  1.6718180E+00  6.9323498E-01
 incident plane wave
 incident alpha, beta(deg)
  0.0000E+00  0.0000E+00
 t matrix order:
     7
 layer 0 refractive index
  1.0000E+00  0.0000E+00
 number of plane boundaries 
  0
 max_iterations,solution_epsilon, mie_epsilon
     10000  1.0000E-06  1.0000E-06
 maximum Mie order, number of equations:
   3       600
 mean sphere Mie extinction, absorption efficiencies
  5.6115E-01  5.5233E-01
****************************************************
 calculation results for run 
           1
 number iterations, error, solution time 
     6  2.5670E-07  2.2027E-02
 total extinction, absorption, scattering efficiencies (unpol, par, perp incidence)
  1.8972E+00  1.6659E+00  2.3127E-01  1.8662E+00  1.6382E+00  2.2802E-01  1.9282E+00  1.6937E+00  2.3452E-01
 scattering matrix in incident plane: 0 deg= z axis
 forward scattering amplitude matrix (BH83,Eq3.12) 
(  0.2263E+00, -0.1786E+00) (  0.2188E+00, -0.1793E+00) (  0.9252E-02,  0.4058E-02) (  0.1169E-01,  0.3356E-02) 
 backward scattering amplitude matrix (BH83,Eq3.12) 
(  0.8673E-01, -0.3667E-01) ( -0.8902E-01,  0.4055E-01) ( -0.1597E-02, -0.4883E-02) (  0.1602E-02,  0.4910E-02) 

