****************************************************
****************************************************
 mstm calculation results
 date, time:
20250218 185749.993 
 input file:
mstm-v4.0-agg0-batch.inp
****************************************************
 input variables for run     1
 sphere data input file:
./aggregate_ptsa_files/agg_num=0_k=0.950_Df=2.35_meanRp=0.020um_rstdRp=0.10_Np=00020_Rve=0.052um_Rg=0.070um_epsagg=0.807.ptsa
 number spheres
   20
 length, ref index scale factors
  1.3221101E+01  2.0000000E+00  9.8000000E-01
 volume cluster radius, area mean sphere radius, circumscribing radius, cross section radius
  6.9323498E-01  2.5461766E-01  1.6718180E+00  6.9323498E-01
 incident plane wave
 incident alpha, beta(deg)
  0.0000E+00  0.0000E+00
 t matrix order:
     7
 layer 0 refractive index
  1.0000E+00  0.0000E+00
 number of plane boundaries 
  0
 max_iterations,solution_epsilon, mie_epsilon
     10000  1.0000E-06  1.0000E-06
 maximum Mie order, number of equations:
   3       600
 mean sphere Mie extinction, absorption efficiencies
  3.2737E-01  3.2137E-01
****************************************************
 calculation results for run 
           1
 number iterations, error, solution time 
     5  2.0382E-07  1.8594E-02
 total extinction, absorption, scattering efficiencies (unpol, par, perp incidence)
  1.2659E+00  1.0794E+00  1.8648E-01  1.2436E+00  1.0601E+00  1.8351E-01  1.2881E+00  1.0987E+00  1.8944E-01
 scattering matrix in incident plane: 0 deg= z axis
 forward scattering amplitude matrix (BH83,Eq3.12) 
(  0.1484E+00, -0.2095E+00) (  0.1431E+00, -0.2070E+00) (  0.8499E-02, -0.1426E-02) (  0.9017E-02, -0.3004E-02) 
 backward scattering amplitude matrix (BH83,Eq3.12) 
(  0.6821E-01, -0.5868E-01) ( -0.6765E-01,  0.6098E-01) ( -0.4097E-02, -0.1954E-02) (  0.4105E-02,  0.1954E-02) 

