****************************************************
****************************************************
 mstm calculation results
 date, time:
20250218 185711.529 
 input file:
mstm-v4.0-agg0-batch.inp
****************************************************
 input variables for run     1
 sphere data input file:
./aggregate_ptsa_files/agg_num=0_k=0.950_Df=2.35_meanRp=0.020um_rstdRp=0.10_Np=00020_Rve=0.052um_Rg=0.070um_epsagg=0.807.ptsa
 number spheres
   20
 length, ref index scale factors
  1.3221101E+01  1.5100000E+00  0.0000000E+00
 volume cluster radius, area mean sphere radius, circumscribing radius, cross section radius
  6.9323498E-01  2.5461766E-01  1.6718180E+00  6.9323498E-01
 incident plane wave
 incident alpha, beta(deg)
  0.0000E+00  0.0000E+00
 t matrix order:
     6
 layer 0 refractive index
  1.0000E+00  0.0000E+00
 number of plane boundaries 
  0
 max_iterations,solution_epsilon, mie_epsilon
     10000  1.0000E-06  1.0000E-06
 maximum Mie order, number of equations:
   2       320
 mean sphere Mie extinction, absorption efficiencies
  1.0871E-03 -6.6989E-20
****************************************************
 calculation results for run 
           1
 number iterations, error, solution time 
     3  3.1699E-08  4.1846E-03
 total extinction, absorption, scattering efficiencies (unpol, par, perp incidence)
  3.3184E-02  5.6287E-17  3.3184E-02  3.2849E-02  3.3473E-17  3.2849E-02  3.3518E-02  7.9101E-17  3.3518E-02
 scattering matrix in incident plane: 0 deg= z axis
 forward scattering amplitude matrix (BH83,Eq3.12) 
(  0.7403E-03, -0.1066E+00) (  0.6919E-03, -0.1055E+00) (  0.1703E-03, -0.1510E-02) (  0.7749E-04, -0.1513E-02) 
 backward scattering amplitude matrix (BH83,Eq3.12) 
(  0.5511E-02, -0.3864E-01) ( -0.5473E-02,  0.3880E-01) ( -0.3146E-03,  0.6477E-03) (  0.3143E-03, -0.6463E-03) 

