****************************************************
****************************************************
 mstm calculation results
 date, time:
20250218 185655.441 
 input file:
mstm-v4.0-agg0-batch.inp
****************************************************
 input variables for run     1
 sphere data input file:
./aggregate_ptsa_files/agg_num=0_k=0.950_Df=2.35_meanRp=0.020um_rstdRp=0.10_Np=00020_Rve=0.052um_Rg=0.070um_epsagg=0.807.ptsa
 number spheres
   20
 length, ref index scale factors
  1.3221101E+01  1.2300000E+00  7.7000000E-01
 volume cluster radius, area mean sphere radius, circumscribing radius, cross section radius
  6.9323498E-01  2.5461766E-01  1.6718180E+00  6.9323498E-01
 incident plane wave
 incident alpha, beta(deg)
  0.0000E+00  0.0000E+00
 t matrix order:
     7
 layer 0 refractive index
  1.0000E+00  0.0000E+00
 number of plane boundaries 
  0
 max_iterations,solution_epsilon, mie_epsilon
     10000  1.0000E-06  1.0000E-06
 maximum Mie order, number of equations:
   3       600
 mean sphere Mie extinction, absorption efficiencies
  4.9476E-01  4.9120E-01
****************************************************
 calculation results for run 
           1
 number iterations, error, solution time 
     4  1.6539E-07  1.5852E-02
 total extinction, absorption, scattering efficiencies (unpol, par, perp incidence)
  1.3355E+00  1.2499E+00  8.5652E-02  1.3259E+00  1.2411E+00  8.4739E-02  1.3451E+00  1.2586E+00  8.6564E-02
 scattering matrix in incident plane: 0 deg= z axis
 forward scattering amplitude matrix (BH83,Eq3.12) 
(  0.1595E+00, -0.7055E-01) (  0.1571E+00, -0.7238E-01) (  0.2622E-02,  0.2808E-02) (  0.3029E-02,  0.3064E-02) 
 backward scattering amplitude matrix (BH83,Eq3.12) 
(  0.5540E-01, -0.1503E-01) ( -0.5661E-01,  0.1497E-01) ( -0.2725E-03, -0.1405E-02) (  0.2730E-03,  0.1411E-02) 

