****************************************************
****************************************************
 mstm calculation results
 date, time:
20250218 185713.777 
 input file:
mstm-v4.0-agg0-batch.inp
****************************************************
 input variables for run     1
 sphere data input file:
./aggregate_ptsa_files/agg_num=0_k=0.950_Df=2.35_meanRp=0.020um_rstdRp=0.10_Np=00020_Rve=0.052um_Rg=0.070um_epsagg=0.807.ptsa
 number spheres
   20
 length, ref index scale factors
  1.3221101E+01  1.5100000E+00  6.3000000E-01
 volume cluster radius, area mean sphere radius, circumscribing radius, cross section radius
  6.9323498E-01  2.5461766E-01  1.6718180E+00  6.9323498E-01
 incident plane wave
 incident alpha, beta(deg)
  0.0000E+00  0.0000E+00
 t matrix order:
     7
 layer 0 refractive index
  1.0000E+00  0.0000E+00
 number of plane boundaries 
  0
 max_iterations,solution_epsilon, mie_epsilon
     10000  1.0000E-06  1.0000E-06
 maximum Mie order, number of equations:
   3       600
 mean sphere Mie extinction, absorption efficiencies
  3.2876E-01  3.2590E-01
****************************************************
 calculation results for run 
           1
 number iterations, error, solution time 
     4  6.3295E-08  1.5309E-02
 total extinction, absorption, scattering efficiencies (unpol, par, perp incidence)
  1.0007E+00  9.2220E-01  7.8488E-02  9.8993E-01  9.1234E-01  7.7590E-02  1.0115E+00  9.3207E-01  7.9386E-02
 scattering matrix in incident plane: 0 deg= z axis
 forward scattering amplitude matrix (BH83,Eq3.12) 
(  0.1180E+00, -0.1170E+00) (  0.1154E+00, -0.1169E+00) (  0.3573E-02,  0.4212E-03) (  0.3901E-02,  0.1714E-03) 
 backward scattering amplitude matrix (BH83,Eq3.12) 
(  0.4689E-01, -0.3264E-01) ( -0.4742E-01,  0.3328E-01) ( -0.1268E-02, -0.9337E-03) (  0.1272E-02,  0.9312E-03) 

