****************************************************
****************************************************
 mstm calculation results
 date, time:
20250218 185707.839 
 input file:
mstm-v4.0-agg0-batch.inp
****************************************************
 input variables for run     1
 sphere data input file:
./aggregate_ptsa_files/agg_num=0_k=0.950_Df=2.35_meanRp=0.020um_rstdRp=0.10_Np=00020_Rve=0.052um_Rg=0.070um_epsagg=0.807.ptsa
 number spheres
   20
 length, ref index scale factors
  1.3221101E+01  1.3700000E+00  1.2600000E+00
 volume cluster radius, area mean sphere radius, circumscribing radius, cross section radius
  6.9323498E-01  2.5461766E-01  1.6718180E+00  6.9323498E-01
 incident plane wave
 incident alpha, beta(deg)
  0.0000E+00  0.0000E+00
 t matrix order:
     7
 layer 0 refractive index
  1.0000E+00  0.0000E+00
 number of plane boundaries 
  0
 max_iterations,solution_epsilon, mie_epsilon
     10000  1.0000E-06  1.0000E-06
 maximum Mie order, number of equations:
   3       600
 mean sphere Mie extinction, absorption efficiencies
  6.6205E-01  6.5310E-01
****************************************************
 calculation results for run 
           1
 number iterations, error, solution time 
     6  2.3049E-07  2.1794E-02
 total extinction, absorption, scattering efficiencies (unpol, par, perp incidence)
  1.9869E+00  1.7759E+00  2.1094E-01  1.9594E+00  1.7510E+00  2.0836E-01  2.0144E+00  1.8008E+00  2.1352E-01
 scattering matrix in incident plane: 0 deg= z axis
 forward scattering amplitude matrix (BH83,Eq3.12) 
(  0.2378E+00, -0.1402E+00) (  0.2311E+00, -0.1426E+00) (  0.7213E-02,  0.5481E-02) (  0.9349E-02,  0.5884E-02) 
 backward scattering amplitude matrix (BH83,Eq3.12) 
(  0.8359E-01, -0.2504E-01) ( -0.8724E-01,  0.2741E-01) ( -0.3801E-04, -0.3988E-02) (  0.1994E-04,  0.4002E-02) 

