****************************************************
****************************************************
 mstm calculation results
 date, time:
20250218 185642.379 
 input file:
mstm-v4.0-agg0-batch.inp
****************************************************
 input variables for run     1
 sphere data input file:
./aggregate_ptsa_files/agg_num=0_k=0.950_Df=2.35_meanRp=0.020um_rstdRp=0.10_Np=00020_Rve=0.052um_Rg=0.070um_epsagg=0.807.ptsa
 number spheres
   20
 length, ref index scale factors
  1.3221101E+01  1.0900000E+00  1.4000000E-01
 volume cluster radius, area mean sphere radius, circumscribing radius, cross section radius
  6.9323498E-01  2.5461766E-01  1.6718180E+00  6.9323498E-01
 incident plane wave
 incident alpha, beta(deg)
  0.0000E+00  0.0000E+00
 t matrix order:
     7
 layer 0 refractive index
  1.0000E+00  0.0000E+00
 number of plane boundaries 
  0
 max_iterations,solution_epsilon, mie_epsilon
     10000  1.0000E-06  1.0000E-06
 maximum Mie order, number of equations:
   3       600
 mean sphere Mie extinction, absorption efficiencies
  9.3478E-02  9.3337E-02
****************************************************
 calculation results for run 
           1
 number iterations, error, solution time 
     2  3.8658E-09  9.3249E-03
 total extinction, absorption, scattering efficiencies (unpol, par, perp incidence)
  2.5424E-01  2.5036E-01  3.8803E-03  2.5374E-01  2.4988E-01  3.8570E-03  2.5474E-01  2.5084E-01  3.9036E-03
 scattering matrix in incident plane: 0 deg= z axis
 forward scattering amplitude matrix (BH83,Eq3.12) 
(  0.2998E-01, -0.2077E-01) (  0.2986E-01, -0.2082E-01) (  0.1655E-03,  0.7452E-04) (  0.1689E-03,  0.7376E-04) 
 backward scattering amplitude matrix (BH83,Eq3.12) 
(  0.1132E-01, -0.6350E-02) ( -0.1135E-01,  0.6343E-02) ( -0.6093E-04, -0.4951E-04) (  0.6107E-04,  0.4938E-04) 

