****************************************************
****************************************************
 mstm calculation results
 date, time:
20250218 185733.291 
 input file:
mstm-v4.0-agg0-batch.inp
****************************************************
 input variables for run     1
 sphere data input file:
./aggregate_ptsa_files/agg_num=0_k=0.950_Df=2.35_meanRp=0.020um_rstdRp=0.10_Np=00020_Rve=0.052um_Rg=0.070um_epsagg=0.807.ptsa
 number spheres
   20
 length, ref index scale factors
  1.3221101E+01  1.7900000E+00  1.4000000E-01
 volume cluster radius, area mean sphere radius, circumscribing radius, cross section radius
  6.9323498E-01  2.5461766E-01  1.6718180E+00  6.9323498E-01
 incident plane wave
 incident alpha, beta(deg)
  0.0000E+00  0.0000E+00
 t matrix order:
     7
 layer 0 refractive index
  1.0000E+00  0.0000E+00
 number of plane boundaries 
  0
 max_iterations,solution_epsilon, mie_epsilon
     10000  1.0000E-06  1.0000E-06
 maximum Mie order, number of equations:
   3       600
 mean sphere Mie extinction, absorption efficiencies
  6.2513E-02  6.0234E-02
****************************************************
 calculation results for run 
           1
 number iterations, error, solution time 
     3  9.2545E-07  1.3901E-02
 total extinction, absorption, scattering efficiencies (unpol, par, perp incidence)
  2.6602E-01  1.9262E-01  7.3395E-02  2.6229E-01  1.9000E-01  7.2290E-02  2.6974E-01  1.9524E-01  7.4500E-02
 scattering matrix in incident plane: 0 deg= z axis
 forward scattering amplitude matrix (BH83,Eq3.12) 
(  0.2760E-01, -0.1563E+00) (  0.2677E-01, -0.1542E+00) (  0.1542E-02, -0.3079E-02) (  0.1255E-02, -0.3242E-02) 
 backward scattering amplitude matrix (BH83,Eq3.12) 
(  0.1955E-01, -0.5488E-01) ( -0.1933E-01,  0.5513E-01) ( -0.1316E-02,  0.1093E-02) (  0.1315E-02, -0.1091E-02) 

