****************************************************
****************************************************
 mstm calculation results
 date, time:
20250218 185703.312 
 input file:
mstm-v4.0-agg0-batch.inp
****************************************************
 input variables for run     1
 sphere data input file:
./aggregate_ptsa_files/agg_num=0_k=0.950_Df=2.35_meanRp=0.020um_rstdRp=0.10_Np=00020_Rve=0.052um_Rg=0.070um_epsagg=0.807.ptsa
 number spheres
   20
 length, ref index scale factors
  1.3221101E+01  1.3700000E+00  0.0000000E+00
 volume cluster radius, area mean sphere radius, circumscribing radius, cross section radius
  6.9323498E-01  2.5461766E-01  1.6718180E+00  6.9323498E-01
 incident plane wave
 incident alpha, beta(deg)
  0.0000E+00  0.0000E+00
 t matrix order:
     6
 layer 0 refractive index
  1.0000E+00  0.0000E+00
 number of plane boundaries 
  0
 max_iterations,solution_epsilon, mie_epsilon
     10000  1.0000E-06  1.0000E-06
 maximum Mie order, number of equations:
   2       320
 mean sphere Mie extinction, absorption efficiencies
  6.1677E-04  3.3458E-20
****************************************************
 calculation results for run 
           1
 number iterations, error, solution time 
     2  2.3215E-07  3.2934E-03
 total extinction, absorption, scattering efficiencies (unpol, par, perp incidence)
  1.8385E-02 -1.7899E-16  1.8385E-02  1.8286E-02 -9.9167E-17  1.8286E-02  1.8484E-02 -2.5880E-16  1.8484E-02
 scattering matrix in incident plane: 0 deg= z axis
 forward scattering amplitude matrix (BH83,Eq3.12) 
( -0.2186E-03, -0.7908E-01) ( -0.2241E-03, -0.7849E-01) (  0.6572E-04, -0.8454E-03) (  0.3418E-04, -0.8445E-03) 
 backward scattering amplitude matrix (BH83,Eq3.12) 
(  0.3395E-02, -0.2863E-01) ( -0.3379E-02,  0.2874E-01) ( -0.1458E-03,  0.3657E-03) (  0.1462E-03, -0.3632E-03) 

