****************************************************
****************************************************
 mstm calculation results
 date, time:
20250218 185736.176 
 input file:
mstm-v4.0-agg0-batch.inp
****************************************************
 input variables for run     1
 sphere data input file:
./aggregate_ptsa_files/agg_num=0_k=0.950_Df=2.35_meanRp=0.020um_rstdRp=0.10_Np=00020_Rve=0.052um_Rg=0.070um_epsagg=0.807.ptsa
 number spheres
   20
 length, ref index scale factors
  1.3221101E+01  1.8600000E+00  1.4000000E-01
 volume cluster radius, area mean sphere radius, circumscribing radius, cross section radius
  6.9323498E-01  2.5461766E-01  1.6718180E+00  6.9323498E-01
 incident plane wave
 incident alpha, beta(deg)
  0.0000E+00  0.0000E+00
 t matrix order:
     7
 layer 0 refractive index
  1.0000E+00  0.0000E+00
 number of plane boundaries 
  0
 max_iterations,solution_epsilon, mie_epsilon
     10000  1.0000E-06  1.0000E-06
 maximum Mie order, number of equations:
   3       600
 mean sphere Mie extinction, absorption efficiencies
  5.9711E-02  5.7137E-02
****************************************************
 calculation results for run 
           1
 number iterations, error, solution time 
     4  4.1511E-08  1.4790E-02
 total extinction, absorption, scattering efficiencies (unpol, par, perp incidence)
  2.7048E-01  1.8635E-01  8.4129E-02  2.6671E-01  1.8371E-01  8.3002E-02  2.7425E-01  1.8899E-01  8.5256E-02
 scattering matrix in incident plane: 0 deg= z axis
 forward scattering amplitude matrix (BH83,Eq3.12) 
(  0.2778E-01, -0.1678E+00) (  0.2695E-01, -0.1654E+00) (  0.1715E-02, -0.3567E-02) (  0.1351E-02, -0.3757E-02) 
 backward scattering amplitude matrix (BH83,Eq3.12) 
(  0.2077E-01, -0.5910E-01) ( -0.2047E-01,  0.5936E-01) ( -0.1522E-02,  0.1287E-02) (  0.1520E-02, -0.1284E-02) 

