****************************************************
****************************************************
 mstm calculation results
 date, time:
20250218 185738.224 
 input file:
mstm-v4.0-agg0-batch.inp
****************************************************
 input variables for run     1
 sphere data input file:
./aggregate_ptsa_files/agg_num=0_k=0.950_Df=2.35_meanRp=0.020um_rstdRp=0.10_Np=00020_Rve=0.052um_Rg=0.070um_epsagg=0.807.ptsa
 number spheres
   20
 length, ref index scale factors
  1.3221101E+01  1.8600000E+00  7.0000000E-01
 volume cluster radius, area mean sphere radius, circumscribing radius, cross section radius
  6.9323498E-01  2.5461766E-01  1.6718180E+00  6.9323498E-01
 incident plane wave
 incident alpha, beta(deg)
  0.0000E+00  0.0000E+00
 t matrix order:
     7
 layer 0 refractive index
  1.0000E+00  0.0000E+00
 number of plane boundaries 
  0
 max_iterations,solution_epsilon, mie_epsilon
     10000  1.0000E-06  1.0000E-06
 maximum Mie order, number of equations:
   3       600
 mean sphere Mie extinction, absorption efficiencies
  2.7622E-01  2.7203E-01
****************************************************
 calculation results for run 
           1
 number iterations, error, solution time 
     4  4.7065E-07  1.5247E-02
 total extinction, absorption, scattering efficiencies (unpol, par, perp incidence)
  9.9065E-01  8.6316E-01  1.2749E-01  9.7575E-01  8.5003E-01  1.2573E-01  1.0056E+00  8.7630E-01  1.2925E-01
 scattering matrix in incident plane: 0 deg= z axis
 forward scattering amplitude matrix (BH83,Eq3.12) 
(  0.1154E+00, -0.1773E+00) (  0.1119E+00, -0.1755E+00) (  0.5690E-02, -0.1613E-02) (  0.5856E-02, -0.2488E-02) 
 backward scattering amplitude matrix (BH83,Eq3.12) 
(  0.5279E-01, -0.5258E-01) ( -0.5263E-01,  0.5387E-01) ( -0.2796E-02, -0.7703E-03) (  0.2791E-02,  0.7549E-03) 

