****************************************************
****************************************************
 mstm calculation results
 date, time:
20250218 185803.267 
 input file:
mstm-v4.0-agg0-batch.inp
****************************************************
 input variables for run     1
 sphere data input file:
./aggregate_ptsa_files/agg_num=0_k=0.950_Df=2.35_meanRp=0.020um_rstdRp=0.10_Np=00020_Rve=0.052um_Rg=0.070um_epsagg=0.807.ptsa
 number spheres
   20
 length, ref index scale factors
  1.3221101E+01  2.2100000E+00  2.1000000E-01
 volume cluster radius, area mean sphere radius, circumscribing radius, cross section radius
  6.9323498E-01  2.5461766E-01  1.6718180E+00  6.9323498E-01
 incident plane wave
 incident alpha, beta(deg)
  0.0000E+00  0.0000E+00
 t matrix order:
     7
 layer 0 refractive index
  1.0000E+00  0.0000E+00
 number of plane boundaries 
  0
 max_iterations,solution_epsilon, mie_epsilon
     10000  1.0000E-06  1.0000E-06
 maximum Mie order, number of equations:
   3       600
 mean sphere Mie extinction, absorption efficiencies
  6.9559E-02  6.5461E-02
****************************************************
 calculation results for run 
           1
 number iterations, error, solution time 
     4  4.6749E-07  1.6031E-02
 total extinction, absorption, scattering efficiencies (unpol, par, perp incidence)
  3.7890E-01  2.3429E-01  1.4461E-01  3.7236E-01  2.3012E-01  1.4223E-01  3.8544E-01  2.3846E-01  1.4698E-01
 scattering matrix in incident plane: 0 deg= z axis
 forward scattering amplitude matrix (BH83,Eq3.12) 
(  0.3955E-01, -0.2196E+00) (  0.3810E-01, -0.2156E+00) (  0.3254E-02, -0.6014E-02) (  0.2403E-02, -0.6448E-02) 
 backward scattering amplitude matrix (BH83,Eq3.12) 
(  0.3097E-01, -0.7714E-01) ( -0.3015E-01,  0.7730E-01) ( -0.2949E-02,  0.2099E-02) (  0.2938E-02, -0.2083E-02) 

