****************************************************
****************************************************
 mstm calculation results
 date, time:
20250218 185636.999 
 input file:
mstm-v4.0-agg0-batch.inp
****************************************************
 input variables for run     1
 sphere data input file:
./aggregate_ptsa_files/agg_num=0_k=0.950_Df=2.35_meanRp=0.020um_rstdRp=0.10_Np=00020_Rve=0.052um_Rg=0.070um_epsagg=0.807.ptsa
 number spheres
   20
 length, ref index scale factors
  1.3221101E+01  1.0200000E+00  1.4000000E-01
 volume cluster radius, area mean sphere radius, circumscribing radius, cross section radius
  6.9323498E-01  2.5461766E-01  1.6718180E+00  6.9323498E-01
 incident plane wave
 incident alpha, beta(deg)
  0.0000E+00  0.0000E+00
 t matrix order:
     7
 layer 0 refractive index
  1.0000E+00  0.0000E+00
 number of plane boundaries 
  0
 max_iterations,solution_epsilon, mie_epsilon
     10000  1.0000E-06  1.0000E-06
 maximum Mie order, number of equations:
   3       600
 mean sphere Mie extinction, absorption efficiencies
  9.5710E-02  9.5605E-02
****************************************************
 calculation results for run 
           1
 number iterations, error, solution time 
     2  1.5644E-09  9.0463E-03
 total extinction, absorption, scattering efficiencies (unpol, par, perp incidence)
  2.5627E-01  2.5344E-01  2.8309E-03  2.5615E-01  2.5333E-01  2.8179E-03  2.5639E-01  2.5354E-01  2.8439E-03
 scattering matrix in incident plane: 0 deg= z axis
 forward scattering amplitude matrix (BH83,Eq3.12) 
(  0.3065E-01, -0.5539E-02) (  0.3062E-01, -0.5631E-02) (  0.3911E-04,  0.1266E-03) (  0.4010E-04,  0.1285E-03) 
 backward scattering amplitude matrix (BH83,Eq3.12) 
(  0.1101E-01, -0.1024E-02) ( -0.1102E-01,  0.1001E-02) ( -0.3711E-05, -0.5642E-04) (  0.3768E-05,  0.5650E-04) 

