****************************************************
****************************************************
 mstm calculation results
 date, time:
20250218 185745.567 
 input file:
mstm-v4.0-agg0-batch.inp
****************************************************
 input variables for run     1
 sphere data input file:
./aggregate_ptsa_files/agg_num=0_k=0.950_Df=2.35_meanRp=0.020um_rstdRp=0.10_Np=00020_Rve=0.052um_Rg=0.070um_epsagg=0.807.ptsa
 number spheres
   20
 length, ref index scale factors
  1.3221101E+01  1.9300000E+00  1.2600000E+00
 volume cluster radius, area mean sphere radius, circumscribing radius, cross section radius
  6.9323498E-01  2.5461766E-01  1.6718180E+00  6.9323498E-01
 incident plane wave
 incident alpha, beta(deg)
  0.0000E+00  0.0000E+00
 t matrix order:
     7
 layer 0 refractive index
  1.0000E+00  0.0000E+00
 number of plane boundaries 
  0
 max_iterations,solution_epsilon, mie_epsilon
     10000  1.0000E-06  1.0000E-06
 maximum Mie order, number of equations:
   3       600
 mean sphere Mie extinction, absorption efficiencies
  4.0820E-01  4.0050E-01
****************************************************
 calculation results for run 
           1
 number iterations, error, solution time 
     5  9.3048E-07  1.9740E-02
 total extinction, absorption, scattering efficiencies (unpol, par, perp incidence)
  1.5894E+00  1.3568E+00  2.3260E-01  1.5598E+00  1.3309E+00  2.2891E-01  1.6191E+00  1.3828E+00  2.3628E-01
 scattering matrix in incident plane: 0 deg= z axis
 forward scattering amplitude matrix (BH83,Eq3.12) 
(  0.1879E+00, -0.2179E+00) (  0.1808E+00, -0.2159E+00) (  0.1060E-01,  0.5182E-03) (  0.1201E-01, -0.1524E-02) 
 backward scattering amplitude matrix (BH83,Eq3.12) 
(  0.8236E-01, -0.5490E-01) ( -0.8209E-01,  0.5862E-01) ( -0.4323E-02, -0.3921E-02) (  0.4300E-02,  0.3918E-02) 

