****************************************************
****************************************************
 mstm calculation results
 date, time:
20250218 185701.741 
 input file:
mstm-v4.0-agg0-batch.inp
****************************************************
 input variables for run     1
 sphere data input file:
./aggregate_ptsa_files/agg_num=0_k=0.950_Df=2.35_meanRp=0.020um_rstdRp=0.10_Np=00020_Rve=0.052um_Rg=0.070um_epsagg=0.807.ptsa
 number spheres
   20
 length, ref index scale factors
  1.3221101E+01  1.3000000E+00  1.0500000E+00
 volume cluster radius, area mean sphere radius, circumscribing radius, cross section radius
  6.9323498E-01  2.5461766E-01  1.6718180E+00  6.9323498E-01
 incident plane wave
 incident alpha, beta(deg)
  0.0000E+00  0.0000E+00
 t matrix order:
     7
 layer 0 refractive index
  1.0000E+00  0.0000E+00
 number of plane boundaries 
  0
 max_iterations,solution_epsilon, mie_epsilon
     10000  1.0000E-06  1.0000E-06
 maximum Mie order, number of equations:
   3       600
 mean sphere Mie extinction, absorption efficiencies
  6.2263E-01  6.1608E-01
****************************************************
 calculation results for run 
           1
 number iterations, error, solution time 
     5  1.8630E-07  1.8725E-02
 total extinction, absorption, scattering efficiencies (unpol, par, perp incidence)
  1.7458E+00  1.5927E+00  1.5311E-01  1.7270E+00  1.5758E+00  1.5122E-01  1.7646E+00  1.6096E+00  1.5500E-01
 scattering matrix in incident plane: 0 deg= z axis
 forward scattering amplitude matrix (BH83,Eq3.12) 
(  0.2088E+00, -0.1064E+00) (  0.2042E+00, -0.1090E+00) (  0.4928E-02,  0.4483E-02) (  0.6094E-02,  0.4949E-02) 
 backward scattering amplitude matrix (BH83,Eq3.12) 
(  0.7210E-01, -0.2025E-01) ( -0.7472E-01,  0.2102E-01) ( -0.1317E-03, -0.2580E-02) (  0.1270E-03,  0.2573E-02) 

