****************************************************
****************************************************
 mstm calculation results
 date, time:
20250218 185757.765 
 input file:
mstm-v4.0-agg0-batch.inp
****************************************************
 input variables for run     1
 sphere data input file:
./aggregate_ptsa_files/agg_num=0_k=0.950_Df=2.35_meanRp=0.020um_rstdRp=0.10_Np=00020_Rve=0.052um_Rg=0.070um_epsagg=0.807.ptsa
 number spheres
   20
 length, ref index scale factors
  1.3221101E+01  2.1400000E+00  2.1000000E-01
 volume cluster radius, area mean sphere radius, circumscribing radius, cross section radius
  6.9323498E-01  2.5461766E-01  1.6718180E+00  6.9323498E-01
 incident plane wave
 incident alpha, beta(deg)
  0.0000E+00  0.0000E+00
 t matrix order:
     7
 layer 0 refractive index
  1.0000E+00  0.0000E+00
 number of plane boundaries 
  0
 max_iterations,solution_epsilon, mie_epsilon
     10000  1.0000E-06  1.0000E-06
 maximum Mie order, number of equations:
   3       600
 mean sphere Mie extinction, absorption efficiencies
  7.2849E-02  6.9033E-02
****************************************************
 calculation results for run 
           1
 number iterations, error, solution time 
     4  3.2087E-07  1.5908E-02
 total extinction, absorption, scattering efficiencies (unpol, par, perp incidence)
  3.7477E-01  2.4235E-01  1.3242E-01  3.6852E-01  2.3820E-01  1.3032E-01  3.8103E-01  2.4651E-01  1.3452E-01
 scattering matrix in incident plane: 0 deg= z axis
 forward scattering amplitude matrix (BH83,Eq3.12) 
(  0.3932E-01, -0.2099E+00) (  0.3793E-01, -0.2062E+00) (  0.3035E-02, -0.5467E-02) (  0.2303E-02, -0.5871E-02) 
 backward scattering amplitude matrix (BH83,Eq3.12) 
(  0.2970E-01, -0.7353E-01) ( -0.2900E-01,  0.7375E-01) ( -0.2684E-02,  0.1881E-02) (  0.2675E-02, -0.1869E-02) 

