****************************************************
****************************************************
 mstm calculation results
 date, time:
20250218 185727.466 
 input file:
mstm-v4.0-agg0-batch.inp
****************************************************
 input variables for run     1
 sphere data input file:
./aggregate_ptsa_files/agg_num=0_k=0.950_Df=2.35_meanRp=0.020um_rstdRp=0.10_Np=00020_Rve=0.052um_Rg=0.070um_epsagg=0.807.ptsa
 number spheres
   20
 length, ref index scale factors
  1.3221101E+01  1.7200000E+00  0.0000000E+00
 volume cluster radius, area mean sphere radius, circumscribing radius, cross section radius
  6.9323498E-01  2.5461766E-01  1.6718180E+00  6.9323498E-01
 incident plane wave
 incident alpha, beta(deg)
  0.0000E+00  0.0000E+00
 t matrix order:
     6
 layer 0 refractive index
  1.0000E+00  0.0000E+00
 number of plane boundaries 
  0
 max_iterations,solution_epsilon, mie_epsilon
     10000  1.0000E-06  1.0000E-06
 maximum Mie order, number of equations:
   2       320
 mean sphere Mie extinction, absorption efficiencies
  1.9164E-03 -3.9393E-20
****************************************************
 calculation results for run 
           1
 number iterations, error, solution time 
     3  3.1449E-07  4.3041E-03
 total extinction, absorption, scattering efficiencies (unpol, par, perp incidence)
  6.1073E-02  2.8000E-16  6.1073E-02  6.0274E-02  2.6040E-16  6.0274E-02  6.1872E-02  2.9960E-16  6.1872E-02
 scattering matrix in incident plane: 0 deg= z axis
 forward scattering amplitude matrix (BH83,Eq3.12) 
(  0.2972E-02, -0.1447E+00) (  0.2837E-02, -0.1428E+00) (  0.4257E-03, -0.2745E-02) (  0.1901E-03, -0.2752E-02) 
 backward scattering amplitude matrix (BH83,Eq3.12) 
(  0.9264E-02, -0.5256E-01) ( -0.9177E-02,  0.5279E-01) ( -0.6889E-03,  0.1170E-02) (  0.6880E-03, -0.1165E-02) 

