****************************************************
****************************************************
 mstm calculation results
 date, time:
20250218 185713.525 
 input file:
mstm-v4.0-agg0-batch.inp
****************************************************
 input variables for run     1
 sphere data input file:
./aggregate_ptsa_files/agg_num=0_k=0.950_Df=2.35_meanRp=0.020um_rstdRp=0.10_Np=00020_Rve=0.052um_Rg=0.070um_epsagg=0.807.ptsa
 number spheres
   20
 length, ref index scale factors
  1.3221101E+01  1.5100000E+00  5.6000000E-01
 volume cluster radius, area mean sphere radius, circumscribing radius, cross section radius
  6.9323498E-01  2.5461766E-01  1.6718180E+00  6.9323498E-01
 incident plane wave
 incident alpha, beta(deg)
  0.0000E+00  0.0000E+00
 t matrix order:
     7
 layer 0 refractive index
  1.0000E+00  0.0000E+00
 number of plane boundaries 
  0
 max_iterations,solution_epsilon, mie_epsilon
     10000  1.0000E-06  1.0000E-06
 maximum Mie order, number of equations:
   3       600
 mean sphere Mie extinction, absorption efficiencies
  2.9354E-01  2.9106E-01
****************************************************
 calculation results for run 
           1
 number iterations, error, solution time 
     4  3.1461E-08  1.5080E-02
 total extinction, absorption, scattering efficiencies (unpol, par, perp incidence)
  8.9610E-01  8.2721E-01  6.8886E-02  8.8673E-01  8.1862E-01  6.8114E-02  9.0547E-01  8.3581E-01  6.9658E-02
 scattering matrix in incident plane: 0 deg= z axis
 forward scattering amplitude matrix (BH83,Eq3.12) 
(  0.1053E+00, -0.1143E+00) (  0.1031E+00, -0.1140E+00) (  0.3168E-02,  0.7767E-04) (  0.3399E-02, -0.1579E-03) 
 backward scattering amplitude matrix (BH83,Eq3.12) 
(  0.4257E-01, -0.3295E-01) ( -0.4297E-01,  0.3350E-01) ( -0.1215E-02, -0.6876E-03) (  0.1217E-02,  0.6853E-03) 

