****************************************************
****************************************************
 mstm calculation results
 date, time:
20250218 185645.128 
 input file:
mstm-v4.0-agg0-batch.inp
****************************************************
 input variables for run     1
 sphere data input file:
./aggregate_ptsa_files/agg_num=0_k=0.950_Df=2.35_meanRp=0.020um_rstdRp=0.10_Np=00020_Rve=0.052um_Rg=0.070um_epsagg=0.807.ptsa
 number spheres
   20
 length, ref index scale factors
  1.3221101E+01  1.0900000E+00  9.1000000E-01
 volume cluster radius, area mean sphere radius, circumscribing radius, cross section radius
  6.9323498E-01  2.5461766E-01  1.6718180E+00  6.9323498E-01
 incident plane wave
 incident alpha, beta(deg)
  0.0000E+00  0.0000E+00
 t matrix order:
     7
 layer 0 refractive index
  1.0000E+00  0.0000E+00
 number of plane boundaries 
  0
 max_iterations,solution_epsilon, mie_epsilon
     10000  1.0000E-06  1.0000E-06
 maximum Mie order, number of equations:
   3       600
 mean sphere Mie extinction, absorption efficiencies
  6.5563E-01  6.5020E-01
****************************************************
 calculation results for run 
           1
 number iterations, error, solution time 
     5  5.3094E-08  1.8506E-02
 total extinction, absorption, scattering efficiencies (unpol, par, perp incidence)
  1.6651E+00  1.5464E+00  1.1867E-01  1.6555E+00  1.5379E+00  1.1754E-01  1.6747E+00  1.5549E+00  1.1979E-01
 scattering matrix in incident plane: 0 deg= z axis
 forward scattering amplitude matrix (BH83,Eq3.12) 
(  0.1997E+00, -0.5110E-01) (  0.1973E+00, -0.5458E-01) (  0.2218E-02,  0.4709E-02) (  0.2579E-02,  0.5425E-02) 
 backward scattering amplitude matrix (BH83,Eq3.12) 
(  0.6491E-01, -0.6854E-02) ( -0.6684E-01,  0.5989E-02) (  0.3291E-03, -0.1613E-02) ( -0.3256E-03,  0.1612E-02) 

