****************************************************
****************************************************
 mstm calculation results
 date, time:
20250218 185722.878 
 input file:
mstm-v4.0-agg0-batch.inp
****************************************************
 input variables for run     1
 sphere data input file:
./aggregate_ptsa_files/agg_num=0_k=0.950_Df=2.35_meanRp=0.020um_rstdRp=0.10_Np=00020_Rve=0.052um_Rg=0.070um_epsagg=0.807.ptsa
 number spheres
   20
 length, ref index scale factors
  1.3221101E+01  1.6500000E+00  2.1000000E-01
 volume cluster radius, area mean sphere radius, circumscribing radius, cross section radius
  6.9323498E-01  2.5461766E-01  1.6718180E+00  6.9323498E-01
 incident plane wave
 incident alpha, beta(deg)
  0.0000E+00  0.0000E+00
 t matrix order:
     7
 layer 0 refractive index
  1.0000E+00  0.0000E+00
 number of plane boundaries 
  0
 max_iterations,solution_epsilon, mie_epsilon
     10000  1.0000E-06  1.0000E-06
 maximum Mie order, number of equations:
   3       600
 mean sphere Mie extinction, absorption efficiencies
  1.0181E-01  1.0000E-01
****************************************************
 calculation results for run 
           1
 number iterations, error, solution time 
     3  3.5461E-07  1.3006E-02
 total extinction, absorption, scattering efficiencies (unpol, par, perp incidence)
  3.6049E-01  3.0519E-01  5.5302E-02  3.5607E-01  3.0165E-01  5.4418E-02  3.6491E-01  3.0872E-01  5.6187E-02
 scattering matrix in incident plane: 0 deg= z axis
 forward scattering amplitude matrix (BH83,Eq3.12) 
(  0.3978E-01, -0.1323E+00) (  0.3876E-01, -0.1308E+00) (  0.1651E-02, -0.1993E-02) (  0.1514E-02, -0.2160E-02) 
 backward scattering amplitude matrix (BH83,Eq3.12) 
(  0.2179E-01, -0.4502E-01) ( -0.2168E-01,  0.4532E-01) ( -0.1106E-02,  0.5619E-03) (  0.1105E-02, -0.5629E-03) 

