****************************************************
****************************************************
 mstm calculation results
 date, time:
20250218 185655.690 
 input file:
mstm-v4.0-agg0-batch.inp
****************************************************
 input variables for run     1
 sphere data input file:
./aggregate_ptsa_files/agg_num=0_k=0.950_Df=2.35_meanRp=0.020um_rstdRp=0.10_Np=00020_Rve=0.052um_Rg=0.070um_epsagg=0.807.ptsa
 number spheres
   20
 length, ref index scale factors
  1.3221101E+01  1.2300000E+00  8.4000000E-01
 volume cluster radius, area mean sphere radius, circumscribing radius, cross section radius
  6.9323498E-01  2.5461766E-01  1.6718180E+00  6.9323498E-01
 incident plane wave
 incident alpha, beta(deg)
  0.0000E+00  0.0000E+00
 t matrix order:
     7
 layer 0 refractive index
  1.0000E+00  0.0000E+00
 number of plane boundaries 
  0
 max_iterations,solution_epsilon, mie_epsilon
     10000  1.0000E-06  1.0000E-06
 maximum Mie order, number of equations:
   3       600
 mean sphere Mie extinction, absorption efficiencies
  5.3955E-01  5.3530E-01
****************************************************
 calculation results for run 
           1
 number iterations, error, solution time 
     4  3.8637E-07  1.5455E-02
 total extinction, absorption, scattering efficiencies (unpol, par, perp incidence)
  1.4544E+00  1.3538E+00  1.0060E-01  1.4430E+00  1.3435E+00  9.9465E-02  1.4657E+00  1.3640E+00  1.0174E-01
 scattering matrix in incident plane: 0 deg= z axis
 forward scattering amplitude matrix (BH83,Eq3.12) 
(  0.1739E+00, -0.7526E-01) (  0.1711E+00, -0.7744E-01) (  0.2994E-02,  0.3337E-02) (  0.3518E-02,  0.3694E-02) 
 backward scattering amplitude matrix (BH83,Eq3.12) 
(  0.5980E-01, -0.1523E-01) ( -0.6132E-01,  0.1519E-01) ( -0.2002E-03, -0.1643E-02) (  0.2008E-03,  0.1654E-02) 

