****************************************************
****************************************************
 mstm calculation results
 date, time:
20250218 185712.025 
 input file:
mstm-v4.0-agg0-batch.inp
****************************************************
 input variables for run     1
 sphere data input file:
./aggregate_ptsa_files/agg_num=0_k=0.950_Df=2.35_meanRp=0.020um_rstdRp=0.10_Np=00020_Rve=0.052um_Rg=0.070um_epsagg=0.807.ptsa
 number spheres
   20
 length, ref index scale factors
  1.3221101E+01  1.5100000E+00  1.4000000E-01
 volume cluster radius, area mean sphere radius, circumscribing radius, cross section radius
  6.9323498E-01  2.5461766E-01  1.6718180E+00  6.9323498E-01
 incident plane wave
 incident alpha, beta(deg)
  0.0000E+00  0.0000E+00
 t matrix order:
     7
 layer 0 refractive index
  1.0000E+00  0.0000E+00
 number of plane boundaries 
  0
 max_iterations,solution_epsilon, mie_epsilon
     10000  1.0000E-06  1.0000E-06
 maximum Mie order, number of equations:
   3       600
 mean sphere Mie extinction, absorption efficiencies
  7.4907E-02  7.3737E-02
****************************************************
 calculation results for run 
           1
 number iterations, error, solution time 
     3  5.9880E-08  1.3396E-02
 total extinction, absorption, scattering efficiencies (unpol, par, perp incidence)
  2.5316E-01  2.1805E-01  3.5104E-02  2.5065E-01  2.1598E-01  3.4675E-02  2.5567E-01  2.2013E-01  3.5534E-02
 scattering matrix in incident plane: 0 deg= z axis
 forward scattering amplitude matrix (BH83,Eq3.12) 
(  0.2745E-01, -0.1064E+00) (  0.2687E-01, -0.1054E+00) (  0.9295E-03, -0.1354E-02) (  0.8554E-03, -0.1429E-02) 
 backward scattering amplitude matrix (BH83,Eq3.12) 
(  0.1527E-01, -0.3673E-01) ( -0.1524E-01,  0.3693E-01) ( -0.6391E-03,  0.4355E-03) (  0.6389E-03, -0.4359E-03) 

