****************************************************
****************************************************
 mstm calculation results
 date, time:
20250218 185641.882 
 input file:
mstm-v4.0-agg0-batch.inp
****************************************************
 input variables for run     1
 sphere data input file:
./aggregate_ptsa_files/agg_num=0_k=0.950_Df=2.35_meanRp=0.020um_rstdRp=0.10_Np=00020_Rve=0.052um_Rg=0.070um_epsagg=0.807.ptsa
 number spheres
   20
 length, ref index scale factors
  1.3221101E+01  1.0900000E+00  0.0000000E+00
 volume cluster radius, area mean sphere radius, circumscribing radius, cross section radius
  6.9323498E-01  2.5461766E-01  1.6718180E+00  6.9323498E-01
 incident plane wave
 incident alpha, beta(deg)
  0.0000E+00  0.0000E+00
 t matrix order:
     6
 layer 0 refractive index
  1.0000E+00  0.0000E+00
 number of plane boundaries 
  0
 max_iterations,solution_epsilon, mie_epsilon
     10000  1.0000E-06  1.0000E-06
 maximum Mie order, number of equations:
   2       320
 mean sphere Mie extinction, absorption efficiencies
  4.1201E-05  1.3789E-22
****************************************************
 calculation results for run 
           1
 number iterations, error, solution time 
     1  5.1377E-07  2.3488E-03
 total extinction, absorption, scattering efficiencies (unpol, par, perp incidence)
  1.1592E-03  1.2894E-18  1.1592E-03  1.1753E-03  2.1420E-17  1.1753E-03  1.1430E-03 -1.8841E-17  1.1430E-03
 scattering matrix in incident plane: 0 deg= z axis
 forward scattering amplitude matrix (BH83,Eq3.12) 
( -0.4758E-03, -0.1987E-01) ( -0.4706E-03, -0.1983E-01) ( -0.1204E-05, -0.5516E-04) ( -0.2341E-06, -0.5588E-04) 
 backward scattering amplitude matrix (BH83,Eq3.12) 
(  0.4779E-03, -0.7173E-02) ( -0.4805E-03,  0.7181E-02) ( -0.4141E-05,  0.2399E-04) (  0.4630E-05, -0.2421E-04) 

