****************************************************
****************************************************
 mstm calculation results
 date, time:
20250218 185652.177 
 input file:
mstm-v4.0-agg0-batch.inp
****************************************************
 input variables for run     1
 sphere data input file:
./aggregate_ptsa_files/agg_num=0_k=0.950_Df=2.35_meanRp=0.020um_rstdRp=0.10_Np=00020_Rve=0.052um_Rg=0.070um_epsagg=0.807.ptsa
 number spheres
   20
 length, ref index scale factors
  1.3221101E+01  1.1600000E+00  1.3300000E+00
 volume cluster radius, area mean sphere radius, circumscribing radius, cross section radius
  6.9323498E-01  2.5461766E-01  1.6718180E+00  6.9323498E-01
 incident plane wave
 incident alpha, beta(deg)
  0.0000E+00  0.0000E+00
 t matrix order:
     7
 layer 0 refractive index
  1.0000E+00  0.0000E+00
 number of plane boundaries 
  0
 max_iterations,solution_epsilon, mie_epsilon
     10000  1.0000E-06  1.0000E-06
 maximum Mie order, number of equations:
   3       600
 mean sphere Mie extinction, absorption efficiencies
  8.3952E-01  8.2769E-01
****************************************************
 calculation results for run 
           1
 number iterations, error, solution time 
     7  7.0297E-08  2.2752E-02
 total extinction, absorption, scattering efficiencies (unpol, par, perp incidence)
  2.2939E+00  2.0500E+00  2.4386E-01  2.2648E+00  2.0238E+00  2.4103E-01  2.3229E+00  2.0762E+00  2.4668E-01
 scattering matrix in incident plane: 0 deg= z axis
 forward scattering amplitude matrix (BH83,Eq3.12) 
(  0.2757E+00, -0.1139E+00) (  0.2686E+00, -0.1189E+00) (  0.6204E-02,  0.8014E-02) (  0.8420E-02,  0.9707E-02) 
 backward scattering amplitude matrix (BH83,Eq3.12) 
(  0.8843E-01, -0.1406E-01) ( -0.9434E-01,  0.1510E-01) (  0.1710E-02, -0.3591E-02) ( -0.1754E-02,  0.3506E-02) 

