****************************************************
****************************************************
 mstm calculation results
 date, time:
20250218 185638.026 
 input file:
mstm-v4.0-agg0-batch.inp
****************************************************
 input variables for run     1
 sphere data input file:
./aggregate_ptsa_files/agg_num=0_k=0.950_Df=2.35_meanRp=0.020um_rstdRp=0.10_Np=00020_Rve=0.052um_Rg=0.070um_epsagg=0.807.ptsa
 number spheres
   20
 length, ref index scale factors
  1.3221101E+01  1.0200000E+00  4.2000000E-01
 volume cluster radius, area mean sphere radius, circumscribing radius, cross section radius
  6.9323498E-01  2.5461766E-01  1.6718180E+00  6.9323498E-01
 incident plane wave
 incident alpha, beta(deg)
  0.0000E+00  0.0000E+00
 t matrix order:
     7
 layer 0 refractive index
  1.0000E+00  0.0000E+00
 number of plane boundaries 
  0
 max_iterations,solution_epsilon, mie_epsilon
     10000  1.0000E-06  1.0000E-06
 maximum Mie order, number of equations:
   3       600
 mean sphere Mie extinction, absorption efficiencies
  2.9571E-01  2.9472E-01
****************************************************
 calculation results for run 
           1
 number iterations, error, solution time 
     3  3.0890E-08  1.2374E-02
 total extinction, absorption, scattering efficiencies (unpol, par, perp incidence)
  7.7050E-01  7.4568E-01  2.4824E-02  7.6972E-01  7.4499E-01  2.4729E-02  7.7128E-01  7.4636E-01  2.4919E-02
 scattering matrix in incident plane: 0 deg= z axis
 forward scattering amplitude matrix (BH83,Eq3.12) 
(  0.9240E-01, -0.9896E-02) (  0.9219E-01, -0.1074E-01) (  0.1894E-03,  0.1130E-02) (  0.1944E-03,  0.1192E-02) 
 backward scattering amplitude matrix (BH83,Eq3.12) 
(  0.3177E-01, -0.3711E-03) ( -0.3190E-01,  0.1171E-03) (  0.5814E-04, -0.4307E-03) ( -0.5832E-04,  0.4302E-03) 

