****************************************************
****************************************************
 mstm calculation results
 date, time:
20250218 185726.161 
 input file:
mstm-v4.0-agg0-batch.inp
****************************************************
 input variables for run     1
 sphere data input file:
./aggregate_ptsa_files/agg_num=0_k=0.950_Df=2.35_meanRp=0.020um_rstdRp=0.10_Np=00020_Rve=0.052um_Rg=0.070um_epsagg=0.807.ptsa
 number spheres
   20
 length, ref index scale factors
  1.3221101E+01  1.6500000E+00  1.1200000E+00
 volume cluster radius, area mean sphere radius, circumscribing radius, cross section radius
  6.9323498E-01  2.5461766E-01  1.6718180E+00  6.9323498E-01
 incident plane wave
 incident alpha, beta(deg)
  0.0000E+00  0.0000E+00
 t matrix order:
     7
 layer 0 refractive index
  1.0000E+00  0.0000E+00
 number of plane boundaries 
  0
 max_iterations,solution_epsilon, mie_epsilon
     10000  1.0000E-06  1.0000E-06
 maximum Mie order, number of equations:
   3       600
 mean sphere Mie extinction, absorption efficiencies
  4.7871E-01  4.7200E-01
****************************************************
 calculation results for run 
           1
 number iterations, error, solution time 
     5  3.0798E-07  2.0127E-02
 total extinction, absorption, scattering efficiencies (unpol, par, perp incidence)
  1.6011E+00  1.4187E+00  1.8246E-01  1.5763E+00  1.3965E+00  1.7980E-01  1.6259E+00  1.4408E+00  1.8513E-01
 scattering matrix in incident plane: 0 deg= z axis
 forward scattering amplitude matrix (BH83,Eq3.12) 
(  0.1902E+00, -0.1700E+00) (  0.1842E+00, -0.1700E+00) (  0.7839E-02,  0.2203E-02) (  0.9314E-02,  0.1393E-02) 
 backward scattering amplitude matrix (BH83,Eq3.12) 
(  0.7525E-01, -0.4006E-01) ( -0.7651E-01,  0.4268E-01) ( -0.2140E-02, -0.3340E-02) (  0.2134E-02,  0.3327E-02) 

