****************************************************
****************************************************
 mstm calculation results
 date, time:
20250218 185751.254 
 input file:
mstm-v4.0-agg0-batch.inp
****************************************************
 input variables for run     1
 sphere data input file:
./aggregate_ptsa_files/agg_num=0_k=0.950_Df=2.35_meanRp=0.020um_rstdRp=0.10_Np=00020_Rve=0.052um_Rg=0.070um_epsagg=0.807.ptsa
 number spheres
   20
 length, ref index scale factors
  1.3221101E+01  2.0000000E+00  1.3300000E+00
 volume cluster radius, area mean sphere radius, circumscribing radius, cross section radius
  6.9323498E-01  2.5461766E-01  1.6718180E+00  6.9323498E-01
 incident plane wave
 incident alpha, beta(deg)
  0.0000E+00  0.0000E+00
 t matrix order:
     7
 layer 0 refractive index
  1.0000E+00  0.0000E+00
 number of plane boundaries 
  0
 max_iterations,solution_epsilon, mie_epsilon
     10000  1.0000E-06  1.0000E-06
 maximum Mie order, number of equations:
   3       600
 mean sphere Mie extinction, absorption efficiencies
  3.9752E-01  3.8937E-01
****************************************************
 calculation results for run 
           1
 number iterations, error, solution time 
     6  2.0295E-07  2.1601E-02
 total extinction, absorption, scattering efficiencies (unpol, par, perp incidence)
  1.6172E+00  1.3643E+00  2.5284E-01  1.5859E+00  1.3373E+00  2.4858E-01  1.6485E+00  1.3913E+00  2.5711E-01
 scattering matrix in incident plane: 0 deg= z axis
 forward scattering amplitude matrix (BH83,Eq3.12) 
(  0.1910E+00, -0.2310E+00) (  0.1836E+00, -0.2286E+00) (  0.1153E-01,  0.1758E-03) (  0.1302E-01, -0.2257E-02) 
 backward scattering amplitude matrix (BH83,Eq3.12) 
(  0.8577E-01, -0.5851E-01) ( -0.8502E-01,  0.6261E-01) ( -0.4979E-02, -0.4242E-02) (  0.5007E-02,  0.4234E-02) 

