****************************************************
****************************************************
 mstm calculation results
 date, time:
20250218 185706.067 
 input file:
mstm-v4.0-agg0-batch.inp
****************************************************
 input variables for run     1
 sphere data input file:
./aggregate_ptsa_files/agg_num=0_k=0.950_Df=2.35_meanRp=0.020um_rstdRp=0.10_Np=00020_Rve=0.052um_Rg=0.070um_epsagg=0.807.ptsa
 number spheres
   20
 length, ref index scale factors
  1.3221101E+01  1.3700000E+00  7.7000000E-01
 volume cluster radius, area mean sphere radius, circumscribing radius, cross section radius
  6.9323498E-01  2.5461766E-01  1.6718180E+00  6.9323498E-01
 incident plane wave
 incident alpha, beta(deg)
  0.0000E+00  0.0000E+00
 t matrix order:
     7
 layer 0 refractive index
  1.0000E+00  0.0000E+00
 number of plane boundaries 
  0
 max_iterations,solution_epsilon, mie_epsilon
     10000  1.0000E-06  1.0000E-06
 maximum Mie order, number of equations:
   3       600
 mean sphere Mie extinction, absorption efficiencies
  4.4365E-01  4.4005E-01
****************************************************
 calculation results for run 
           1
 number iterations, error, solution time 
     4  1.8199E-07  1.5304E-02
 total extinction, absorption, scattering efficiencies (unpol, par, perp incidence)
  1.2687E+00  1.1773E+00  9.1386E-02  1.2566E+00  1.1662E+00  9.0354E-02  1.2808E+00  1.1884E+00  9.2418E-02
 scattering matrix in incident plane: 0 deg= z axis
 forward scattering amplitude matrix (BH83,Eq3.12) 
(  0.1509E+00, -0.9823E-01) (  0.1480E+00, -0.9924E-01) (  0.3586E-02,  0.2044E-02) (  0.4127E-02,  0.2059E-02) 
 backward scattering amplitude matrix (BH83,Eq3.12) 
(  0.5523E-01, -0.2378E-01) ( -0.5633E-01,  0.2425E-01) ( -0.7725E-03, -0.1488E-02) (  0.7789E-03,  0.1492E-02) 

