****************************************************
****************************************************
 mstm calculation results
 date, time:
20250218 185657.467 
 input file:
mstm-v4.0-agg0-batch.inp
****************************************************
 input variables for run     1
 sphere data input file:
./aggregate_ptsa_files/agg_num=0_k=0.950_Df=2.35_meanRp=0.020um_rstdRp=0.10_Np=00020_Rve=0.052um_Rg=0.070um_epsagg=0.807.ptsa
 number spheres
   20
 length, ref index scale factors
  1.3221101E+01  1.2300000E+00  1.3300000E+00
 volume cluster radius, area mean sphere radius, circumscribing radius, cross section radius
  6.9323498E-01  2.5461766E-01  1.6718180E+00  6.9323498E-01
 incident plane wave
 incident alpha, beta(deg)
  0.0000E+00  0.0000E+00
 t matrix order:
     7
 layer 0 refractive index
  1.0000E+00  0.0000E+00
 number of plane boundaries 
  0
 max_iterations,solution_epsilon, mie_epsilon
     10000  1.0000E-06  1.0000E-06
 maximum Mie order, number of equations:
   3       600
 mean sphere Mie extinction, absorption efficiencies
  7.8088E-01  7.6986E-01
****************************************************
 calculation results for run 
           1
 number iterations, error, solution time 
     6  8.0088E-07  2.2113E-02
 total extinction, absorption, scattering efficiencies (unpol, par, perp incidence)
  2.2168E+00  1.9789E+00  2.3796E-01  2.1874E+00  1.9520E+00  2.3535E-01  2.2463E+00  2.0057E+00  2.4058E-01
 scattering matrix in incident plane: 0 deg= z axis
 forward scattering amplitude matrix (BH83,Eq3.12) 
(  0.2661E+00, -0.1259E+00) (  0.2589E+00, -0.1298E+00) (  0.6809E-02,  0.7293E-02) (  0.9150E-02,  0.8588E-02) 
 backward scattering amplitude matrix (BH83,Eq3.12) 
(  0.8801E-01, -0.1777E-01) ( -0.9335E-01,  0.1957E-01) (  0.1244E-02, -0.3934E-02) ( -0.1286E-02,  0.3934E-02) 

