****************************************************
****************************************************
 mstm calculation results
 date, time:
20250218 185638.271 
 input file:
mstm-v4.0-agg0-batch.inp
****************************************************
 input variables for run     1
 sphere data input file:
./aggregate_ptsa_files/agg_num=0_k=0.950_Df=2.35_meanRp=0.020um_rstdRp=0.10_Np=00020_Rve=0.052um_Rg=0.070um_epsagg=0.807.ptsa
 number spheres
   20
 length, ref index scale factors
  1.3221101E+01  1.0200000E+00  4.9000000E-01
 volume cluster radius, area mean sphere radius, circumscribing radius, cross section radius
  6.9323498E-01  2.5461766E-01  1.6718180E+00  6.9323498E-01
 incident plane wave
 incident alpha, beta(deg)
  0.0000E+00  0.0000E+00
 t matrix order:
     7
 layer 0 refractive index
  1.0000E+00  0.0000E+00
 number of plane boundaries 
  0
 max_iterations,solution_epsilon, mie_epsilon
     10000  1.0000E-06  1.0000E-06
 maximum Mie order, number of equations:
   3       600
 mean sphere Mie extinction, absorption efficiencies
  3.4886E-01  3.4748E-01
****************************************************
 calculation results for run 
           1
 number iterations, error, solution time 
     3  1.1851E-07  1.2480E-02
 total extinction, absorption, scattering efficiencies (unpol, par, perp incidence)
  9.0190E-01  8.6802E-01  3.3877E-02  9.0071E-01  8.6695E-01  3.3766E-02  9.0308E-01  8.6910E-01  3.3987E-02
 scattering matrix in incident plane: 0 deg= z axis
 forward scattering amplitude matrix (BH83,Eq3.12) 
(  0.1082E+00, -0.1174E-01) (  0.1079E+00, -0.1290E-01) (  0.2650E-03,  0.1534E-02) (  0.2713E-03,  0.1636E-02) 
 backward scattering amplitude matrix (BH83,Eq3.12) 
(  0.3681E-01, -0.3700E-03) ( -0.3701E-01,  0.5447E-05) (  0.8786E-04, -0.5643E-03) ( -0.8850E-04,  0.5630E-03) 

