****************************************************
****************************************************
 mstm calculation results
 date, time:
20250218 185753.926 
 input file:
mstm-v4.0-agg0-batch.inp
****************************************************
 input variables for run     1
 sphere data input file:
./aggregate_ptsa_files/agg_num=0_k=0.950_Df=2.35_meanRp=0.020um_rstdRp=0.10_Np=00020_Rve=0.052um_Rg=0.070um_epsagg=0.807.ptsa
 number spheres
   20
 length, ref index scale factors
  1.3221101E+01  2.0700000E+00  6.3000000E-01
 volume cluster radius, area mean sphere radius, circumscribing radius, cross section radius
  6.9323498E-01  2.5461766E-01  1.6718180E+00  6.9323498E-01
 incident plane wave
 incident alpha, beta(deg)
  0.0000E+00  0.0000E+00
 t matrix order:
     7
 layer 0 refractive index
  1.0000E+00  0.0000E+00
 number of plane boundaries 
  0
 max_iterations,solution_epsilon, mie_epsilon
     10000  1.0000E-06  1.0000E-06
 maximum Mie order, number of equations:
   3       600
 mean sphere Mie extinction, absorption efficiencies
  2.1427E-01  2.0972E-01
****************************************************
 calculation results for run 
           1
 number iterations, error, solution time 
     4  7.6603E-07  1.5491E-02
 total extinction, absorption, scattering efficiencies (unpol, par, perp incidence)
  8.5921E-01  7.1076E-01  1.4844E-01  8.4482E-01  6.9865E-01  1.4617E-01  8.7359E-01  7.2288E-01  1.5072E-01
 scattering matrix in incident plane: 0 deg= z axis
 forward scattering amplitude matrix (BH83,Eq3.12) 
(  0.9867E-01, -0.2051E+00) (  0.9531E-01, -0.2021E+00) (  0.6010E-02, -0.3490E-02) (  0.5738E-02, -0.4551E-02) 
 backward scattering amplitude matrix (BH83,Eq3.12) 
(  0.5067E-01, -0.6430E-01) ( -0.4991E-01,  0.6544E-01) ( -0.3568E-02,  0.6844E-05) (  0.3548E-02, -0.1785E-04) 

