****************************************************
****************************************************
 mstm calculation results
 date, time:
20250218 185736.585 
 input file:
mstm-v4.0-agg0-batch.inp
****************************************************
 input variables for run     1
 sphere data input file:
./aggregate_ptsa_files/agg_num=0_k=0.950_Df=2.35_meanRp=0.020um_rstdRp=0.10_Np=00020_Rve=0.052um_Rg=0.070um_epsagg=0.807.ptsa
 number spheres
   20
 length, ref index scale factors
  1.3221101E+01  1.7900000E+00  1.0500000E+00
 volume cluster radius, area mean sphere radius, circumscribing radius, cross section radius
  6.9323498E-01  2.5461766E-01  1.6718180E+00  6.9323498E-01
 incident plane wave
 incident alpha, beta(deg)
  0.0000E+00  0.0000E+00
 t matrix order:
     7
 layer 0 refractive index
  1.0000E+00  0.0000E+00
 number of plane boundaries 
  0
 max_iterations,solution_epsilon, mie_epsilon
     10000  1.0000E-06  1.0000E-06
 maximum Mie order, number of equations:
   3       600
 mean sphere Mie extinction, absorption efficiencies
  4.0716E-01  4.0099E-01
****************************************************
 calculation results for run 
           1
 number iterations, error, solution time 
     5  2.0926E-07  1.9018E-02
 total extinction, absorption, scattering efficiencies (unpol, par, perp incidence)
  1.4391E+00  1.2611E+00  1.7797E-01  1.4157E+00  1.2404E+00  1.7528E-01  1.4625E+00  1.2818E+00  1.8067E-01
 scattering matrix in incident plane: 0 deg= z axis
 forward scattering amplitude matrix (BH83,Eq3.12) 
(  0.1701E+00, -0.1851E+00) (  0.1645E+00, -0.1841E+00) (  0.8048E-02,  0.6525E-03) (  0.9119E-02, -0.5077E-03) 
 backward scattering amplitude matrix (BH83,Eq3.12) 
(  0.7147E-01, -0.4760E-01) ( -0.7189E-01,  0.5010E-01) ( -0.2979E-02, -0.2767E-02) (  0.2983E-02,  0.2774E-02) 

