****************************************************
****************************************************
 mstm calculation results
 date, time:
20250218 185652.433 
 input file:
mstm-v4.0-agg0-batch.inp
****************************************************
 input variables for run     1
 sphere data input file:
./aggregate_ptsa_files/agg_num=0_k=0.950_Df=2.35_meanRp=0.020um_rstdRp=0.10_Np=00020_Rve=0.052um_Rg=0.070um_epsagg=0.807.ptsa
 number spheres
   20
 length, ref index scale factors
  1.3221101E+01  1.1600000E+00  1.4000000E+00
 volume cluster radius, area mean sphere radius, circumscribing radius, cross section radius
  6.9323498E-01  2.5461766E-01  1.6718180E+00  6.9323498E-01
 incident plane wave
 incident alpha, beta(deg)
  0.0000E+00  0.0000E+00
 t matrix order:
     7
 layer 0 refractive index
  1.0000E+00  0.0000E+00
 number of plane boundaries 
  0
 max_iterations,solution_epsilon, mie_epsilon
     10000  1.0000E-06  1.0000E-06
 maximum Mie order, number of equations:
   3       600
 mean sphere Mie extinction, absorption efficiencies
  8.5723E-01  8.4417E-01
****************************************************
 calculation results for run 
           1
 number iterations, error, solution time 
     7  1.5393E-07  2.3905E-02
 total extinction, absorption, scattering efficiencies (unpol, par, perp incidence)
  2.3909E+00  2.1230E+00  2.6788E-01  2.3583E+00  2.0936E+00  2.6469E-01  2.4234E+00  2.1523E+00  2.7106E-01
 scattering matrix in incident plane: 0 deg= z axis
 forward scattering amplitude matrix (BH83,Eq3.12) 
(  0.2875E+00, -0.1240E+00) (  0.2795E+00, -0.1291E+00) (  0.6899E-02,  0.8599E-02) (  0.9658E-02,  0.1053E-01) 
 backward scattering amplitude matrix (BH83,Eq3.12) 
(  0.9209E-01, -0.1445E-01) ( -0.9885E-01,  0.1625E-01) (  0.2175E-02, -0.4096E-02) ( -0.2170E-02,  0.4065E-02) 

