****************************************************
****************************************************
 mstm calculation results
 date, time:
20250218 185754.704 
 input file:
mstm-v4.0-agg0-batch.inp
****************************************************
 input variables for run     1
 sphere data input file:
./aggregate_ptsa_files/agg_num=0_k=0.950_Df=2.35_meanRp=0.020um_rstdRp=0.10_Np=00020_Rve=0.052um_Rg=0.070um_epsagg=0.807.ptsa
 number spheres
   20
 length, ref index scale factors
  1.3221101E+01  2.0700000E+00  8.4000000E-01
 volume cluster radius, area mean sphere radius, circumscribing radius, cross section radius
  6.9323498E-01  2.5461766E-01  1.6718180E+00  6.9323498E-01
 incident plane wave
 incident alpha, beta(deg)
  0.0000E+00  0.0000E+00
 t matrix order:
     7
 layer 0 refractive index
  1.0000E+00  0.0000E+00
 number of plane boundaries 
  0
 max_iterations,solution_epsilon, mie_epsilon
     10000  1.0000E-06  1.0000E-06
 maximum Mie order, number of equations:
   3       600
 mean sphere Mie extinction, absorption efficiencies
  2.7473E-01  2.6930E-01
****************************************************
 calculation results for run 
           1
 number iterations, error, solution time 
     5  1.1488E-07  1.9202E-02
 total extinction, absorption, scattering efficiencies (unpol, par, perp incidence)
  1.0911E+00  9.1727E-01  1.7378E-01  1.0719E+00  9.0089E-01  1.7101E-01  1.1102E+00  9.3366E-01  1.7656E-01
 scattering matrix in incident plane: 0 deg= z axis
 forward scattering amplitude matrix (BH83,Eq3.12) 
(  0.1269E+00, -0.2122E+00) (  0.1224E+00, -0.2093E+00) (  0.7664E-02, -0.2607E-02) (  0.7762E-02, -0.4050E-02) 
 backward scattering amplitude matrix (BH83,Eq3.12) 
(  0.6140E-01, -0.6281E-01) ( -0.6059E-01,  0.6456E-01) ( -0.4133E-02, -0.1026E-02) (  0.4138E-02,  0.1023E-02) 

