****************************************************
****************************************************
 mstm calculation results
 date, time:
20250218 185801.997 
 input file:
mstm-v4.0-agg0-batch.inp
****************************************************
 input variables for run     1
 sphere data input file:
./aggregate_ptsa_files/agg_num=0_k=0.950_Df=2.35_meanRp=0.020um_rstdRp=0.10_Np=00020_Rve=0.052um_Rg=0.070um_epsagg=0.807.ptsa
 number spheres
   20
 length, ref index scale factors
  1.3221101E+01  2.1400000E+00  1.3300000E+00
 volume cluster radius, area mean sphere radius, circumscribing radius, cross section radius
  6.9323498E-01  2.5461766E-01  1.6718180E+00  6.9323498E-01
 incident plane wave
 incident alpha, beta(deg)
  0.0000E+00  0.0000E+00
 t matrix order:
     7
 layer 0 refractive index
  1.0000E+00  0.0000E+00
 number of plane boundaries 
  0
 max_iterations,solution_epsilon, mie_epsilon
     10000  1.0000E-06  1.0000E-06
 maximum Mie order, number of equations:
   3       600
 mean sphere Mie extinction, absorption efficiencies
  3.5794E-01  3.4980E-01
****************************************************
 calculation results for run 
           1
 number iterations, error, solution time 
     6  2.1813E-07  2.5259E-02
 total extinction, absorption, scattering efficiencies (unpol, par, perp incidence)
  1.5427E+00  1.2784E+00  2.6431E-01  1.5116E+00  1.2520E+00  2.5966E-01  1.5739E+00  1.3049E+00  2.6896E-01
 scattering matrix in incident plane: 0 deg= z axis
 forward scattering amplitude matrix (BH83,Eq3.12) 
(  0.1816E+00, -0.2463E+00) (  0.1742E+00, -0.2431E+00) (  0.1215E-01, -0.1124E-02) (  0.1319E-01, -0.3966E-02) 
 backward scattering amplitude matrix (BH83,Eq3.12) 
(  0.8553E-01, -0.6532E-01) ( -0.8396E-01,  0.6922E-01) ( -0.5976E-02, -0.3773E-02) (  0.6000E-02,  0.3752E-02) 

