****************************************************
****************************************************
 mstm calculation results
 date, time:
20250218 185724.648 
 input file:
mstm-v4.0-agg0-batch.inp
****************************************************
 input variables for run     1
 sphere data input file:
./aggregate_ptsa_files/agg_num=0_k=0.950_Df=2.35_meanRp=0.020um_rstdRp=0.10_Np=00020_Rve=0.052um_Rg=0.070um_epsagg=0.807.ptsa
 number spheres
   20
 length, ref index scale factors
  1.3221101E+01  1.6500000E+00  7.0000000E-01
 volume cluster radius, area mean sphere radius, circumscribing radius, cross section radius
  6.9323498E-01  2.5461766E-01  1.6718180E+00  6.9323498E-01
 incident plane wave
 incident alpha, beta(deg)
  0.0000E+00  0.0000E+00
 t matrix order:
     7
 layer 0 refractive index
  1.0000E+00  0.0000E+00
 number of plane boundaries 
  0
 max_iterations,solution_epsilon, mie_epsilon
     10000  1.0000E-06  1.0000E-06
 maximum Mie order, number of equations:
   3       600
 mean sphere Mie extinction, absorption efficiencies
  3.2551E-01  3.2189E-01
****************************************************
 calculation results for run 
           1
 number iterations, error, solution time 
     4  2.0889E-07  1.6292E-02
 total extinction, absorption, scattering efficiencies (unpol, par, perp incidence)
  1.0551E+00  9.5234E-01  1.0271E-01  1.0415E+00  9.4008E-01  1.0143E-01  1.0686E+00  9.6461E-01  1.0400E-01
 scattering matrix in incident plane: 0 deg= z axis
 forward scattering amplitude matrix (BH83,Eq3.12) 
(  0.1240E+00, -0.1442E+00) (  0.1208E+00, -0.1435E+00) (  0.4720E-02, -0.1177E-03) (  0.5106E-02, -0.6291E-03) 
 backward scattering amplitude matrix (BH83,Eq3.12) 
(  0.5165E-01, -0.4071E-01) ( -0.5204E-01,  0.4175E-01) ( -0.1882E-02, -0.1086E-02) (  0.1886E-02,  0.1078E-02) 

