****************************************************
****************************************************
 mstm calculation results
 date, time:
20250218 185804.293 
 input file:
mstm-v4.0-agg0-batch.inp
****************************************************
 input variables for run     1
 sphere data input file:
./aggregate_ptsa_files/agg_num=0_k=0.950_Df=2.35_meanRp=0.020um_rstdRp=0.10_Np=00020_Rve=0.052um_Rg=0.070um_epsagg=0.807.ptsa
 number spheres
   20
 length, ref index scale factors
  1.3221101E+01  2.2100000E+00  4.9000000E-01
 volume cluster radius, area mean sphere radius, circumscribing radius, cross section radius
  6.9323498E-01  2.5461766E-01  1.6718180E+00  6.9323498E-01
 incident plane wave
 incident alpha, beta(deg)
  0.0000E+00  0.0000E+00
 t matrix order:
     7
 layer 0 refractive index
  1.0000E+00  0.0000E+00
 number of plane boundaries 
  0
 max_iterations,solution_epsilon, mie_epsilon
     10000  1.0000E-06  1.0000E-06
 maximum Mie order, number of equations:
   3       600
 mean sphere Mie extinction, absorption efficiencies
  1.5382E-01  1.4921E-01
****************************************************
 calculation results for run 
           1
 number iterations, error, solution time 
     4  8.4682E-07  1.8431E-02
 total extinction, absorption, scattering efficiencies (unpol, par, perp incidence)
  6.8566E-01  5.2770E-01  1.5796E-01  6.7355E-01  5.1819E-01  1.5537E-01  6.9776E-01  5.3721E-01  1.6055E-01
 scattering matrix in incident plane: 0 deg= z axis
 forward scattering amplitude matrix (BH83,Eq3.12) 
(  0.7705E-01, -0.2211E+00) (  0.7425E-01, -0.2173E+00) (  0.5432E-02, -0.5083E-02) (  0.4758E-02, -0.6026E-02) 
 backward scattering amplitude matrix (BH83,Eq3.12) 
(  0.4506E-01, -0.7290E-01) ( -0.4401E-01,  0.7361E-01) ( -0.3786E-02,  0.9827E-03) (  0.3760E-02, -0.9788E-03) 

