****************************************************
****************************************************
 mstm calculation results
 date, time:
20250218 185711.007 
 input file:
mstm-v4.0-agg0-batch.inp
****************************************************
 input variables for run     1
 sphere data input file:
./aggregate_ptsa_files/agg_num=0_k=0.950_Df=2.35_meanRp=0.020um_rstdRp=0.10_Np=00020_Rve=0.052um_Rg=0.070um_epsagg=0.807.ptsa
 number spheres
   20
 length, ref index scale factors
  1.3221101E+01  1.4400000E+00  1.3300000E+00
 volume cluster radius, area mean sphere radius, circumscribing radius, cross section radius
  6.9323498E-01  2.5461766E-01  1.6718180E+00  6.9323498E-01
 incident plane wave
 incident alpha, beta(deg)
  0.0000E+00  0.0000E+00
 t matrix order:
     7
 layer 0 refractive index
  1.0000E+00  0.0000E+00
 number of plane boundaries 
  0
 max_iterations,solution_epsilon, mie_epsilon
     10000  1.0000E-06  1.0000E-06
 maximum Mie order, number of equations:
   3       600
 mean sphere Mie extinction, absorption efficiencies
  6.3688E-01  6.2745E-01
****************************************************
 calculation results for run 
           1
 number iterations, error, solution time 
     6  3.5317E-07  2.0730E-02
 total extinction, absorption, scattering efficiencies (unpol, par, perp incidence)
  2.0137E+00  1.7833E+00  2.3036E-01  1.9831E+00  1.7557E+00  2.2739E-01  2.0442E+00  1.8109E+00  2.3334E-01
 scattering matrix in incident plane: 0 deg= z axis
 forward scattering amplitude matrix (BH83,Eq3.12) 
(  0.2408E+00, -0.1587E+00) (  0.2334E+00, -0.1605E+00) (  0.8336E-02,  0.5339E-02) (  0.1087E-01,  0.5386E-02) 
 backward scattering amplitude matrix (BH83,Eq3.12) 
(  0.8716E-01, -0.2910E-01) ( -0.9064E-01,  0.3244E-01) ( -0.4093E-03, -0.4709E-02) (  0.3953E-03,  0.4736E-02) 

