****************************************************
****************************************************
 mstm calculation results
 date, time:
20250218 185705.298 
 input file:
mstm-v4.0-agg0-batch.inp
****************************************************
 input variables for run     1
 sphere data input file:
./aggregate_ptsa_files/agg_num=0_k=0.950_Df=2.35_meanRp=0.020um_rstdRp=0.10_Np=00020_Rve=0.052um_Rg=0.070um_epsagg=0.807.ptsa
 number spheres
   20
 length, ref index scale factors
  1.3221101E+01  1.3700000E+00  5.6000000E-01
 volume cluster radius, area mean sphere radius, circumscribing radius, cross section radius
  6.9323498E-01  2.5461766E-01  1.6718180E+00  6.9323498E-01
 incident plane wave
 incident alpha, beta(deg)
  0.0000E+00  0.0000E+00
 t matrix order:
     7
 layer 0 refractive index
  1.0000E+00  0.0000E+00
 number of plane boundaries 
  0
 max_iterations,solution_epsilon, mie_epsilon
     10000  1.0000E-06  1.0000E-06
 maximum Mie order, number of equations:
   3       600
 mean sphere Mie extinction, absorption efficiencies
  3.2489E-01  3.2276E-01
****************************************************
 calculation results for run 
           1
 number iterations, error, solution time 
     3  7.2097E-07  1.4034E-02
 total extinction, absorption, scattering efficiencies (unpol, par, perp incidence)
  9.3424E-01  8.7727E-01  5.6971E-02  9.2666E-01  8.7034E-01  5.6320E-02  9.4182E-01  8.8420E-01  5.7621E-02
 scattering matrix in incident plane: 0 deg= z axis
 forward scattering amplitude matrix (BH83,Eq3.12) 
(  0.1105E+00, -0.8797E-01) (  0.1087E+00, -0.8832E-01) (  0.2471E-02,  0.8150E-03) (  0.2708E-02,  0.7448E-03) 
 backward scattering amplitude matrix (BH83,Eq3.12) 
(  0.4199E-01, -0.2407E-01) ( -0.4253E-01,  0.2436E-01) ( -0.7646E-03, -0.7688E-03) (  0.7672E-03,  0.7706E-03) 

