****************************************************
****************************************************
 mstm calculation results
 date, time:
20250218 185742.756 
 input file:
mstm-v4.0-agg0-batch.inp
****************************************************
 input variables for run     1
 sphere data input file:
./aggregate_ptsa_files/agg_num=0_k=0.950_Df=2.35_meanRp=0.020um_rstdRp=0.10_Np=00020_Rve=0.052um_Rg=0.070um_epsagg=0.807.ptsa
 number spheres
   20
 length, ref index scale factors
  1.3221101E+01  1.9300000E+00  4.9000000E-01
 volume cluster radius, area mean sphere radius, circumscribing radius, cross section radius
  6.9323498E-01  2.5461766E-01  1.6718180E+00  6.9323498E-01
 incident plane wave
 incident alpha, beta(deg)
  0.0000E+00  0.0000E+00
 t matrix order:
     7
 layer 0 refractive index
  1.0000E+00  0.0000E+00
 number of plane boundaries 
  0
 max_iterations,solution_epsilon, mie_epsilon
     10000  1.0000E-06  1.0000E-06
 maximum Mie order, number of equations:
   3       600
 mean sphere Mie extinction, absorption efficiencies
  1.8877E-01  1.8519E-01
****************************************************
 calculation results for run 
           1
 number iterations, error, solution time 
     4  2.2338E-07  1.5904E-02
 total extinction, absorption, scattering efficiencies (unpol, par, perp incidence)
  7.1703E-01  6.0291E-01  1.1412E-01  7.0615E-01  5.9366E-01  1.1249E-01  7.2790E-01  6.1216E-01  1.1575E-01
 scattering matrix in incident plane: 0 deg= z axis
 forward scattering amplitude matrix (BH83,Eq3.12) 
(  0.8188E-01, -0.1817E+00) (  0.7935E-01, -0.1793E+00) (  0.4433E-02, -0.2965E-02) (  0.4224E-02, -0.3644E-02) 
 backward scattering amplitude matrix (BH83,Eq3.12) 
(  0.4182E-01, -0.5820E-01) ( -0.4141E-01,  0.5900E-01) ( -0.2649E-02,  0.2521E-03) (  0.2639E-02, -0.2564E-03) 

