****************************************************
****************************************************
 mstm calculation results
 date, time:
20250218 185731.261 
 input file:
mstm-v4.0-agg0-batch.inp
****************************************************
 input variables for run     1
 sphere data input file:
./aggregate_ptsa_files/agg_num=0_k=0.950_Df=2.35_meanRp=0.020um_rstdRp=0.10_Np=00020_Rve=0.052um_Rg=0.070um_epsagg=0.807.ptsa
 number spheres
   20
 length, ref index scale factors
  1.3221101E+01  1.7200000E+00  1.0500000E+00
 volume cluster radius, area mean sphere radius, circumscribing radius, cross section radius
  6.9323498E-01  2.5461766E-01  1.6718180E+00  6.9323498E-01
 incident plane wave
 incident alpha, beta(deg)
  0.0000E+00  0.0000E+00
 t matrix order:
     7
 layer 0 refractive index
  1.0000E+00  0.0000E+00
 number of plane boundaries 
  0
 max_iterations,solution_epsilon, mie_epsilon
     10000  1.0000E-06  1.0000E-06
 maximum Mie order, number of equations:
   3       600
 mean sphere Mie extinction, absorption efficiencies
  4.3142E-01  4.2529E-01
****************************************************
 calculation results for run 
           1
 number iterations, error, solution time 
     5  1.8939E-07  1.9245E-02
 total extinction, absorption, scattering efficiencies (unpol, par, perp incidence)
  1.4760E+00  1.3039E+00  1.7217E-01  1.4530E+00  1.2833E+00  1.6961E-01  1.4991E+00  1.3244E+00  1.7472E-01
 scattering matrix in incident plane: 0 deg= z axis
 forward scattering amplitude matrix (BH83,Eq3.12) 
(  0.1748E+00, -0.1751E+00) (  0.1693E+00, -0.1745E+00) (  0.7668E-02,  0.1225E-02) (  0.8832E-02,  0.2758E-03) 
 backward scattering amplitude matrix (BH83,Eq3.12) 
(  0.7143E-01, -0.4384E-01) ( -0.7219E-01,  0.4623E-01) ( -0.2545E-02, -0.2845E-02) (  0.2547E-02,  0.2853E-02) 

