****************************************************
****************************************************
 mstm calculation results
 date, time:
20250218 185708.952 
 input file:
mstm-v4.0-agg0-batch.inp
****************************************************
 input variables for run     1
 sphere data input file:
./aggregate_ptsa_files/agg_num=0_k=0.950_Df=2.35_meanRp=0.020um_rstdRp=0.10_Np=00020_Rve=0.052um_Rg=0.070um_epsagg=0.807.ptsa
 number spheres
   20
 length, ref index scale factors
  1.3221101E+01  1.4400000E+00  7.7000000E-01
 volume cluster radius, area mean sphere radius, circumscribing radius, cross section radius
  6.9323498E-01  2.5461766E-01  1.6718180E+00  6.9323498E-01
 incident plane wave
 incident alpha, beta(deg)
  0.0000E+00  0.0000E+00
 t matrix order:
     7
 layer 0 refractive index
  1.0000E+00  0.0000E+00
 number of plane boundaries 
  0
 max_iterations,solution_epsilon, mie_epsilon
     10000  1.0000E-06  1.0000E-06
 maximum Mie order, number of equations:
   3       600
 mean sphere Mie extinction, absorption efficiencies
  4.1965E-01  4.1598E-01
****************************************************
 calculation results for run 
           1
 number iterations, error, solution time 
     4  2.0604E-07  1.5123E-02
 total extinction, absorption, scattering efficiencies (unpol, par, perp incidence)
  1.2370E+00  1.1413E+00  9.5728E-02  1.2240E+00  1.1293E+00  9.4617E-02  1.2501E+00  1.1533E+00  9.6838E-02
 scattering matrix in incident plane: 0 deg= z axis
 forward scattering amplitude matrix (BH83,Eq3.12) 
(  0.1468E+00, -0.1113E+00) (  0.1437E+00, -0.1119E+00) (  0.4025E-02,  0.1624E-02) (  0.4596E-02,  0.1501E-02) 
 backward scattering amplitude matrix (BH83,Eq3.12) 
(  0.5525E-01, -0.2805E-01) ( -0.5625E-01,  0.2874E-01) ( -0.1049E-02, -0.1498E-02) (  0.1057E-02,  0.1499E-02) 

