****************************************************
****************************************************
 mstm calculation results
 date, time:
20250218 185659.713 
 input file:
mstm-v4.0-agg0-batch.inp
****************************************************
 input variables for run     1
 sphere data input file:
./aggregate_ptsa_files/agg_num=0_k=0.950_Df=2.35_meanRp=0.020um_rstdRp=0.10_Np=00020_Rve=0.052um_Rg=0.070um_epsagg=0.807.ptsa
 number spheres
   20
 length, ref index scale factors
  1.3221101E+01  1.3000000E+00  4.9000000E-01
 volume cluster radius, area mean sphere radius, circumscribing radius, cross section radius
  6.9323498E-01  2.5461766E-01  1.6718180E+00  6.9323498E-01
 incident plane wave
 incident alpha, beta(deg)
  0.0000E+00  0.0000E+00
 t matrix order:
     7
 layer 0 refractive index
  1.0000E+00  0.0000E+00
 number of plane boundaries 
  0
 max_iterations,solution_epsilon, mie_epsilon
     10000  1.0000E-06  1.0000E-06
 maximum Mie order, number of equations:
   3       600
 mean sphere Mie extinction, absorption efficiencies
  2.9802E-01  2.9641E-01
****************************************************
 calculation results for run 
           1
 number iterations, error, solution time 
     3  2.2998E-07  1.2496E-02
 total extinction, absorption, scattering efficiencies (unpol, par, perp incidence)
  8.3789E-01  7.9500E-01  4.2894E-02  8.3233E-01  7.8980E-01  4.2532E-02  8.4345E-01  8.0020E-01  4.3256E-02
 scattering matrix in incident plane: 0 deg= z axis
 forward scattering amplitude matrix (BH83,Eq3.12) 
(  0.9917E-01, -0.7164E-01) (  0.9782E-01, -0.7203E-01) (  0.1808E-02,  0.7685E-03) (  0.1963E-02,  0.7450E-03) 
 backward scattering amplitude matrix (BH83,Eq3.12) 
(  0.3717E-01, -0.1971E-01) ( -0.3761E-01,  0.1984E-01) ( -0.5464E-03, -0.5949E-03) (  0.5469E-03,  0.5964E-03) 

