****************************************************
****************************************************
 mstm calculation results
 date, time:
20250218 185654.678 
 input file:
mstm-v4.0-agg0-batch.inp
****************************************************
 input variables for run     1
 sphere data input file:
./aggregate_ptsa_files/agg_num=0_k=0.950_Df=2.35_meanRp=0.020um_rstdRp=0.10_Np=00020_Rve=0.052um_Rg=0.070um_epsagg=0.807.ptsa
 number spheres
   20
 length, ref index scale factors
  1.3221101E+01  1.2300000E+00  5.6000000E-01
 volume cluster radius, area mean sphere radius, circumscribing radius, cross section radius
  6.9323498E-01  2.5461766E-01  1.6718180E+00  6.9323498E-01
 incident plane wave
 incident alpha, beta(deg)
  0.0000E+00  0.0000E+00
 t matrix order:
     7
 layer 0 refractive index
  1.0000E+00  0.0000E+00
 number of plane boundaries 
  0
 max_iterations,solution_epsilon, mie_epsilon
     10000  1.0000E-06  1.0000E-06
 maximum Mie order, number of equations:
   3       600
 mean sphere Mie extinction, absorption efficiencies
  3.5734E-01  3.5544E-01
****************************************************
 calculation results for run 
           1
 number iterations, error, solution time 
     3  4.4459E-07  1.4734E-02
 total extinction, absorption, scattering efficiencies (unpol, par, perp incidence)
  9.7490E-01  9.2627E-01  4.8632E-02  9.6928E-01  9.2094E-01  4.8335E-02  9.8053E-01  9.3160E-01  4.8929E-02
 scattering matrix in incident plane: 0 deg= z axis
 forward scattering amplitude matrix (BH83,Eq3.12) 
(  0.1160E+00, -0.5989E-01) (  0.1146E+00, -0.6074E-01) (  0.1705E-02,  0.1413E-02) (  0.1887E-02,  0.1477E-02) 
 backward scattering amplitude matrix (BH83,Eq3.12) 
(  0.4169E-01, -0.1489E-01) ( -0.4226E-01,  0.1485E-01) ( -0.3704E-03, -0.7843E-03) (  0.3693E-03,  0.7868E-03) 

