****************************************************
****************************************************
 mstm calculation results
 date, time:
20250218 185656.191 
 input file:
mstm-v4.0-agg0-batch.inp
****************************************************
 input variables for run     1
 sphere data input file:
./aggregate_ptsa_files/agg_num=0_k=0.950_Df=2.35_meanRp=0.020um_rstdRp=0.10_Np=00020_Rve=0.052um_Rg=0.070um_epsagg=0.807.ptsa
 number spheres
   20
 length, ref index scale factors
  1.3221101E+01  1.2300000E+00  9.8000000E-01
 volume cluster radius, area mean sphere radius, circumscribing radius, cross section radius
  6.9323498E-01  2.5461766E-01  1.6718180E+00  6.9323498E-01
 incident plane wave
 incident alpha, beta(deg)
  0.0000E+00  0.0000E+00
 t matrix order:
     7
 layer 0 refractive index
  1.0000E+00  0.0000E+00
 number of plane boundaries 
  0
 max_iterations,solution_epsilon, mie_epsilon
     10000  1.0000E-06  1.0000E-06
 maximum Mie order, number of equations:
   3       600
 mean sphere Mie extinction, absorption efficiencies
  6.2475E-01  6.1887E-01
****************************************************
 calculation results for run 
           1
 number iterations, error, solution time 
     5  9.3061E-08  1.8697E-02
 total extinction, absorption, scattering efficiencies (unpol, par, perp incidence)
  1.6869E+00  1.5522E+00  1.3473E-01  1.6718E+00  1.5386E+00  1.3321E-01  1.7021E+00  1.5659E+00  1.3625E-01
 scattering matrix in incident plane: 0 deg= z axis
 forward scattering amplitude matrix (BH83,Eq3.12) 
(  0.2019E+00, -0.8660E-01) (  0.1982E+00, -0.8943E-01) (  0.3876E-02,  0.4431E-02) (  0.4710E-02,  0.4997E-02) 
 backward scattering amplitude matrix (BH83,Eq3.12) 
(  0.6832E-01, -0.1583E-01) ( -0.7067E-01,  0.1595E-01) (  0.2041E-04, -0.2125E-02) ( -0.2044E-04,  0.2119E-02) 

