****************************************************
****************************************************
 mstm calculation results
 date, time:
20250218 185701.240 
 input file:
mstm-v4.0-agg0-batch.inp
****************************************************
 input variables for run     1
 sphere data input file:
./aggregate_ptsa_files/agg_num=0_k=0.950_Df=2.35_meanRp=0.020um_rstdRp=0.10_Np=00020_Rve=0.052um_Rg=0.070um_epsagg=0.807.ptsa
 number spheres
   20
 length, ref index scale factors
  1.3221101E+01  1.3000000E+00  9.1000000E-01
 volume cluster radius, area mean sphere radius, circumscribing radius, cross section radius
  6.9323498E-01  2.5461766E-01  1.6718180E+00  6.9323498E-01
 incident plane wave
 incident alpha, beta(deg)
  0.0000E+00  0.0000E+00
 t matrix order:
     7
 layer 0 refractive index
  1.0000E+00  0.0000E+00
 number of plane boundaries 
  0
 max_iterations,solution_epsilon, mie_epsilon
     10000  1.0000E-06  1.0000E-06
 maximum Mie order, number of equations:
   3       600
 mean sphere Mie extinction, absorption efficiencies
  5.4950E-01  5.4458E-01
****************************************************
 calculation results for run 
           1
 number iterations, error, solution time 
     4  7.8759E-07  1.5517E-02
 total extinction, absorption, scattering efficiencies (unpol, par, perp incidence)
  1.5279E+00  1.4100E+00  1.1788E-01  1.5132E+00  1.3967E+00  1.1646E-01  1.5426E+00  1.4233E+00  1.1931E-01
 scattering matrix in incident plane: 0 deg= z axis
 forward scattering amplitude matrix (BH83,Eq3.12) 
(  0.1825E+00, -0.9440E-01) (  0.1789E+00, -0.9640E-01) (  0.3950E-02,  0.3452E-02) (  0.4735E-02,  0.3758E-02) 
 backward scattering amplitude matrix (BH83,Eq3.12) 
(  0.6386E-01, -0.1974E-01) ( -0.6566E-01,  0.2012E-01) ( -0.3865E-03, -0.2002E-02) (  0.3942E-03,  0.2016E-02) 

