****************************************************
****************************************************
 mstm calculation results
 date, time:
20250218 185709.446 
 input file:
mstm-v4.0-agg0-batch.inp
****************************************************
 input variables for run     1
 sphere data input file:
./aggregate_ptsa_files/agg_num=0_k=0.950_Df=2.35_meanRp=0.020um_rstdRp=0.10_Np=00020_Rve=0.052um_Rg=0.070um_epsagg=0.807.ptsa
 number spheres
   20
 length, ref index scale factors
  1.3221101E+01  1.4400000E+00  9.1000000E-01
 volume cluster radius, area mean sphere radius, circumscribing radius, cross section radius
  6.9323498E-01  2.5461766E-01  1.6718180E+00  6.9323498E-01
 incident plane wave
 incident alpha, beta(deg)
  0.0000E+00  0.0000E+00
 t matrix order:
     7
 layer 0 refractive index
  1.0000E+00  0.0000E+00
 number of plane boundaries 
  0
 max_iterations,solution_epsilon, mie_epsilon
     10000  1.0000E-06  1.0000E-06
 maximum Mie order, number of equations:
   3       600
 mean sphere Mie extinction, absorption efficiencies
  4.8801E-01  4.8315E-01
****************************************************
 calculation results for run 
           1
 number iterations, error, solution time 
     4  7.8711E-07  1.5628E-02
 total extinction, absorption, scattering efficiencies (unpol, par, perp incidence)
  1.4455E+00  1.3222E+00  1.2335E-01  1.4287E+00  1.3069E+00  1.2184E-01  1.4623E+00  1.3374E+00  1.2485E-01
 scattering matrix in incident plane: 0 deg= z axis
 forward scattering amplitude matrix (BH83,Eq3.12) 
(  0.1721E+00, -0.1203E+00) (  0.1680E+00, -0.1213E+00) (  0.4941E-02,  0.2517E-02) (  0.5848E-02,  0.2440E-02) 
 backward scattering amplitude matrix (BH83,Eq3.12) 
(  0.6359E-01, -0.2806E-01) ( -0.6508E-01,  0.2907E-01) ( -0.1023E-02, -0.2116E-02) (  0.1040E-02,  0.2121E-02) 

