****************************************************
****************************************************
 mstm calculation results
 date, time:
20250218 185641.621 
 input file:
mstm-v4.0-agg0-batch.inp
****************************************************
 input variables for run     1
 sphere data input file:
./aggregate_ptsa_files/agg_num=0_k=0.950_Df=2.35_meanRp=0.020um_rstdRp=0.10_Np=00020_Rve=0.052um_Rg=0.070um_epsagg=0.807.ptsa
 number spheres
   20
 length, ref index scale factors
  1.3221101E+01  1.0200000E+00  1.4000000E+00
 volume cluster radius, area mean sphere radius, circumscribing radius, cross section radius
  6.9323498E-01  2.5461766E-01  1.6718180E+00  6.9323498E-01
 incident plane wave
 incident alpha, beta(deg)
  0.0000E+00  0.0000E+00
 t matrix order:
     7
 layer 0 refractive index
  1.0000E+00  0.0000E+00
 number of plane boundaries 
  0
 max_iterations,solution_epsilon, mie_epsilon
     10000  1.0000E-06  1.0000E-06
 maximum Mie order, number of equations:
   3       600
 mean sphere Mie extinction, absorption efficiencies
  1.0006E+00  9.8501E-01
****************************************************
 calculation results for run 
           1
 number iterations, error, solution time 
     7  4.1120E-07  2.6774E-02
 total extinction, absorption, scattering efficiencies (unpol, par, perp incidence)
  2.5697E+00  2.2824E+00  2.8727E-01  2.5384E+00  2.2545E+00  2.8387E-01  2.6009E+00  2.3102E+00  2.9068E-01
 scattering matrix in incident plane: 0 deg= z axis
 forward scattering amplitude matrix (BH83,Eq3.12) 
(  0.3095E+00, -0.1003E+00) (  0.3018E+00, -0.1074E+00) (  0.5703E-02,  0.1006E-01) (  0.7984E-02,  0.1319E-01) 
 backward scattering amplitude matrix (BH83,Eq3.12) 
(  0.9292E-01, -0.7377E-02) ( -0.1013E+00,  0.7021E-02) (  0.3137E-02, -0.2889E-02) ( -0.3121E-02,  0.2883E-02) 

