****************************************************
****************************************************
 mstm calculation results
 date, time:
20250218 185727.960 
 input file:
mstm-v4.0-agg0-batch.inp
****************************************************
 input variables for run     1
 sphere data input file:
./aggregate_ptsa_files/agg_num=0_k=0.950_Df=2.35_meanRp=0.020um_rstdRp=0.10_Np=00020_Rve=0.052um_Rg=0.070um_epsagg=0.807.ptsa
 number spheres
   20
 length, ref index scale factors
  1.3221101E+01  1.7200000E+00  1.4000000E-01
 volume cluster radius, area mean sphere radius, circumscribing radius, cross section radius
  6.9323498E-01  2.5461766E-01  1.6718180E+00  6.9323498E-01
 incident plane wave
 incident alpha, beta(deg)
  0.0000E+00  0.0000E+00
 t matrix order:
     7
 layer 0 refractive index
  1.0000E+00  0.0000E+00
 number of plane boundaries 
  0
 max_iterations,solution_epsilon, mie_epsilon
     10000  1.0000E-06  1.0000E-06
 maximum Mie order, number of equations:
   3       600
 mean sphere Mie extinction, absorption efficiencies
  6.5447E-02  6.3458E-02
****************************************************
 calculation results for run 
           1
 number iterations, error, solution time 
     3  5.2604E-07  1.5427E-02
 total extinction, absorption, scattering efficiencies (unpol, par, perp incidence)
  2.6185E-01  1.9893E-01  6.2918E-02  2.5845E-01  1.9641E-01  6.2032E-02  2.6524E-01  2.0144E-01  6.3805E-02
 scattering matrix in incident plane: 0 deg= z axis
 forward scattering amplitude matrix (BH83,Eq3.12) 
(  0.2742E-01, -0.1444E+00) (  0.2666E-01, -0.1426E+00) (  0.1377E-02, -0.2607E-02) (  0.1158E-02, -0.2747E-02) 
 backward scattering amplitude matrix (BH83,Eq3.12) 
(  0.1839E-01, -0.5052E-01) ( -0.1822E-01,  0.5077E-01) ( -0.1125E-02,  0.9098E-03) (  0.1124E-02, -0.9087E-03) 

