****************************************************
****************************************************
 mstm calculation results
 date, time:
20250218 185714.275 
 input file:
mstm-v4.0-agg0-batch.inp
****************************************************
 input variables for run     1
 sphere data input file:
./aggregate_ptsa_files/agg_num=0_k=0.950_Df=2.35_meanRp=0.020um_rstdRp=0.10_Np=00020_Rve=0.052um_Rg=0.070um_epsagg=0.807.ptsa
 number spheres
   20
 length, ref index scale factors
  1.3221101E+01  1.5100000E+00  7.7000000E-01
 volume cluster radius, area mean sphere radius, circumscribing radius, cross section radius
  6.9323498E-01  2.5461766E-01  1.6718180E+00  6.9323498E-01
 incident plane wave
 incident alpha, beta(deg)
  0.0000E+00  0.0000E+00
 t matrix order:
     7
 layer 0 refractive index
  1.0000E+00  0.0000E+00
 number of plane boundaries 
  0
 max_iterations,solution_epsilon, mie_epsilon
     10000  1.0000E-06  1.0000E-06
 maximum Mie order, number of equations:
   3       600
 mean sphere Mie extinction, absorption efficiencies
  3.9681E-01  3.9304E-01
****************************************************
 calculation results for run 
           1
 number iterations, error, solution time 
     4  2.4192E-07  1.4891E-02
 total extinction, absorption, scattering efficiencies (unpol, par, perp incidence)
  1.2067E+00  1.1058E+00  1.0093E-01  1.1928E+00  1.0931E+00  9.9729E-02  1.2206E+00  1.1184E+00  1.0213E-01
 scattering matrix in incident plane: 0 deg= z axis
 forward scattering amplitude matrix (BH83,Eq3.12) 
(  0.1429E+00, -0.1238E+00) (  0.1396E+00, -0.1240E+00) (  0.4439E-02,  0.1181E-02) (  0.5016E-02,  0.9141E-03) 
 backward scattering amplitude matrix (BH83,Eq3.12) 
(  0.5534E-01, -0.3225E-01) ( -0.5620E-01,  0.3315E-01) ( -0.1340E-02, -0.1485E-02) (  0.1349E-02,  0.1483E-02) 

