****************************************************
****************************************************
 mstm calculation results
 date, time:
20250218 185803.772 
 input file:
mstm-v4.0-agg0-batch.inp
****************************************************
 input variables for run     1
 sphere data input file:
./aggregate_ptsa_files/agg_num=0_k=0.950_Df=2.35_meanRp=0.020um_rstdRp=0.10_Np=00020_Rve=0.052um_Rg=0.070um_epsagg=0.807.ptsa
 number spheres
   20
 length, ref index scale factors
  1.3221101E+01  2.2100000E+00  3.5000000E-01
 volume cluster radius, area mean sphere radius, circumscribing radius, cross section radius
  6.9323498E-01  2.5461766E-01  1.6718180E+00  6.9323498E-01
 incident plane wave
 incident alpha, beta(deg)
  0.0000E+00  0.0000E+00
 t matrix order:
     7
 layer 0 refractive index
  1.0000E+00  0.0000E+00
 number of plane boundaries 
  0
 max_iterations,solution_epsilon, mie_epsilon
     10000  1.0000E-06  1.0000E-06
 maximum Mie order, number of equations:
   3       600
 mean sphere Mie extinction, absorption efficiencies
  1.1238E-01  1.0808E-01
****************************************************
 calculation results for run 
           1
 number iterations, error, solution time 
     4  5.9907E-07  1.5112E-02
 total extinction, absorption, scattering efficiencies (unpol, par, perp incidence)
  5.3347E-01  3.8393E-01  1.4953E-01  5.2415E-01  3.7708E-01  1.4708E-01  5.4278E-01  3.9079E-01  1.5199E-01
 scattering matrix in incident plane: 0 deg= z axis
 forward scattering amplitude matrix (BH83,Eq3.12) 
(  0.5846E-01, -0.2197E+00) (  0.5634E-01, -0.2158E+00) (  0.4345E-02, -0.5559E-02) (  0.3568E-02, -0.6243E-02) 
 backward scattering amplitude matrix (BH83,Eq3.12) 
(  0.3805E-01, -0.7481E-01) ( -0.3712E-01,  0.7522E-01) ( -0.3377E-02,  0.1553E-02) (  0.3359E-02, -0.1541E-02) 

