****************************************************
****************************************************
 mstm calculation results
 date, time:
20250218 185659.459 
 input file:
mstm-v4.0-agg0-batch.inp
****************************************************
 input variables for run     1
 sphere data input file:
./aggregate_ptsa_files/agg_num=0_k=0.950_Df=2.35_meanRp=0.020um_rstdRp=0.10_Np=00020_Rve=0.052um_Rg=0.070um_epsagg=0.807.ptsa
 number spheres
   20
 length, ref index scale factors
  1.3221101E+01  1.3000000E+00  4.2000000E-01
 volume cluster radius, area mean sphere radius, circumscribing radius, cross section radius
  6.9323498E-01  2.5461766E-01  1.6718180E+00  6.9323498E-01
 incident plane wave
 incident alpha, beta(deg)
  0.0000E+00  0.0000E+00
 t matrix order:
     7
 layer 0 refractive index
  1.0000E+00  0.0000E+00
 number of plane boundaries 
  0
 max_iterations,solution_epsilon, mie_epsilon
     10000  1.0000E-06  1.0000E-06
 maximum Mie order, number of equations:
   3       600
 mean sphere Mie extinction, absorption efficiencies
  2.5502E-01  2.5374E-01
****************************************************
 calculation results for run 
           1
 number iterations, error, solution time 
     3  9.1236E-08  1.2368E-02
 total extinction, absorption, scattering efficiencies (unpol, par, perp incidence)
  7.2104E-01  6.8632E-01  3.4720E-02  7.1639E-01  6.8198E-01  3.4418E-02  7.2568E-01  6.9066E-01  3.5022E-02
 scattering matrix in incident plane: 0 deg= z axis
 forward scattering amplitude matrix (BH83,Eq3.12) 
(  0.8508E-01, -0.6955E-01) (  0.8396E-01, -0.6975E-01) (  0.1535E-02,  0.4437E-03) (  0.1639E-02,  0.4065E-03) 
 backward scattering amplitude matrix (BH83,Eq3.12) 
(  0.3247E-01, -0.1999E-01) ( -0.3278E-01,  0.2011E-01) ( -0.5194E-03, -0.4212E-03) (  0.5198E-03,  0.4219E-03) 

