****************************************************
****************************************************
 mstm calculation results
 date, time:
20250218 185744.537 
 input file:
mstm-v4.0-agg0-batch.inp
****************************************************
 input variables for run     1
 sphere data input file:
./aggregate_ptsa_files/agg_num=0_k=0.950_Df=2.35_meanRp=0.020um_rstdRp=0.10_Np=00020_Rve=0.052um_Rg=0.070um_epsagg=0.807.ptsa
 number spheres
   20
 length, ref index scale factors
  1.3221101E+01  1.9300000E+00  9.8000000E-01
 volume cluster radius, area mean sphere radius, circumscribing radius, cross section radius
  6.9323498E-01  2.5461766E-01  1.6718180E+00  6.9323498E-01
 incident plane wave
 incident alpha, beta(deg)
  0.0000E+00  0.0000E+00
 t matrix order:
     7
 layer 0 refractive index
  1.0000E+00  0.0000E+00
 number of plane boundaries 
  0
 max_iterations,solution_epsilon, mie_epsilon
     10000  1.0000E-06  1.0000E-06
 maximum Mie order, number of equations:
   3       600
 mean sphere Mie extinction, absorption efficiencies
  3.4581E-01  3.3994E-01
****************************************************
 calculation results for run 
           1
 number iterations, error, solution time 
     5  1.7231E-07  1.8049E-02
 total extinction, absorption, scattering efficiencies (unpol, par, perp incidence)
  1.2945E+00  1.1158E+00  1.7872E-01  1.2724E+00  1.0964E+00  1.7593E-01  1.3166E+00  1.1351E+00  1.8150E-01
 scattering matrix in incident plane: 0 deg= z axis
 forward scattering amplitude matrix (BH83,Eq3.12) 
(  0.1521E+00, -0.2002E+00) (  0.1468E+00, -0.1982E+00) (  0.8174E-02, -0.8488E-03) (  0.8827E-02, -0.2264E-02) 
 backward scattering amplitude matrix (BH83,Eq3.12) 
(  0.6802E-01, -0.5508E-01) ( -0.6776E-01,  0.5737E-01) ( -0.3696E-02, -0.2109E-02) (  0.3702E-02,  0.2111E-02) 

