****************************************************
****************************************************
 mstm calculation results
 date, time:
20250218 185740.755 
 input file:
mstm-v4.0-agg0-batch.inp
****************************************************
 input variables for run     1
 sphere data input file:
./aggregate_ptsa_files/agg_num=0_k=0.950_Df=2.35_meanRp=0.020um_rstdRp=0.10_Np=00020_Rve=0.052um_Rg=0.070um_epsagg=0.807.ptsa
 number spheres
   20
 length, ref index scale factors
  1.3221101E+01  1.8600000E+00  1.4000000E+00
 volume cluster radius, area mean sphere radius, circumscribing radius, cross section radius
  6.9323498E-01  2.5461766E-01  1.6718180E+00  6.9323498E-01
 incident plane wave
 incident alpha, beta(deg)
  0.0000E+00  0.0000E+00
 t matrix order:
     7
 layer 0 refractive index
  1.0000E+00  0.0000E+00
 number of plane boundaries 
  0
 max_iterations,solution_epsilon, mie_epsilon
     10000  1.0000E-06  1.0000E-06
 maximum Mie order, number of equations:
   3       600
 mean sphere Mie extinction, absorption efficiencies
  4.5361E-01  4.4484E-01
****************************************************
 calculation results for run 
           1
 number iterations, error, solution time 
     6  3.1362E-07  2.0985E-02
 total extinction, absorption, scattering efficiencies (unpol, par, perp incidence)
  1.7687E+00  1.5093E+00  2.5939E-01  1.7354E+00  1.4802E+00  2.5519E-01  1.8020E+00  1.5385E+00  2.6360E-01
 scattering matrix in incident plane: 0 deg= z axis
 forward scattering amplitude matrix (BH83,Eq3.12) 
(  0.2098E+00, -0.2203E+00) (  0.2018E+00, -0.2188E+00) (  0.1151E-01,  0.1837E-02) (  0.1367E-01, -0.3006E-03) 
 backward scattering amplitude matrix (BH83,Eq3.12) 
(  0.8964E-01, -0.5161E-01) ( -0.8978E-01,  0.5632E-01) ( -0.4069E-02, -0.5177E-02) (  0.4104E-02,  0.5185E-02) 

