****************************************************
****************************************************
 mstm calculation results
 date, time:
20250218 185755.489 
 input file:
mstm-v4.0-agg0-batch.inp
****************************************************
 input variables for run     1
 sphere data input file:
./aggregate_ptsa_files/agg_num=0_k=0.950_Df=2.35_meanRp=0.020um_rstdRp=0.10_Np=00020_Rve=0.052um_Rg=0.070um_epsagg=0.807.ptsa
 number spheres
   20
 length, ref index scale factors
  1.3221101E+01  2.0700000E+00  1.0500000E+00
 volume cluster radius, area mean sphere radius, circumscribing radius, cross section radius
  6.9323498E-01  2.5461766E-01  1.6718180E+00  6.9323498E-01
 incident plane wave
 incident alpha, beta(deg)
  0.0000E+00  0.0000E+00
 t matrix order:
     7
 layer 0 refractive index
  1.0000E+00  0.0000E+00
 number of plane boundaries 
  0
 max_iterations,solution_epsilon, mie_epsilon
     10000  1.0000E-06  1.0000E-06
 maximum Mie order, number of equations:
   3       600
 mean sphere Mie extinction, absorption efficiencies
  3.2620E-01  3.1971E-01
****************************************************
 calculation results for run 
           1
 number iterations, error, solution time 
     5  3.5101E-07  2.0572E-02
 total extinction, absorption, scattering efficiencies (unpol, par, perp incidence)
  1.3105E+00  1.1044E+00  2.0609E-01  1.2863E+00  1.0836E+00  2.0279E-01  1.3347E+00  1.1253E+00  2.0940E-01
 scattering matrix in incident plane: 0 deg= z axis
 forward scattering amplitude matrix (BH83,Eq3.12) 
(  0.1536E+00, -0.2220E+00) (  0.1479E+00, -0.2191E+00) (  0.9400E-02, -0.1703E-02) (  0.9906E-02, -0.3590E-02) 
 backward scattering amplitude matrix (BH83,Eq3.12) 
(  0.7190E-01, -0.6201E-01) ( -0.7101E-01,  0.6459E-01) ( -0.4682E-02, -0.2182E-02) (  0.4669E-02,  0.2188E-02) 

