****************************************************
****************************************************
 mstm calculation results
 date, time:
20250218 185755.209 
 input file:
mstm-v4.0-agg0-batch.inp
****************************************************
 input variables for run     1
 sphere data input file:
./aggregate_ptsa_files/agg_num=0_k=0.950_Df=2.35_meanRp=0.020um_rstdRp=0.10_Np=00020_Rve=0.052um_Rg=0.070um_epsagg=0.807.ptsa
 number spheres
   20
 length, ref index scale factors
  1.3221101E+01  2.0700000E+00  9.8000000E-01
 volume cluster radius, area mean sphere radius, circumscribing radius, cross section radius
  6.9323498E-01  2.5461766E-01  1.6718180E+00  6.9323498E-01
 incident plane wave
 incident alpha, beta(deg)
  0.0000E+00  0.0000E+00
 t matrix order:
     7
 layer 0 refractive index
  1.0000E+00  0.0000E+00
 number of plane boundaries 
  0
 max_iterations,solution_epsilon, mie_epsilon
     10000  1.0000E-06  1.0000E-06
 maximum Mie order, number of equations:
   3       600
 mean sphere Mie extinction, absorption efficiencies
  3.1019E-01  3.0407E-01
****************************************************
 calculation results for run 
           1
 number iterations, error, solution time 
     5  2.4198E-07  1.9119E-02
 total extinction, absorption, scattering efficiencies (unpol, par, perp incidence)
  1.2389E+00  1.0443E+00  1.9459E-01  1.2164E+00  1.0250E+00  1.9144E-01  1.2613E+00  1.0636E+00  1.9774E-01
 scattering matrix in incident plane: 0 deg= z axis
 forward scattering amplitude matrix (BH83,Eq3.12) 
(  0.1449E+00, -0.2184E+00) (  0.1396E+00, -0.2156E+00) (  0.8809E-02, -0.2008E-02) (  0.9180E-02, -0.3739E-02) 
 backward scattering amplitude matrix (BH83,Eq3.12) 
(  0.6843E-01, -0.6220E-01) ( -0.6757E-01,  0.6449E-01) ( -0.4494E-02, -0.1779E-02) (  0.4502E-02,  0.1777E-02) 

