****************************************************
****************************************************
 mstm calculation results
 date, time:
20250218 185736.942 
 input file:
mstm-v4.0-agg0-batch.inp
****************************************************
 input variables for run     1
 sphere data input file:
./aggregate_ptsa_files/agg_num=0_k=0.950_Df=2.35_meanRp=0.020um_rstdRp=0.10_Np=00020_Rve=0.052um_Rg=0.070um_epsagg=0.807.ptsa
 number spheres
   20
 length, ref index scale factors
  1.3221101E+01  1.8600000E+00  3.5000000E-01
 volume cluster radius, area mean sphere radius, circumscribing radius, cross section radius
  6.9323498E-01  2.5461766E-01  1.6718180E+00  6.9323498E-01
 incident plane wave
 incident alpha, beta(deg)
  0.0000E+00  0.0000E+00
 t matrix order:
     7
 layer 0 refractive index
  1.0000E+00  0.0000E+00
 number of plane boundaries 
  0
 max_iterations,solution_epsilon, mie_epsilon
     10000  1.0000E-06  1.0000E-06
 maximum Mie order, number of equations:
   3       600
 mean sphere Mie extinction, absorption efficiencies
  1.4427E-01  1.4135E-01
****************************************************
 calculation results for run 
           1
 number iterations, error, solution time 
     4  7.9378E-08  1.5032E-02
 total extinction, absorption, scattering efficiencies (unpol, par, perp incidence)
  5.4656E-01  4.5362E-01  9.2949E-02  5.3880E-01  4.4712E-01  9.1684E-02  5.5433E-01  4.6011E-01  9.4214E-02
 scattering matrix in incident plane: 0 deg= z axis
 forward scattering amplitude matrix (BH83,Eq3.12) 
(  0.6142E-01, -0.1687E+00) (  0.5963E-01, -0.1664E+00) (  0.3192E-02, -0.2956E-02) (  0.2946E-02, -0.3392E-02) 
 backward scattering amplitude matrix (BH83,Eq3.12) 
(  0.3310E-01, -0.5590E-01) ( -0.3279E-01,  0.5643E-01) ( -0.2065E-02,  0.6068E-03) (  0.2059E-02, -0.6070E-03) 

