****************************************************
****************************************************
 mstm calculation results
 date, time:
20250218 185644.119 
 input file:
mstm-v4.0-agg0-batch.inp
****************************************************
 input variables for run     1
 sphere data input file:
./aggregate_ptsa_files/agg_num=0_k=0.950_Df=2.35_meanRp=0.020um_rstdRp=0.10_Np=00020_Rve=0.052um_Rg=0.070um_epsagg=0.807.ptsa
 number spheres
   20
 length, ref index scale factors
  1.3221101E+01  1.0900000E+00  6.3000000E-01
 volume cluster radius, area mean sphere radius, circumscribing radius, cross section radius
  6.9323498E-01  2.5461766E-01  1.6718180E+00  6.9323498E-01
 incident plane wave
 incident alpha, beta(deg)
  0.0000E+00  0.0000E+00
 t matrix order:
     7
 layer 0 refractive index
  1.0000E+00  0.0000E+00
 number of plane boundaries 
  0
 max_iterations,solution_epsilon, mie_epsilon
     10000  1.0000E-06  1.0000E-06
 maximum Mie order, number of equations:
   3       600
 mean sphere Mie extinction, absorption efficiencies
  4.4156E-01  4.3921E-01
****************************************************
 calculation results for run 
           1
 number iterations, error, solution time 
     4  2.3538E-08  1.5212E-02
 total extinction, absorption, scattering efficiencies (unpol, par, perp incidence)
  1.1451E+00  1.0887E+00  5.6444E-02  1.1412E+00  1.0852E+00  5.5980E-02  1.1490E+00  1.0921E+00  5.6907E-02
 scattering matrix in incident plane: 0 deg= z axis
 forward scattering amplitude matrix (BH83,Eq3.12) 
(  0.1371E+00, -0.3276E-01) (  0.1361E+00, -0.3449E-01) (  0.1027E-02,  0.2339E-02) (  0.1127E-02,  0.2550E-02) 
 backward scattering amplitude matrix (BH83,Eq3.12) 
(  0.4651E-01, -0.5467E-02) ( -0.4712E-01,  0.5022E-02) (  0.1161E-04, -0.9063E-03) ( -0.1335E-04,  0.9072E-03) 

