****************************************************
****************************************************
 mstm calculation results
 date, time:
20250218 185645.667 
 input file:
mstm-v4.0-agg0-batch.inp
****************************************************
 input variables for run     1
 sphere data input file:
./aggregate_ptsa_files/agg_num=0_k=0.950_Df=2.35_meanRp=0.020um_rstdRp=0.10_Np=00020_Rve=0.052um_Rg=0.070um_epsagg=0.807.ptsa
 number spheres
   20
 length, ref index scale factors
  1.3221101E+01  1.0900000E+00  1.0500000E+00
 volume cluster radius, area mean sphere radius, circumscribing radius, cross section radius
  6.9323498E-01  2.5461766E-01  1.6718180E+00  6.9323498E-01
 incident plane wave
 incident alpha, beta(deg)
  0.0000E+00  0.0000E+00
 t matrix order:
     7
 layer 0 refractive index
  1.0000E+00  0.0000E+00
 number of plane boundaries 
  0
 max_iterations,solution_epsilon, mie_epsilon
     10000  1.0000E-06  1.0000E-06
 maximum Mie order, number of equations:
   3       600
 mean sphere Mie extinction, absorption efficiencies
  7.5636E-01  7.4877E-01
****************************************************
 calculation results for run 
           1
 number iterations, error, solution time 
     5  3.4774E-07  2.2770E-02
 total extinction, absorption, scattering efficiencies (unpol, par, perp incidence)
  1.9177E+00  1.7593E+00  1.5843E-01  1.9035E+00  1.7467E+00  1.5679E-01  1.9319E+00  1.7718E+00  1.6007E-01
 scattering matrix in incident plane: 0 deg= z axis
 forward scattering amplitude matrix (BH83,Eq3.12) 
(  0.2302E+00, -0.6488E-01) (  0.2267E+00, -0.6927E-01) (  0.3141E-02,  0.6035E-02) (  0.3801E-02,  0.7193E-02) 
 backward scattering amplitude matrix (BH83,Eq3.12) 
(  0.7343E-01, -0.8003E-02) ( -0.7652E-01,  0.7076E-02) (  0.6825E-03, -0.1987E-02) ( -0.6745E-03,  0.2004E-02) 

