****************************************************
****************************************************
 mstm calculation results
 date, time:
20250218 185658.721 
 input file:
mstm-v4.0-agg0-batch.inp
****************************************************
 input variables for run     1
 sphere data input file:
./aggregate_ptsa_files/agg_num=0_k=0.950_Df=2.35_meanRp=0.020um_rstdRp=0.10_Np=00020_Rve=0.052um_Rg=0.070um_epsagg=0.807.ptsa
 number spheres
   20
 length, ref index scale factors
  1.3221101E+01  1.3000000E+00  2.1000000E-01
 volume cluster radius, area mean sphere radius, circumscribing radius, cross section radius
  6.9323498E-01  2.5461766E-01  1.6718180E+00  6.9323498E-01
 incident plane wave
 incident alpha, beta(deg)
  0.0000E+00  0.0000E+00
 t matrix order:
     7
 layer 0 refractive index
  1.0000E+00  0.0000E+00
 number of plane boundaries 
  0
 max_iterations,solution_epsilon, mie_epsilon
     10000  1.0000E-06  1.0000E-06
 maximum Mie order, number of equations:
   3       600
 mean sphere Mie extinction, absorption efficiencies
  1.2705E-01  1.2642E-01
****************************************************
 calculation results for run 
           1
 number iterations, error, solution time 
     2  3.4421E-07  9.5711E-03
 total extinction, absorption, scattering efficiencies (unpol, par, perp incidence)
  3.6890E-01  3.5109E-01  1.7812E-02  3.6652E-01  3.4889E-01  1.7631E-02  3.7128E-01  3.5328E-01  1.7994E-02
 scattering matrix in incident plane: 0 deg= z axis
 forward scattering amplitude matrix (BH83,Eq3.12) 
(  0.4260E-01, -0.6563E-01) (  0.4204E-01, -0.6539E-01) (  0.7854E-03, -0.2759E-03) (  0.7872E-03, -0.3103E-03) 
 backward scattering amplitude matrix (BH83,Eq3.12) 
(  0.1789E-01, -0.2133E-01) ( -0.1797E-01,  0.2142E-01) ( -0.3700E-03,  0.1024E-05) (  0.3672E-03, -0.3734E-05) 

