****************************************************
****************************************************
 mstm calculation results
 date, time:
20250218 185731.003 
 input file:
mstm-v4.0-agg0-batch.inp
****************************************************
 input variables for run     1
 sphere data input file:
./aggregate_ptsa_files/agg_num=0_k=0.950_Df=2.35_meanRp=0.020um_rstdRp=0.10_Np=00020_Rve=0.052um_Rg=0.070um_epsagg=0.807.ptsa
 number spheres
   20
 length, ref index scale factors
  1.3221101E+01  1.7200000E+00  9.8000000E-01
 volume cluster radius, area mean sphere radius, circumscribing radius, cross section radius
  6.9323498E-01  2.5461766E-01  1.6718180E+00  6.9323498E-01
 incident plane wave
 incident alpha, beta(deg)
  0.0000E+00  0.0000E+00
 t matrix order:
     7
 layer 0 refractive index
  1.0000E+00  0.0000E+00
 number of plane boundaries 
  0
 max_iterations,solution_epsilon, mie_epsilon
     10000  1.0000E-06  1.0000E-06
 maximum Mie order, number of equations:
   3       600
 mean sphere Mie extinction, absorption efficiencies
  4.0979E-01  4.0419E-01
****************************************************
 calculation results for run 
           1
 number iterations, error, solution time 
     5  1.0946E-07  1.8952E-02
 total extinction, absorption, scattering efficiencies (unpol, par, perp incidence)
  1.3908E+00  1.2327E+00  1.5811E-01  1.3697E+00  1.2139E+00  1.5581E-01  1.4120E+00  1.2515E+00  1.6042E-01
 scattering matrix in incident plane: 0 deg= z axis
 forward scattering amplitude matrix (BH83,Eq3.12) 
(  0.1645E+00, -0.1705E+00) (  0.1594E+00, -0.1698E+00) (  0.7109E-02,  0.8398E-03) (  0.8068E-02, -0.3111E-04) 
 backward scattering amplitude matrix (BH83,Eq3.12) 
(  0.6762E-01, -0.4389E-01) ( -0.6826E-01,  0.4597E-01) ( -0.2482E-02, -0.2427E-02) (  0.2483E-02,  0.2432E-02) 

