****************************************************
****************************************************
 mstm calculation results
 date, time:
20250218 185742.260 
 input file:
mstm-v4.0-agg0-batch.inp
****************************************************
 input variables for run     1
 sphere data input file:
./aggregate_ptsa_files/agg_num=0_k=0.950_Df=2.35_meanRp=0.020um_rstdRp=0.10_Np=00020_Rve=0.052um_Rg=0.070um_epsagg=0.807.ptsa
 number spheres
   20
 length, ref index scale factors
  1.3221101E+01  1.9300000E+00  3.5000000E-01
 volume cluster radius, area mean sphere radius, circumscribing radius, cross section radius
  6.9323498E-01  2.5461766E-01  1.6718180E+00  6.9323498E-01
 incident plane wave
 incident alpha, beta(deg)
  0.0000E+00  0.0000E+00
 t matrix order:
     7
 layer 0 refractive index
  1.0000E+00  0.0000E+00
 number of plane boundaries 
  0
 max_iterations,solution_epsilon, mie_epsilon
     10000  1.0000E-06  1.0000E-06
 maximum Mie order, number of equations:
   3       600
 mean sphere Mie extinction, absorption efficiencies
  1.3715E-01  1.3394E-01
****************************************************
 calculation results for run 
           1
 number iterations, error, solution time 
     4  1.2707E-07  1.5578E-02
 total extinction, absorption, scattering efficiencies (unpol, par, perp incidence)
  5.4257E-01  4.3889E-01  1.0368E-01  5.3447E-01  4.3226E-01  1.0220E-01  5.5067E-01  4.4552E-01  1.0515E-01
 scattering matrix in incident plane: 0 deg= z axis
 forward scattering amplitude matrix (BH83,Eq3.12) 
(  0.6065E-01, -0.1796E+00) (  0.5878E-01, -0.1770E+00) (  0.3422E-02, -0.3453E-02) (  0.3087E-02, -0.3942E-02) 
 backward scattering amplitude matrix (BH83,Eq3.12) 
(  0.3402E-01, -0.5989E-01) ( -0.3360E-01,  0.6043E-01) ( -0.2312E-02,  0.7775E-03) (  0.2304E-02, -0.7764E-03) 

