****************************************************
****************************************************
 mstm calculation results
 date, time:
20250218 185653.185 
 input file:
mstm-v4.0-agg0-batch.inp
****************************************************
 input variables for run     1
 sphere data input file:
./aggregate_ptsa_files/agg_num=0_k=0.950_Df=2.35_meanRp=0.020um_rstdRp=0.10_Np=00020_Rve=0.052um_Rg=0.070um_epsagg=0.807.ptsa
 number spheres
   20
 length, ref index scale factors
  1.3221101E+01  1.2300000E+00  1.4000000E-01
 volume cluster radius, area mean sphere radius, circumscribing radius, cross section radius
  6.9323498E-01  2.5461766E-01  1.6718180E+00  6.9323498E-01
 incident plane wave
 incident alpha, beta(deg)
  0.0000E+00  0.0000E+00
 t matrix order:
     7
 layer 0 refractive index
  1.0000E+00  0.0000E+00
 number of plane boundaries 
  0
 max_iterations,solution_epsilon, mie_epsilon
     10000  1.0000E-06  1.0000E-06
 maximum Mie order, number of equations:
   3       600
 mean sphere Mie extinction, absorption efficiencies
  8.7891E-02  8.7541E-02
****************************************************
 calculation results for run 
           1
 number iterations, error, solution time 
     2  5.8683E-08  9.6127E-03
 total extinction, absorption, scattering efficiencies (unpol, par, perp incidence)
  2.5138E-01  2.4150E-01  9.8825E-03  2.5014E-01  2.4034E-01  9.8059E-03  2.5262E-01  2.4266E-01  9.9591E-03
 scattering matrix in incident plane: 0 deg= z axis
 forward scattering amplitude matrix (BH83,Eq3.12) 
(  0.2880E-01, -0.5057E-01) (  0.2851E-01, -0.5040E-01) (  0.4141E-03, -0.2051E-03) (  0.4131E-03, -0.2190E-03) 
 backward scattering amplitude matrix (BH83,Eq3.12) 
(  0.1224E-01, -0.1683E-01) ( -0.1229E-01,  0.1688E-01) ( -0.2032E-03,  0.3241E-04) (  0.2022E-03, -0.3305E-04) 

