****************************************************
****************************************************
 mstm calculation results
 date, time:
20250218 185707.203 
 input file:
mstm-v4.0-agg0-batch.inp
****************************************************
 input variables for run     1
 sphere data input file:
./aggregate_ptsa_files/agg_num=0_k=0.950_Df=2.35_meanRp=0.020um_rstdRp=0.10_Np=00020_Rve=0.052um_Rg=0.070um_epsagg=0.807.ptsa
 number spheres
   20
 length, ref index scale factors
  1.3221101E+01  1.4400000E+00  2.8000000E-01
 volume cluster radius, area mean sphere radius, circumscribing radius, cross section radius
  6.9323498E-01  2.5461766E-01  1.6718180E+00  6.9323498E-01
 incident plane wave
 incident alpha, beta(deg)
  0.0000E+00  0.0000E+00
 t matrix order:
     7
 layer 0 refractive index
  1.0000E+00  0.0000E+00
 number of plane boundaries 
  0
 max_iterations,solution_epsilon, mie_epsilon
     10000  1.0000E-06  1.0000E-06
 maximum Mie order, number of equations:
   3       600
 mean sphere Mie extinction, absorption efficiencies
  1.5551E-01  1.5432E-01
****************************************************
 calculation results for run 
           1
 number iterations, error, solution time 
     3  6.6332E-08  1.2516E-02
 total extinction, absorption, scattering efficiencies (unpol, par, perp incidence)
  4.7510E-01  4.4078E-01  3.4321E-02  4.7101E-01  4.3709E-01  3.3918E-02  4.7920E-01  4.4447E-01  3.4723E-02
 scattering matrix in incident plane: 0 deg= z axis
 forward scattering amplitude matrix (BH83,Eq3.12) 
(  0.5469E-01, -0.9420E-01) (  0.5372E-01, -0.9366E-01) (  0.1452E-02, -0.6588E-03) (  0.1461E-02, -0.7639E-03) 
 backward scattering amplitude matrix (BH83,Eq3.12) 
(  0.2397E-01, -0.3041E-01) ( -0.2407E-01,  0.3065E-01) ( -0.7183E-03,  0.2601E-04) (  0.7187E-03, -0.2638E-04) 

