****************************************************
****************************************************
 mstm calculation results
 date, time:
20250218 185653.687 
 input file:
mstm-v4.0-agg0-batch.inp
****************************************************
 input variables for run     1
 sphere data input file:
./aggregate_ptsa_files/agg_num=0_k=0.950_Df=2.35_meanRp=0.020um_rstdRp=0.10_Np=00020_Rve=0.052um_Rg=0.070um_epsagg=0.807.ptsa
 number spheres
   20
 length, ref index scale factors
  1.3221101E+01  1.2300000E+00  2.8000000E-01
 volume cluster radius, area mean sphere radius, circumscribing radius, cross section radius
  6.9323498E-01  2.5461766E-01  1.6718180E+00  6.9323498E-01
 incident plane wave
 incident alpha, beta(deg)
  0.0000E+00  0.0000E+00
 t matrix order:
     7
 layer 0 refractive index
  1.0000E+00  0.0000E+00
 number of plane boundaries 
  0
 max_iterations,solution_epsilon, mie_epsilon
     10000  1.0000E-06  1.0000E-06
 maximum Mie order, number of equations:
   3       600
 mean sphere Mie extinction, absorption efficiencies
  1.7629E-01  1.7564E-01
****************************************************
 calculation results for run 
           1
 number iterations, error, solution time 
     2  3.6377E-07  9.4783E-03
 total extinction, absorption, scattering efficiencies (unpol, par, perp incidence)
  4.9287E-01  4.7527E-01  1.7602E-02  4.9039E-01  4.7299E-01  1.7393E-02  4.9535E-01  4.7754E-01  1.7810E-02
 scattering matrix in incident plane: 0 deg= z axis
 forward scattering amplitude matrix (BH83,Eq3.12) 
(  0.5793E-01, -0.5221E-01) (  0.5733E-01, -0.5230E-01) (  0.8073E-03,  0.1486E-03) (  0.8346E-03,  0.1249E-03) 
 backward scattering amplitude matrix (BH83,Eq3.12) 
(  0.2238E-01, -0.1586E-01) ( -0.2252E-01,  0.1590E-01) ( -0.3059E-03, -0.1745E-03) (  0.3069E-03,  0.1706E-03) 

