****************************************************
****************************************************
 mstm calculation results
 date, time:
20250218 185709.702 
 input file:
mstm-v4.0-agg0-batch.inp
****************************************************
 input variables for run     1
 sphere data input file:
./aggregate_ptsa_files/agg_num=0_k=0.950_Df=2.35_meanRp=0.020um_rstdRp=0.10_Np=00020_Rve=0.052um_Rg=0.070um_epsagg=0.807.ptsa
 number spheres
   20
 length, ref index scale factors
  1.3221101E+01  1.4400000E+00  9.8000000E-01
 volume cluster radius, area mean sphere radius, circumscribing radius, cross section radius
  6.9323498E-01  2.5461766E-01  1.6718180E+00  6.9323498E-01
 incident plane wave
 incident alpha, beta(deg)
  0.0000E+00  0.0000E+00
 t matrix order:
     7
 layer 0 refractive index
  1.0000E+00  0.0000E+00
 number of plane boundaries 
  0
 max_iterations,solution_epsilon, mie_epsilon
     10000  1.0000E-06  1.0000E-06
 maximum Mie order, number of equations:
   3       600
 mean sphere Mie extinction, absorption efficiencies
  5.1960E-01  5.1408E-01
****************************************************
 calculation results for run 
           1
 number iterations, error, solution time 
     5  7.8673E-08  1.8393E-02
 total extinction, absorption, scattering efficiencies (unpol, par, perp incidence)
  1.5467E+00  1.4074E+00  1.3934E-01  1.5281E+00  1.3906E+00  1.3753E-01  1.5653E+00  1.4242E+00  1.4114E-01
 scattering matrix in incident plane: 0 deg= z axis
 forward scattering amplitude matrix (BH83,Eq3.12) 
(  0.1843E+00, -0.1254E+00) (  0.1798E+00, -0.1267E+00) (  0.5420E-02,  0.2956E-02) (  0.6485E-02,  0.2908E-02) 
 backward scattering amplitude matrix (BH83,Eq3.12) 
(  0.6765E-01, -0.2814E-01) ( -0.6941E-01,  0.2940E-01) ( -0.9374E-03, -0.2442E-02) (  0.9331E-03,  0.2442E-02) 

