****************************************************
****************************************************
 mstm calculation results
 date, time:
20250218 185738.133 
 input file:
mstm-v4.0-agg0-batch.inp
****************************************************
 input variables for run     1
 sphere data input file:
./aggregate_ptsa_files/agg_num=0_k=0.950_Df=2.35_meanRp=0.020um_rstdRp=0.10_Np=00020_Rve=0.052um_Rg=0.070um_epsagg=0.807.ptsa
 number spheres
   20
 length, ref index scale factors
  1.3221101E+01  1.8600000E+00  0.0000000E+00
 volume cluster radius, area mean sphere radius, circumscribing radius, cross section radius
  6.9323498E-01  2.5461766E-01  1.6718180E+00  6.9323498E-01
 incident plane wave
 incident alpha, beta(deg)
  0.0000E+00  0.0000E+00
 t matrix order:
     6
 layer 0 refractive index
  1.0000E+00  0.0000E+00
 number of plane boundaries 
  0
 max_iterations,solution_epsilon, mie_epsilon
     10000  1.0000E-06  1.0000E-06
 maximum Mie order, number of equations:
   2       320
 mean sphere Mie extinction, absorption efficiencies
  2.5089E-03  1.5873E-21
****************************************************
 calculation results for run 
           1
 number iterations, error, solution time 
     3  9.4506E-07  4.8404E-03
 total extinction, absorption, scattering efficiencies (unpol, par, perp incidence)
  8.2444E-02 -1.4514E-16  8.2444E-02  8.1372E-02 -1.3631E-16  8.1372E-02  8.3515E-02 -1.5397E-16  8.3515E-02
 scattering matrix in incident plane: 0 deg= z axis
 forward scattering amplitude matrix (BH83,Eq3.12) 
(  0.4853E-02, -0.1680E+00) (  0.4671E-02, -0.1656E+00) (  0.6655E-03, -0.3670E-02) (  0.2782E-03, -0.3677E-02) 
 backward scattering amplitude matrix (BH83,Eq3.12) 
(  0.1203E-01, -0.6108E-01) ( -0.1190E-01,  0.6134E-01) ( -0.1015E-02,  0.1557E-02) (  0.1003E-02, -0.1539E-02) 

