****************************************************
****************************************************
 mstm calculation results
 date, time:
20250218 185746.079 
 input file:
mstm-v4.0-agg0-batch.inp
****************************************************
 input variables for run     1
 sphere data input file:
./aggregate_ptsa_files/agg_num=0_k=0.950_Df=2.35_meanRp=0.020um_rstdRp=0.10_Np=00020_Rve=0.052um_Rg=0.070um_epsagg=0.807.ptsa
 number spheres
   20
 length, ref index scale factors
  1.3221101E+01  1.9300000E+00  1.4000000E+00
 volume cluster radius, area mean sphere radius, circumscribing radius, cross section radius
  6.9323498E-01  2.5461766E-01  1.6718180E+00  6.9323498E-01
 incident plane wave
 incident alpha, beta(deg)
  0.0000E+00  0.0000E+00
 t matrix order:
     7
 layer 0 refractive index
  1.0000E+00  0.0000E+00
 number of plane boundaries 
  0
 max_iterations,solution_epsilon, mie_epsilon
     10000  1.0000E-06  1.0000E-06
 maximum Mie order, number of equations:
   3       600
 mean sphere Mie extinction, absorption efficiencies
  4.2936E-01  4.2068E-01
****************************************************
 calculation results for run 
           1
 number iterations, error, solution time 
     6  3.0553E-07  2.1192E-02
 total extinction, absorption, scattering efficiencies (unpol, par, perp incidence)
  1.7238E+00  1.4605E+00  2.6336E-01  1.6905E+00  1.4316E+00  2.5898E-01  1.7571E+00  1.4893E+00  2.6773E-01
 scattering matrix in incident plane: 0 deg= z axis
 forward scattering amplitude matrix (BH83,Eq3.12) 
(  0.2042E+00, -0.2283E+00) (  0.1962E+00, -0.2264E+00) (  0.1186E-01,  0.1169E-02) (  0.1381E-01, -0.1240E-02) 
 backward scattering amplitude matrix (BH83,Eq3.12) 
(  0.8944E-01, -0.5517E-01) ( -0.8907E-01,  0.5982E-01) ( -0.4646E-02, -0.4990E-02) (  0.4682E-02,  0.4989E-02) 

