****************************************************
****************************************************
 mstm calculation results
 date, time:
20250218 185739.481 
 input file:
mstm-v4.0-agg0-batch.inp
****************************************************
 input variables for run     1
 sphere data input file:
./aggregate_ptsa_files/agg_num=0_k=0.950_Df=2.35_meanRp=0.020um_rstdRp=0.10_Np=00020_Rve=0.052um_Rg=0.070um_epsagg=0.807.ptsa
 number spheres
   20
 length, ref index scale factors
  1.3221101E+01  1.8600000E+00  1.0500000E+00
 volume cluster radius, area mean sphere radius, circumscribing radius, cross section radius
  6.9323498E-01  2.5461766E-01  1.6718180E+00  6.9323498E-01
 incident plane wave
 incident alpha, beta(deg)
  0.0000E+00  0.0000E+00
 t matrix order:
     7
 layer 0 refractive index
  1.0000E+00  0.0000E+00
 number of plane boundaries 
  0
 max_iterations,solution_epsilon, mie_epsilon
     10000  1.0000E-06  1.0000E-06
 maximum Mie order, number of equations:
   3       600
 mean sphere Mie extinction, absorption efficiencies
  3.8464E-01  3.7841E-01
****************************************************
 calculation results for run 
           1
 number iterations, error, solution time 
     5  2.3473E-07  1.8397E-02
 total extinction, absorption, scattering efficiencies (unpol, par, perp incidence)
  1.4041E+00  1.2198E+00  1.8432E-01  1.3805E+00  1.1990E+00  1.8147E-01  1.4278E+00  1.2406E+00  1.8717E-01
 scattering matrix in incident plane: 0 deg= z axis
 forward scattering amplitude matrix (BH83,Eq3.12) 
(  0.1656E+00, -0.1948E+00) (  0.1600E+00, -0.1933E+00) (  0.8411E-02,  0.7236E-04) (  0.9368E-02, -0.1288E-02) 
 backward scattering amplitude matrix (BH83,Eq3.12) 
(  0.7154E-01, -0.5130E-01) ( -0.7163E-01,  0.5387E-01) ( -0.3412E-02, -0.2659E-02) (  0.3418E-02,  0.2664E-02) 

