****************************************************
****************************************************
 mstm calculation results
 date, time:
20250218 185636.759 
 input file:
mstm-v4.0-agg0-batch.inp
****************************************************
 input variables for run     1
 sphere data input file:
./aggregate_ptsa_files/agg_num=0_k=0.950_Df=2.35_meanRp=0.020um_rstdRp=0.10_Np=00020_Rve=0.052um_Rg=0.070um_epsagg=0.807.ptsa
 number spheres
   20
 length, ref index scale factors
  1.3221101E+01  1.0200000E+00  7.0000000E-02
 volume cluster radius, area mean sphere radius, circumscribing radius, cross section radius
  6.9323498E-01  2.5461766E-01  1.6718180E+00  6.9323498E-01
 incident plane wave
 incident alpha, beta(deg)
  0.0000E+00  0.0000E+00
 t matrix order:
     7
 layer 0 refractive index
  1.0000E+00  0.0000E+00
 number of plane boundaries 
  0
 max_iterations,solution_epsilon, mie_epsilon
     10000  1.0000E-06  1.0000E-06
 maximum Mie order, number of equations:
   3       600
 mean sphere Mie extinction, absorption efficiencies
  4.7730E-02  4.7703E-02
****************************************************
 calculation results for run 
           1
 number iterations, error, solution time 
     1  2.9989E-07  6.9440E-03
 total extinction, absorption, scattering efficiencies (unpol, par, perp incidence)
  1.2855E-01  1.2781E-01  7.4591E-04  1.2849E-01  1.2774E-01  7.4334E-04  1.2861E-01  1.2787E-01  7.4848E-04
 scattering matrix in incident plane: 0 deg= z axis
 forward scattering amplitude matrix (BH83,Eq3.12) 
(  0.1531E-01, -0.4924E-02) (  0.1529E-01, -0.4948E-02) (  0.1975E-04,  0.3148E-04) (  0.1904E-04,  0.3146E-04) 
 backward scattering amplitude matrix (BH83,Eq3.12) 
(  0.5610E-02, -0.1295E-02) ( -0.5612E-02,  0.1291E-02) ( -0.5788E-05, -0.1560E-04) (  0.5480E-05,  0.1553E-04) 

