****************************************************
****************************************************
 mstm calculation results
 date, time:
20250218 185712.275 
 input file:
mstm-v4.0-agg0-batch.inp
****************************************************
 input variables for run     1
 sphere data input file:
./aggregate_ptsa_files/agg_num=0_k=0.950_Df=2.35_meanRp=0.020um_rstdRp=0.10_Np=00020_Rve=0.052um_Rg=0.070um_epsagg=0.807.ptsa
 number spheres
   20
 length, ref index scale factors
  1.3221101E+01  1.5100000E+00  2.1000000E-01
 volume cluster radius, area mean sphere radius, circumscribing radius, cross section radius
  6.9323498E-01  2.5461766E-01  1.6718180E+00  6.9323498E-01
 incident plane wave
 incident alpha, beta(deg)
  0.0000E+00  0.0000E+00
 t matrix order:
     7
 layer 0 refractive index
  1.0000E+00  0.0000E+00
 number of plane boundaries 
  0
 max_iterations,solution_epsilon, mie_epsilon
     10000  1.0000E-06  1.0000E-06
 maximum Mie order, number of equations:
   3       600
 mean sphere Mie extinction, absorption efficiencies
  1.1175E-01  1.1047E-01
****************************************************
 calculation results for run 
           1
 number iterations, error, solution time 
     3  8.6389E-08  1.2456E-02
 total extinction, absorption, scattering efficiencies (unpol, par, perp incidence)
  3.6198E-01  3.2415E-01  3.7826E-02  3.5842E-01  3.2108E-01  3.7341E-02  3.6553E-01  3.2722E-01  3.8312E-02
 scattering matrix in incident plane: 0 deg= z axis
 forward scattering amplitude matrix (BH83,Eq3.12) 
(  0.4064E-01, -0.1067E+00) (  0.3981E-01, -0.1058E+00) (  0.1297E-02, -0.1197E-02) (  0.1246E-02, -0.1307E-02) 
 backward scattering amplitude matrix (BH83,Eq3.12) 
(  0.2000E-01, -0.3586E-01) ( -0.2001E-01,  0.3609E-01) ( -0.7679E-03,  0.2886E-03) (  0.7679E-03, -0.2891E-03) 

