****************************************************
****************************************************
 mstm calculation results
 date, time:
20250218 185803.520 
 input file:
mstm-v4.0-agg0-batch.inp
****************************************************
 input variables for run     1
 sphere data input file:
./aggregate_ptsa_files/agg_num=0_k=0.950_Df=2.35_meanRp=0.020um_rstdRp=0.10_Np=00020_Rve=0.052um_Rg=0.070um_epsagg=0.807.ptsa
 number spheres
   20
 length, ref index scale factors
  1.3221101E+01  2.2100000E+00  2.8000000E-01
 volume cluster radius, area mean sphere radius, circumscribing radius, cross section radius
  6.9323498E-01  2.5461766E-01  1.6718180E+00  6.9323498E-01
 incident plane wave
 incident alpha, beta(deg)
  0.0000E+00  0.0000E+00
 t matrix order:
     7
 layer 0 refractive index
  1.0000E+00  0.0000E+00
 number of plane boundaries 
  0
 max_iterations,solution_epsilon, mie_epsilon
     10000  1.0000E-06  1.0000E-06
 maximum Mie order, number of equations:
   3       600
 mean sphere Mie extinction, absorption efficiencies
  9.1105E-02  8.6918E-02
****************************************************
 calculation results for run 
           1
 number iterations, error, solution time 
     4  5.2207E-07  1.6709E-02
 total extinction, absorption, scattering efficiencies (unpol, par, perp incidence)
  4.5643E-01  3.0981E-01  1.4662E-01  4.4851E-01  3.0429E-01  1.4421E-01  4.6436E-01  3.1533E-01  1.4903E-01
 scattering matrix in incident plane: 0 deg= z axis
 forward scattering amplitude matrix (BH83,Eq3.12) 
(  0.4904E-01, -0.2195E+00) (  0.4726E-01, -0.2155E+00) (  0.3801E-02, -0.5789E-02) (  0.2983E-02, -0.6347E-02) 
 backward scattering amplitude matrix (BH83,Eq3.12) 
(  0.3452E-01, -0.7592E-01) ( -0.3364E-01,  0.7621E-01) ( -0.3166E-02,  0.1829E-02) (  0.3152E-02, -0.1814E-02) 

