****************************************************
****************************************************
 mstm calculation results
 date, time:
20250218 185715.772 
 input file:
mstm-v4.0-agg0-batch.inp
****************************************************
 input variables for run     1
 sphere data input file:
./aggregate_ptsa_files/agg_num=0_k=0.950_Df=2.35_meanRp=0.020um_rstdRp=0.10_Np=00020_Rve=0.052um_Rg=0.070um_epsagg=0.807.ptsa
 number spheres
   20
 length, ref index scale factors
  1.3221101E+01  1.5100000E+00  1.1900000E+00
 volume cluster radius, area mean sphere radius, circumscribing radius, cross section radius
  6.9323498E-01  2.5461766E-01  1.6718180E+00  6.9323498E-01
 incident plane wave
 incident alpha, beta(deg)
  0.0000E+00  0.0000E+00
 t matrix order:
     7
 layer 0 refractive index
  1.0000E+00  0.0000E+00
 number of plane boundaries 
  0
 max_iterations,solution_epsilon, mie_epsilon
     10000  1.0000E-06  1.0000E-06
 maximum Mie order, number of equations:
   3       600
 mean sphere Mie extinction, absorption efficiencies
  5.6268E-01  5.5510E-01
****************************************************
 calculation results for run 
           1
 number iterations, error, solution time 
     5  5.6180E-07  2.1900E-02
 total extinction, absorption, scattering efficiencies (unpol, par, perp incidence)
  1.7829E+00  1.5898E+00  1.9314E-01  1.7567E+00  1.5664E+00  1.9038E-01  1.8091E+00  1.6132E+00  1.9590E-01
 scattering matrix in incident plane: 0 deg= z axis
 forward scattering amplitude matrix (BH83,Eq3.12) 
(  0.2127E+00, -0.1549E+00) (  0.2063E+00, -0.1561E+00) (  0.7538E-02,  0.3815E-02) (  0.9400E-02,  0.3509E-02) 
 backward scattering amplitude matrix (BH83,Eq3.12) 
(  0.7932E-01, -0.3251E-01) ( -0.8163E-01,  0.3511E-01) ( -0.1155E-02, -0.3784E-02) (  0.1157E-02,  0.3763E-02) 

