****************************************************
****************************************************
 mstm calculation results
 date, time:
20250218 185718.829 
 input file:
mstm-v4.0-agg0-batch.inp
****************************************************
 input variables for run     1
 sphere data input file:
./aggregate_ptsa_files/agg_num=0_k=0.950_Df=2.35_meanRp=0.020um_rstdRp=0.10_Np=00020_Rve=0.052um_Rg=0.070um_epsagg=0.807.ptsa
 number spheres
   20
 length, ref index scale factors
  1.3221101E+01  1.5800000E+00  5.6000000E-01
 volume cluster radius, area mean sphere radius, circumscribing radius, cross section radius
  6.9323498E-01  2.5461766E-01  1.6718180E+00  6.9323498E-01
 incident plane wave
 incident alpha, beta(deg)
  0.0000E+00  0.0000E+00
 t matrix order:
     7
 layer 0 refractive index
  1.0000E+00  0.0000E+00
 number of plane boundaries 
  0
 max_iterations,solution_epsilon, mie_epsilon
     10000  1.0000E-06  1.0000E-06
 maximum Mie order, number of equations:
   3       600
 mean sphere Mie extinction, absorption efficiencies
  2.7862E-01  2.7594E-01
****************************************************
 calculation results for run 
           1
 number iterations, error, solution time 
     4  4.6952E-08  1.5604E-02
 total extinction, absorption, scattering efficiencies (unpol, par, perp incidence)
  8.7814E-01  8.0208E-01  7.6057E-02  8.6812E-01  7.9296E-01  7.5166E-02  8.8815E-01  8.1120E-01  7.6948E-02
 scattering matrix in incident plane: 0 deg= z axis
 forward scattering amplitude matrix (BH83,Eq3.12) 
(  0.1028E+00, -0.1268E+00) (  0.1005E+00, -0.1261E+00) (  0.3491E-02, -0.3331E-03) (  0.3699E-02, -0.6587E-03) 
 backward scattering amplitude matrix (BH83,Eq3.12) 
(  0.4295E-01, -0.3726E-01) ( -0.4325E-01,  0.3792E-01) ( -0.1458E-02, -0.6195E-03) (  0.1459E-02,  0.6158E-03) 

