****************************************************
****************************************************
 mstm calculation results
 date, time:
20250218 185745.823 
 input file:
mstm-v4.0-agg0-batch.inp
****************************************************
 input variables for run     1
 sphere data input file:
./aggregate_ptsa_files/agg_num=0_k=0.950_Df=2.35_meanRp=0.020um_rstdRp=0.10_Np=00020_Rve=0.052um_Rg=0.070um_epsagg=0.807.ptsa
 number spheres
   20
 length, ref index scale factors
  1.3221101E+01  1.9300000E+00  1.3300000E+00
 volume cluster radius, area mean sphere radius, circumscribing radius, cross section radius
  6.9323498E-01  2.5461766E-01  1.6718180E+00  6.9323498E-01
 incident plane wave
 incident alpha, beta(deg)
  0.0000E+00  0.0000E+00
 t matrix order:
     7
 layer 0 refractive index
  1.0000E+00  0.0000E+00
 number of plane boundaries 
  0
 max_iterations,solution_epsilon, mie_epsilon
     10000  1.0000E-06  1.0000E-06
 maximum Mie order, number of equations:
   3       600
 mean sphere Mie extinction, absorption efficiencies
  4.1966E-01  4.1148E-01
****************************************************
 calculation results for run 
           1
 number iterations, error, solution time 
     6  1.9992E-07  2.2360E-02
 total extinction, absorption, scattering efficiencies (unpol, par, perp incidence)
  1.6576E+00  1.4099E+00  2.4776E-01  1.6263E+00  1.3826E+00  2.4368E-01  1.6889E+00  1.4371E+00  2.5184E-01
 scattering matrix in incident plane: 0 deg= z axis
 forward scattering amplitude matrix (BH83,Eq3.12) 
(  0.1961E+00, -0.2229E+00) (  0.1887E+00, -0.2210E+00) (  0.1120E-01,  0.8264E-03) (  0.1289E-01, -0.1372E-02) 
 backward scattering amplitude matrix (BH83,Eq3.12) 
(  0.8591E-01, -0.5500E-01) ( -0.8560E-01,  0.5917E-01) ( -0.4453E-02, -0.4440E-02) (  0.4481E-02,  0.4439E-02) 

