****************************************************
****************************************************
 mstm calculation results
 date, time:
20250218 185756.003 
 input file:
mstm-v4.0-agg0-batch.inp
****************************************************
 input variables for run     1
 sphere data input file:
./aggregate_ptsa_files/agg_num=0_k=0.950_Df=2.35_meanRp=0.020um_rstdRp=0.10_Np=00020_Rve=0.052um_Rg=0.070um_epsagg=0.807.ptsa
 number spheres
   20
 length, ref index scale factors
  1.3221101E+01  2.0700000E+00  1.1900000E+00
 volume cluster radius, area mean sphere radius, circumscribing radius, cross section radius
  6.9323498E-01  2.5461766E-01  1.6718180E+00  6.9323498E-01
 incident plane wave
 incident alpha, beta(deg)
  0.0000E+00  0.0000E+00
 t matrix order:
     7
 layer 0 refractive index
  1.0000E+00  0.0000E+00
 number of plane boundaries 
  0
 max_iterations,solution_epsilon, mie_epsilon
     10000  1.0000E-06  1.0000E-06
 maximum Mie order, number of equations:
   3       600
 mean sphere Mie extinction, absorption efficiencies
  3.5437E-01  3.4708E-01
****************************************************
 calculation results for run 
           1
 number iterations, error, solution time 
     5  7.2930E-07  1.9899E-02
 total extinction, absorption, scattering efficiencies (unpol, par, perp incidence)
  1.4486E+00  1.2176E+00  2.3094E-01  1.4209E+00  1.1937E+00  2.2720E-01  1.4763E+00  1.2416E+00  2.3467E-01
 scattering matrix in incident plane: 0 deg= z axis
 forward scattering amplitude matrix (BH83,Eq3.12) 
(  0.1703E+00, -0.2299E+00) (  0.1638E+00, -0.2270E+00) (  0.1063E-01, -0.1082E-02) (  0.1146E-01, -0.3327E-02) 
 backward scattering amplitude matrix (BH83,Eq3.12) 
(  0.7880E-01, -0.6185E-01) ( -0.7780E-01,  0.6509E-01) ( -0.5085E-02, -0.3048E-02) (  0.5065E-02,  0.3054E-02) 

