****************************************************
****************************************************
 mstm calculation results
 date, time:
20250218 185705.793 
 input file:
mstm-v4.0-agg0-batch.inp
****************************************************
 input variables for run     1
 sphere data input file:
./aggregate_ptsa_files/agg_num=0_k=0.950_Df=2.35_meanRp=0.020um_rstdRp=0.10_Np=00020_Rve=0.052um_Rg=0.070um_epsagg=0.807.ptsa
 number spheres
   20
 length, ref index scale factors
  1.3221101E+01  1.3700000E+00  7.0000000E-01
 volume cluster radius, area mean sphere radius, circumscribing radius, cross section radius
  6.9323498E-01  2.5461766E-01  1.6718180E+00  6.9323498E-01
 incident plane wave
 incident alpha, beta(deg)
  0.0000E+00  0.0000E+00
 t matrix order:
     7
 layer 0 refractive index
  1.0000E+00  0.0000E+00
 number of plane boundaries 
  0
 max_iterations,solution_epsilon, mie_epsilon
     10000  1.0000E-06  1.0000E-06
 maximum Mie order, number of equations:
   3       600
 mean sphere Mie extinction, absorption efficiencies
  4.0474E-01  4.0169E-01
****************************************************
 calculation results for run 
           1
 number iterations, error, solution time 
     4  8.2562E-08  1.5035E-02
 total extinction, absorption, scattering efficiencies (unpol, par, perp incidence)
  1.1582E+00  1.0794E+00  7.8712E-02  1.1476E+00  1.0698E+00  7.7855E-02  1.1687E+00  1.0891E+00  7.9569E-02
 scattering matrix in incident plane: 0 deg= z axis
 forward scattering amplitude matrix (BH83,Eq3.12) 
(  0.1376E+00, -0.9432E-01) (  0.1350E+00, -0.9510E-01) (  0.3192E-02,  0.1605E-02) (  0.3610E-02,  0.1582E-02) 
 backward scattering amplitude matrix (BH83,Eq3.12) 
(  0.5089E-01, -0.2380E-01) ( -0.5177E-01,  0.2419E-01) ( -0.7853E-03, -0.1230E-02) (  0.7896E-03,  0.1232E-02) 

