****************************************************
****************************************************
 mstm calculation results
 date, time:
20250218 185650.021 
 input file:
mstm-v4.0-agg0-batch.inp
****************************************************
 input variables for run     1
 sphere data input file:
./aggregate_ptsa_files/agg_num=0_k=0.950_Df=2.35_meanRp=0.020um_rstdRp=0.10_Np=00020_Rve=0.052um_Rg=0.070um_epsagg=0.807.ptsa
 number spheres
   20
 length, ref index scale factors
  1.3221101E+01  1.1600000E+00  7.7000000E-01
 volume cluster radius, area mean sphere radius, circumscribing radius, cross section radius
  6.9323498E-01  2.5461766E-01  1.6718180E+00  6.9323498E-01
 incident plane wave
 incident alpha, beta(deg)
  0.0000E+00  0.0000E+00
 t matrix order:
     7
 layer 0 refractive index
  1.0000E+00  0.0000E+00
 number of plane boundaries 
  0
 max_iterations,solution_epsilon, mie_epsilon
     10000  1.0000E-06  1.0000E-06
 maximum Mie order, number of equations:
   3       600
 mean sphere Mie extinction, absorption efficiencies
  5.2153E-01  5.1793E-01
****************************************************
 calculation results for run 
           1
 number iterations, error, solution time 
     4  1.7408E-07  1.6660E-02
 total extinction, absorption, scattering efficiencies (unpol, par, perp incidence)
  1.3703E+00  1.2859E+00  8.4460E-02  1.3623E+00  1.2787E+00  8.3593E-02  1.3784E+00  1.2931E+00  8.5328E-02
 scattering matrix in incident plane: 0 deg= z axis
 forward scattering amplitude matrix (BH83,Eq3.12) 
(  0.1640E+00, -0.5584E-01) (  0.1620E+00, -0.5806E-01) (  0.2088E-02,  0.3146E-02) (  0.2393E-02,  0.3496E-02) 
 backward scattering amplitude matrix (BH83,Eq3.12) 
(  0.5561E-01, -0.1054E-01) ( -0.5680E-01,  0.1019E-01) ( -0.5433E-04, -0.1336E-02) (  0.5158E-04,  0.1342E-02) 

