****************************************************
****************************************************
 mstm calculation results
 date, time:
20250218 185711.768 
 input file:
mstm-v4.0-agg0-batch.inp
****************************************************
 input variables for run     1
 sphere data input file:
./aggregate_ptsa_files/agg_num=0_k=0.950_Df=2.35_meanRp=0.020um_rstdRp=0.10_Np=00020_Rve=0.052um_Rg=0.070um_epsagg=0.807.ptsa
 number spheres
   20
 length, ref index scale factors
  1.3221101E+01  1.5100000E+00  7.0000000E-02
 volume cluster radius, area mean sphere radius, circumscribing radius, cross section radius
  6.9323498E-01  2.5461766E-01  1.6718180E+00  6.9323498E-01
 incident plane wave
 incident alpha, beta(deg)
  0.0000E+00  0.0000E+00
 t matrix order:
     7
 layer 0 refractive index
  1.0000E+00  0.0000E+00
 number of plane boundaries 
  0
 max_iterations,solution_epsilon, mie_epsilon
     10000  1.0000E-06  1.0000E-06
 maximum Mie order, number of equations:
   3       600
 mean sphere Mie extinction, absorption efficiencies
  3.8013E-02  3.6906E-02
****************************************************
 calculation results for run 
           1
 number iterations, error, solution time 
     3  4.6996E-08  1.2165E-02
 total extinction, absorption, scattering efficiencies (unpol, par, perp incidence)
  1.4364E-01  1.1003E-01  3.3611E-02  1.4220E-01  1.0898E-01  3.3223E-02  1.4509E-01  1.1109E-01  3.3999E-02
 scattering matrix in incident plane: 0 deg= z axis
 forward scattering amplitude matrix (BH83,Eq3.12) 
(  0.1415E-01, -0.1064E+00) (  0.1384E-01, -0.1054E+00) (  0.5559E-03, -0.1475E-02) (  0.4676E-03, -0.1514E-02) 
 backward scattering amplitude matrix (BH83,Eq3.12) 
(  0.1046E-01, -0.3772E-01) ( -0.1041E-01,  0.3788E-01) ( -0.4948E-03,  0.5665E-03) (  0.4946E-03, -0.5667E-03) 

