****************************************************
****************************************************
 mstm calculation results
 date, time:
20250218 185717.324 
 input file:
mstm-v4.0-agg0-batch.inp
****************************************************
 input variables for run     1
 sphere data input file:
./aggregate_ptsa_files/agg_num=0_k=0.950_Df=2.35_meanRp=0.020um_rstdRp=0.10_Np=00020_Rve=0.052um_Rg=0.070um_epsagg=0.807.ptsa
 number spheres
   20
 length, ref index scale factors
  1.3221101E+01  1.5800000E+00  1.4000000E-01
 volume cluster radius, area mean sphere radius, circumscribing radius, cross section radius
  6.9323498E-01  2.5461766E-01  1.6718180E+00  6.9323498E-01
 incident plane wave
 incident alpha, beta(deg)
  0.0000E+00  0.0000E+00
 t matrix order:
     7
 layer 0 refractive index
  1.0000E+00  0.0000E+00
 number of plane boundaries 
  0
 max_iterations,solution_epsilon, mie_epsilon
     10000  1.0000E-06  1.0000E-06
 maximum Mie order, number of equations:
   3       600
 mean sphere Mie extinction, absorption efficiencies
  7.1664E-02  7.0233E-02
****************************************************
 calculation results for run 
           1
 number iterations, error, solution time 
     3  1.3596E-07  1.2326E-02
 total extinction, absorption, scattering efficiencies (unpol, par, perp incidence)
  2.5533E-01  2.1169E-01  4.3643E-02  2.5249E-01  2.0944E-01  4.3045E-02  2.5818E-01  2.1394E-01  4.4240E-02
 scattering matrix in incident plane: 0 deg= z axis
 forward scattering amplitude matrix (BH83,Eq3.12) 
(  0.2735E-01, -0.1195E+00) (  0.2670E-01, -0.1182E+00) (  0.1071E-02, -0.1741E-02) (  0.9582E-03, -0.1835E-02) 
 backward scattering amplitude matrix (BH83,Eq3.12) 
(  0.1624E-01, -0.4145E-01) ( -0.1617E-01,  0.4166E-01) ( -0.7858E-03,  0.5795E-03) (  0.7853E-03, -0.5800E-03) 

