****************************************************
****************************************************
 mstm calculation results
 date, time:
20250218 185737.467 
 input file:
mstm-v4.0-agg0-batch.inp
****************************************************
 input variables for run     1
 sphere data input file:
./aggregate_ptsa_files/agg_num=0_k=0.950_Df=2.35_meanRp=0.020um_rstdRp=0.10_Np=00020_Rve=0.052um_Rg=0.070um_epsagg=0.807.ptsa
 number spheres
   20
 length, ref index scale factors
  1.3221101E+01  1.8600000E+00  4.9000000E-01
 volume cluster radius, area mean sphere radius, circumscribing radius, cross section radius
  6.9323498E-01  2.5461766E-01  1.6718180E+00  6.9323498E-01
 incident plane wave
 incident alpha, beta(deg)
  0.0000E+00  0.0000E+00
 t matrix order:
     7
 layer 0 refractive index
  1.0000E+00  0.0000E+00
 number of plane boundaries 
  0
 max_iterations,solution_epsilon, mie_epsilon
     10000  1.0000E-06  1.0000E-06
 maximum Mie order, number of equations:
   3       600
 mean sphere Mie extinction, absorption efficiencies
  1.9889E-01  1.9556E-01
****************************************************
 calculation results for run 
           1
 number iterations, error, solution time 
     4  1.5138E-07  1.5954E-02
 total extinction, absorption, scattering efficiencies (unpol, par, perp incidence)
  7.2705E-01  6.2313E-01  1.0392E-01  7.1654E-01  6.1404E-01  1.0249E-01  7.3757E-01  6.3222E-01  1.0534E-01
 scattering matrix in incident plane: 0 deg= z axis
 forward scattering amplitude matrix (BH83,Eq3.12) 
(  0.8338E-01, -0.1710E+00) (  0.8091E-01, -0.1689E+00) (  0.4174E-02, -0.2464E-02) (  0.4056E-02, -0.3068E-02) 
 backward scattering amplitude matrix (BH83,Eq3.12) 
(  0.4110E-01, -0.5429E-01) ( -0.4082E-01,  0.5508E-01) ( -0.2378E-02,  0.9709E-04) (  0.2371E-02, -0.1018E-03) 

