****************************************************
****************************************************
 mstm calculation results
 date, time:
20250218 185705.041 
 input file:
mstm-v4.0-agg0-batch.inp
****************************************************
 input variables for run     1
 sphere data input file:
./aggregate_ptsa_files/agg_num=0_k=0.950_Df=2.35_meanRp=0.020um_rstdRp=0.10_Np=00020_Rve=0.052um_Rg=0.070um_epsagg=0.807.ptsa
 number spheres
   20
 length, ref index scale factors
  1.3221101E+01  1.3700000E+00  4.9000000E-01
 volume cluster radius, area mean sphere radius, circumscribing radius, cross section radius
  6.9323498E-01  2.5461766E-01  1.6718180E+00  6.9323498E-01
 incident plane wave
 incident alpha, beta(deg)
  0.0000E+00  0.0000E+00
 t matrix order:
     7
 layer 0 refractive index
  1.0000E+00  0.0000E+00
 number of plane boundaries 
  0
 max_iterations,solution_epsilon, mie_epsilon
     10000  1.0000E-06  1.0000E-06
 maximum Mie order, number of equations:
   3       600
 mean sphere Mie extinction, absorption efficiencies
  2.8442E-01  2.8265E-01
****************************************************
 calculation results for run 
           1
 number iterations, error, solution time 
     3  3.3259E-07  1.2436E-02
 total extinction, absorption, scattering efficiencies (unpol, par, perp incidence)
  8.2165E-01  7.7377E-01  4.7886E-02  8.1529E-01  7.6790E-01  4.7393E-02  8.2802E-01  7.7964E-01  4.8379E-02
 scattering matrix in incident plane: 0 deg= z axis
 forward scattering amplitude matrix (BH83,Eq3.12) 
(  0.9689E-01, -0.8550E-01) (  0.9536E-01, -0.8564E-01) (  0.2145E-02,  0.4687E-03) (  0.2311E-02,  0.3841E-03) 
 backward scattering amplitude matrix (BH83,Eq3.12) 
(  0.3744E-01, -0.2434E-01) ( -0.3786E-01,  0.2459E-01) ( -0.7344E-03, -0.5662E-03) (  0.7359E-03,  0.5673E-03) 

