****************************************************
****************************************************
 mstm calculation results
 date, time:
20250218 185753.172 
 input file:
mstm-v4.0-agg0-batch.inp
****************************************************
 input variables for run     1
 sphere data input file:
./aggregate_ptsa_files/agg_num=0_k=0.950_Df=2.35_meanRp=0.020um_rstdRp=0.10_Np=00020_Rve=0.052um_Rg=0.070um_epsagg=0.807.ptsa
 number spheres
   20
 length, ref index scale factors
  1.3221101E+01  2.0700000E+00  4.2000000E-01
 volume cluster radius, area mean sphere radius, circumscribing radius, cross section radius
  6.9323498E-01  2.5461766E-01  1.6718180E+00  6.9323498E-01
 incident plane wave
 incident alpha, beta(deg)
  0.0000E+00  0.0000E+00
 t matrix order:
     7
 layer 0 refractive index
  1.0000E+00  0.0000E+00
 number of plane boundaries 
  0
 max_iterations,solution_epsilon, mie_epsilon
     10000  1.0000E-06  1.0000E-06
 maximum Mie order, number of equations:
   3       600
 mean sphere Mie extinction, absorption efficiencies
  1.4735E-01  1.4344E-01
****************************************************
 calculation results for run 
           1
 number iterations, error, solution time 
     4  3.5995E-07  1.6138E-02
 total extinction, absorption, scattering efficiencies (unpol, par, perp incidence)
  6.1855E-01  4.8818E-01  1.3037E-01  6.0843E-01  4.8006E-01  1.2837E-01  6.2867E-01  4.9629E-01  1.3237E-01
 scattering matrix in incident plane: 0 deg= z axis
 forward scattering amplitude matrix (BH83,Eq3.12) 
(  0.6936E-01, -0.2010E+00) (  0.6703E-01, -0.1978E+00) (  0.4410E-02, -0.4251E-02) (  0.3924E-02, -0.4954E-02) 
 backward scattering amplitude matrix (BH83,Eq3.12) 
(  0.3970E-01, -0.6660E-01) ( -0.3900E-01,  0.6724E-01) ( -0.3023E-02,  0.8778E-03) (  0.3008E-02, -0.8757E-03) 

