****************************************************
****************************************************
 mstm calculation results
 date, time:
20250218 185657.985 
 input file:
mstm-v4.0-agg0-batch.inp
****************************************************
 input variables for run     1
 sphere data input file:
./aggregate_ptsa_files/agg_num=0_k=0.950_Df=2.35_meanRp=0.020um_rstdRp=0.10_Np=00020_Rve=0.052um_Rg=0.070um_epsagg=0.807.ptsa
 number spheres
   20
 length, ref index scale factors
  1.3221101E+01  1.3000000E+00  0.0000000E+00
 volume cluster radius, area mean sphere radius, circumscribing radius, cross section radius
  6.9323498E-01  2.5461766E-01  1.6718180E+00  6.9323498E-01
 incident plane wave
 incident alpha, beta(deg)
  0.0000E+00  0.0000E+00
 t matrix order:
     6
 layer 0 refractive index
  1.0000E+00  0.0000E+00
 number of plane boundaries 
  0
 max_iterations,solution_epsilon, mie_epsilon
     10000  1.0000E-06  1.0000E-06
 maximum Mie order, number of equations:
   2       320
 mean sphere Mie extinction, absorption efficiencies
  4.1971E-04  5.2007E-20
****************************************************
 calculation results for run 
           1
 number iterations, error, solution time 
     2  7.2765E-08  3.2201E-03
 total extinction, absorption, scattering efficiencies (unpol, par, perp incidence)
  1.2324E-02  6.8334E-17  1.2324E-02  1.2258E-02  4.1978E-17  1.2258E-02  1.2389E-02  9.4689E-17  1.2389E-02
 scattering matrix in incident plane: 0 deg= z axis
 forward scattering amplitude matrix (BH83,Eq3.12) 
( -0.5092E-03, -0.6476E-01) ( -0.5126E-03, -0.6436E-01) (  0.3665E-04, -0.5689E-03) (  0.1895E-04, -0.5686E-03) 
 backward scattering amplitude matrix (BH83,Eq3.12) 
(  0.2483E-02, -0.2343E-01) ( -0.2474E-02,  0.2350E-01) ( -0.8978E-04,  0.2461E-03) (  0.9000E-04, -0.2450E-03) 

