****************************************************
****************************************************
 mstm calculation results
 date, time:
20250218 185709.964 
 input file:
mstm-v4.0-agg0-batch.inp
****************************************************
 input variables for run     1
 sphere data input file:
./aggregate_ptsa_files/agg_num=0_k=0.950_Df=2.35_meanRp=0.020um_rstdRp=0.10_Np=00020_Rve=0.052um_Rg=0.070um_epsagg=0.807.ptsa
 number spheres
   20
 length, ref index scale factors
  1.3221101E+01  1.4400000E+00  1.0500000E+00
 volume cluster radius, area mean sphere radius, circumscribing radius, cross section radius
  6.9323498E-01  2.5461766E-01  1.6718180E+00  6.9323498E-01
 incident plane wave
 incident alpha, beta(deg)
  0.0000E+00  0.0000E+00
 t matrix order:
     7
 layer 0 refractive index
  1.0000E+00  0.0000E+00
 number of plane boundaries 
  0
 max_iterations,solution_epsilon, mie_epsilon
     10000  1.0000E-06  1.0000E-06
 maximum Mie order, number of equations:
   3       600
 mean sphere Mie extinction, absorption efficiencies
  5.4898E-01  5.4274E-01
****************************************************
 calculation results for run 
           1
 number iterations, error, solution time 
     5  1.6166E-07  1.8702E-02
 total extinction, absorption, scattering efficiencies (unpol, par, perp incidence)
  1.6459E+00  1.4901E+00  1.5586E-01  1.6252E+00  1.4714E+00  1.5378E-01  1.6667E+00  1.5087E+00  1.5794E-01
 scattering matrix in incident plane: 0 deg= z axis
 forward scattering amplitude matrix (BH83,Eq3.12) 
(  0.1963E+00, -0.1311E+00) (  0.1913E+00, -0.1326E+00) (  0.5941E-02,  0.3430E-02) (  0.7233E-02,  0.3410E-02) 
 backward scattering amplitude matrix (BH83,Eq3.12) 
(  0.7166E-01, -0.2828E-01) ( -0.7373E-01,  0.2981E-01) ( -0.8666E-03, -0.2817E-02) (  0.8597E-03,  0.2817E-02) 

