****************************************************
****************************************************
 mstm calculation results
 date, time:
20250218 185758.546 
 input file:
mstm-v4.0-agg0-batch.inp
****************************************************
 input variables for run     1
 sphere data input file:
./aggregate_ptsa_files/agg_num=0_k=0.950_Df=2.35_meanRp=0.020um_rstdRp=0.10_Np=00020_Rve=0.052um_Rg=0.070um_epsagg=0.807.ptsa
 number spheres
   20
 length, ref index scale factors
  1.3221101E+01  2.1400000E+00  4.2000000E-01
 volume cluster radius, area mean sphere radius, circumscribing radius, cross section radius
  6.9323498E-01  2.5461766E-01  1.6718180E+00  6.9323498E-01
 incident plane wave
 incident alpha, beta(deg)
  0.0000E+00  0.0000E+00
 t matrix order:
     7
 layer 0 refractive index
  1.0000E+00  0.0000E+00
 number of plane boundaries 
  0
 max_iterations,solution_epsilon, mie_epsilon
     10000  1.0000E-06  1.0000E-06
 maximum Mie order, number of equations:
   3       600
 mean sphere Mie extinction, absorption efficiencies
  1.4011E-01  1.3593E-01
****************************************************
 calculation results for run 
           1
 number iterations, error, solution time 
     4  5.0957E-07  1.5104E-02
 total extinction, absorption, scattering efficiencies (unpol, par, perp incidence)
  6.1387E-01  4.7212E-01  1.4175E-01  6.0345E-01  4.6396E-01  1.3949E-01  6.2428E-01  4.8029E-01  1.4400E-01
 scattering matrix in incident plane: 0 deg= z axis
 forward scattering amplitude matrix (BH83,Eq3.12) 
(  0.6853E-01, -0.2108E+00) (  0.6614E-01, -0.2073E+00) (  0.4650E-02, -0.4784E-02) (  0.4046E-02, -0.5543E-02) 
 backward scattering amplitude matrix (BH83,Eq3.12) 
(  0.4062E-01, -0.7025E-01) ( -0.3978E-01,  0.7085E-01) ( -0.3301E-02,  0.1071E-02) (  0.3282E-02, -0.1066E-02) 

