****************************************************
****************************************************
 mstm calculation results
 date, time:
20250218 185645.379 
 input file:
mstm-v4.0-agg0-batch.inp
****************************************************
 input variables for run     1
 sphere data input file:
./aggregate_ptsa_files/agg_num=0_k=0.950_Df=2.35_meanRp=0.020um_rstdRp=0.10_Np=00020_Rve=0.052um_Rg=0.070um_epsagg=0.807.ptsa
 number spheres
   20
 length, ref index scale factors
  1.3221101E+01  1.0900000E+00  9.8000000E-01
 volume cluster radius, area mean sphere radius, circumscribing radius, cross section radius
  6.9323498E-01  2.5461766E-01  1.6718180E+00  6.9323498E-01
 incident plane wave
 incident alpha, beta(deg)
  0.0000E+00  0.0000E+00
 t matrix order:
     7
 layer 0 refractive index
  1.0000E+00  0.0000E+00
 number of plane boundaries 
  0
 max_iterations,solution_epsilon, mie_epsilon
     10000  1.0000E-06  1.0000E-06
 maximum Mie order, number of equations:
   3       600
 mean sphere Mie extinction, absorption efficiencies
  7.0724E-01  7.0078E-01
****************************************************
 calculation results for run 
           1
 number iterations, error, solution time 
     5  1.4080E-07  1.8501E-02
 total extinction, absorption, scattering efficiencies (unpol, par, perp incidence)
  1.7926E+00  1.6547E+00  1.3789E-01  1.7808E+00  1.6443E+00  1.3654E-01  1.8044E+00  1.6651E+00  1.3925E-01
 scattering matrix in incident plane: 0 deg= z axis
 forward scattering amplitude matrix (BH83,Eq3.12) 
(  0.2151E+00, -0.5758E-01) (  0.2122E+00, -0.6153E-01) (  0.2650E-02,  0.5369E-02) (  0.3142E-02,  0.6283E-02) 
 backward scattering amplitude matrix (BH83,Eq3.12) 
(  0.6924E-01, -0.7403E-02) ( -0.7170E-01,  0.6488E-02) (  0.4822E-03, -0.1798E-02) ( -0.4761E-03,  0.1795E-02) 

