****************************************************
****************************************************
 mstm calculation results
 date, time:
20250218 185740.255 
 input file:
mstm-v4.0-agg0-batch.inp
****************************************************
 input variables for run     1
 sphere data input file:
./aggregate_ptsa_files/agg_num=0_k=0.950_Df=2.35_meanRp=0.020um_rstdRp=0.10_Np=00020_Rve=0.052um_Rg=0.070um_epsagg=0.807.ptsa
 number spheres
   20
 length, ref index scale factors
  1.3221101E+01  1.8600000E+00  1.2600000E+00
 volume cluster radius, area mean sphere radius, circumscribing radius, cross section radius
  6.9323498E-01  2.5461766E-01  1.6718180E+00  6.9323498E-01
 incident plane wave
 incident alpha, beta(deg)
  0.0000E+00  0.0000E+00
 t matrix order:
     7
 layer 0 refractive index
  1.0000E+00  0.0000E+00
 number of plane boundaries 
  0
 max_iterations,solution_epsilon, mie_epsilon
     10000  1.0000E-06  1.0000E-06
 maximum Mie order, number of equations:
   3       600
 mean sphere Mie extinction, absorption efficiencies
  4.3161E-01  4.2389E-01
****************************************************
 calculation results for run 
           1
 number iterations, error, solution time 
     5  8.9616E-07  1.9537E-02
 total extinction, absorption, scattering efficiencies (unpol, par, perp incidence)
  1.6300E+00  1.4025E+00  2.2747E-01  1.6003E+00  1.3764E+00  2.2391E-01  1.6596E+00  1.4286E+00  2.3104E-01
 scattering matrix in incident plane: 0 deg= z axis
 forward scattering amplitude matrix (BH83,Eq3.12) 
(  0.1930E+00, -0.2093E+00) (  0.1859E+00, -0.2078E+00) (  0.1024E-01,  0.1159E-02) (  0.1184E-01, -0.6530E-03) 
 backward scattering amplitude matrix (BH83,Eq3.12) 
(  0.8245E-01, -0.5132E-01) ( -0.8261E-01,  0.5505E-01) ( -0.3809E-02, -0.4084E-02) (  0.3786E-02,  0.4076E-02) 

