****************************************************
****************************************************
 mstm calculation results
 date, time:
20250218 185745.309 
 input file:
mstm-v4.0-agg0-batch.inp
****************************************************
 input variables for run     1
 sphere data input file:
./aggregate_ptsa_files/agg_num=0_k=0.950_Df=2.35_meanRp=0.020um_rstdRp=0.10_Np=00020_Rve=0.052um_Rg=0.070um_epsagg=0.807.ptsa
 number spheres
   20
 length, ref index scale factors
  1.3221101E+01  1.9300000E+00  1.1900000E+00
 volume cluster radius, area mean sphere radius, circumscribing radius, cross section radius
  6.9323498E-01  2.5461766E-01  1.6718180E+00  6.9323498E-01
 incident plane wave
 incident alpha, beta(deg)
  0.0000E+00  0.0000E+00
 t matrix order:
     7
 layer 0 refractive index
  1.0000E+00  0.0000E+00
 number of plane boundaries 
  0
 max_iterations,solution_epsilon, mie_epsilon
     10000  1.0000E-06  1.0000E-06
 maximum Mie order, number of equations:
   3       600
 mean sphere Mie extinction, absorption efficiencies
  3.9500E-01  3.8778E-01
****************************************************
 calculation results for run 
           1
 number iterations, error, solution time 
     5  6.2004E-07  1.9891E-02
 total extinction, absorption, scattering efficiencies (unpol, par, perp incidence)
  1.5187E+00  1.3005E+00  2.1816E-01  1.4910E+00  1.2763E+00  2.1472E-01  1.5464E+00  1.3248E+00  2.2160E-01
 scattering matrix in incident plane: 0 deg= z axis
 forward scattering amplitude matrix (BH83,Eq3.12) 
(  0.1793E+00, -0.2130E+00) (  0.1727E+00, -0.2111E+00) (  0.9968E-02,  0.1702E-03) (  0.1117E-01, -0.1693E-02) 
 backward scattering amplitude matrix (BH83,Eq3.12) 
(  0.7881E-01, -0.5485E-01) ( -0.7855E-01,  0.5816E-01) ( -0.4152E-02, -0.3428E-02) (  0.4133E-02,  0.3426E-02) 

