****************************************************
****************************************************
 mstm calculation results
 date, time:
20250218 185743.028 
 input file:
mstm-v4.0-agg0-batch.inp
****************************************************
 input variables for run     1
 sphere data input file:
./aggregate_ptsa_files/agg_num=0_k=0.950_Df=2.35_meanRp=0.020um_rstdRp=0.10_Np=00020_Rve=0.052um_Rg=0.070um_epsagg=0.807.ptsa
 number spheres
   20
 length, ref index scale factors
  1.3221101E+01  1.9300000E+00  5.6000000E-01
 volume cluster radius, area mean sphere radius, circumscribing radius, cross section radius
  6.9323498E-01  2.5461766E-01  1.6718180E+00  6.9323498E-01
 incident plane wave
 incident alpha, beta(deg)
  0.0000E+00  0.0000E+00
 t matrix order:
     7
 layer 0 refractive index
  1.0000E+00  0.0000E+00
 number of plane boundaries 
  0
 max_iterations,solution_epsilon, mie_epsilon
     10000  1.0000E-06  1.0000E-06
 maximum Mie order, number of equations:
   3       600
 mean sphere Mie extinction, absorption efficiencies
  2.1379E-01  2.0996E-01
****************************************************
 calculation results for run 
           1
 number iterations, error, solution time 
     4  3.0784E-07  1.5982E-02
 total extinction, absorption, scattering efficiencies (unpol, par, perp incidence)
  8.0296E-01  6.8221E-01  1.2075E-01  7.9066E-01  6.7164E-01  1.1902E-01  8.1526E-01  6.9279E-01  1.2247E-01
 scattering matrix in incident plane: 0 deg= z axis
 forward scattering amplitude matrix (BH83,Eq3.12) 
(  0.9233E-01, -0.1833E+00) (  0.8945E-01, -0.1810E+00) (  0.4944E-02, -0.2702E-02) (  0.4814E-02, -0.3479E-02) 
 backward scattering amplitude matrix (BH83,Eq3.12) 
(  0.4567E-01, -0.5751E-01) ( -0.4526E-01,  0.5846E-01) ( -0.2807E-02, -0.2847E-04) (  0.2797E-02,  0.2068E-04) 

