****************************************************
****************************************************
 mstm calculation results
 date, time:
20250218 185752.662 
 input file:
mstm-v4.0-agg0-batch.inp
****************************************************
 input variables for run     1
 sphere data input file:
./aggregate_ptsa_files/agg_num=0_k=0.950_Df=2.35_meanRp=0.020um_rstdRp=0.10_Np=00020_Rve=0.052um_Rg=0.070um_epsagg=0.807.ptsa
 number spheres
   20
 length, ref index scale factors
  1.3221101E+01  2.0700000E+00  2.8000000E-01
 volume cluster radius, area mean sphere radius, circumscribing radius, cross section radius
  6.9323498E-01  2.5461766E-01  1.6718180E+00  6.9323498E-01
 incident plane wave
 incident alpha, beta(deg)
  0.0000E+00  0.0000E+00
 t matrix order:
     7
 layer 0 refractive index
  1.0000E+00  0.0000E+00
 number of plane boundaries 
  0
 max_iterations,solution_epsilon, mie_epsilon
     10000  1.0000E-06  1.0000E-06
 maximum Mie order, number of equations:
   3       600
 mean sphere Mie extinction, absorption efficiencies
  1.0033E-01  9.6703E-02
****************************************************
 calculation results for run 
           1
 number iterations, error, solution time 
     4  2.4565E-07  1.5956E-02
 total extinction, absorption, scattering efficiencies (unpol, par, perp incidence)
  4.5418E-01  3.3139E-01  1.2279E-01  4.4684E-01  3.2593E-01  1.2091E-01  4.6152E-01  3.3685E-01  1.2467E-01
 scattering matrix in incident plane: 0 deg= z axis
 forward scattering amplitude matrix (BH83,Eq3.12) 
(  0.4930E-01, -0.1999E+00) (  0.4764E-01, -0.1966E+00) (  0.3353E-02, -0.4713E-02) (  0.2770E-02, -0.5193E-02) 
 backward scattering amplitude matrix (BH83,Eq3.12) 
(  0.3223E-01, -0.6862E-01) ( -0.3160E-01,  0.6900E-01) ( -0.2633E-02,  0.1412E-02) (  0.2623E-02, -0.1405E-02) 

