****************************************************
****************************************************
 mstm calculation results
 date, time:
20250218 185714.520 
 input file:
mstm-v4.0-agg0-batch.inp
****************************************************
 input variables for run     1
 sphere data input file:
./aggregate_ptsa_files/agg_num=0_k=0.950_Df=2.35_meanRp=0.020um_rstdRp=0.10_Np=00020_Rve=0.052um_Rg=0.070um_epsagg=0.807.ptsa
 number spheres
   20
 length, ref index scale factors
  1.3221101E+01  1.5100000E+00  8.4000000E-01
 volume cluster radius, area mean sphere radius, circumscribing radius, cross section radius
  6.9323498E-01  2.5461766E-01  1.6718180E+00  6.9323498E-01
 incident plane wave
 incident alpha, beta(deg)
  0.0000E+00  0.0000E+00
 t matrix order:
     7
 layer 0 refractive index
  1.0000E+00  0.0000E+00
 number of plane boundaries 
  0
 max_iterations,solution_epsilon, mie_epsilon
     10000  1.0000E-06  1.0000E-06
 maximum Mie order, number of equations:
   3       600
 mean sphere Mie extinction, absorption efficiencies
  4.2917E-01  4.2486E-01
****************************************************
 calculation results for run 
           1
 number iterations, error, solution time 
     4  4.5552E-07  1.5860E-02
 total extinction, absorption, scattering efficiencies (unpol, par, perp incidence)
  1.3077E+00  1.1940E+00  1.1372E-01  1.2921E+00  1.1798E+00  1.1233E-01  1.3234E+00  1.2083E+00  1.1510E-01
 scattering matrix in incident plane: 0 deg= z axis
 forward scattering amplitude matrix (BH83,Eq3.12) 
(  0.1551E+00, -0.1279E+00) (  0.1514E+00, -0.1283E+00) (  0.4903E-02,  0.1594E-02) (  0.5638E-02,  0.1322E-02) 
 backward scattering amplitude matrix (BH83,Eq3.12) 
(  0.5948E-01, -0.3216E-01) ( -0.6054E-01,  0.3322E-01) ( -0.1358E-02, -0.1794E-02) (  0.1372E-02,  0.1792E-02) 

