****************************************************
****************************************************
 mstm calculation results
 date, time:
20250218 185758.051 
 input file:
mstm-v4.0-agg0-batch.inp
****************************************************
 input variables for run     1
 sphere data input file:
./aggregate_ptsa_files/agg_num=0_k=0.950_Df=2.35_meanRp=0.020um_rstdRp=0.10_Np=00020_Rve=0.052um_Rg=0.070um_epsagg=0.807.ptsa
 number spheres
   20
 length, ref index scale factors
  1.3221101E+01  2.1400000E+00  2.8000000E-01
 volume cluster radius, area mean sphere radius, circumscribing radius, cross section radius
  6.9323498E-01  2.5461766E-01  1.6718180E+00  6.9323498E-01
 incident plane wave
 incident alpha, beta(deg)
  0.0000E+00  0.0000E+00
 t matrix order:
     7
 layer 0 refractive index
  1.0000E+00  0.0000E+00
 number of plane boundaries 
  0
 max_iterations,solution_epsilon, mie_epsilon
     10000  1.0000E-06  1.0000E-06
 maximum Mie order, number of equations:
   3       600
 mean sphere Mie extinction, absorption efficiencies
  9.5578E-02  9.1667E-02
****************************************************
 calculation results for run 
           1
 number iterations, error, solution time 
     4  3.6357E-07  1.5946E-02
 total extinction, absorption, scattering efficiencies (unpol, par, perp incidence)
  4.5504E-01  3.2043E-01  1.3461E-01  4.4740E-01  3.1493E-01  1.3247E-01  4.6268E-01  3.2593E-01  1.3675E-01
 scattering matrix in incident plane: 0 deg= z axis
 forward scattering amplitude matrix (BH83,Eq3.12) 
(  0.4913E-01, -0.2099E+00) (  0.4741E-01, -0.2062E+00) (  0.3576E-02, -0.5247E-02) (  0.2879E-02, -0.5767E-02) 
 backward scattering amplitude matrix (BH83,Eq3.12) 
(  0.3336E-01, -0.7233E-01) ( -0.3261E-01,  0.7266E-01) ( -0.2896E-02,  0.1617E-02) (  0.2884E-02, -0.1607E-02) 

