****************************************************
****************************************************
 mstm calculation results
 date, time:
20250218 185706.315 
 input file:
mstm-v4.0-agg0-batch.inp
****************************************************
 input variables for run     1
 sphere data input file:
./aggregate_ptsa_files/agg_num=0_k=0.950_Df=2.35_meanRp=0.020um_rstdRp=0.10_Np=00020_Rve=0.052um_Rg=0.070um_epsagg=0.807.ptsa
 number spheres
   20
 length, ref index scale factors
  1.3221101E+01  1.3700000E+00  8.4000000E-01
 volume cluster radius, area mean sphere radius, circumscribing radius, cross section radius
  6.9323498E-01  2.5461766E-01  1.6718180E+00  6.9323498E-01
 incident plane wave
 incident alpha, beta(deg)
  0.0000E+00  0.0000E+00
 t matrix order:
     7
 layer 0 refractive index
  1.0000E+00  0.0000E+00
 number of plane boundaries 
  0
 max_iterations,solution_epsilon, mie_epsilon
     10000  1.0000E-06  1.0000E-06
 maximum Mie order, number of equations:
   3       600
 mean sphere Mie extinction, absorption efficiencies
  4.8146E-01  4.7726E-01
****************************************************
 calculation results for run 
           1
 number iterations, error, solution time 
     4  3.8293E-07  1.5373E-02
 total extinction, absorption, scattering efficiencies (unpol, par, perp incidence)
  1.3780E+00  1.2728E+00  1.0520E-01  1.3641E+00  1.2601E+00  1.0397E-01  1.3919E+00  1.2855E+00  1.0643E-01
 scattering matrix in incident plane: 0 deg= z axis
 forward scattering amplitude matrix (BH83,Eq3.12) 
(  0.1641E+00, -0.1027E+00) (  0.1608E+00, -0.1039E+00) (  0.4009E-02,  0.2508E-02) (  0.4696E-02,  0.2570E-02) 
 backward scattering amplitude matrix (BH83,Eq3.12) 
(  0.5949E-01, -0.2382E-01) ( -0.6086E-01,  0.2440E-01) ( -0.7429E-03, -0.1768E-02) (  0.7521E-03,  0.1775E-02) 

