****************************************************
****************************************************
 mstm calculation results
 date, time:
20250218 185643.617 
 input file:
mstm-v4.0-agg0-batch.inp
****************************************************
 input variables for run     1
 sphere data input file:
./aggregate_ptsa_files/agg_num=0_k=0.950_Df=2.35_meanRp=0.020um_rstdRp=0.10_Np=00020_Rve=0.052um_Rg=0.070um_epsagg=0.807.ptsa
 number spheres
   20
 length, ref index scale factors
  1.3221101E+01  1.0900000E+00  4.9000000E-01
 volume cluster radius, area mean sphere radius, circumscribing radius, cross section radius
  6.9323498E-01  2.5461766E-01  1.6718180E+00  6.9323498E-01
 incident plane wave
 incident alpha, beta(deg)
  0.0000E+00  0.0000E+00
 t matrix order:
     7
 layer 0 refractive index
  1.0000E+00  0.0000E+00
 number of plane boundaries 
  0
 max_iterations,solution_epsilon, mie_epsilon
     10000  1.0000E-06  1.0000E-06
 maximum Mie order, number of equations:
   3       600
 mean sphere Mie extinction, absorption efficiencies
  3.3734E-01  3.3597E-01
****************************************************
 calculation results for run 
           1
 number iterations, error, solution time 
     3  1.1668E-07  1.2270E-02
 total extinction, absorption, scattering efficiencies (unpol, par, perp incidence)
  8.8682E-01  8.5249E-01  3.4324E-02  8.8431E-01  8.5012E-01  3.4184E-02  8.8933E-01  8.5486E-01  3.4464E-02
 scattering matrix in incident plane: 0 deg= z axis
 forward scattering amplitude matrix (BH83,Eq3.12) 
(  0.1061E+00, -0.2739E-01) (  0.1054E+00, -0.2840E-01) (  0.6857E-03,  0.1417E-02) (  0.7387E-03,  0.1509E-02) 
 backward scattering amplitude matrix (BH83,Eq3.12) 
(  0.3679E-01, -0.5334E-02) ( -0.3710E-01,  0.5071E-02) ( -0.5544E-04, -0.5915E-03) (  0.5420E-04,  0.5911E-03) 

