****************************************************
****************************************************
 mstm calculation results
 date, time:
20250218 185752.409 
 input file:
mstm-v4.0-agg0-batch.inp
****************************************************
 input variables for run     1
 sphere data input file:
./aggregate_ptsa_files/agg_num=0_k=0.950_Df=2.35_meanRp=0.020um_rstdRp=0.10_Np=00020_Rve=0.052um_Rg=0.070um_epsagg=0.807.ptsa
 number spheres
   20
 length, ref index scale factors
  1.3221101E+01  2.0700000E+00  2.1000000E-01
 volume cluster radius, area mean sphere radius, circumscribing radius, cross section radius
  6.9323498E-01  2.5461766E-01  1.6718180E+00  6.9323498E-01
 incident plane wave
 incident alpha, beta(deg)
  0.0000E+00  0.0000E+00
 t matrix order:
     7
 layer 0 refractive index
  1.0000E+00  0.0000E+00
 number of plane boundaries 
  0
 max_iterations,solution_epsilon, mie_epsilon
     10000  1.0000E-06  1.0000E-06
 maximum Mie order, number of equations:
   3       600
 mean sphere Mie extinction, absorption efficiencies
  7.6349E-02  7.2818E-02
****************************************************
 calculation results for run 
           1
 number iterations, error, solution time 
     4  2.1309E-07  1.5711E-02
 total extinction, absorption, scattering efficiencies (unpol, par, perp incidence)
  3.7110E-01  2.5068E-01  1.2042E-01  3.6513E-01  2.4656E-01  1.1858E-01  3.7706E-01  2.5480E-01  1.2226E-01
 scattering matrix in incident plane: 0 deg= z axis
 forward scattering amplitude matrix (BH83,Eq3.12) 
(  0.3915E-01, -0.1999E+00) (  0.3782E-01, -0.1965E+00) (  0.2821E-02, -0.4929E-02) (  0.2201E-02, -0.5300E-02) 
 backward scattering amplitude matrix (BH83,Eq3.12) 
(  0.2846E-01, -0.6980E-01) ( -0.2786E-01,  0.7006E-01) ( -0.2427E-02,  0.1668E-02) (  0.2420E-02, -0.1659E-02) 

