****************************************************
****************************************************
 mstm calculation results
 date, time:
20250218 185726.954 
 input file:
mstm-v4.0-agg0-batch.inp
****************************************************
 input variables for run     1
 sphere data input file:
./aggregate_ptsa_files/agg_num=0_k=0.950_Df=2.35_meanRp=0.020um_rstdRp=0.10_Np=00020_Rve=0.052um_Rg=0.070um_epsagg=0.807.ptsa
 number spheres
   20
 length, ref index scale factors
  1.3221101E+01  1.6500000E+00  1.3300000E+00
 volume cluster radius, area mean sphere radius, circumscribing radius, cross section radius
  6.9323498E-01  2.5461766E-01  1.6718180E+00  6.9323498E-01
 incident plane wave
 incident alpha, beta(deg)
  0.0000E+00  0.0000E+00
 t matrix order:
     7
 layer 0 refractive index
  1.0000E+00  0.0000E+00
 number of plane boundaries 
  0
 max_iterations,solution_epsilon, mie_epsilon
     10000  1.0000E-06  1.0000E-06
 maximum Mie order, number of equations:
   3       600
 mean sphere Mie extinction, absorption efficiencies
  5.2800E-01  5.1938E-01
****************************************************
 calculation results for run 
           1
 number iterations, error, solution time 
     6  2.3118E-07  2.1684E-02
 total extinction, absorption, scattering efficiencies (unpol, par, perp incidence)
  1.8438E+00  1.6107E+00  2.3313E-01  1.8127E+00  1.5830E+00  2.2972E-01  1.8749E+00  1.6384E+00  2.3653E-01
 scattering matrix in incident plane: 0 deg= z axis
 forward scattering amplitude matrix (BH83,Eq3.12) 
(  0.2196E+00, -0.1881E+00) (  0.2121E+00, -0.1882E+00) (  0.9680E-02,  0.3415E-02) (  0.1202E-01,  0.2371E-02) 
 backward scattering amplitude matrix (BH83,Eq3.12) 
(  0.8654E-01, -0.4042E-01) ( -0.8827E-01,  0.4446E-01) ( -0.2190E-02, -0.4884E-02) (  0.2203E-02,  0.4907E-02) 

