****************************************************
****************************************************
 mstm calculation results
 date, time:
20250218 185804.018 
 input file:
mstm-v4.0-agg0-batch.inp
****************************************************
 input variables for run     1
 sphere data input file:
./aggregate_ptsa_files/agg_num=0_k=0.950_Df=2.35_meanRp=0.020um_rstdRp=0.10_Np=00020_Rve=0.052um_Rg=0.070um_epsagg=0.807.ptsa
 number spheres
   20
 length, ref index scale factors
  1.3221101E+01  2.2100000E+00  4.2000000E-01
 volume cluster radius, area mean sphere radius, circumscribing radius, cross section radius
  6.9323498E-01  2.5461766E-01  1.6718180E+00  6.9323498E-01
 incident plane wave
 incident alpha, beta(deg)
  0.0000E+00  0.0000E+00
 t matrix order:
     7
 layer 0 refractive index
  1.0000E+00  0.0000E+00
 number of plane boundaries 
  0
 max_iterations,solution_epsilon, mie_epsilon
     10000  1.0000E-06  1.0000E-06
 maximum Mie order, number of equations:
   3       600
 mean sphere Mie extinction, absorption efficiencies
  1.3331E-01  1.2887E-01
****************************************************
 calculation results for run 
           1
 number iterations, error, solution time 
     4  7.0455E-07  1.4852E-02
 total extinction, absorption, scattering efficiencies (unpol, par, perp incidence)
  6.0990E-01  4.5658E-01  1.5332E-01  5.9920E-01  4.4840E-01  1.5080E-01  6.2061E-01  4.6477E-01  1.5584E-01
 scattering matrix in incident plane: 0 deg= z axis
 forward scattering amplitude matrix (BH83,Eq3.12) 
(  0.6780E-01, -0.2202E+00) (  0.6534E-01, -0.2164E+00) (  0.4889E-02, -0.5324E-02) (  0.4159E-02, -0.6136E-02) 
 backward scattering amplitude matrix (BH83,Eq3.12) 
(  0.4157E-01, -0.7381E-01) ( -0.4057E-01,  0.7436E-01) ( -0.3584E-02,  0.1271E-02) (  0.3562E-02, -0.1263E-02) 

