****************************************************
****************************************************
 mstm calculation results
 date, time:
20250218 185646.723 
 input file:
mstm-v4.0-agg0-batch.inp
****************************************************
 input variables for run     1
 sphere data input file:
./aggregate_ptsa_files/agg_num=0_k=0.950_Df=2.35_meanRp=0.020um_rstdRp=0.10_Np=00020_Rve=0.052um_Rg=0.070um_epsagg=0.807.ptsa
 number spheres
   20
 length, ref index scale factors
  1.3221101E+01  1.0900000E+00  1.3300000E+00
 volume cluster radius, area mean sphere radius, circumscribing radius, cross section radius
  6.9323498E-01  2.5461766E-01  1.6718180E+00  6.9323498E-01
 incident plane wave
 incident alpha, beta(deg)
  0.0000E+00  0.0000E+00
 t matrix order:
     7
 layer 0 refractive index
  1.0000E+00  0.0000E+00
 number of plane boundaries 
  0
 max_iterations,solution_epsilon, mie_epsilon
     10000  1.0000E-06  1.0000E-06
 maximum Mie order, number of equations:
   3       600
 mean sphere Mie extinction, absorption efficiencies
  9.0494E-01  8.9212E-01
****************************************************
 calculation results for run 
           1
 number iterations, error, solution time 
     7  1.0938E-07  2.4489E-02
 total extinction, absorption, scattering efficiencies (unpol, par, perp incidence)
  2.3765E+00  2.1251E+00  2.5139E-01  2.3487E+00  2.1002E+00  2.4850E-01  2.4043E+00  2.1500E+00  2.5428E-01
 scattering matrix in incident plane: 0 deg= z axis
 forward scattering amplitude matrix (BH83,Eq3.12) 
(  0.2859E+00, -0.1016E+00) (  0.2790E+00, -0.1075E+00) (  0.5596E-02,  0.8705E-02) (  0.7607E-02,  0.1093E-01) 
 backward scattering amplitude matrix (BH83,Eq3.12) 
(  0.8889E-01, -0.1040E-01) ( -0.9543E-01,  0.1059E-01) (  0.2135E-02, -0.3114E-02) ( -0.2117E-02,  0.3099E-02) 

