****************************************************
****************************************************
 mstm calculation results
 date, time:
20250218 185749.484 
 input file:
mstm-v4.0-agg0-batch.inp
****************************************************
 input variables for run     1
 sphere data input file:
./aggregate_ptsa_files/agg_num=0_k=0.950_Df=2.35_meanRp=0.020um_rstdRp=0.10_Np=00020_Rve=0.052um_Rg=0.070um_epsagg=0.807.ptsa
 number spheres
   20
 length, ref index scale factors
  1.3221101E+01  2.0000000E+00  8.4000000E-01
 volume cluster radius, area mean sphere radius, circumscribing radius, cross section radius
  6.9323498E-01  2.5461766E-01  1.6718180E+00  6.9323498E-01
 incident plane wave
 incident alpha, beta(deg)
  0.0000E+00  0.0000E+00
 t matrix order:
     7
 layer 0 refractive index
  1.0000E+00  0.0000E+00
 number of plane boundaries 
  0
 max_iterations,solution_epsilon, mie_epsilon
     10000  1.0000E-06  1.0000E-06
 maximum Mie order, number of equations:
   3       600
 mean sphere Mie extinction, absorption efficiencies
  2.8984E-01  2.8459E-01
****************************************************
 calculation results for run 
           1
 number iterations, error, solution time 
     5  9.0488E-08  1.8681E-02
 total extinction, absorption, scattering efficiencies (unpol, par, perp incidence)
  1.1129E+00  9.4815E-01  1.6477E-01  1.0940E+00  9.3179E-01  1.6220E-01  1.1318E+00  9.6450E-01  1.6734E-01
 scattering matrix in incident plane: 0 deg= z axis
 forward scattering amplitude matrix (BH83,Eq3.12) 
(  0.1298E+00, -0.2029E+00) (  0.1253E+00, -0.2004E+00) (  0.7364E-02, -0.2049E-02) (  0.7593E-02, -0.3363E-02) 
 backward scattering amplitude matrix (BH83,Eq3.12) 
(  0.6104E-01, -0.5923E-01) ( -0.6047E-01,  0.6099E-01) ( -0.3773E-02, -0.1195E-02) (  0.3777E-02,  0.1194E-02) 

