****************************************************
****************************************************
 mstm calculation results
 date, time:
20250218 185735.572 
 input file:
mstm-v4.0-agg0-batch.inp
****************************************************
 input variables for run     1
 sphere data input file:
./aggregate_ptsa_files/agg_num=0_k=0.950_Df=2.35_meanRp=0.020um_rstdRp=0.10_Np=00020_Rve=0.052um_Rg=0.070um_epsagg=0.807.ptsa
 number spheres
   20
 length, ref index scale factors
  1.3221101E+01  1.7900000E+00  7.7000000E-01
 volume cluster radius, area mean sphere radius, circumscribing radius, cross section radius
  6.9323498E-01  2.5461766E-01  1.6718180E+00  6.9323498E-01
 incident plane wave
 incident alpha, beta(deg)
  0.0000E+00  0.0000E+00
 t matrix order:
     7
 layer 0 refractive index
  1.0000E+00  0.0000E+00
 number of plane boundaries 
  0
 max_iterations,solution_epsilon, mie_epsilon
     10000  1.0000E-06  1.0000E-06
 maximum Mie order, number of equations:
   3       600
 mean sphere Mie extinction, absorption efficiencies
  3.1732E-01  3.1295E-01
****************************************************
 calculation results for run 
           1
 number iterations, error, solution time 
     4  5.5778E-07  1.5198E-02
 total extinction, absorption, scattering efficiencies (unpol, par, perp incidence)
  1.0994E+00  9.7066E-01  1.2878E-01  1.0834E+00  9.5632E-01  1.2705E-01  1.1155E+00  9.8500E-01  1.3050E-01
 scattering matrix in incident plane: 0 deg= z axis
 forward scattering amplitude matrix (BH83,Eq3.12) 
(  0.1288E+00, -0.1696E+00) (  0.1250E+00, -0.1683E+00) (  0.5893E-02, -0.7761E-03) (  0.6276E-02, -0.1618E-02) 
 backward scattering amplitude matrix (BH83,Eq3.12) 
(  0.5626E-01, -0.4834E-01) ( -0.5637E-01,  0.4977E-01) ( -0.2598E-02, -0.1211E-02) (  0.2600E-02,  0.1194E-02) 

