****************************************************
****************************************************
 mstm calculation results
 date, time:
20250218 185705.548 
 input file:
mstm-v4.0-agg0-batch.inp
****************************************************
 input variables for run     1
 sphere data input file:
./aggregate_ptsa_files/agg_num=0_k=0.950_Df=2.35_meanRp=0.020um_rstdRp=0.10_Np=00020_Rve=0.052um_Rg=0.070um_epsagg=0.807.ptsa
 number spheres
   20
 length, ref index scale factors
  1.3221101E+01  1.3700000E+00  6.3000000E-01
 volume cluster radius, area mean sphere radius, circumscribing radius, cross section radius
  6.9323498E-01  2.5461766E-01  1.6718180E+00  6.9323498E-01
 incident plane wave
 incident alpha, beta(deg)
  0.0000E+00  0.0000E+00
 t matrix order:
     7
 layer 0 refractive index
  1.0000E+00  0.0000E+00
 number of plane boundaries 
  0
 max_iterations,solution_epsilon, mie_epsilon
     10000  1.0000E-06  1.0000E-06
 maximum Mie order, number of equations:
   3       600
 mean sphere Mie extinction, absorption efficiencies
  3.6507E-01  3.6251E-01
****************************************************
 calculation results for run 
           1
 number iterations, error, solution time 
     4  3.5729E-08  1.5387E-02
 total extinction, absorption, scattering efficiencies (unpol, par, perp incidence)
  1.0467E+00  9.7946E-01  6.7209E-02  1.0376E+00  9.7108E-01  6.6503E-02  1.0558E+00  9.8784E-01  6.7915E-02
 scattering matrix in incident plane: 0 deg= z axis
 forward scattering amplitude matrix (BH83,Eq3.12) 
(  0.1241E+00, -0.9091E-01) (  0.1219E+00, -0.9146E-01) (  0.2822E-02,  0.1194E-02) (  0.3139E-02,  0.1144E-02) 
 backward scattering amplitude matrix (BH83,Eq3.12) 
(  0.4647E-01, -0.2391E-01) ( -0.4717E-01,  0.2423E-01) ( -0.7826E-03, -0.9911E-03) (  0.7854E-03,  0.9919E-03) 

