****************************************************
****************************************************
 mstm calculation results
 date, time:
20250218 185743.282 
 input file:
mstm-v4.0-agg0-batch.inp
****************************************************
 input variables for run     1
 sphere data input file:
./aggregate_ptsa_files/agg_num=0_k=0.950_Df=2.35_meanRp=0.020um_rstdRp=0.10_Np=00020_Rve=0.052um_Rg=0.070um_epsagg=0.807.ptsa
 number spheres
   20
 length, ref index scale factors
  1.3221101E+01  1.9300000E+00  6.3000000E-01
 volume cluster radius, area mean sphere radius, circumscribing radius, cross section radius
  6.9323498E-01  2.5461766E-01  1.6718180E+00  6.9323498E-01
 incident plane wave
 incident alpha, beta(deg)
  0.0000E+00  0.0000E+00
 t matrix order:
     7
 layer 0 refractive index
  1.0000E+00  0.0000E+00
 number of plane boundaries 
  0
 max_iterations,solution_epsilon, mie_epsilon
     10000  1.0000E-06  1.0000E-06
 maximum Mie order, number of equations:
   3       600
 mean sphere Mie extinction, absorption efficiencies
  2.3813E-01  2.3403E-01
****************************************************
 calculation results for run 
           1
 number iterations, error, solution time 
     4  4.3181E-07  1.4807E-02
 total extinction, absorption, scattering efficiencies (unpol, par, perp incidence)
  8.8789E-01  7.5961E-01  1.2828E-01  8.7413E-01  7.4769E-01  1.2644E-01  9.0164E-01  7.7153E-01  1.3011E-01
 scattering matrix in incident plane: 0 deg= z axis
 forward scattering amplitude matrix (BH83,Eq3.12) 
(  0.1027E+00, -0.1853E+00) (  0.9942E-01, -0.1830E+00) (  0.5462E-02, -0.2426E-02) (  0.5422E-02, -0.3305E-02) 
 backward scattering amplitude matrix (BH83,Eq3.12) 
(  0.4948E-01, -0.5690E-01) ( -0.4909E-01,  0.5803E-01) ( -0.2960E-02, -0.3222E-03) (  0.2950E-02,  0.3103E-03) 

