****************************************************
****************************************************
 mstm calculation results
 date, time:
20250218 185746.333 
 input file:
mstm-v4.0-agg0-batch.inp
****************************************************
 input variables for run     1
 sphere data input file:
./aggregate_ptsa_files/agg_num=0_k=0.950_Df=2.35_meanRp=0.020um_rstdRp=0.10_Np=00020_Rve=0.052um_Rg=0.070um_epsagg=0.807.ptsa
 number spheres
   20
 length, ref index scale factors
  1.3221101E+01  2.0000000E+00  0.0000000E+00
 volume cluster radius, area mean sphere radius, circumscribing radius, cross section radius
  6.9323498E-01  2.5461766E-01  1.6718180E+00  6.9323498E-01
 incident plane wave
 incident alpha, beta(deg)
  0.0000E+00  0.0000E+00
 t matrix order:
     6
 layer 0 refractive index
  1.0000E+00  0.0000E+00
 number of plane boundaries 
  0
 max_iterations,solution_epsilon, mie_epsilon
     10000  1.0000E-06  1.0000E-06
 maximum Mie order, number of equations:
   2       320
 mean sphere Mie extinction, absorption efficiencies
  3.1079E-03 -1.5873E-19
****************************************************
 calculation results for run 
           1
 number iterations, error, solution time 
     4  4.1190E-08  4.8345E-03
 total extinction, absorption, scattering efficiencies (unpol, par, perp incidence)
  1.0497E-01  1.4253E-16  1.0497E-01  1.0360E-01  2.8911E-16  1.0360E-01  1.0634E-01 -4.0524E-18  1.0634E-01
 scattering matrix in incident plane: 0 deg= z axis
 forward scattering amplitude matrix (BH83,Eq3.12) 
(  0.6930E-02, -0.1896E+00) (  0.6693E-02, -0.1866E+00) (  0.9476E-03, -0.4601E-02) (  0.3926E-03, -0.4649E-02) 
 backward scattering amplitude matrix (BH83,Eq3.12) 
(  0.1492E-01, -0.6897E-01) ( -0.1475E-01,  0.6926E-01) ( -0.1372E-02,  0.1930E-02) (  0.1373E-02, -0.1928E-02) 

