****************************************************
****************************************************
 mstm calculation results
 date, time:
20250218 185735.825 
 input file:
mstm-v4.0-agg0-batch.inp
****************************************************
 input variables for run     1
 sphere data input file:
./aggregate_ptsa_files/agg_num=0_k=0.950_Df=2.35_meanRp=0.020um_rstdRp=0.10_Np=00020_Rve=0.052um_Rg=0.070um_epsagg=0.807.ptsa
 number spheres
   20
 length, ref index scale factors
  1.3221101E+01  1.7900000E+00  8.4000000E-01
 volume cluster radius, area mean sphere radius, circumscribing radius, cross section radius
  6.9323498E-01  2.5461766E-01  1.6718180E+00  6.9323498E-01
 incident plane wave
 incident alpha, beta(deg)
  0.0000E+00  0.0000E+00
 t matrix order:
     7
 layer 0 refractive index
  1.0000E+00  0.0000E+00
 number of plane boundaries 
  0
 max_iterations,solution_epsilon, mie_epsilon
     10000  1.0000E-06  1.0000E-06
 maximum Mie order, number of equations:
   3       600
 mean sphere Mie extinction, absorption efficiencies
  3.4184E-01  3.3707E-01
****************************************************
 calculation results for run 
           1
 number iterations, error, solution time 
     4  8.6399E-07  1.5084E-02
 total extinction, absorption, scattering efficiencies (unpol, par, perp incidence)
  1.1866E+00  1.0469E+00  1.3971E-01  1.1689E+00  1.0311E+00  1.3783E-01  1.2043E+00  1.0627E+00  1.4158E-01
 scattering matrix in incident plane: 0 deg= z axis
 forward scattering amplitude matrix (BH83,Eq3.12) 
(  0.1394E+00, -0.1730E+00) (  0.1352E+00, -0.1717E+00) (  0.6421E-02, -0.4399E-03) (  0.6949E-02, -0.1372E-02) 
 backward scattering amplitude matrix (BH83,Eq3.12) 
(  0.6012E-01, -0.4805E-01) ( -0.6031E-01,  0.4971E-01) ( -0.2707E-02, -0.1548E-02) (  0.2712E-02,  0.1526E-02) 

