****************************************************
****************************************************
 mstm calculation results
 date, time:
20250218 185736.689 
 input file:
mstm-v4.0-agg0-batch.inp
****************************************************
 input variables for run     1
 sphere data input file:
./aggregate_ptsa_files/agg_num=0_k=0.950_Df=2.35_meanRp=0.020um_rstdRp=0.10_Np=00020_Rve=0.052um_Rg=0.070um_epsagg=0.807.ptsa
 number spheres
   20
 length, ref index scale factors
  1.3221101E+01  1.8600000E+00  2.8000000E-01
 volume cluster radius, area mean sphere radius, circumscribing radius, cross section radius
  6.9323498E-01  2.5461766E-01  1.6718180E+00  6.9323498E-01
 incident plane wave
 incident alpha, beta(deg)
  0.0000E+00  0.0000E+00
 t matrix order:
     7
 layer 0 refractive index
  1.0000E+00  0.0000E+00
 number of plane boundaries 
  0
 max_iterations,solution_epsilon, mie_epsilon
     10000  1.0000E-06  1.0000E-06
 maximum Mie order, number of equations:
   3       600
 mean sphere Mie extinction, absorption efficiencies
  1.1635E-01  1.1358E-01
****************************************************
 calculation results for run 
           1
 number iterations, error, solution time 
     4  6.0799E-08  1.5284E-02
 total extinction, absorption, scattering efficiencies (unpol, par, perp incidence)
  4.5517E-01  3.6621E-01  8.8965E-02  4.4875E-01  3.6099E-01  8.7760E-02  4.6160E-01  3.7142E-01  9.0170E-02
 scattering matrix in incident plane: 0 deg= z axis
 forward scattering amplitude matrix (BH83,Eq3.12) 
(  0.5030E-01, -0.1680E+00) (  0.4883E-01, -0.1657E+00) (  0.2703E-02, -0.3177E-02) (  0.2408E-02, -0.3531E-02) 
 backward scattering amplitude matrix (BH83,Eq3.12) 
(  0.2903E-01, -0.5686E-01) ( -0.2872E-01,  0.5728E-01) ( -0.1895E-02,  0.8440E-03) (  0.1890E-02, -0.8425E-03) 

