****************************************************
****************************************************
 mstm calculation results
 date, time:
20250218 185706.694 
 input file:
mstm-v4.0-agg0-batch.inp
****************************************************
 input variables for run     1
 sphere data input file:
./aggregate_ptsa_files/agg_num=0_k=0.950_Df=2.35_meanRp=0.020um_rstdRp=0.10_Np=00020_Rve=0.052um_Rg=0.070um_epsagg=0.807.ptsa
 number spheres
   20
 length, ref index scale factors
  1.3221101E+01  1.4400000E+00  1.4000000E-01
 volume cluster radius, area mean sphere radius, circumscribing radius, cross section radius
  6.9323498E-01  2.5461766E-01  1.6718180E+00  6.9323498E-01
 incident plane wave
 incident alpha, beta(deg)
  0.0000E+00  0.0000E+00
 t matrix order:
     7
 layer 0 refractive index
  1.0000E+00  0.0000E+00
 number of plane boundaries 
  0
 max_iterations,solution_epsilon, mie_epsilon
     10000  1.0000E-06  1.0000E-06
 maximum Mie order, number of equations:
   3       600
 mean sphere Mie extinction, absorption efficiencies
  7.8200E-02  7.7272E-02
****************************************************
 calculation results for run 
           1
 number iterations, error, solution time 
     3  2.3270E-08  1.2336E-02
 total extinction, absorption, scattering efficiencies (unpol, par, perp incidence)
  2.5168E-01  2.2432E-01  2.7364E-02  2.4950E-01  2.2243E-01  2.7068E-02  2.5386E-01  2.2620E-01  2.7661E-02
 scattering matrix in incident plane: 0 deg= z axis
 forward scattering amplitude matrix (BH83,Eq3.12) 
(  0.2764E-01, -0.9298E-01) (  0.2714E-01, -0.9225E-01) (  0.7937E-03, -0.1003E-02) (  0.7501E-03, -0.1060E-02) 
 backward scattering amplitude matrix (BH83,Eq3.12) 
(  0.1438E-01, -0.3191E-01) ( -0.1438E-01,  0.3207E-01) ( -0.5078E-03,  0.3074E-03) (  0.5077E-03, -0.3077E-03) 

