****************************************************
****************************************************
 mstm calculation results
 date, time:
20250218 185701.989 
 input file:
mstm-v4.0-agg0-batch.inp
****************************************************
 input variables for run     1
 sphere data input file:
./aggregate_ptsa_files/agg_num=0_k=0.950_Df=2.35_meanRp=0.020um_rstdRp=0.10_Np=00020_Rve=0.052um_Rg=0.070um_epsagg=0.807.ptsa
 number spheres
   20
 length, ref index scale factors
  1.3221101E+01  1.3000000E+00  1.1200000E+00
 volume cluster radius, area mean sphere radius, circumscribing radius, cross section radius
  6.9323498E-01  2.5461766E-01  1.6718180E+00  6.9323498E-01
 incident plane wave
 incident alpha, beta(deg)
  0.0000E+00  0.0000E+00
 t matrix order:
     7
 layer 0 refractive index
  1.0000E+00  0.0000E+00
 number of plane boundaries 
  0
 max_iterations,solution_epsilon, mie_epsilon
     10000  1.0000E-06  1.0000E-06
 maximum Mie order, number of equations:
   3       600
 mean sphere Mie extinction, absorption efficiencies
  6.5494E-01  6.4749E-01
****************************************************
 calculation results for run 
           1
 number iterations, error, solution time 
     5  3.9532E-07  2.0694E-02
 total extinction, absorption, scattering efficiencies (unpol, par, perp incidence)
  1.8509E+00  1.6788E+00  1.7213E-01  1.8297E+00  1.6597E+00  1.6995E-01  1.8721E+00  1.6978E+00  1.7431E-01
 scattering matrix in incident plane: 0 deg= z axis
 forward scattering amplitude matrix (BH83,Eq3.12) 
(  0.2215E+00, -0.1133E+00) (  0.2163E+00, -0.1161E+00) (  0.5464E-02,  0.5022E-02) (  0.6912E-02,  0.5598E-02) 
 backward scattering amplitude matrix (BH83,Eq3.12) 
(  0.7611E-01, -0.2056E-01) ( -0.7921E-01,  0.2161E-01) (  0.4132E-04, -0.2935E-02) ( -0.2421E-04,  0.2929E-02) 

