****************************************************
****************************************************
 mstm calculation results
 date, time:
20250218 185710.222 
 input file:
mstm-v4.0-agg0-batch.inp
****************************************************
 input variables for run     1
 sphere data input file:
./aggregate_ptsa_files/agg_num=0_k=0.950_Df=2.35_meanRp=0.020um_rstdRp=0.10_Np=00020_Rve=0.052um_Rg=0.070um_epsagg=0.807.ptsa
 number spheres
   20
 length, ref index scale factors
  1.3221101E+01  1.4400000E+00  1.1200000E+00
 volume cluster radius, area mean sphere radius, circumscribing radius, cross section radius
  6.9323498E-01  2.5461766E-01  1.6718180E+00  6.9323498E-01
 incident plane wave
 incident alpha, beta(deg)
  0.0000E+00  0.0000E+00
 t matrix order:
     7
 layer 0 refractive index
  1.0000E+00  0.0000E+00
 number of plane boundaries 
  0
 max_iterations,solution_epsilon, mie_epsilon
     10000  1.0000E-06  1.0000E-06
 maximum Mie order, number of equations:
   3       600
 mean sphere Mie extinction, absorption efficiencies
  5.7575E-01  5.6875E-01
****************************************************
 calculation results for run 
           1
 number iterations, error, solution time 
     5  3.1934E-07  1.9321E-02
 total extinction, absorption, scattering efficiencies (unpol, par, perp incidence)
  1.7425E+00  1.5692E+00  1.7335E-01  1.7194E+00  1.5484E+00  1.7100E-01  1.7656E+00  1.5899E+00  1.7571E-01
 scattering matrix in incident plane: 0 deg= z axis
 forward scattering amplitude matrix (BH83,Eq3.12) 
(  0.2080E+00, -0.1373E+00) (  0.2024E+00, -0.1389E+00) (  0.6487E-02,  0.3912E-02) (  0.8056E-02,  0.3909E-02) 
 backward scattering amplitude matrix (BH83,Eq3.12) 
(  0.7561E-01, -0.2845E-01) ( -0.7802E-01,  0.3033E-01) ( -0.7751E-03, -0.3230E-02) (  0.7822E-03,  0.3216E-02) 

