****************************************************
****************************************************
 mstm calculation results
 date, time:
20250218 185715.520 
 input file:
mstm-v4.0-agg0-batch.inp
****************************************************
 input variables for run     1
 sphere data input file:
./aggregate_ptsa_files/agg_num=0_k=0.950_Df=2.35_meanRp=0.020um_rstdRp=0.10_Np=00020_Rve=0.052um_Rg=0.070um_epsagg=0.807.ptsa
 number spheres
   20
 length, ref index scale factors
  1.3221101E+01  1.5100000E+00  1.1200000E+00
 volume cluster radius, area mean sphere radius, circumscribing radius, cross section radius
  6.9323498E-01  2.5461766E-01  1.6718180E+00  6.9323498E-01
 incident plane wave
 incident alpha, beta(deg)
  0.0000E+00  0.0000E+00
 t matrix order:
     7
 layer 0 refractive index
  1.0000E+00  0.0000E+00
 number of plane boundaries 
  0
 max_iterations,solution_epsilon, mie_epsilon
     10000  1.0000E-06  1.0000E-06
 maximum Mie order, number of equations:
   3       600
 mean sphere Mie extinction, absorption efficiencies
  5.4077E-01  5.3392E-01
****************************************************
 calculation results for run 
           1
 number iterations, error, solution time 
     5  3.0538E-07  1.9271E-02
 total extinction, absorption, scattering efficiencies (unpol, par, perp incidence)
  1.6927E+00  1.5172E+00  1.7552E-01  1.6689E+00  1.4959E+00  1.7307E-01  1.7165E+00  1.5385E+00  1.7797E-01
 scattering matrix in incident plane: 0 deg= z axis
 forward scattering amplitude matrix (BH83,Eq3.12) 
(  0.2017E+00, -0.1486E+00) (  0.1960E+00, -0.1497E+00) (  0.6961E-02,  0.3350E-02) (  0.8530E-02,  0.3066E-02) 
 backward scattering amplitude matrix (BH83,Eq3.12) 
(  0.7545E-01, -0.3235E-01) ( -0.7748E-01,  0.3454E-01) ( -0.1219E-02, -0.3309E-02) (  0.1221E-02,  0.3295E-02) 

