****************************************************
****************************************************
 mstm calculation results
 date, time:
20250218 185737.972 
 input file:
mstm-v4.0-agg0-batch.inp
****************************************************
 input variables for run     1
 sphere data input file:
./aggregate_ptsa_files/agg_num=0_k=0.950_Df=2.35_meanRp=0.020um_rstdRp=0.10_Np=00020_Rve=0.052um_Rg=0.070um_epsagg=0.807.ptsa
 number spheres
   20
 length, ref index scale factors
  1.3221101E+01  1.8600000E+00  6.3000000E-01
 volume cluster radius, area mean sphere radius, circumscribing radius, cross section radius
  6.9323498E-01  2.5461766E-01  1.6718180E+00  6.9323498E-01
 incident plane wave
 incident alpha, beta(deg)
  0.0000E+00  0.0000E+00
 t matrix order:
     7
 layer 0 refractive index
  1.0000E+00  0.0000E+00
 number of plane boundaries 
  0
 max_iterations,solution_epsilon, mie_epsilon
     10000  1.0000E-06  1.0000E-06
 maximum Mie order, number of equations:
   3       600
 mean sphere Mie extinction, absorption efficiencies
  2.5121E-01  2.4734E-01
****************************************************
 calculation results for run 
           1
 number iterations, error, solution time 
     4  3.1831E-07  1.5095E-02
 total extinction, absorption, scattering efficiencies (unpol, par, perp incidence)
  9.0388E-01  7.8516E-01  1.1872E-01  8.9048E-01  7.7340E-01  1.1708E-01  9.1727E-01  7.9692E-01  1.2036E-01
 scattering matrix in incident plane: 0 deg= z axis
 forward scattering amplitude matrix (BH83,Eq3.12) 
(  0.1049E+00, -0.1749E+00) (  0.1017E+00, -0.1729E+00) (  0.5176E-02, -0.1910E-02) (  0.5234E-02, -0.2691E-02) 
 backward scattering amplitude matrix (BH83,Eq3.12) 
(  0.4893E-01, -0.5306E-01) ( -0.4872E-01,  0.5416E-01) ( -0.2662E-02, -0.4661E-03) (  0.2655E-02,  0.4548E-03) 

