****************************************************
****************************************************
 mstm calculation results
 date, time:
20250218 185710.476 
 input file:
mstm-v4.0-agg0-batch.inp
****************************************************
 input variables for run     1
 sphere data input file:
./aggregate_ptsa_files/agg_num=0_k=0.950_Df=2.35_meanRp=0.020um_rstdRp=0.10_Np=00020_Rve=0.052um_Rg=0.070um_epsagg=0.807.ptsa
 number spheres
   20
 length, ref index scale factors
  1.3221101E+01  1.4400000E+00  1.1900000E+00
 volume cluster radius, area mean sphere radius, circumscribing radius, cross section radius
  6.9323498E-01  2.5461766E-01  1.6718180E+00  6.9323498E-01
 incident plane wave
 incident alpha, beta(deg)
  0.0000E+00  0.0000E+00
 t matrix order:
     7
 layer 0 refractive index
  1.0000E+00  0.0000E+00
 number of plane boundaries 
  0
 max_iterations,solution_epsilon, mie_epsilon
     10000  1.0000E-06  1.0000E-06
 maximum Mie order, number of equations:
   3       600
 mean sphere Mie extinction, absorption efficiencies
  5.9954E-01  5.9175E-01
****************************************************
 calculation results for run 
           1
 number iterations, error, solution time 
     5  6.0705E-07  1.9672E-02
 total extinction, absorption, scattering efficiencies (unpol, par, perp incidence)
  1.8362E+00  1.6445E+00  1.9171E-01  1.8107E+00  1.6217E+00  1.8903E-01  1.8618E+00  1.6674E+00  1.9438E-01
 scattering matrix in incident plane: 0 deg= z axis
 forward scattering amplitude matrix (BH83,Eq3.12) 
(  0.2193E+00, -0.1440E+00) (  0.2131E+00, -0.1457E+00) (  0.7059E-02,  0.4401E-02) (  0.8931E-02,  0.4411E-02) 
 backward scattering amplitude matrix (BH83,Eq3.12) 
(  0.7950E-01, -0.2865E-01) ( -0.8226E-01,  0.3094E-01) ( -0.6630E-03, -0.3688E-02) (  0.6718E-03,  0.3668E-02) 

