****************************************************
****************************************************
 mstm calculation results
 date, time:
20250218 185734.318 
 input file:
mstm-v4.0-agg0-batch.inp
****************************************************
 input variables for run     1
 sphere data input file:
./aggregate_ptsa_files/agg_num=0_k=0.950_Df=2.35_meanRp=0.020um_rstdRp=0.10_Np=00020_Rve=0.052um_Rg=0.070um_epsagg=0.807.ptsa
 number spheres
   20
 length, ref index scale factors
  1.3221101E+01  1.7900000E+00  4.2000000E-01
 volume cluster radius, area mean sphere radius, circumscribing radius, cross section radius
  6.9323498E-01  2.5461766E-01  1.6718180E+00  6.9323498E-01
 incident plane wave
 incident alpha, beta(deg)
  0.0000E+00  0.0000E+00
 t matrix order:
     7
 layer 0 refractive index
  1.0000E+00  0.0000E+00
 number of plane boundaries 
  0
 max_iterations,solution_epsilon, mie_epsilon
     10000  1.0000E-06  1.0000E-06
 maximum Mie order, number of equations:
   3       600
 mean sphere Mie extinction, absorption efficiencies
  1.8091E-01  1.7806E-01
****************************************************
 calculation results for run 
           1
 number iterations, error, solution time 
     4  6.7928E-08  1.5834E-02
 total extinction, absorption, scattering efficiencies (unpol, par, perp incidence)
  6.4505E-01  5.5718E-01  8.7874E-02  6.3631E-01  5.4958E-01  8.6723E-02  6.5380E-01  5.6478E-01  8.9026E-02
 scattering matrix in incident plane: 0 deg= z axis
 forward scattering amplitude matrix (BH83,Eq3.12) 
(  0.7369E-01, -0.1585E+00) (  0.7165E-01, -0.1567E+00) (  0.3434E-02, -0.2236E-02) (  0.3324E-02, -0.2690E-02) 
 backward scattering amplitude matrix (BH83,Eq3.12) 
(  0.3634E-01, -0.5100E-01) ( -0.3617E-01,  0.5162E-01) ( -0.1975E-02,  0.2083E-03) (  0.1970E-02, -0.2109E-03) 

