****************************************************
****************************************************
 mstm calculation results
 date, time:
20250218 185640.307 
 input file:
mstm-v4.0-agg0-batch.inp
****************************************************
 input variables for run     1
 sphere data input file:
./aggregate_ptsa_files/agg_num=0_k=0.950_Df=2.35_meanRp=0.020um_rstdRp=0.10_Np=00020_Rve=0.052um_Rg=0.070um_epsagg=0.807.ptsa
 number spheres
   20
 length, ref index scale factors
  1.3221101E+01  1.0200000E+00  1.0500000E+00
 volume cluster radius, area mean sphere radius, circumscribing radius, cross section radius
  6.9323498E-01  2.5461766E-01  1.6718180E+00  6.9323498E-01
 incident plane wave
 incident alpha, beta(deg)
  0.0000E+00  0.0000E+00
 t matrix order:
     7
 layer 0 refractive index
  1.0000E+00  0.0000E+00
 number of plane boundaries 
  0
 max_iterations,solution_epsilon, mie_epsilon
     10000  1.0000E-06  1.0000E-06
 maximum Mie order, number of equations:
   3       600
 mean sphere Mie extinction, absorption efficiencies
  8.0790E-01  7.9975E-01
****************************************************
 calculation results for run 
           1
 number iterations, error, solution time 
     5  4.8834E-07  1.9692E-02
 total extinction, absorption, scattering efficiencies (unpol, par, perp incidence)
  1.9816E+00  1.8182E+00  1.6339E-01  1.9695E+00  1.8077E+00  1.6182E-01  1.9937E+00  1.8288E+00  1.6496E-01
 scattering matrix in incident plane: 0 deg= z axis
 forward scattering amplitude matrix (BH83,Eq3.12) 
(  0.2381E+00, -0.4953E-01) (  0.2351E+00, -0.5459E-01) (  0.2445E-02,  0.6558E-02) (  0.2827E-02,  0.7898E-02) 
 backward scattering amplitude matrix (BH83,Eq3.12) 
(  0.7413E-01, -0.3862E-02) ( -0.7719E-01,  0.2218E-02) (  0.8449E-03, -0.1757E-02) ( -0.8454E-03,  0.1779E-02) 

