****************************************************
****************************************************
 mstm calculation results
 date, time:
20250218 185710.751 
 input file:
mstm-v4.0-agg0-batch.inp
****************************************************
 input variables for run     1
 sphere data input file:
./aggregate_ptsa_files/agg_num=0_k=0.950_Df=2.35_meanRp=0.020um_rstdRp=0.10_Np=00020_Rve=0.052um_Rg=0.070um_epsagg=0.807.ptsa
 number spheres
   20
 length, ref index scale factors
  1.3221101E+01  1.4400000E+00  1.2600000E+00
 volume cluster radius, area mean sphere radius, circumscribing radius, cross section radius
  6.9323498E-01  2.5461766E-01  1.6718180E+00  6.9323498E-01
 incident plane wave
 incident alpha, beta(deg)
  0.0000E+00  0.0000E+00
 t matrix order:
     7
 layer 0 refractive index
  1.0000E+00  0.0000E+00
 number of plane boundaries 
  0
 max_iterations,solution_epsilon, mie_epsilon
     10000  1.0000E-06  1.0000E-06
 maximum Mie order, number of equations:
   3       600
 mean sphere Mie extinction, absorption efficiencies
  6.2001E-01  6.1141E-01
****************************************************
 calculation results for run 
           1
 number iterations, error, solution time 
     6  1.8854E-07  2.4396E-02
 total extinction, absorption, scattering efficiencies (unpol, par, perp incidence)
  1.9266E+00  1.7161E+00  2.1056E-01  1.8987E+00  1.6908E+00  2.0786E-01  1.9546E+00  1.7413E+00  2.1326E-01
 scattering matrix in incident plane: 0 deg= z axis
 forward scattering amplitude matrix (BH83,Eq3.12) 
(  0.2303E+00, -0.1512E+00) (  0.2235E+00, -0.1529E+00) (  0.7705E-02,  0.4860E-02) (  0.9870E-02,  0.4906E-02) 
 backward scattering amplitude matrix (BH83,Eq3.12) 
(  0.8335E-01, -0.2887E-01) ( -0.8647E-01,  0.3164E-01) ( -0.5529E-03, -0.4153E-02) (  0.5419E-03,  0.4172E-02) 

