****************************************************
****************************************************
 mstm calculation results
 date, time:
20250218 185739.736 
 input file:
mstm-v4.0-agg0-batch.inp
****************************************************
 input variables for run     1
 sphere data input file:
./aggregate_ptsa_files/agg_num=0_k=0.950_Df=2.35_meanRp=0.020um_rstdRp=0.10_Np=00020_Rve=0.052um_Rg=0.070um_epsagg=0.807.ptsa
 number spheres
   20
 length, ref index scale factors
  1.3221101E+01  1.8600000E+00  1.1200000E+00
 volume cluster radius, area mean sphere radius, circumscribing radius, cross section radius
  6.9323498E-01  2.5461766E-01  1.6718180E+00  6.9323498E-01
 incident plane wave
 incident alpha, beta(deg)
  0.0000E+00  0.0000E+00
 t matrix order:
     7
 layer 0 refractive index
  1.0000E+00  0.0000E+00
 number of plane boundaries 
  0
 max_iterations,solution_epsilon, mie_epsilon
     10000  1.0000E-06  1.0000E-06
 maximum Mie order, number of equations:
   3       600
 mean sphere Mie extinction, absorption efficiencies
  4.0205E-01  3.9534E-01
****************************************************
 calculation results for run 
           1
 number iterations, error, solution time 
     5  3.7178E-07  1.9409E-02
 total extinction, absorption, scattering efficiencies (unpol, par, perp incidence)
  1.4815E+00  1.2834E+00  1.9805E-01  1.4558E+00  1.2608E+00  1.9500E-01  1.5071E+00  1.3060E+00  2.0110E-01
 scattering matrix in incident plane: 0 deg= z axis
 forward scattering amplitude matrix (BH83,Eq3.12) 
(  0.1750E+00, -0.1993E+00) (  0.1689E+00, -0.1978E+00) (  0.9003E-02,  0.4292E-03) (  0.1015E-01, -0.1072E-02) 
 backward scattering amplitude matrix (BH83,Eq3.12) 
(  0.7520E-01, -0.5125E-01) ( -0.7531E-01,  0.5417E-01) ( -0.3537E-02, -0.3104E-02) (  0.3522E-02,  0.3100E-02) 

