****************************************************
****************************************************
 mstm calculation results
 date, time:
20250218 185716.541 
 input file:
mstm-v4.0-agg0-batch.inp
****************************************************
 input variables for run     1
 sphere data input file:
./aggregate_ptsa_files/agg_num=0_k=0.950_Df=2.35_meanRp=0.020um_rstdRp=0.10_Np=00020_Rve=0.052um_Rg=0.070um_epsagg=0.807.ptsa
 number spheres
   20
 length, ref index scale factors
  1.3221101E+01  1.5100000E+00  1.4000000E+00
 volume cluster radius, area mean sphere radius, circumscribing radius, cross section radius
  6.9323498E-01  2.5461766E-01  1.6718180E+00  6.9323498E-01
 incident plane wave
 incident alpha, beta(deg)
  0.0000E+00  0.0000E+00
 t matrix order:
     7
 layer 0 refractive index
  1.0000E+00  0.0000E+00
 number of plane boundaries 
  0
 max_iterations,solution_epsilon, mie_epsilon
     10000  1.0000E-06  1.0000E-06
 maximum Mie order, number of equations:
   3       600
 mean sphere Mie extinction, absorption efficiencies
  6.0966E-01  5.9979E-01
****************************************************
 calculation results for run 
           1
 number iterations, error, solution time 
     6  5.1924E-07  2.3309E-02
 total extinction, absorption, scattering efficiencies (unpol, par, perp incidence)
  2.0343E+00  1.7843E+00  2.4999E-01  2.0010E+00  1.7545E+00  2.4659E-01  2.0676E+00  1.8142E+00  2.5339E-01
 scattering matrix in incident plane: 0 deg= z axis
 forward scattering amplitude matrix (BH83,Eq3.12) 
(  0.2431E+00, -0.1762E+00) (  0.2351E+00, -0.1775E+00) (  0.9454E-02,  0.5156E-02) (  0.1236E-01,  0.4760E-02) 
 backward scattering amplitude matrix (BH83,Eq3.12) 
(  0.9071E-01, -0.3311E-01) ( -0.9385E-01,  0.3740E-01) ( -0.9139E-03, -0.5453E-02) (  0.9106E-03,  0.5493E-02) 

