****************************************************
****************************************************
 mstm calculation results
 date, time:
20250218 185649.272 
 input file:
mstm-v4.0-agg0-batch.inp
****************************************************
 input variables for run     1
 sphere data input file:
./aggregate_ptsa_files/agg_num=0_k=0.950_Df=2.35_meanRp=0.020um_rstdRp=0.10_Np=00020_Rve=0.052um_Rg=0.070um_epsagg=0.807.ptsa
 number spheres
   20
 length, ref index scale factors
  1.3221101E+01  1.1600000E+00  5.6000000E-01
 volume cluster radius, area mean sphere radius, circumscribing radius, cross section radius
  6.9323498E-01  2.5461766E-01  1.6718180E+00  6.9323498E-01
 incident plane wave
 incident alpha, beta(deg)
  0.0000E+00  0.0000E+00
 t matrix order:
     7
 layer 0 refractive index
  1.0000E+00  0.0000E+00
 number of plane boundaries 
  0
 max_iterations,solution_epsilon, mie_epsilon
     10000  1.0000E-06  1.0000E-06
 maximum Mie order, number of equations:
   3       600
 mean sphere Mie extinction, absorption efficiencies
  3.7342E-01  3.7158E-01
****************************************************
 calculation results for run 
           1
 number iterations, error, solution time 
     3  3.8535E-07  1.2442E-02
 total extinction, absorption, scattering efficiencies (unpol, par, perp incidence)
  9.9538E-01  9.4936E-01  4.6022E-02  9.9084E-01  9.4502E-01  4.5816E-02  9.9992E-01  9.5369E-01  4.6227E-02
 scattering matrix in incident plane: 0 deg= z axis
 forward scattering amplitude matrix (BH83,Eq3.12) 
(  0.1188E+00, -0.4512E-01) (  0.1177E+00, -0.4621E-01) (  0.1288E-02,  0.1654E-02) (  0.1421E-02,  0.1768E-02) 
 backward scattering amplitude matrix (BH83,Eq3.12) 
(  0.4165E-01, -0.1017E-01) ( -0.4217E-01,  0.9960E-02) ( -0.1937E-03, -0.7705E-03) (  0.1913E-03,  0.7718E-03) 

