****************************************************
****************************************************
 mstm calculation results
 date, time:
20250218 185744.792 
 input file:
mstm-v4.0-agg0-batch.inp
****************************************************
 input variables for run     1
 sphere data input file:
./aggregate_ptsa_files/agg_num=0_k=0.950_Df=2.35_meanRp=0.020um_rstdRp=0.10_Np=00020_Rve=0.052um_Rg=0.070um_epsagg=0.807.ptsa
 number spheres
   20
 length, ref index scale factors
  1.3221101E+01  1.9300000E+00  1.0500000E+00
 volume cluster radius, area mean sphere radius, circumscribing radius, cross section radius
  6.9323498E-01  2.5461766E-01  1.6718180E+00  6.9323498E-01
 incident plane wave
 incident alpha, beta(deg)
  0.0000E+00  0.0000E+00
 t matrix order:
     7
 layer 0 refractive index
  1.0000E+00  0.0000E+00
 number of plane boundaries 
  0
 max_iterations,solution_epsilon, mie_epsilon
     10000  1.0000E-06  1.0000E-06
 maximum Mie order, number of equations:
   3       600
 mean sphere Mie extinction, absorption efficiencies
  3.6372E-01  3.5741E-01
****************************************************
 calculation results for run 
           1
 number iterations, error, solution time 
     5  2.6636E-07  1.8863E-02
 total extinction, absorption, scattering efficiencies (unpol, par, perp incidence)
  1.3711E+00  1.1800E+00  1.9115E-01  1.3472E+00  1.1591E+00  1.8814E-01  1.3950E+00  1.2008E+00  1.9416E-01
 scattering matrix in incident plane: 0 deg= z axis
 forward scattering amplitude matrix (BH83,Eq3.12) 
(  0.1614E+00, -0.2042E+00) (  0.1557E+00, -0.2022E+00) (  0.8756E-02, -0.5142E-03) (  0.9583E-02, -0.2062E-02) 
 backward scattering amplitude matrix (BH83,Eq3.12) 
(  0.7164E-01, -0.5494E-01) ( -0.7140E-01,  0.5754E-01) ( -0.3841E-02, -0.2523E-02) (  0.3850E-02,  0.2527E-02) 

