****************************************************
****************************************************
 mstm calculation results
 date, time:
20250218 185727.708 
 input file:
mstm-v4.0-agg0-batch.inp
****************************************************
 input variables for run     1
 sphere data input file:
./aggregate_ptsa_files/agg_num=0_k=0.950_Df=2.35_meanRp=0.020um_rstdRp=0.10_Np=00020_Rve=0.052um_Rg=0.070um_epsagg=0.807.ptsa
 number spheres
   20
 length, ref index scale factors
  1.3221101E+01  1.7200000E+00  7.0000000E-02
 volume cluster radius, area mean sphere radius, circumscribing radius, cross section radius
  6.9323498E-01  2.5461766E-01  1.6718180E+00  6.9323498E-01
 incident plane wave
 incident alpha, beta(deg)
  0.0000E+00  0.0000E+00
 t matrix order:
     7
 layer 0 refractive index
  1.0000E+00  0.0000E+00
 number of plane boundaries 
  0
 max_iterations,solution_epsilon, mie_epsilon
     10000  1.0000E-06  1.0000E-06
 maximum Mie order, number of equations:
   3       600
 mean sphere Mie extinction, absorption efficiencies
  3.3713E-02  3.1780E-02
****************************************************
 calculation results for run 
           1
 number iterations, error, solution time 
     3  4.6165E-07  1.4146E-02
 total extinction, absorption, scattering efficiencies (unpol, par, perp incidence)
  1.6215E-01  1.0035E-01  6.1802E-02  1.6005E-01  9.9077E-02  6.0977E-02  1.6425E-01  1.0162E-01  6.2627E-02
 scattering matrix in incident plane: 0 deg= z axis
 forward scattering amplitude matrix (BH83,Eq3.12) 
(  0.1527E-01, -0.1448E+00) (  0.1483E-01, -0.1429E+00) (  0.9126E-03, -0.2755E-02) (  0.6758E-03, -0.2833E-02) 
 backward scattering amplitude matrix (BH83,Eq3.12) 
(  0.1394E-01, -0.5172E-01) ( -0.1377E-01,  0.5191E-01) ( -0.9395E-03,  0.1088E-02) (  0.9396E-03, -0.1087E-02) 

