****************************************************
****************************************************
 mstm calculation results
 date, time:
20250218 185652.941 
 input file:
mstm-v4.0-agg0-batch.inp
****************************************************
 input variables for run     1
 sphere data input file:
./aggregate_ptsa_files/agg_num=0_k=0.950_Df=2.35_meanRp=0.020um_rstdRp=0.10_Np=00020_Rve=0.052um_Rg=0.070um_epsagg=0.807.ptsa
 number spheres
   20
 length, ref index scale factors
  1.3221101E+01  1.2300000E+00  7.0000000E-02
 volume cluster radius, area mean sphere radius, circumscribing radius, cross section radius
  6.9323498E-01  2.5461766E-01  1.6718180E+00  6.9323498E-01
 incident plane wave
 incident alpha, beta(deg)
  0.0000E+00  0.0000E+00
 t matrix order:
     7
 layer 0 refractive index
  1.0000E+00  0.0000E+00
 number of plane boundaries 
  0
 max_iterations,solution_epsilon, mie_epsilon
     10000  1.0000E-06  1.0000E-06
 maximum Mie order, number of equations:
   3       600
 mean sphere Mie extinction, absorption efficiencies
  4.4032E-02  4.3753E-02
****************************************************
 calculation results for run 
           1
 number iterations, error, solution time 
     2  2.9341E-08  9.2137E-03
 total extinction, absorption, scattering efficiencies (unpol, par, perp incidence)
  1.2984E-01  1.2187E-01  7.9660E-03  1.2920E-01  1.2128E-01  7.9174E-03  1.3047E-01  1.2246E-01  8.0146E-03
 scattering matrix in incident plane: 0 deg= z axis
 forward scattering amplitude matrix (BH83,Eq3.12) 
(  0.1413E-01, -0.5020E-01) (  0.1399E-01, -0.4997E-01) (  0.2177E-03, -0.3026E-03) (  0.2109E-03, -0.3095E-03) 
 backward scattering amplitude matrix (BH83,Eq3.12) 
(  0.7023E-02, -0.1743E-01) ( -0.7041E-02,  0.1748E-01) ( -0.1337E-03,  0.1036E-03) (  0.1330E-03, -0.1033E-03) 

