****************************************************
****************************************************
 mstm calculation results
 date, time:
20250218 185756.777 
 input file:
mstm-v4.0-agg0-batch.inp
****************************************************
 input variables for run     1
 sphere data input file:
./aggregate_ptsa_files/agg_num=0_k=0.950_Df=2.35_meanRp=0.020um_rstdRp=0.10_Np=00020_Rve=0.052um_Rg=0.070um_epsagg=0.807.ptsa
 number spheres
   20
 length, ref index scale factors
  1.3221101E+01  2.0700000E+00  1.4000000E+00
 volume cluster radius, area mean sphere radius, circumscribing radius, cross section radius
  6.9323498E-01  2.5461766E-01  1.6718180E+00  6.9323498E-01
 incident plane wave
 incident alpha, beta(deg)
  0.0000E+00  0.0000E+00
 t matrix order:
     7
 layer 0 refractive index
  1.0000E+00  0.0000E+00
 number of plane boundaries 
  0
 max_iterations,solution_epsilon, mie_epsilon
     10000  1.0000E-06  1.0000E-06
 maximum Mie order, number of equations:
   3       600
 mean sphere Mie extinction, absorption efficiencies
  3.8611E-01  3.7754E-01
****************************************************
 calculation results for run 
           1
 number iterations, error, solution time 
     6  3.0528E-07  2.1308E-02
 total extinction, absorption, scattering efficiencies (unpol, par, perp incidence)
  1.6411E+00  1.3683E+00  2.7280E-01  1.6080E+00  1.3400E+00  2.6806E-01  1.6741E+00  1.3966E+00  2.7755E-01
 scattering matrix in incident plane: 0 deg= z axis
 forward scattering amplitude matrix (BH83,Eq3.12) 
(  0.1937E+00, -0.2436E+00) (  0.1859E+00, -0.2407E+00) (  0.1251E-01, -0.1677E-03) (  0.1399E-01, -0.3049E-02) 
 backward scattering amplitude matrix (BH83,Eq3.12) 
(  0.8905E-01, -0.6210E-01) ( -0.8776E-01,  0.6654E-01) ( -0.5732E-02, -0.4529E-02) (  0.5766E-02,  0.4511E-02) 

