****************************************************
****************************************************
 mstm calculation results
 date, time:
20250218 185737.876 
 input file:
mstm-v4.0-agg0-batch.inp
****************************************************
 input variables for run     1
 sphere data input file:
./aggregate_ptsa_files/agg_num=0_k=0.950_Df=2.35_meanRp=0.020um_rstdRp=0.10_Np=00020_Rve=0.052um_Rg=0.070um_epsagg=0.807.ptsa
 number spheres
   20
 length, ref index scale factors
  1.3221101E+01  1.7900000E+00  1.4000000E+00
 volume cluster radius, area mean sphere radius, circumscribing radius, cross section radius
  6.9323498E-01  2.5461766E-01  1.6718180E+00  6.9323498E-01
 incident plane wave
 incident alpha, beta(deg)
  0.0000E+00  0.0000E+00
 t matrix order:
     7
 layer 0 refractive index
  1.0000E+00  0.0000E+00
 number of plane boundaries 
  0
 max_iterations,solution_epsilon, mie_epsilon
     10000  1.0000E-06  1.0000E-06
 maximum Mie order, number of equations:
   3       600
 mean sphere Mie extinction, absorption efficiencies
  4.7985E-01  4.7095E-01
****************************************************
 calculation results for run 
           1
 number iterations, error, solution time 
     6  3.2866E-07  2.1900E-02
 total extinction, absorption, scattering efficiencies (unpol, par, perp incidence)
  1.8161E+00  1.5601E+00  2.5602E-01  1.7827E+00  1.5307E+00  2.5199E-01  1.8495E+00  1.5895E+00  2.6005E-01
 scattering matrix in incident plane: 0 deg= z axis
 forward scattering amplitude matrix (BH83,Eq3.12) 
(  0.2158E+00, -0.2120E+00) (  0.2078E+00, -0.2111E+00) (  0.1113E-01,  0.2505E-02) (  0.1349E-01,  0.6633E-03) 
 backward scattering amplitude matrix (BH83,Eq3.12) 
(  0.8985E-01, -0.4799E-01) ( -0.9052E-01,  0.5272E-01) ( -0.3472E-02, -0.5328E-02) (  0.3504E-02,  0.5344E-02) 

