****************************************************
****************************************************
 mstm calculation results
 date, time:
20250218 185658.226 
 input file:
mstm-v4.0-agg0-batch.inp
****************************************************
 input variables for run     1
 sphere data input file:
./aggregate_ptsa_files/agg_num=0_k=0.950_Df=2.35_meanRp=0.020um_rstdRp=0.10_Np=00020_Rve=0.052um_Rg=0.070um_epsagg=0.807.ptsa
 number spheres
   20
 length, ref index scale factors
  1.3221101E+01  1.3000000E+00  7.0000000E-02
 volume cluster radius, area mean sphere radius, circumscribing radius, cross section radius
  6.9323498E-01  2.5461766E-01  1.6718180E+00  6.9323498E-01
 incident plane wave
 incident alpha, beta(deg)
  0.0000E+00  0.0000E+00
 t matrix order:
     7
 layer 0 refractive index
  1.0000E+00  0.0000E+00
 number of plane boundaries 
  0
 max_iterations,solution_epsilon, mie_epsilon
     10000  1.0000E-06  1.0000E-06
 maximum Mie order, number of equations:
   3       600
 mean sphere Mie extinction, absorption efficiencies
  4.2564E-02  4.2122E-02
****************************************************
 calculation results for run 
           1
 number iterations, error, solution time 
     2  1.1872E-07  9.5788E-03
 total extinction, absorption, scattering efficiencies (unpol, par, perp incidence)
  1.3204E-01  1.1917E-01  1.2868E-02  1.3122E-01  1.1843E-01  1.2787E-02  1.3286E-01  1.1991E-01  1.2950E-02
 scattering matrix in incident plane: 0 deg= z axis
 forward scattering amplitude matrix (BH83,Eq3.12) 
(  0.1397E-01, -0.6477E-01) (  0.1379E-01, -0.6438E-01) (  0.2907E-03, -0.5272E-03) (  0.2743E-03, -0.5378E-03) 
 backward scattering amplitude matrix (BH83,Eq3.12) 
(  0.7729E-02, -0.2266E-01) ( -0.7741E-02,  0.2274E-01) ( -0.2003E-03,  0.1908E-03) (  0.1988E-03, -0.1896E-03) 

