****************************************************
****************************************************
 mstm calculation results
 date, time:
20250218 185734.825 
 input file:
mstm-v4.0-agg0-batch.inp
****************************************************
 input variables for run     1
 sphere data input file:
./aggregate_ptsa_files/agg_num=0_k=0.950_Df=2.35_meanRp=0.020um_rstdRp=0.10_Np=00020_Rve=0.052um_Rg=0.070um_epsagg=0.807.ptsa
 number spheres
   20
 length, ref index scale factors
  1.3221101E+01  1.7900000E+00  5.6000000E-01
 volume cluster radius, area mean sphere radius, circumscribing radius, cross section radius
  6.9323498E-01  2.5461766E-01  1.6718180E+00  6.9323498E-01
 incident plane wave
 incident alpha, beta(deg)
  0.0000E+00  0.0000E+00
 t matrix order:
     7
 layer 0 refractive index
  1.0000E+00  0.0000E+00
 number of plane boundaries 
  0
 max_iterations,solution_epsilon, mie_epsilon
     10000  1.0000E-06  1.0000E-06
 maximum Mie order, number of equations:
   3       600
 mean sphere Mie extinction, absorption efficiencies
  2.3768E-01  2.3433E-01
****************************************************
 calculation results for run 
           1
 number iterations, error, solution time 
     4  1.5129E-07  1.5248E-02
 total extinction, absorption, scattering efficiencies (unpol, par, perp incidence)
  8.3000E-01  7.2863E-01  1.0137E-01  8.1846E-01  7.1844E-01  1.0003E-01  8.4154E-01  7.3882E-01  1.0272E-01
 scattering matrix in incident plane: 0 deg= z axis
 forward scattering amplitude matrix (BH83,Eq3.12) 
(  0.9616E-01, -0.1618E+00) (  0.9344E-01, -0.1602E+00) (  0.4390E-02, -0.1701E-02) (  0.4436E-02, -0.2303E-02) 
 backward scattering amplitude matrix (BH83,Eq3.12) 
(  0.4444E-01, -0.4967E-01) ( -0.4435E-01,  0.5056E-01) ( -0.2245E-02, -0.3119E-03) (  0.2241E-02,  0.3046E-03) 

